2022-12-11 16:39:55.487 [info] Log level: Info
2022-12-11 16:39:55.487 [info] Validating found git in: "git"
2022-12-11 16:39:55.487 [info] Using git "2.37.2" from "git"
2022-12-11 16:39:55.487 [info] > git rev-parse --show-toplevel [42ms]
2022-12-11 16:39:55.487 [info] > git rev-parse --git-dir --git-common-dir [104ms]
2022-12-11 16:39:55.487 [info] Open repository: /root
2022-12-11 16:39:55.487 [info] > git rev-parse --show-toplevel [46ms]
2022-12-11 16:39:55.487 [info] > git config --get commit.template [41ms]
2022-12-11 16:39:55.487 [warning] No remotes found in the git config file.
2022-12-11 16:39:55.487 [info] > git rev-parse --show-toplevel [80ms]
2022-12-11 16:39:55.487 [info] > git rev-parse --show-toplevel [110ms]
2022-12-11 16:39:55.487 [info] > git remote --verbose [177ms]
2022-12-11 16:39:55.487 [info] > git for-each-ref --format=%(refname)%00%(upstream:short)%00%(objectname)%00%(upstream:track)%00%(upstream:remotename)%00%(upstream:remoteref) refs/heads/test refs/remotes/test [201ms]
2022-12-11 16:39:55.487 [info] > git rev-parse --show-toplevel [105ms]
2022-12-11 16:39:55.487 [info] > git for-each-ref --sort -committerdate --format %(refname) %(objectname) %(*objectname) [203ms]
2022-12-11 16:39:55.487 [info] > git rev-parse --show-toplevel [168ms]
2022-12-11 16:39:55.487 [info] > git rev-parse --show-toplevel [42ms]
2022-12-11 16:39:55.487 [info] > git rev-parse --show-toplevel [27ms]
2022-12-11 16:39:55.487 [info] > git status -z -uall [719ms]
2022-12-11 16:39:55.487 [info] > git rev-parse --show-toplevel [236ms]
2022-12-11 16:39:55.487 [info] > git rev-parse --show-toplevel [53ms]
2022-12-11 16:39:55.487 [info] > git config --get commit.template [138ms]
2022-12-11 16:39:55.487 [warning] No remotes found in the git config file.
2022-12-11 16:39:55.487 [info] > git for-each-ref --format=%(refname)%00%(upstream:short)%00%(objectname)%00%(upstream:track)%00%(upstream:remotename)%00%(upstream:remoteref) refs/heads/test refs/remotes/test [53ms]
2022-12-11 16:39:55.487 [info] > git remote --verbose [8ms]
2022-12-11 16:39:55.487 [info] > git for-each-ref --sort -committerdate --format %(refname) %(objectname) %(*objectname) [85ms]
2022-12-11 16:39:55.487 [info] > git status -z -uall [560ms]
2022-12-11 16:39:55.487 [info] > git check-ignore -v -z --stdin [97ms]
2022-12-11 16:39:55.630 [info] > git show --textconv :controller.js [69ms]
2022-12-11 16:39:55.630 [info] > git ls-files --stage -- /root/controller.js [42ms]
2022-12-11 16:39:56.042 [info] > git cat-file -s 2314239dc043daa4e51f2eb180a162eb96eb3c45 [377ms]
2022-12-11 16:39:59.478 [warning] No remotes found in the git config file.
2022-12-11 16:39:59.486 [info] > git for-each-ref --format=%(refname)%00%(upstream:short)%00%(objectname)%00%(upstream:track)%00%(upstream:remotename)%00%(upstream:remoteref) refs/heads/test refs/remotes/test [31ms]
2022-12-11 16:39:59.491 [info] > git config --get commit.template [73ms]
2022-12-11 16:39:59.508 [info] > git remote --verbose [31ms]
2022-12-11 16:39:59.612 [info] > git for-each-ref --sort -committerdate --format %(refname) %(objectname) %(*objectname) [43ms]
2022-12-11 16:39:59.903 [info] > git status -z -uall [363ms]
2022-12-11 16:40:05.001 [warning] No remotes found in the git config file.
2022-12-11 16:40:05.006 [info] > git config --get commit.template [80ms]
2022-12-11 16:40:05.013 [info] > git for-each-ref --format=%(refname)%00%(upstream:short)%00%(objectname)%00%(upstream:track)%00%(upstream:remotename)%00%(upstream:remoteref) refs/heads/test refs/remotes/test [31ms]
2022-12-11 16:40:05.018 [info] > git remote --verbose [17ms]
2022-12-11 16:40:05.118 [info] > git for-each-ref --sort -committerdate --format %(refname) %(objectname) %(*objectname) [58ms]
2022-12-11 16:40:05.353 [info] > git status -z -uall [308ms]
2022-12-11 16:40:06.804 [info] > git show --textconv :config.json [31ms]
2022-12-11 16:40:06.875 [info] > git ls-files --stage -- /root/config.json [85ms]
2022-12-11 16:40:06.903 [info] > git cat-file -s f515982f4dbf24de202b35f29c70c3b4ba359720 [6ms]
2022-12-11 16:40:10.469 [warning] No remotes found in the git config file.
2022-12-11 16:40:10.472 [info] > git for-each-ref --format=%(refname)%00%(upstream:short)%00%(objectname)%00%(upstream:track)%00%(upstream:remotename)%00%(upstream:remoteref) refs/heads/test refs/remotes/test [15ms]
2022-12-11 16:40:10.473 [info] > git config --get commit.template [28ms]
2022-12-11 16:40:10.476 [info] > git remote --verbose [7ms]
2022-12-11 16:40:10.512 [info] > git for-each-ref --sort -committerdate --format %(refname) %(objectname) %(*objectname) [13ms]
2022-12-11 16:40:10.642 [info] > git status -z -uall [158ms]
2022-12-11 16:40:13.878 [info] > git show --textconv :index.js [51ms]
2022-12-11 16:40:13.878 [info] > git ls-files --stage -- /root/index.js [24ms]
2022-12-11 16:40:13.919 [info] > git cat-file -s 98cd9526ffd83fbbfbb3c1cf0ff114ea573fd111 [15ms]
2022-12-11 16:40:15.699 [warning] No remotes found in the git config file.
2022-12-11 16:40:15.708 [info] > git for-each-ref --format=%(refname)%00%(upstream:short)%00%(objectname)%00%(upstream:track)%00%(upstream:remotename)%00%(upstream:remoteref) refs/heads/test refs/remotes/test [20ms]
2022-12-11 16:40:15.708 [info] > git config --get commit.template [33ms]
2022-12-11 16:40:15.709 [info] > git remote --verbose [11ms]
2022-12-11 16:40:15.812 [info] > git for-each-ref --sort -committerdate --format %(refname) %(objectname) %(*objectname) [83ms]
2022-12-11 16:40:15.905 [info] > git status -z -uall [186ms]
2022-12-11 16:40:18.298 [info] > git show --textconv :public/login.html [40ms]
2022-12-11 16:40:18.322 [info] > git ls-files --stage -- /root/public/login.html [37ms]
2022-12-11 16:40:18.351 [info] > git cat-file -s 43ff2f5cd53d7343bf4e327423601b6286424a8d [8ms]
2022-12-11 16:40:18.779 [info] > git show --textconv :public/register.html [32ms]
2022-12-11 16:40:18.794 [info] > git ls-files --stage -- /root/public/register.html [21ms]
2022-12-11 16:40:18.820 [info] > git cat-file -s 90558549ad3641a8d223835c03d355735657f010 [8ms]
2022-12-11 16:40:21.014 [warning] No remotes found in the git config file.
2022-12-11 16:40:21.016 [info] > git for-each-ref --format=%(refname)%00%(upstream:short)%00%(objectname)%00%(upstream:track)%00%(upstream:remotename)%00%(upstream:remoteref) refs/heads/test refs/remotes/test [38ms]
2022-12-11 16:40:21.024 [info] > git config --get commit.template [68ms]
2022-12-11 16:40:21.025 [info] > git remote --verbose [11ms]
2022-12-11 16:40:21.134 [info] > git for-each-ref --sort -committerdate --format %(refname) %(objectname) %(*objectname) [59ms]
2022-12-11 16:40:21.873 [info] > git status -z -uall [817ms]
2022-12-11 16:40:26.982 [warning] No remotes found in the git config file.
2022-12-11 16:40:26.984 [info] > git for-each-ref --format=%(refname)%00%(upstream:short)%00%(objectname)%00%(upstream:track)%00%(upstream:remotename)%00%(upstream:remoteref) refs/heads/test refs/remotes/test [14ms]
2022-12-11 16:40:26.985 [info] > git config --get commit.template [40ms]
2022-12-11 16:40:26.989 [info] > git remote --verbose [7ms]
2022-12-11 16:40:27.084 [info] > git for-each-ref --sort -committerdate --format %(refname) %(objectname) %(*objectname) [69ms]
2022-12-11 16:40:27.177 [info] > git status -z -uall [178ms]
2022-12-11 16:40:39.782 [warning] No remotes found in the git config file.
2022-12-11 16:40:39.784 [info] > git for-each-ref --format=%(refname)%00%(upstream:short)%00%(objectname)%00%(upstream:track)%00%(upstream:remotename)%00%(upstream:remoteref) refs/heads/test refs/remotes/test [16ms]
2022-12-11 16:40:39.784 [info] > git config --get commit.template [31ms]
2022-12-11 16:40:39.790 [info] > git remote --verbose [7ms]
2022-12-11 16:40:39.950 [info] > git for-each-ref --sort -committerdate --format %(refname) %(objectname) %(*objectname) [94ms]
2022-12-11 16:40:40.103 [info] > git status -z -uall [302ms]
2022-12-11 16:40:45.166 [warning] No remotes found in the git config file.
2022-12-11 16:40:45.168 [info] > git for-each-ref --format=%(refname)%00%(upstream:short)%00%(objectname)%00%(upstream:track)%00%(upstream:remotename)%00%(upstream:remoteref) refs/heads/test refs/remotes/test [14ms]
2022-12-11 16:40:45.169 [info] > git config --get commit.template [26ms]
2022-12-11 16:40:45.171 [info] > git remote --verbose [5ms]
2022-12-11 16:40:45.239 [info] > git for-each-ref --sort -committerdate --format %(refname) %(objectname) %(*objectname) [45ms]
2022-12-11 16:40:45.318 [info] > git status -z -uall [139ms]
2022-12-11 16:40:50.403 [warning] No remotes found in the git config file.
2022-12-11 16:40:50.404 [info] > git for-each-ref --format=%(refname)%00%(upstream:short)%00%(objectname)%00%(upstream:track)%00%(upstream:remotename)%00%(upstream:remoteref) refs/heads/test refs/remotes/test [13ms]
2022-12-11 16:40:50.404 [info] > git config --get commit.template [25ms]
2022-12-11 16:40:50.407 [info] > git remote --verbose [5ms]
2022-12-11 16:40:50.471 [info] > git for-each-ref --sort -committerdate --format %(refname) %(objectname) %(*objectname) [39ms]
2022-12-11 16:40:50.545 [info] > git status -z -uall [129ms]
2022-12-11 16:40:59.033 [warning] No remotes found in the git config file.
2022-12-11 16:40:59.035 [info] > git for-each-ref --format=%(refname)%00%(upstream:short)%00%(objectname)%00%(upstream:track)%00%(upstream:remotename)%00%(upstream:remoteref) refs/heads/test refs/remotes/test [14ms]
2022-12-11 16:40:59.036 [info] > git config --get commit.template [30ms]
2022-12-11 16:40:59.040 [info] > git remote --verbose [7ms]
2022-12-11 16:40:59.072 [info] > git for-each-ref --sort -committerdate --format %(refname) %(objectname) %(*objectname) [8ms]
2022-12-11 16:40:59.290 [info] > git status -z -uall [241ms]
2022-12-11 16:41:04.918 [info] > git config --get commit.template [6ms]
2022-12-11 16:41:04.943 [warning] No remotes found in the git config file.
2022-12-11 16:41:04.944 [info] > git for-each-ref --format=%(refname)%00%(upstream:short)%00%(objectname)%00%(upstream:track)%00%(upstream:remotename)%00%(upstream:remoteref) refs/heads/test refs/remotes/test [14ms]
2022-12-11 16:41:04.949 [info] > git remote --verbose [7ms]
2022-12-11 16:41:05.187 [info] > git for-each-ref --sort -committerdate --format %(refname) %(objectname) %(*objectname) [125ms]
2022-12-11 16:41:05.224 [info] > git status -z -uall [264ms]
2022-12-11 16:41:10.295 [warning] No remotes found in the git config file.
2022-12-11 16:41:10.303 [info] > git config --get commit.template [44ms]
2022-12-11 16:41:10.306 [info] > git remote --verbose [12ms]
2022-12-11 16:41:10.308 [info] > git for-each-ref --format=%(refname)%00%(upstream:short)%00%(objectname)%00%(upstream:track)%00%(upstream:remotename)%00%(upstream:remoteref) refs/heads/test refs/remotes/test [29ms]
2022-12-11 16:41:10.455 [info] > git for-each-ref --sort -committerdate --format %(refname) %(objectname) %(*objectname) [104ms]
2022-12-11 16:41:10.875 [info] > git status -z -uall [552ms]
2022-12-11 16:41:15.991 [warning] No remotes found in the git config file.
2022-12-11 16:41:15.994 [info] > git for-each-ref --format=%(refname)%00%(upstream:short)%00%(objectname)%00%(upstream:track)%00%(upstream:remotename)%00%(upstream:remoteref) refs/heads/test refs/remotes/test [20ms]
2022-12-11 16:41:15.995 [info] > git config --get commit.template [46ms]
2022-12-11 16:41:15.996 [info] > git remote --verbose [8ms]
2022-12-11 16:41:16.050 [info] > git for-each-ref --sort -committerdate --format %(refname) %(objectname) %(*objectname) [29ms]
2022-12-11 16:41:16.605 [info] > git status -z -uall [597ms]
2022-12-11 16:41:21.702 [warning] No remotes found in the git config file.
2022-12-11 16:41:21.705 [info] > git for-each-ref --format=%(refname)%00%(upstream:short)%00%(objectname)%00%(upstream:track)%00%(upstream:remotename)%00%(upstream:remoteref) refs/heads/test refs/remotes/test [20ms]
2022-12-11 16:41:21.706 [info] > git config --get commit.template [40ms]
2022-12-11 16:41:21.710 [info] > git remote --verbose [8ms]
2022-12-11 16:41:21.792 [info] > git for-each-ref --sort -committerdate --format %(refname) %(objectname) %(*objectname) [40ms]
2022-12-11 16:41:21.969 [info] > git status -z -uall [237ms]
2022-12-11 16:41:27.035 [warning] No remotes found in the git config file.
2022-12-11 16:41:27.037 [info] > git for-each-ref --format=%(refname)%00%(upstream:short)%00%(objectname)%00%(upstream:track)%00%(upstream:remotename)%00%(upstream:remoteref) refs/heads/test refs/remotes/test [13ms]
2022-12-11 16:41:27.037 [info] > git config --get commit.template [27ms]
2022-12-11 16:41:27.040 [info] > git remote --verbose [5ms]
2022-12-11 16:41:27.112 [info] > git for-each-ref --sort -committerdate --format %(refname) %(objectname) %(*objectname) [44ms]
2022-12-11 16:41:27.189 [info] > git status -z -uall [138ms]
2022-12-11 16:41:46.381 [warning] No remotes found in the git config file.
2022-12-11 16:41:46.394 [info] > git for-each-ref --format=%(refname)%00%(upstream:short)%00%(objectname)%00%(upstream:track)%00%(upstream:remotename)%00%(upstream:remoteref) refs/heads/test refs/remotes/test [28ms]
2022-12-11 16:41:46.396 [info] > git config --get commit.template [46ms]
2022-12-11 16:41:46.397 [info] > git remote --verbose [17ms]
2022-12-11 16:41:46.519 [info] > git for-each-ref --sort -committerdate --format %(refname) %(objectname) %(*objectname) [29ms]
2022-12-11 16:41:46.648 [info] > git status -z -uall [226ms]
2022-12-11 16:41:51.711 [warning] No remotes found in the git config file.
2022-12-11 16:41:51.713 [info] > git for-each-ref --format=%(refname)%00%(upstream:short)%00%(objectname)%00%(upstream:track)%00%(upstream:remotename)%00%(upstream:remoteref) refs/heads/test refs/remotes/test [15ms]
2022-12-11 16:41:51.714 [info] > git config --get commit.template [37ms]
2022-12-11 16:41:51.717 [info] > git remote --verbose [6ms]
2022-12-11 16:41:51.801 [info] > git for-each-ref --sort -committerdate --format %(refname) %(objectname) %(*objectname) [7ms]
2022-12-11 16:41:51.877 [info] > git status -z -uall [149ms]
2022-12-11 16:41:56.931 [warning] No remotes found in the git config file.
2022-12-11 16:41:56.933 [info] > git for-each-ref --format=%(refname)%00%(upstream:short)%00%(objectname)%00%(upstream:track)%00%(upstream:remotename)%00%(upstream:remoteref) refs/heads/test refs/remotes/test [17ms]
2022-12-11 16:41:56.934 [info] > git config --get commit.template [32ms]
2022-12-11 16:41:56.938 [info] > git remote --verbose [7ms]
2022-12-11 16:41:57.007 [info] > git for-each-ref --sort -committerdate --format %(refname) %(objectname) %(*objectname) [37ms]
2022-12-11 16:41:57.091 [info] > git status -z -uall [139ms]
2022-12-11 16:42:02.156 [info] > git config --get commit.template [20ms]
2022-12-11 16:42:02.207 [warning] No remotes found in the git config file.
2022-12-11 16:42:02.219 [info] > git for-each-ref --format=%(refname)%00%(upstream:short)%00%(objectname)%00%(upstream:track)%00%(upstream:remotename)%00%(upstream:remoteref) refs/heads/test refs/remotes/test [39ms]
2022-12-11 16:42:02.221 [info] > git remote --verbose [14ms]
2022-12-11 16:42:02.318 [info] > git for-each-ref --sort -committerdate --format %(refname) %(objectname) %(*objectname) [22ms]
2022-12-11 16:42:02.402 [info] > git status -z -uall [168ms]
2022-12-11 16:42:09.662 [warning] No remotes found in the git config file.
2022-12-11 16:42:09.665 [info] > git for-each-ref --format=%(refname)%00%(upstream:short)%00%(objectname)%00%(upstream:track)%00%(upstream:remotename)%00%(upstream:remoteref) refs/heads/test refs/remotes/test [22ms]
2022-12-11 16:42:09.665 [info] > git config --get commit.template [46ms]
2022-12-11 16:42:09.668 [info] > git remote --verbose [6ms]
2022-12-11 16:42:09.754 [info] > git for-each-ref --sort -committerdate --format %(refname) %(objectname) %(*objectname) [13ms]
2022-12-11 16:42:09.835 [info] > git status -z -uall [155ms]
2022-12-11 16:42:14.896 [warning] No remotes found in the git config file.
2022-12-11 16:42:14.918 [info] > git remote --verbose [27ms]
2022-12-11 16:42:14.918 [info] > git config --get commit.template [47ms]
2022-12-11 16:42:14.929 [info] > git for-each-ref --format=%(refname)%00%(upstream:short)%00%(objectname)%00%(upstream:track)%00%(upstream:remotename)%00%(upstream:remoteref) refs/heads/test refs/remotes/test [13ms]
2022-12-11 16:42:15.076 [info] > git for-each-ref --sort -committerdate --format %(refname) %(objectname) %(*objectname) [110ms]
2022-12-11 16:42:15.642 [info] > git status -z -uall [694ms]
2022-12-11 16:42:20.716 [warning] No remotes found in the git config file.
2022-12-11 16:42:20.718 [info] > git for-each-ref --format=%(refname)%00%(upstream:short)%00%(objectname)%00%(upstream:track)%00%(upstream:remotename)%00%(upstream:remoteref) refs/heads/test refs/remotes/test [18ms]
2022-12-11 16:42:20.719 [info] > git config --get commit.template [36ms]
2022-12-11 16:42:20.725 [info] > git remote --verbose [9ms]
2022-12-11 16:42:20.805 [info] > git for-each-ref --sort -committerdate --format %(refname) %(objectname) %(*objectname) [47ms]
2022-12-11 16:42:20.908 [info] > git status -z -uall [168ms]
2022-12-11 16:52:16.731 [warning] No remotes found in the git config file.
2022-12-11 16:52:16.745 [info] > git config --get commit.template [51ms]
2022-12-11 16:52:16.750 [info] > git remote --verbose [23ms]
2022-12-11 16:52:16.761 [info] > git for-each-ref --format=%(refname)%00%(upstream:short)%00%(objectname)%00%(upstream:track)%00%(upstream:remotename)%00%(upstream:remoteref) refs/heads/test refs/remotes/test [46ms]
2022-12-11 16:52:17.031 [info] > git for-each-ref --sort -committerdate --format %(refname) %(objectname) %(*objectname) [226ms]
2022-12-11 16:52:17.515 [info] > git status -z -uall [737ms]
2022-12-11 16:52:22.586 [warning] No remotes found in the git config file.
2022-12-11 16:52:22.587 [info] > git for-each-ref --format=%(refname)%00%(upstream:short)%00%(objectname)%00%(upstream:track)%00%(upstream:remotename)%00%(upstream:remoteref) refs/heads/test refs/remotes/test [16ms]
2022-12-11 16:52:22.588 [info] > git config --get commit.template [32ms]
2022-12-11 16:52:22.591 [info] > git remote --verbose [4ms]
2022-12-11 16:52:22.689 [info] > git for-each-ref --sort -committerdate --format %(refname) %(objectname) %(*objectname) [21ms]
2022-12-11 16:52:22.760 [info] > git status -z -uall [158ms]
2022-12-11 16:52:27.830 [warning] No remotes found in the git config file.
2022-12-11 16:52:27.834 [info] > git for-each-ref --format=%(refname)%00%(upstream:short)%00%(objectname)%00%(upstream:track)%00%(upstream:remotename)%00%(upstream:remoteref) refs/heads/test refs/remotes/test [18ms]
2022-12-11 16:52:27.834 [info] > git config --get commit.template [38ms]
2022-12-11 16:52:27.842 [info] > git remote --verbose [11ms]
2022-12-11 16:52:27.948 [info] > git for-each-ref --sort -committerdate --format %(refname) %(objectname) %(*objectname) [13ms]
2022-12-11 16:52:28.080 [info] > git status -z -uall [217ms]
2022-12-11 16:52:36.668 [warning] No remotes found in the git config file.
2022-12-11 16:52:36.670 [info] > git for-each-ref --format=%(refname)%00%(upstream:short)%00%(objectname)%00%(upstream:track)%00%(upstream:remotename)%00%(upstream:remoteref) refs/heads/test refs/remotes/test [17ms]
2022-12-11 16:52:36.670 [info] > git config --get commit.template [34ms]
2022-12-11 16:52:36.673 [info] > git remote --verbose [5ms]
2022-12-11 16:52:36.796 [info] > git for-each-ref --sort -committerdate --format %(refname) %(objectname) %(*objectname) [76ms]
2022-12-11 16:52:36.918 [info] > git status -z -uall [234ms]
2022-12-11 16:52:41.994 [warning] No remotes found in the git config file.
2022-12-11 16:52:41.996 [info] > git for-each-ref --format=%(refname)%00%(upstream:short)%00%(objectname)%00%(upstream:track)%00%(upstream:remotename)%00%(upstream:remoteref) refs/heads/test refs/remotes/test [17ms]
2022-12-11 16:52:41.997 [info] > git config --get commit.template [34ms]
2022-12-11 16:52:42.000 [info] > git remote --verbose [6ms]
2022-12-11 16:52:42.123 [info] > git for-each-ref --sort -committerdate --format %(refname) %(objectname) %(*objectname) [20ms]
2022-12-11 16:52:42.290 [info] > git status -z -uall [277ms]
2022-12-11 16:52:47.395 [warning] No remotes found in the git config file.
2022-12-11 16:52:47.397 [info] > git for-each-ref --format=%(refname)%00%(upstream:short)%00%(objectname)%00%(upstream:track)%00%(upstream:remotename)%00%(upstream:remoteref) refs/heads/test refs/remotes/test [14ms]
2022-12-11 16:52:47.397 [info] > git config --get commit.template [32ms]
2022-12-11 16:52:47.400 [info] > git remote --verbose [5ms]
2022-12-11 16:52:47.485 [info] > git for-each-ref --sort -committerdate --format %(refname) %(objectname) %(*objectname) [56ms]
2022-12-11 16:52:47.563 [info] > git status -z -uall [151ms]
2022-12-11 16:52:56.659 [warning] No remotes found in the git config file.
2022-12-11 16:52:56.661 [info] > git for-each-ref --format=%(refname)%00%(upstream:short)%00%(objectname)%00%(upstream:track)%00%(upstream:remotename)%00%(upstream:remoteref) refs/heads/test refs/remotes/test [18ms]
2022-12-11 16:52:56.662 [info] > git config --get commit.template [35ms]
2022-12-11 16:52:56.665 [info] > git remote --verbose [6ms]
2022-12-11 16:52:56.750 [info] > git for-each-ref --sort -committerdate --format %(refname) %(objectname) %(*objectname) [49ms]
2022-12-11 16:52:56.822 [info] > git status -z -uall [143ms]
2022-12-11 16:53:01.910 [warning] No remotes found in the git config file.
2022-12-11 16:53:01.912 [info] > git for-each-ref --format=%(refname)%00%(upstream:short)%00%(objectname)%00%(upstream:track)%00%(upstream:remotename)%00%(upstream:remoteref) refs/heads/test refs/remotes/test [25ms]
2022-12-11 16:53:01.912 [info] > git config --get commit.template [59ms]
2022-12-11 16:53:01.915 [info] > git remote --verbose [5ms]
2022-12-11 16:53:02.003 [info] > git for-each-ref --sort -committerdate --format %(refname) %(objectname) %(*objectname) [11ms]
2022-12-11 16:53:02.079 [info] > git status -z -uall [152ms]
2022-12-11 16:53:07.138 [warning] No remotes found in the git config file.
2022-12-11 16:53:07.139 [info] > git for-each-ref --format=%(refname)%00%(upstream:short)%00%(objectname)%00%(upstream:track)%00%(upstream:remotename)%00%(upstream:remoteref) refs/heads/test refs/remotes/test [14ms]
2022-12-11 16:53:07.139 [info] > git config --get commit.template [27ms]
2022-12-11 16:53:07.142 [info] > git remote --verbose [5ms]
2022-12-11 16:53:07.227 [info] > git for-each-ref --sort -committerdate --format %(refname) %(objectname) %(*objectname) [22ms]
2022-12-11 16:53:07.306 [info] > git status -z -uall [153ms]
2022-12-11 16:53:12.375 [warning] No remotes found in the git config file.
2022-12-11 16:53:12.377 [info] > git for-each-ref --format=%(refname)%00%(upstream:short)%00%(objectname)%00%(upstream:track)%00%(upstream:remotename)%00%(upstream:remoteref) refs/heads/test refs/remotes/test [16ms]
2022-12-11 16:53:12.378 [info] > git config --get commit.template [32ms]
2022-12-11 16:53:12.381 [info] > git remote --verbose [6ms]
2022-12-11 16:53:12.469 [info] > git for-each-ref --sort -committerdate --format %(refname) %(objectname) %(*objectname) [60ms]
2022-12-11 16:53:12.547 [info] > git status -z -uall [154ms]
2022-12-11 16:53:17.601 [warning] No remotes found in the git config file.
2022-12-11 16:53:17.602 [info] > git for-each-ref --format=%(refname)%00%(upstream:short)%00%(objectname)%00%(upstream:track)%00%(upstream:remotename)%00%(upstream:remoteref) refs/heads/test refs/remotes/test [14ms]
2022-12-11 16:53:17.602 [info] > git config --get commit.template [27ms]
2022-12-11 16:53:17.606 [info] > git remote --verbose [6ms]
2022-12-11 16:53:17.679 [info] > git for-each-ref --sort -committerdate --format %(refname) %(objectname) %(*objectname) [46ms]
2022-12-11 16:53:17.750 [info] > git status -z -uall [133ms]
2022-12-11 16:53:21.462 [info] > git check-ignore -v -z --stdin [28ms]
2022-12-11 16:53:22.813 [warning] No remotes found in the git config file.
2022-12-11 16:53:22.815 [info] > git for-each-ref --format=%(refname)%00%(upstream:short)%00%(objectname)%00%(upstream:track)%00%(upstream:remotename)%00%(upstream:remoteref) refs/heads/test refs/remotes/test [20ms]
2022-12-11 16:53:22.815 [info] > git config --get commit.template [35ms]
2022-12-11 16:53:22.819 [info] > git remote --verbose [6ms]
2022-12-11 16:53:22.942 [info] > git for-each-ref --sort -committerdate --format %(refname) %(objectname) %(*objectname) [36ms]
2022-12-11 16:53:22.982 [info] > git check-ignore -v -z --stdin [42ms]
2022-12-11 16:53:23.027 [info] > git status -z -uall [195ms]
2022-12-11 16:53:27.251 [info] > git ls-files --stage -- /root/public/login.html [21ms]
2022-12-11 16:53:27.272 [info] > git ls-files --stage -- /root/index.js [62ms]
2022-12-11 16:53:27.289 [info] > git ls-files --stage -- /root/config.json [99ms]
2022-12-11 16:53:27.306 [info] > git ls-files --stage -- /root/controller.js [136ms]
2022-12-11 16:53:27.323 [info] > git cat-file -s f515982f4dbf24de202b35f29c70c3b4ba359720 [18ms]
2022-12-11 16:53:27.326 [info] > git cat-file -s 98cd9526ffd83fbbfbb3c1cf0ff114ea573fd111 [38ms]
2022-12-11 16:53:27.329 [info] > git cat-file -s 43ff2f5cd53d7343bf4e327423601b6286424a8d [57ms]
2022-12-11 16:53:27.331 [info] > git ls-files --stage -- /root/public/register.html [81ms]
2022-12-11 16:53:27.346 [info] > git cat-file -s 2314239dc043daa4e51f2eb180a162eb96eb3c45 [24ms]
2022-12-11 16:53:27.352 [info] > git cat-file -s 90558549ad3641a8d223835c03d355735657f010 [9ms]
2022-12-11 16:53:27.446 [info] > git show --textconv :config.json [63ms]
2022-12-11 16:53:27.446 [info] > git show --textconv :index.js [44ms]
2022-12-11 16:53:27.447 [info] > git show --textconv :public/login.html [25ms]
2022-12-11 16:53:27.475 [info] > git show --textconv :controller.js [31ms]
2022-12-11 16:53:27.488 [info] > git show --textconv :public/register.html [14ms]
2022-12-11 16:53:28.086 [warning] No remotes found in the git config file.
2022-12-11 16:53:28.087 [info] > git for-each-ref --format=%(refname)%00%(upstream:short)%00%(objectname)%00%(upstream:track)%00%(upstream:remotename)%00%(upstream:remoteref) refs/heads/test refs/remotes/test [17ms]
2022-12-11 16:53:28.088 [info] > git config --get commit.template [34ms]
2022-12-11 16:53:28.092 [info] > git remote --verbose [6ms]
2022-12-11 16:53:28.174 [info] > git for-each-ref --sort -committerdate --format %(refname) %(objectname) %(*objectname) [14ms]
2022-12-11 16:53:28.246 [info] > git status -z -uall [143ms]
