2022-12-10 19:04:56.869 [info] Log level: Info
2022-12-10 19:04:56.878 [info] Validating found git in: "git"
2022-12-10 19:04:56.878 [info] Using git "2.37.2" from "git"
2022-12-10 19:04:56.878 [info] > git rev-parse --show-toplevel [39ms]
2022-12-10 19:04:56.878 [info] fatal: not a git repository (or any of the parent directories): .git
2022-12-10 19:04:56.878 [info] > git rev-parse --show-toplevel [25ms]
2022-12-10 19:04:56.878 [info] fatal: not a git repository (or any of the parent directories): .git
2022-12-10 19:04:56.878 [info] > git rev-parse --show-toplevel [36ms]
2022-12-10 19:04:56.878 [info] fatal: not a git repository (or any of the parent directories): .git
2022-12-10 19:04:56.885 [info] > git rev-parse --show-toplevel [56ms]
2022-12-10 19:04:56.889 [info] fatal: not a git repository (or any of the parent directories): .git
2022-12-10 19:04:56.889 [info] > git rev-parse --show-toplevel [148ms]
2022-12-10 19:04:56.889 [info] fatal: not a git repository (or any of the parent directories): .git
2022-12-10 19:04:56.889 [info] > git rev-parse --show-toplevel [67ms]
2022-12-10 19:04:56.889 [info] fatal: not a git repository (or any of the parent directories): .git
2022-12-10 19:04:56.889 [info] > git rev-parse --show-toplevel [104ms]
2022-12-10 19:04:56.889 [info] fatal: not a git repository (or any of the parent directories): .git
2022-12-10 19:04:56.889 [info] > git rev-parse --show-toplevel [105ms]
2022-12-10 19:04:56.889 [info] fatal: not a git repository (or any of the parent directories): .git
2022-12-10 19:04:56.889 [info] > git rev-parse --show-toplevel [22ms]
2022-12-10 19:04:56.889 [info] fatal: not a git repository (or any of the parent directories): .git
2022-12-10 19:04:56.889 [info] > git rev-parse --show-toplevel [32ms]
2022-12-10 19:04:56.889 [info] fatal: not a git repository (or any of the parent directories): .git
2022-12-10 19:04:56.889 [info] > git rev-parse --show-toplevel [17ms]
2022-12-10 19:04:56.889 [info] fatal: not a git repository (or any of the parent directories): .git
2022-12-10 19:04:56.889 [info] > git rev-parse --show-toplevel [13ms]
2022-12-10 19:04:56.889 [info] fatal: not a git repository (or any of the parent directories): .git
2022-12-10 19:04:56.889 [info] > git rev-parse --show-toplevel [13ms]
2022-12-10 19:04:56.890 [info] fatal: not a git repository (or any of the parent directories): .git
2022-12-10 19:07:19.059 [info] > git rev-parse --show-toplevel [12ms]
2022-12-10 19:07:19.059 [info] fatal: not a git repository (or any of the parent directories): .git
2022-12-10 19:07:49.954 [info] > git rev-parse --show-toplevel [27ms]
2022-12-10 19:07:49.961 [info] fatal: not a git repository (or any of the parent directories): .git
2022-12-10 19:09:09.243 [info] > git rev-parse --show-toplevel [171ms]
2022-12-10 19:09:09.249 [info] fatal: not a git repository (or any of the parent directories): .git
2022-12-10 19:09:42.560 [info] > git rev-parse --show-toplevel [10ms]
2022-12-10 19:09:42.560 [info] fatal: not a git repository (or any of the parent directories): .git
2022-12-10 19:12:03.492 [info] > git rev-parse --show-toplevel [18ms]
2022-12-10 19:12:03.497 [info] fatal: not a git repository (or any of the parent directories): .git
2022-12-10 19:12:16.592 [info] > git rev-parse --show-toplevel [8ms]
2022-12-10 19:12:16.593 [info] fatal: not a git repository (or any of the parent directories): .git
2022-12-10 19:12:41.461 [info] > git rev-parse --show-toplevel [9ms]
2022-12-10 19:12:41.463 [info] fatal: not a git repository (or any of the parent directories): .git
2022-12-10 19:13:01.355 [info] > git rev-parse --show-toplevel [11ms]
2022-12-10 19:13:01.357 [info] fatal: not a git repository (or any of the parent directories): .git
2022-12-10 19:14:58.121 [info] > git rev-parse --show-toplevel [10ms]
2022-12-10 19:14:58.121 [info] fatal: not a git repository (or any of the parent directories): .git
2022-12-10 19:15:17.376 [info] > git rev-parse --show-toplevel [309ms]
2022-12-10 19:15:17.377 [info] fatal: not a git repository (or any of the parent directories): .git
2022-12-10 19:15:17.752 [info] > git rev-parse --show-toplevel [15ms]
2022-12-10 19:15:17.752 [info] fatal: not a git repository (or any of the parent directories): .git
2022-12-10 19:15:17.890 [info] > git rev-parse --show-toplevel [17ms]
2022-12-10 19:15:17.890 [info] fatal: not a git repository (or any of the parent directories): .git
2022-12-10 19:15:23.694 [info] > git rev-parse --show-toplevel [14ms]
2022-12-10 19:15:23.696 [info] fatal: not a git repository (or any of the parent directories): .git
2022-12-10 19:15:24.822 [info] > git rev-parse --show-toplevel [32ms]
2022-12-10 19:15:24.828 [info] fatal: not a git repository (or any of the parent directories): .git
2022-12-10 19:17:46.064 [info] > git rev-parse --show-toplevel [13ms]
2022-12-10 19:17:46.064 [info] fatal: not a git repository (or any of the parent directories): .git
2022-12-10 19:17:56.236 [info] > git rev-parse --show-toplevel [9ms]
2022-12-10 19:17:56.236 [info] fatal: not a git repository (or any of the parent directories): .git
2022-12-10 19:18:00.508 [info] > git rev-parse --show-toplevel [5ms]
2022-12-10 19:18:00.509 [info] fatal: not a git repository (or any of the parent directories): .git
2022-12-10 19:18:00.740 [info] > git rev-parse --show-toplevel [9ms]
2022-12-10 19:18:00.740 [info] fatal: not a git repository (or any of the parent directories): .git
2022-12-10 19:18:10.124 [info] > git rev-parse --show-toplevel [4ms]
2022-12-10 19:18:10.137 [info] > git rev-parse --git-dir --git-common-dir [2ms]
2022-12-10 19:18:10.155 [info] Open repository: /root
2022-12-10 19:18:10.204 [warning] No remotes found in the git config file.
2022-12-10 19:18:10.206 [info] > git for-each-ref --format=%(refname)%00%(upstream:short)%00%(objectname)%00%(upstream:track)%00%(upstream:remotename)%00%(upstream:remoteref) refs/heads/master refs/remotes/master [19ms]
2022-12-10 19:18:10.206 [info] > git config --get commit.template [36ms]
2022-12-10 19:18:10.218 [info] > git remote --verbose [14ms]
2022-12-10 19:18:10.251 [info] > git for-each-ref --sort -committerdate --format %(refname) %(objectname) %(*objectname) [9ms]
2022-12-10 19:18:10.622 [info] > git show --textconv :index.js [108ms]
2022-12-10 19:18:10.622 [info] > git show --textconv :public/signup.html [83ms]
2022-12-10 19:18:10.622 [info] > git show --textconv :.wget-hsts [58ms]
2022-12-10 19:18:10.623 [info] > git ls-files --stage -- /root/public/signup.html [19ms]
2022-12-10 19:18:10.628 [info] > git ls-files --stage -- /root/index.js [41ms]
2022-12-10 19:18:10.633 [info] > git ls-files --stage -- /root/.wget-hsts [14ms]
2022-12-10 19:18:10.736 [info] > git check-ignore -v -z --stdin [6ms]
2022-12-10 19:18:11.007 [info] > git status -z -uall [778ms]
2022-12-10 19:18:12.207 [info] > git config --get commit.template [15ms]
2022-12-10 19:18:12.230 [warning] No remotes found in the git config file.
2022-12-10 19:18:12.235 [info] > git for-each-ref --format=%(refname)%00%(upstream:short)%00%(objectname)%00%(upstream:track)%00%(upstream:remotename)%00%(upstream:remoteref) refs/heads/master refs/remotes/master [18ms]
2022-12-10 19:18:12.246 [info] > git remote --verbose [16ms]
2022-12-10 19:18:12.298 [info] > git for-each-ref --sort -committerdate --format %(refname) %(objectname) %(*objectname) [20ms]
2022-12-10 19:18:12.377 [info] > git status -z -uall [120ms]
2022-12-10 19:18:16.507 [warning] No remotes found in the git config file.
2022-12-10 19:18:16.508 [info] > git for-each-ref --format=%(refname)%00%(upstream:short)%00%(objectname)%00%(upstream:track)%00%(upstream:remotename)%00%(upstream:remoteref) refs/heads/master refs/remotes/master [14ms]
2022-12-10 19:18:16.509 [info] > git config --get commit.template [29ms]
2022-12-10 19:18:16.512 [info] > git remote --verbose [6ms]
2022-12-10 19:18:16.545 [info] > git for-each-ref --sort -committerdate --format %(refname) %(objectname) %(*objectname) [2ms]
2022-12-10 19:18:16.607 [info] > git status -z -uall [84ms]
2022-12-10 19:18:21.731 [warning] No remotes found in the git config file.
2022-12-10 19:18:21.732 [info] > git for-each-ref --format=%(refname)%00%(upstream:short)%00%(objectname)%00%(upstream:track)%00%(upstream:remotename)%00%(upstream:remoteref) refs/heads/master refs/remotes/master [15ms]
2022-12-10 19:18:21.733 [info] > git config --get commit.template [30ms]
2022-12-10 19:18:21.736 [info] > git remote --verbose [5ms]
2022-12-10 19:18:21.782 [info] > git for-each-ref --sort -committerdate --format %(refname) %(objectname) %(*objectname) [7ms]
2022-12-10 19:18:21.829 [info] > git status -z -uall [79ms]
2022-12-10 19:18:26.966 [warning] No remotes found in the git config file.
2022-12-10 19:18:26.967 [info] > git for-each-ref --format=%(refname)%00%(upstream:short)%00%(objectname)%00%(upstream:track)%00%(upstream:remotename)%00%(upstream:remoteref) refs/heads/master refs/remotes/master [13ms]
2022-12-10 19:18:26.968 [info] > git config --get commit.template [27ms]
2022-12-10 19:18:26.970 [info] > git remote --verbose [4ms]
2022-12-10 19:18:27.008 [info] > git for-each-ref --sort -committerdate --format %(refname) %(objectname) %(*objectname) [3ms]
2022-12-10 19:18:27.061 [info] > git status -z -uall [80ms]
2022-12-10 19:18:32.181 [warning] No remotes found in the git config file.
2022-12-10 19:18:32.182 [info] > git for-each-ref --format=%(refname)%00%(upstream:short)%00%(objectname)%00%(upstream:track)%00%(upstream:remotename)%00%(upstream:remoteref) refs/heads/master refs/remotes/master [14ms]
2022-12-10 19:18:32.183 [info] > git config --get commit.template [29ms]
2022-12-10 19:18:32.185 [info] > git remote --verbose [4ms]
2022-12-10 19:18:32.227 [info] > git for-each-ref --sort -committerdate --format %(refname) %(objectname) %(*objectname) [8ms]
2022-12-10 19:18:32.309 [info] > git status -z -uall [112ms]
2022-12-10 19:18:37.550 [warning] No remotes found in the git config file.
2022-12-10 19:18:37.551 [info] > git for-each-ref --format=%(refname)%00%(upstream:short)%00%(objectname)%00%(upstream:track)%00%(upstream:remotename)%00%(upstream:remoteref) refs/heads/master refs/remotes/master [15ms]
2022-12-10 19:18:37.552 [info] > git config --get commit.template [31ms]
2022-12-10 19:18:37.554 [info] > git remote --verbose [5ms]
2022-12-10 19:18:37.599 [info] > git for-each-ref --sort -committerdate --format %(refname) %(objectname) %(*objectname) [8ms]
2022-12-10 19:18:37.639 [info] > git status -z -uall [72ms]
2022-12-10 19:18:42.753 [warning] No remotes found in the git config file.
2022-12-10 19:18:42.754 [info] > git for-each-ref --format=%(refname)%00%(upstream:short)%00%(objectname)%00%(upstream:track)%00%(upstream:remotename)%00%(upstream:remoteref) refs/heads/master refs/remotes/master [22ms]
2022-12-10 19:18:42.755 [info] > git config --get commit.template [39ms]
2022-12-10 19:18:42.761 [info] > git remote --verbose [8ms]
2022-12-10 19:18:42.813 [info] > git for-each-ref --sort -committerdate --format %(refname) %(objectname) %(*objectname) [4ms]
2022-12-10 19:18:42.866 [info] > git status -z -uall [83ms]
2022-12-10 19:18:47.982 [warning] No remotes found in the git config file.
2022-12-10 19:18:47.983 [info] > git for-each-ref --format=%(refname)%00%(upstream:short)%00%(objectname)%00%(upstream:track)%00%(upstream:remotename)%00%(upstream:remoteref) refs/heads/master refs/remotes/master [14ms]
2022-12-10 19:18:47.984 [info] > git config --get commit.template [31ms]
2022-12-10 19:18:47.987 [info] > git remote --verbose [5ms]
2022-12-10 19:18:48.029 [info] > git for-each-ref --sort -committerdate --format %(refname) %(objectname) %(*objectname) [6ms]
2022-12-10 19:18:48.079 [info] > git status -z -uall [78ms]
2022-12-10 19:18:53.188 [warning] No remotes found in the git config file.
2022-12-10 19:18:53.189 [info] > git for-each-ref --format=%(refname)%00%(upstream:short)%00%(objectname)%00%(upstream:track)%00%(upstream:remotename)%00%(upstream:remoteref) refs/heads/master refs/remotes/master [14ms]
2022-12-10 19:18:53.189 [info] > git config --get commit.template [27ms]
2022-12-10 19:18:53.192 [info] > git remote --verbose [4ms]
2022-12-10 19:18:53.235 [info] > git for-each-ref --sort -committerdate --format %(refname) %(objectname) %(*objectname) [8ms]
2022-12-10 19:18:53.280 [info] > git status -z -uall [77ms]
2022-12-10 19:18:58.386 [warning] No remotes found in the git config file.
2022-12-10 19:18:58.388 [info] > git for-each-ref --format=%(refname)%00%(upstream:short)%00%(objectname)%00%(upstream:track)%00%(upstream:remotename)%00%(upstream:remoteref) refs/heads/master refs/remotes/master [15ms]
2022-12-10 19:18:58.388 [info] > git config --get commit.template [31ms]
2022-12-10 19:18:58.391 [info] > git remote --verbose [5ms]
2022-12-10 19:18:58.430 [info] > git for-each-ref --sort -committerdate --format %(refname) %(objectname) %(*objectname) [7ms]
2022-12-10 19:18:58.476 [info] > git status -z -uall [74ms]
2022-12-10 19:19:03.586 [warning] No remotes found in the git config file.
2022-12-10 19:19:03.587 [info] > git for-each-ref --format=%(refname)%00%(upstream:short)%00%(objectname)%00%(upstream:track)%00%(upstream:remotename)%00%(upstream:remoteref) refs/heads/master refs/remotes/master [13ms]
2022-12-10 19:19:03.588 [info] > git config --get commit.template [30ms]
2022-12-10 19:19:03.590 [info] > git remote --verbose [4ms]
2022-12-10 19:19:03.646 [info] > git for-each-ref --sort -committerdate --format %(refname) %(objectname) %(*objectname) [5ms]
2022-12-10 19:19:03.702 [info] > git status -z -uall [83ms]
2022-12-10 19:19:08.812 [warning] No remotes found in the git config file.
2022-12-10 19:19:08.813 [info] > git for-each-ref --format=%(refname)%00%(upstream:short)%00%(objectname)%00%(upstream:track)%00%(upstream:remotename)%00%(upstream:remoteref) refs/heads/master refs/remotes/master [15ms]
2022-12-10 19:19:08.813 [info] > git config --get commit.template [30ms]
2022-12-10 19:19:08.815 [info] > git remote --verbose [4ms]
2022-12-10 19:19:08.854 [info] > git for-each-ref --sort -committerdate --format %(refname) %(objectname) %(*objectname) [7ms]
2022-12-10 19:19:08.898 [info] > git status -z -uall [71ms]
2022-12-10 19:19:14.005 [warning] No remotes found in the git config file.
2022-12-10 19:19:14.006 [info] > git for-each-ref --format=%(refname)%00%(upstream:short)%00%(objectname)%00%(upstream:track)%00%(upstream:remotename)%00%(upstream:remoteref) refs/heads/master refs/remotes/master [15ms]
2022-12-10 19:19:14.006 [info] > git config --get commit.template [29ms]
2022-12-10 19:19:14.009 [info] > git remote --verbose [5ms]
2022-12-10 19:19:14.052 [info] > git for-each-ref --sort -committerdate --format %(refname) %(objectname) %(*objectname) [8ms]
2022-12-10 19:19:14.098 [info] > git status -z -uall [78ms]
2022-12-10 19:19:30.070 [warning] No remotes found in the git config file.
2022-12-10 19:19:30.071 [info] > git for-each-ref --format=%(refname)%00%(upstream:short)%00%(objectname)%00%(upstream:track)%00%(upstream:remotename)%00%(upstream:remoteref) refs/heads/master refs/remotes/master [16ms]
2022-12-10 19:19:30.071 [info] > git config --get commit.template [33ms]
2022-12-10 19:19:30.073 [info] > git remote --verbose [3ms]
2022-12-10 19:19:30.114 [info] > git for-each-ref --sort -committerdate --format %(refname) %(objectname) %(*objectname) [6ms]
2022-12-10 19:19:30.155 [info] > git status -z -uall [70ms]
2022-12-10 19:19:35.290 [warning] No remotes found in the git config file.
2022-12-10 19:19:35.291 [info] > git for-each-ref --format=%(refname)%00%(upstream:short)%00%(objectname)%00%(upstream:track)%00%(upstream:remotename)%00%(upstream:remoteref) refs/heads/master refs/remotes/master [19ms]
2022-12-10 19:19:35.292 [info] > git config --get commit.template [35ms]
2022-12-10 19:19:35.295 [info] > git remote --verbose [5ms]
2022-12-10 19:19:35.338 [info] > git for-each-ref --sort -committerdate --format %(refname) %(objectname) %(*objectname) [6ms]
2022-12-10 19:19:35.383 [info] > git status -z -uall [75ms]
2022-12-10 19:19:40.356 [info] > git ls-files --stage -- /root/public/signup.html [14ms]
2022-12-10 19:19:40.358 [info] > git ls-files --stage -- /root/index.js [29ms]
2022-12-10 19:19:40.360 [info] > git ls-files --stage -- /root/.wget-hsts [5ms]
2022-12-10 19:19:40.433 [info] > git show --textconv :public/signup.html [35ms]
2022-12-10 19:19:40.434 [info] > git show --textconv :index.js [19ms]
2022-12-10 19:19:40.438 [info] > git show --textconv :.wget-hsts [6ms]
2022-12-10 19:19:40.509 [warning] No remotes found in the git config file.
2022-12-10 19:19:40.509 [info] > git for-each-ref --format=%(refname)%00%(upstream:short)%00%(objectname)%00%(upstream:track)%00%(upstream:remotename)%00%(upstream:remoteref) refs/heads/master refs/remotes/master [14ms]
2022-12-10 19:19:40.510 [info] > git config --get commit.template [32ms]
2022-12-10 19:19:40.513 [info] > git remote --verbose [5ms]
2022-12-10 19:19:40.550 [info] > git for-each-ref --sort -committerdate --format %(refname) %(objectname) %(*objectname) [3ms]
2022-12-10 19:19:40.593 [info] > git status -z -uall [68ms]
2022-12-10 19:19:54.098 [warning] No remotes found in the git config file.
2022-12-10 19:19:54.100 [info] > git for-each-ref --format=%(refname)%00%(upstream:short)%00%(objectname)%00%(upstream:track)%00%(upstream:remotename)%00%(upstream:remoteref) refs/heads/master refs/remotes/master [14ms]
2022-12-10 19:19:54.101 [info] > git config --get commit.template [30ms]
2022-12-10 19:19:54.103 [info] > git remote --verbose [5ms]
2022-12-10 19:19:54.142 [info] > git for-each-ref --sort -committerdate --format %(refname) %(objectname) %(*objectname) [7ms]
2022-12-10 19:19:54.187 [info] > git status -z -uall [73ms]
2022-12-10 19:19:56.928 [info] > git ls-files --stage -- /root/public/signup.html [13ms]
2022-12-10 19:19:56.929 [info] > git ls-files --stage -- /root/index.js [27ms]
2022-12-10 19:19:56.932 [info] > git ls-files --stage -- /root/.wget-hsts [4ms]
2022-12-10 19:19:56.975 [info] > git show --textconv :public/signup.html [14ms]
2022-12-10 19:19:56.990 [info] > git show --textconv :index.js [16ms]
2022-12-10 19:19:56.994 [info] > git show --textconv :.wget-hsts [5ms]
2022-12-10 19:19:59.309 [warning] No remotes found in the git config file.
2022-12-10 19:19:59.311 [info] > git for-each-ref --format=%(refname)%00%(upstream:short)%00%(objectname)%00%(upstream:track)%00%(upstream:remotename)%00%(upstream:remoteref) refs/heads/master refs/remotes/master [14ms]
2022-12-10 19:19:59.311 [info] > git config --get commit.template [29ms]
2022-12-10 19:19:59.313 [info] > git remote --verbose [4ms]
2022-12-10 19:19:59.358 [info] > git for-each-ref --sort -committerdate --format %(refname) %(objectname) %(*objectname) [6ms]
2022-12-10 19:19:59.406 [info] > git status -z -uall [79ms]
2022-12-10 19:20:22.596 [warning] No remotes found in the git config file.
2022-12-10 19:20:22.598 [info] > git for-each-ref --format=%(refname)%00%(upstream:short)%00%(objectname)%00%(upstream:track)%00%(upstream:remotename)%00%(upstream:remoteref) refs/heads/master refs/remotes/master [15ms]
2022-12-10 19:20:22.598 [info] > git config --get commit.template [29ms]
2022-12-10 19:20:22.601 [info] > git remote --verbose [5ms]
2022-12-10 19:20:22.637 [info] > git for-each-ref --sort -committerdate --format %(refname) %(objectname) %(*objectname) [6ms]
2022-12-10 19:20:22.903 [info] > git status -z -uall [293ms]
2022-12-10 19:20:28.075 [warning] No remotes found in the git config file.
2022-12-10 19:20:28.076 [info] > git for-each-ref --format=%(refname)%00%(upstream:short)%00%(objectname)%00%(upstream:track)%00%(upstream:remotename)%00%(upstream:remoteref) refs/heads/master refs/remotes/master [17ms]
2022-12-10 19:20:28.079 [info] > git config --get commit.template [34ms]
2022-12-10 19:20:28.083 [info] > git remote --verbose [9ms]
2022-12-10 19:20:28.135 [info] > git for-each-ref --sort -committerdate --format %(refname) %(objectname) %(*objectname) [10ms]
2022-12-10 19:20:28.196 [info] > git status -z -uall [98ms]
2022-12-10 19:20:33.309 [warning] No remotes found in the git config file.
2022-12-10 19:20:33.310 [info] > git for-each-ref --format=%(refname)%00%(upstream:short)%00%(objectname)%00%(upstream:track)%00%(upstream:remotename)%00%(upstream:remoteref) refs/heads/master refs/remotes/master [14ms]
2022-12-10 19:20:33.310 [info] > git config --get commit.template [28ms]
2022-12-10 19:20:33.313 [info] > git remote --verbose [4ms]
2022-12-10 19:20:33.356 [info] > git for-each-ref --sort -committerdate --format %(refname) %(objectname) %(*objectname) [7ms]
2022-12-10 19:20:33.449 [info] > git status -z -uall [125ms]
2022-12-10 19:20:38.669 [warning] No remotes found in the git config file.
2022-12-10 19:20:38.670 [info] > git for-each-ref --format=%(refname)%00%(upstream:short)%00%(objectname)%00%(upstream:track)%00%(upstream:remotename)%00%(upstream:remoteref) refs/heads/master refs/remotes/master [15ms]
2022-12-10 19:20:38.670 [info] > git config --get commit.template [29ms]
2022-12-10 19:20:38.673 [info] > git remote --verbose [5ms]
2022-12-10 19:20:38.715 [info] > git for-each-ref --sort -committerdate --format %(refname) %(objectname) %(*objectname) [8ms]
2022-12-10 19:20:38.771 [info] > git status -z -uall [86ms]
2022-12-10 19:20:43.873 [warning] No remotes found in the git config file.
2022-12-10 19:20:43.874 [info] > git for-each-ref --format=%(refname)%00%(upstream:short)%00%(objectname)%00%(upstream:track)%00%(upstream:remotename)%00%(upstream:remoteref) refs/heads/master refs/remotes/master [14ms]
2022-12-10 19:20:43.874 [info] > git config --get commit.template [27ms]
2022-12-10 19:20:43.877 [info] > git remote --verbose [4ms]
2022-12-10 19:20:43.917 [info] > git for-each-ref --sort -committerdate --format %(refname) %(objectname) %(*objectname) [7ms]
2022-12-10 19:20:44.013 [info] > git status -z -uall [125ms]
2022-12-10 19:20:49.251 [warning] No remotes found in the git config file.
2022-12-10 19:20:49.252 [info] > git for-each-ref --format=%(refname)%00%(upstream:short)%00%(objectname)%00%(upstream:track)%00%(upstream:remotename)%00%(upstream:remoteref) refs/heads/master refs/remotes/master [15ms]
2022-12-10 19:20:49.253 [info] > git config --get commit.template [29ms]
2022-12-10 19:20:49.256 [info] > git remote --verbose [5ms]
2022-12-10 19:20:49.298 [info] > git for-each-ref --sort -committerdate --format %(refname) %(objectname) %(*objectname) [7ms]
2022-12-10 19:20:49.350 [info] > git status -z -uall [83ms]
2022-12-10 19:20:54.468 [warning] No remotes found in the git config file.
2022-12-10 19:20:54.469 [info] > git for-each-ref --format=%(refname)%00%(upstream:short)%00%(objectname)%00%(upstream:track)%00%(upstream:remotename)%00%(upstream:remoteref) refs/heads/master refs/remotes/master [15ms]
2022-12-10 19:20:54.469 [info] > git config --get commit.template [31ms]
2022-12-10 19:20:54.472 [info] > git remote --verbose [4ms]
2022-12-10 19:20:54.514 [info] > git for-each-ref --sort -committerdate --format %(refname) %(objectname) %(*objectname) [6ms]
2022-12-10 19:20:54.622 [info] > git status -z -uall [137ms]
2022-12-10 19:20:59.849 [warning] No remotes found in the git config file.
2022-12-10 19:20:59.850 [info] > git for-each-ref --format=%(refname)%00%(upstream:short)%00%(objectname)%00%(upstream:track)%00%(upstream:remotename)%00%(upstream:remoteref) refs/heads/master refs/remotes/master [16ms]
2022-12-10 19:20:59.851 [info] > git config --get commit.template [35ms]
2022-12-10 19:20:59.854 [info] > git remote --verbose [6ms]
2022-12-10 19:20:59.914 [info] > git for-each-ref --sort -committerdate --format %(refname) %(objectname) %(*objectname) [13ms]
2022-12-10 19:20:59.969 [info] > git status -z -uall [100ms]
2022-12-10 19:21:05.093 [warning] No remotes found in the git config file.
2022-12-10 19:21:05.094 [info] > git for-each-ref --format=%(refname)%00%(upstream:short)%00%(objectname)%00%(upstream:track)%00%(upstream:remotename)%00%(upstream:remoteref) refs/heads/master refs/remotes/master [17ms]
2022-12-10 19:21:05.095 [info] > git config --get commit.template [34ms]
2022-12-10 19:21:05.098 [info] > git remote --verbose [5ms]
2022-12-10 19:21:05.144 [info] > git for-each-ref --sort -committerdate --format %(refname) %(objectname) %(*objectname) [7ms]
2022-12-10 19:21:05.194 [info] > git status -z -uall [82ms]
2022-12-10 19:21:10.311 [warning] No remotes found in the git config file.
2022-12-10 19:21:10.312 [info] > git for-each-ref --format=%(refname)%00%(upstream:short)%00%(objectname)%00%(upstream:track)%00%(upstream:remotename)%00%(upstream:remoteref) refs/heads/master refs/remotes/master [13ms]
2022-12-10 19:21:10.312 [info] > git config --get commit.template [29ms]
2022-12-10 19:21:10.314 [info] > git remote --verbose [4ms]
2022-12-10 19:21:10.353 [info] > git for-each-ref --sort -committerdate --format %(refname) %(objectname) %(*objectname) [6ms]
2022-12-10 19:21:10.400 [info] > git status -z -uall [75ms]
2022-12-10 19:21:15.504 [warning] No remotes found in the git config file.
2022-12-10 19:21:15.505 [info] > git for-each-ref --format=%(refname)%00%(upstream:short)%00%(objectname)%00%(upstream:track)%00%(upstream:remotename)%00%(upstream:remoteref) refs/heads/master refs/remotes/master [15ms]
2022-12-10 19:21:15.506 [info] > git config --get commit.template [28ms]
2022-12-10 19:21:15.510 [info] > git remote --verbose [6ms]
2022-12-10 19:21:15.545 [info] > git for-each-ref --sort -committerdate --format %(refname) %(objectname) %(*objectname) [2ms]
2022-12-10 19:21:15.594 [info] > git status -z -uall [71ms]
2022-12-10 19:21:20.706 [warning] No remotes found in the git config file.
2022-12-10 19:21:20.707 [info] > git for-each-ref --format=%(refname)%00%(upstream:short)%00%(objectname)%00%(upstream:track)%00%(upstream:remotename)%00%(upstream:remoteref) refs/heads/master refs/remotes/master [15ms]
2022-12-10 19:21:20.708 [info] > git config --get commit.template [34ms]
2022-12-10 19:21:20.710 [info] > git remote --verbose [4ms]
2022-12-10 19:21:20.749 [info] > git for-each-ref --sort -committerdate --format %(refname) %(objectname) %(*objectname) [5ms]
2022-12-10 19:21:20.793 [info] > git status -z -uall [70ms]
2022-12-10 19:21:25.899 [warning] No remotes found in the git config file.
2022-12-10 19:21:25.900 [info] > git for-each-ref --format=%(refname)%00%(upstream:short)%00%(objectname)%00%(upstream:track)%00%(upstream:remotename)%00%(upstream:remoteref) refs/heads/master refs/remotes/master [15ms]
2022-12-10 19:21:25.900 [info] > git config --get commit.template [28ms]
2022-12-10 19:21:25.903 [info] > git remote --verbose [4ms]
2022-12-10 19:21:25.941 [info] > git for-each-ref --sort -committerdate --format %(refname) %(objectname) %(*objectname) [6ms]
2022-12-10 19:21:25.984 [info] > git status -z -uall [69ms]
2022-12-10 19:21:31.095 [warning] No remotes found in the git config file.
2022-12-10 19:21:31.096 [info] > git for-each-ref --format=%(refname)%00%(upstream:short)%00%(objectname)%00%(upstream:track)%00%(upstream:remotename)%00%(upstream:remoteref) refs/heads/master refs/remotes/master [17ms]
2022-12-10 19:21:31.097 [info] > git config --get commit.template [33ms]
2022-12-10 19:21:31.099 [info] > git remote --verbose [4ms]
2022-12-10 19:21:31.143 [info] > git for-each-ref --sort -committerdate --format %(refname) %(objectname) %(*objectname) [7ms]
2022-12-10 19:21:31.187 [info] > git status -z -uall [76ms]
2022-12-10 19:21:36.300 [warning] No remotes found in the git config file.
2022-12-10 19:21:36.301 [info] > git for-each-ref --format=%(refname)%00%(upstream:short)%00%(objectname)%00%(upstream:track)%00%(upstream:remotename)%00%(upstream:remoteref) refs/heads/master refs/remotes/master [16ms]
2022-12-10 19:21:36.301 [info] > git config --get commit.template [29ms]
2022-12-10 19:21:36.304 [info] > git remote --verbose [3ms]
2022-12-10 19:21:36.346 [info] > git for-each-ref --sort -committerdate --format %(refname) %(objectname) %(*objectname) [4ms]
2022-12-10 19:21:36.391 [info] > git status -z -uall [76ms]
2022-12-10 19:21:41.492 [warning] No remotes found in the git config file.
2022-12-10 19:21:41.493 [info] > git for-each-ref --format=%(refname)%00%(upstream:short)%00%(objectname)%00%(upstream:track)%00%(upstream:remotename)%00%(upstream:remoteref) refs/heads/master refs/remotes/master [14ms]
2022-12-10 19:21:41.493 [info] > git config --get commit.template [28ms]
2022-12-10 19:21:41.495 [info] > git remote --verbose [3ms]
2022-12-10 19:21:41.533 [info] > git for-each-ref --sort -committerdate --format %(refname) %(objectname) %(*objectname) [6ms]
2022-12-10 19:21:41.575 [info] > git status -z -uall [68ms]
2022-12-10 19:21:45.488 [info] > git check-ignore -v -z --stdin [3ms]
2022-12-10 19:21:46.691 [warning] No remotes found in the git config file.
2022-12-10 19:21:46.692 [info] > git for-each-ref --format=%(refname)%00%(upstream:short)%00%(objectname)%00%(upstream:track)%00%(upstream:remotename)%00%(upstream:remoteref) refs/heads/master refs/remotes/master [17ms]
2022-12-10 19:21:46.693 [info] > git config --get commit.template [34ms]
2022-12-10 19:21:46.696 [info] > git remote --verbose [5ms]
2022-12-10 19:21:46.739 [info] > git for-each-ref --sort -committerdate --format %(refname) %(objectname) %(*objectname) [8ms]
2022-12-10 19:21:46.784 [info] > git status -z -uall [76ms]
2022-12-10 19:21:48.754 [info] > git ls-files --stage -- /root/public/signup.html [19ms]
2022-12-10 19:21:48.755 [info] > git ls-files --stage -- /root/index.js [38ms]
2022-12-10 19:21:48.759 [info] > git ls-files --stage -- /root/.wget-hsts [7ms]
2022-12-10 19:21:48.835 [info] > git show --textconv :public/signup.html [39ms]
2022-12-10 19:21:48.835 [info] > git show --textconv :index.js [21ms]
2022-12-10 19:21:48.839 [info] > git show --textconv :.wget-hsts [5ms]
2022-12-10 19:21:51.893 [warning] No remotes found in the git config file.
2022-12-10 19:21:51.895 [info] > git for-each-ref --format=%(refname)%00%(upstream:short)%00%(objectname)%00%(upstream:track)%00%(upstream:remotename)%00%(upstream:remoteref) refs/heads/master refs/remotes/master [16ms]
2022-12-10 19:21:51.895 [info] > git config --get commit.template [31ms]
2022-12-10 19:21:51.898 [info] > git remote --verbose [4ms]
2022-12-10 19:21:51.944 [info] > git for-each-ref --sort -committerdate --format %(refname) %(objectname) %(*objectname) [7ms]
2022-12-10 19:21:51.990 [info] > git status -z -uall [77ms]
2022-12-10 19:21:57.139 [warning] No remotes found in the git config file.
2022-12-10 19:21:57.141 [info] > git for-each-ref --format=%(refname)%00%(upstream:short)%00%(objectname)%00%(upstream:track)%00%(upstream:remotename)%00%(upstream:remoteref) refs/heads/master refs/remotes/master [28ms]
2022-12-10 19:21:57.142 [info] > git config --get commit.template [56ms]
2022-12-10 19:21:57.146 [info] > git remote --verbose [7ms]
2022-12-10 19:21:57.228 [info] > git for-each-ref --sort -committerdate --format %(refname) %(objectname) %(*objectname) [12ms]
2022-12-10 19:21:57.339 [info] > git status -z -uall [165ms]
2022-12-10 19:22:02.523 [info] > git config --get commit.template [35ms]
2022-12-10 19:22:02.552 [warning] No remotes found in the git config file.
2022-12-10 19:22:02.553 [info] > git for-each-ref --format=%(refname)%00%(upstream:short)%00%(objectname)%00%(upstream:track)%00%(upstream:remotename)%00%(upstream:remoteref) refs/heads/master refs/remotes/master [30ms]
2022-12-10 19:22:02.562 [info] > git remote --verbose [10ms]
2022-12-10 19:22:02.636 [info] > git for-each-ref --sort -committerdate --format %(refname) %(objectname) %(*objectname) [9ms]
2022-12-10 19:22:02.785 [info] > git status -z -uall [197ms]
2022-12-10 19:22:07.984 [warning] No remotes found in the git config file.
2022-12-10 19:22:07.985 [info] > git for-each-ref --format=%(refname)%00%(upstream:short)%00%(objectname)%00%(upstream:track)%00%(upstream:remotename)%00%(upstream:remoteref) refs/heads/master refs/remotes/master [29ms]
2022-12-10 19:22:07.986 [info] > git config --get commit.template [55ms]
2022-12-10 19:22:07.993 [info] > git remote --verbose [9ms]
2022-12-10 19:22:08.082 [info] > git for-each-ref --sort -committerdate --format %(refname) %(objectname) %(*objectname) [11ms]
2022-12-10 19:22:08.164 [info] > git status -z -uall [144ms]
2022-12-10 19:22:09.398 [info] > git ls-files --stage -- /root/index.js [23ms]
2022-12-10 19:22:09.419 [info] > git ls-files --stage -- /root/public/signup.html [24ms]
2022-12-10 19:22:09.437 [info] > git cat-file -s d1f0765499dd1519d55bcd8bbbf3a9c79c3220d3 [20ms]
2022-12-10 19:22:09.444 [info] > git cat-file -s e69de29bb2d1d6434b8b29ae775ad8c2e48c5391 [7ms]
2022-12-10 19:22:09.496 [info] > git show --textconv :index.js [23ms]
2022-12-10 19:22:09.503 [info] > git show --textconv :public/signup.html [11ms]
2022-12-10 19:22:10.376 [info] > git ls-files --stage -- /root/index.js [17ms]
2022-12-10 19:22:10.394 [info] > git ls-files --stage -- /root/public/signup.html [19ms]
2022-12-10 19:22:10.410 [info] > git cat-file -s d1f0765499dd1519d55bcd8bbbf3a9c79c3220d3 [17ms]
2022-12-10 19:22:10.414 [info] > git cat-file -s e69de29bb2d1d6434b8b29ae775ad8c2e48c5391 [5ms]
2022-12-10 19:22:10.466 [info] > git show --textconv :index.js [21ms]
2022-12-10 19:22:10.473 [info] > git show --textconv :public/signup.html [9ms]
2022-12-10 19:22:13.381 [warning] No remotes found in the git config file.
2022-12-10 19:22:13.382 [info] > git for-each-ref --format=%(refname)%00%(upstream:short)%00%(objectname)%00%(upstream:track)%00%(upstream:remotename)%00%(upstream:remoteref) refs/heads/master refs/remotes/master [16ms]
2022-12-10 19:22:13.383 [info] > git config --get commit.template [36ms]
2022-12-10 19:22:13.386 [info] > git remote --verbose [5ms]
2022-12-10 19:22:13.441 [info] > git for-each-ref --sort -committerdate --format %(refname) %(objectname) %(*objectname) [8ms]
2022-12-10 19:22:13.482 [info] > git status -z -uall [84ms]
2022-12-10 19:22:17.324 [info] > git ls-files --stage -- /root/index.js [23ms]
2022-12-10 19:22:17.349 [info] > git ls-files --stage -- /root/public/signup.html [26ms]
2022-12-10 19:22:17.367 [info] > git cat-file -s d1f0765499dd1519d55bcd8bbbf3a9c79c3220d3 [24ms]
2022-12-10 19:22:17.371 [info] > git cat-file -s e69de29bb2d1d6434b8b29ae775ad8c2e48c5391 [5ms]
2022-12-10 19:22:17.420 [info] > git show --textconv :index.js [20ms]
2022-12-10 19:22:17.436 [info] > git show --textconv :public/signup.html [16ms]
2022-12-10 19:22:18.607 [warning] No remotes found in the git config file.
2022-12-10 19:22:18.608 [info] > git for-each-ref --format=%(refname)%00%(upstream:short)%00%(objectname)%00%(upstream:track)%00%(upstream:remotename)%00%(upstream:remoteref) refs/heads/master refs/remotes/master [15ms]
2022-12-10 19:22:18.609 [info] > git config --get commit.template [30ms]
2022-12-10 19:22:18.611 [info] > git remote --verbose [4ms]
2022-12-10 19:22:18.661 [info] > git for-each-ref --sort -committerdate --format %(refname) %(objectname) %(*objectname) [3ms]
2022-12-10 19:22:18.708 [info] > git status -z -uall [85ms]
2022-12-10 19:22:23.829 [warning] No remotes found in the git config file.
2022-12-10 19:22:23.830 [info] > git for-each-ref --format=%(refname)%00%(upstream:short)%00%(objectname)%00%(upstream:track)%00%(upstream:remotename)%00%(upstream:remoteref) refs/heads/master refs/remotes/master [14ms]
2022-12-10 19:22:23.830 [info] > git config --get commit.template [28ms]
2022-12-10 19:22:23.833 [info] > git remote --verbose [3ms]
2022-12-10 19:22:23.889 [info] > git for-each-ref --sort -committerdate --format %(refname) %(objectname) %(*objectname) [7ms]
2022-12-10 19:22:23.925 [info] > git status -z -uall [80ms]
2022-12-10 19:22:29.040 [warning] No remotes found in the git config file.
2022-12-10 19:22:29.041 [info] > git for-each-ref --format=%(refname)%00%(upstream:short)%00%(objectname)%00%(upstream:track)%00%(upstream:remotename)%00%(upstream:remoteref) refs/heads/master refs/remotes/master [15ms]
2022-12-10 19:22:29.042 [info] > git config --get commit.template [29ms]
2022-12-10 19:22:29.044 [info] > git remote --verbose [4ms]
2022-12-10 19:22:29.101 [info] > git for-each-ref --sort -committerdate --format %(refname) %(objectname) %(*objectname) [7ms]
2022-12-10 19:22:29.160 [info] > git status -z -uall [103ms]
2022-12-10 19:22:34.432 [warning] No remotes found in the git config file.
2022-12-10 19:22:34.434 [info] > git for-each-ref --format=%(refname)%00%(upstream:short)%00%(objectname)%00%(upstream:track)%00%(upstream:remotename)%00%(upstream:remoteref) refs/heads/master refs/remotes/master [18ms]
2022-12-10 19:22:34.434 [info] > git config --get commit.template [37ms]
2022-12-10 19:22:34.439 [info] > git remote --verbose [5ms]
2022-12-10 19:22:34.542 [info] > git for-each-ref --sort -committerdate --format %(refname) %(objectname) %(*objectname) [12ms]
2022-12-10 19:22:34.629 [info] > git status -z -uall [159ms]
2022-12-10 19:22:37.235 [info] > git ls-files --stage -- /root/index.js [26ms]
2022-12-10 19:22:37.253 [info] > git ls-files --stage -- /root/public/signup.html [20ms]
2022-12-10 19:22:37.275 [info] > git cat-file -s d1f0765499dd1519d55bcd8bbbf3a9c79c3220d3 [22ms]
2022-12-10 19:22:37.279 [info] > git cat-file -s e69de29bb2d1d6434b8b29ae775ad8c2e48c5391 [6ms]
2022-12-10 19:22:37.351 [info] > git show --textconv :index.js [23ms]
2022-12-10 19:22:37.359 [info] > git show --textconv :public/signup.html [9ms]
2022-12-10 19:22:51.231 [warning] No remotes found in the git config file.
2022-12-10 19:22:51.232 [info] > git for-each-ref --format=%(refname)%00%(upstream:short)%00%(objectname)%00%(upstream:track)%00%(upstream:remotename)%00%(upstream:remoteref) refs/heads/master refs/remotes/master [17ms]
2022-12-10 19:22:51.233 [info] > git config --get commit.template [34ms]
2022-12-10 19:22:51.236 [info] > git remote --verbose [6ms]
2022-12-10 19:22:51.302 [info] > git for-each-ref --sort -committerdate --format %(refname) %(objectname) %(*objectname) [21ms]
2022-12-10 19:22:51.337 [info] > git status -z -uall [86ms]
2022-12-10 19:22:53.892 [info] > git ls-files --stage -- /root/index.js [31ms]
2022-12-10 19:22:53.909 [info] > git ls-files --stage -- /root/public/signup.html [18ms]
2022-12-10 19:22:53.924 [info] > git cat-file -s d1f0765499dd1519d55bcd8bbbf3a9c79c3220d3 [16ms]
2022-12-10 19:22:53.929 [info] > git cat-file -s e69de29bb2d1d6434b8b29ae775ad8c2e48c5391 [6ms]
2022-12-10 19:22:53.975 [info] > git show --textconv :index.js [19ms]
2022-12-10 19:22:53.984 [info] > git show --textconv :public/signup.html [9ms]
2022-12-10 19:22:56.409 [warning] No remotes found in the git config file.
2022-12-10 19:22:56.410 [info] > git for-each-ref --format=%(refname)%00%(upstream:short)%00%(objectname)%00%(upstream:track)%00%(upstream:remotename)%00%(upstream:remoteref) refs/heads/master refs/remotes/master [14ms]
2022-12-10 19:22:56.411 [info] > git config --get commit.template [29ms]
2022-12-10 19:22:56.413 [info] > git remote --verbose [4ms]
2022-12-10 19:22:56.466 [info] > git for-each-ref --sort -committerdate --format %(refname) %(objectname) %(*objectname) [6ms]
2022-12-10 19:22:56.495 [info] > git status -z -uall [69ms]
2022-12-10 19:23:01.544 [warning] No remotes found in the git config file.
2022-12-10 19:23:01.546 [info] > git for-each-ref --format=%(refname)%00%(upstream:short)%00%(objectname)%00%(upstream:track)%00%(upstream:remotename)%00%(upstream:remoteref) refs/heads/master refs/remotes/master [16ms]
2022-12-10 19:23:01.546 [info] > git config --get commit.template [33ms]
2022-12-10 19:23:01.549 [info] > git remote --verbose [5ms]
2022-12-10 19:23:01.622 [info] > git for-each-ref --sort -committerdate --format %(refname) %(objectname) %(*objectname) [22ms]
2022-12-10 19:23:01.657 [info] > git status -z -uall [95ms]
2022-12-10 19:23:03.999 [info] > git ls-files --stage -- /root/index.js [15ms]
2022-12-10 19:23:04.014 [info] > git ls-files --stage -- /root/public/signup.html [16ms]
2022-12-10 19:23:04.026 [info] > git cat-file -s d1f0765499dd1519d55bcd8bbbf3a9c79c3220d3 [13ms]
2022-12-10 19:23:04.030 [info] > git cat-file -s e69de29bb2d1d6434b8b29ae775ad8c2e48c5391 [5ms]
2022-12-10 19:23:04.075 [info] > git show --textconv :index.js [20ms]
2022-12-10 19:23:04.081 [info] > git show --textconv :public/signup.html [9ms]
2022-12-10 19:23:06.700 [warning] No remotes found in the git config file.
2022-12-10 19:23:06.702 [info] > git for-each-ref --format=%(refname)%00%(upstream:short)%00%(objectname)%00%(upstream:track)%00%(upstream:remotename)%00%(upstream:remoteref) refs/heads/test refs/remotes/test [13ms]
2022-12-10 19:23:06.702 [info] > git config --get commit.template [28ms]
2022-12-10 19:23:06.705 [info] > git remote --verbose [5ms]
2022-12-10 19:23:06.754 [info] > git for-each-ref --sort -committerdate --format %(refname) %(objectname) %(*objectname) [9ms]
2022-12-10 19:23:06.789 [info] > git status -z -uall [72ms]
2022-12-10 19:23:11.832 [warning] No remotes found in the git config file.
2022-12-10 19:23:11.833 [info] > git for-each-ref --format=%(refname)%00%(upstream:short)%00%(objectname)%00%(upstream:track)%00%(upstream:remotename)%00%(upstream:remoteref) refs/heads/test refs/remotes/test [14ms]
2022-12-10 19:23:11.833 [info] > git config --get commit.template [27ms]
2022-12-10 19:23:11.836 [info] > git remote --verbose [5ms]
2022-12-10 19:23:11.886 [info] > git for-each-ref --sort -committerdate --format %(refname) %(objectname) %(*objectname) [13ms]
2022-12-10 19:23:11.919 [info] > git status -z -uall [73ms]
2022-12-10 19:23:12.598 [info] > git ls-files --stage -- /root/index.js [16ms]
2022-12-10 19:23:12.616 [info] > git ls-files --stage -- /root/public/signup.html [20ms]
2022-12-10 19:23:12.631 [info] > git cat-file -s d1f0765499dd1519d55bcd8bbbf3a9c79c3220d3 [17ms]
2022-12-10 19:23:12.635 [info] > git cat-file -s e69de29bb2d1d6434b8b29ae775ad8c2e48c5391 [5ms]
2022-12-10 19:23:12.681 [info] > git show --textconv :index.js [17ms]
2022-12-10 19:23:12.688 [info] > git show --textconv :public/signup.html [8ms]
2022-12-10 19:23:16.960 [warning] No remotes found in the git config file.
2022-12-10 19:23:16.962 [info] > git for-each-ref --format=%(refname)%00%(upstream:short)%00%(objectname)%00%(upstream:track)%00%(upstream:remotename)%00%(upstream:remoteref) refs/heads/test refs/remotes/test [15ms]
2022-12-10 19:23:16.962 [info] > git config --get commit.template [28ms]
2022-12-10 19:23:16.966 [info] > git remote --verbose [6ms]
2022-12-10 19:23:17.014 [info] > git for-each-ref --sort -committerdate --format %(refname) %(objectname) %(*objectname) [24ms]
2022-12-10 19:23:17.042 [info] > git status -z -uall [66ms]
2022-12-10 19:23:20.402 [info] > git ls-files --stage -- /root/index.js [15ms]
2022-12-10 19:23:20.417 [info] > git ls-files --stage -- /root/public/signup.html [16ms]
2022-12-10 19:23:20.430 [info] > git cat-file -s d1f0765499dd1519d55bcd8bbbf3a9c79c3220d3 [13ms]
2022-12-10 19:23:20.433 [info] > git cat-file -s e69de29bb2d1d6434b8b29ae775ad8c2e48c5391 [5ms]
2022-12-10 19:23:20.478 [info] > git show --textconv :index.js [17ms]
2022-12-10 19:23:20.484 [info] > git show --textconv :public/signup.html [7ms]
2022-12-10 19:23:22.080 [warning] No remotes found in the git config file.
2022-12-10 19:23:22.081 [info] > git for-each-ref --format=%(refname)%00%(upstream:short)%00%(objectname)%00%(upstream:track)%00%(upstream:remotename)%00%(upstream:remoteref) refs/heads/test refs/remotes/test [13ms]
2022-12-10 19:23:22.081 [info] > git config --get commit.template [25ms]
2022-12-10 19:23:22.083 [info] > git remote --verbose [4ms]
2022-12-10 19:23:22.135 [info] > git for-each-ref --sort -committerdate --format %(refname) %(objectname) %(*objectname) [14ms]
2022-12-10 19:23:22.165 [info] > git status -z -uall [70ms]
2022-12-10 19:23:24.189 [info] > git ls-files --stage -- /root/index.js [17ms]
2022-12-10 19:23:24.205 [info] > git ls-files --stage -- /root/public/signup.html [17ms]
2022-12-10 19:23:24.220 [info] > git cat-file -s d1f0765499dd1519d55bcd8bbbf3a9c79c3220d3 [16ms]
2022-12-10 19:23:24.224 [info] > git cat-file -s e69de29bb2d1d6434b8b29ae775ad8c2e48c5391 [5ms]
2022-12-10 19:23:24.269 [info] > git show --textconv :index.js [18ms]
2022-12-10 19:23:24.277 [info] > git show --textconv :public/signup.html [8ms]
2022-12-10 19:23:40.190 [warning] No remotes found in the git config file.
2022-12-10 19:23:40.191 [info] > git for-each-ref --format=%(refname)%00%(upstream:short)%00%(objectname)%00%(upstream:track)%00%(upstream:remotename)%00%(upstream:remoteref) refs/heads/test refs/remotes/test [12ms]
2022-12-10 19:23:40.193 [info] > git config --get commit.template [27ms]
2022-12-10 19:23:40.195 [info] > git remote --verbose [5ms]
2022-12-10 19:23:40.243 [info] > git for-each-ref --sort -committerdate --format %(refname) %(objectname) %(*objectname) [10ms]
2022-12-10 19:23:40.275 [info] > git status -z -uall [70ms]
2022-12-10 19:23:45.322 [warning] No remotes found in the git config file.
2022-12-10 19:23:45.323 [info] > git for-each-ref --format=%(refname)%00%(upstream:short)%00%(objectname)%00%(upstream:track)%00%(upstream:remotename)%00%(upstream:remoteref) refs/heads/test refs/remotes/test [14ms]
2022-12-10 19:23:45.324 [info] > git config --get commit.template [27ms]
2022-12-10 19:23:45.326 [info] > git remote --verbose [4ms]
2022-12-10 19:23:45.375 [info] > git for-each-ref --sort -committerdate --format %(refname) %(objectname) %(*objectname) [4ms]
2022-12-10 19:23:45.403 [info] > git status -z -uall [66ms]
2022-12-10 19:23:51.646 [warning] No remotes found in the git config file.
2022-12-10 19:23:51.647 [info] > git for-each-ref --format=%(refname)%00%(upstream:short)%00%(objectname)%00%(upstream:track)%00%(upstream:remotename)%00%(upstream:remoteref) refs/heads/test refs/remotes/test [16ms]
2022-12-10 19:23:51.648 [info] > git config --get commit.template [33ms]
2022-12-10 19:23:51.658 [info] > git remote --verbose [12ms]
2022-12-10 19:23:51.718 [info] > git for-each-ref --sort -committerdate --format %(refname) %(objectname) %(*objectname) [11ms]
2022-12-10 19:23:51.748 [info] > git status -z -uall [76ms]
2022-12-10 19:23:56.789 [warning] No remotes found in the git config file.
2022-12-10 19:23:56.790 [info] > git for-each-ref --format=%(refname)%00%(upstream:short)%00%(objectname)%00%(upstream:track)%00%(upstream:remotename)%00%(upstream:remoteref) refs/heads/test refs/remotes/test [13ms]
2022-12-10 19:23:56.791 [info] > git config --get commit.template [27ms]
2022-12-10 19:23:56.793 [info] > git remote --verbose [4ms]
2022-12-10 19:23:56.846 [info] > git for-each-ref --sort -committerdate --format %(refname) %(objectname) %(*objectname) [8ms]
2022-12-10 19:23:56.883 [info] > git status -z -uall [80ms]
2022-12-10 19:24:01.937 [warning] No remotes found in the git config file.
2022-12-10 19:24:01.939 [info] > git for-each-ref --format=%(refname)%00%(upstream:short)%00%(objectname)%00%(upstream:track)%00%(upstream:remotename)%00%(upstream:remoteref) refs/heads/test refs/remotes/test [19ms]
2022-12-10 19:24:01.939 [info] > git config --get commit.template [38ms]
2022-12-10 19:24:01.943 [info] > git remote --verbose [6ms]
2022-12-10 19:24:02.006 [info] > git for-each-ref --sort -committerdate --format %(refname) %(objectname) %(*objectname) [9ms]
2022-12-10 19:24:02.038 [info] > git status -z -uall [82ms]
2022-12-10 19:24:07.081 [warning] No remotes found in the git config file.
2022-12-10 19:24:07.083 [info] > git for-each-ref --format=%(refname)%00%(upstream:short)%00%(objectname)%00%(upstream:track)%00%(upstream:remotename)%00%(upstream:remoteref) refs/heads/master refs/remotes/master [14ms]
2022-12-10 19:24:07.083 [info] > git config --get commit.template [29ms]
2022-12-10 19:24:07.086 [info] > git remote --verbose [4ms]
2022-12-10 19:24:07.133 [info] > git for-each-ref --sort -committerdate --format %(refname) %(objectname) %(*objectname) [3ms]
2022-12-10 19:24:07.169 [info] > git status -z -uall [72ms]
2022-12-10 19:24:07.634 [info] > git ls-files --stage -- /root/index.js [15ms]
2022-12-10 19:24:07.649 [info] > git ls-files --stage -- /root/public/signup.html [16ms]
2022-12-10 19:24:07.665 [info] > git cat-file -s d1f0765499dd1519d55bcd8bbbf3a9c79c3220d3 [13ms]
2022-12-10 19:24:07.669 [info] > git cat-file -s e69de29bb2d1d6434b8b29ae775ad8c2e48c5391 [9ms]
2022-12-10 19:24:07.714 [info] > git show --textconv :index.js [15ms]
2022-12-10 19:24:07.720 [info] > git show --textconv :public/signup.html [7ms]
2022-12-10 19:24:12.213 [warning] No remotes found in the git config file.
2022-12-10 19:24:12.214 [info] > git for-each-ref --format=%(refname)%00%(upstream:short)%00%(objectname)%00%(upstream:track)%00%(upstream:remotename)%00%(upstream:remoteref) refs/heads/master refs/remotes/master [14ms]
2022-12-10 19:24:12.214 [info] > git config --get commit.template [28ms]
2022-12-10 19:24:12.217 [info] > git remote --verbose [4ms]
2022-12-10 19:24:12.264 [info] > git for-each-ref --sort -committerdate --format %(refname) %(objectname) %(*objectname) [15ms]
2022-12-10 19:24:12.295 [info] > git status -z -uall [68ms]
2022-12-10 19:24:17.917 [warning] No remotes found in the git config file.
2022-12-10 19:24:17.919 [info] > git for-each-ref --format=%(refname)%00%(upstream:short)%00%(objectname)%00%(upstream:track)%00%(upstream:remotename)%00%(upstream:remoteref) refs/heads/master refs/remotes/master [14ms]
2022-12-10 19:24:17.919 [info] > git config --get commit.template [27ms]
2022-12-10 19:24:17.921 [info] > git remote --verbose [4ms]
2022-12-10 19:24:17.982 [info] > git for-each-ref --sort -committerdate --format %(refname) %(objectname) %(*objectname) [9ms]
2022-12-10 19:24:18.038 [info] > git status -z -uall [103ms]
2022-12-10 19:24:23.094 [warning] No remotes found in the git config file.
2022-12-10 19:24:23.098 [info] > git for-each-ref --format=%(refname)%00%(upstream:short)%00%(objectname)%00%(upstream:track)%00%(upstream:remotename)%00%(upstream:remoteref) refs/heads/master refs/remotes/master [24ms]
2022-12-10 19:24:23.099 [info] > git config --get commit.template [44ms]
2022-12-10 19:24:23.102 [info] > git remote --verbose [9ms]
2022-12-10 19:24:23.176 [info] > git for-each-ref --sort -committerdate --format %(refname) %(objectname) %(*objectname) [9ms]
2022-12-10 19:24:23.215 [info] > git status -z -uall [98ms]
2022-12-10 19:24:36.787 [warning] No remotes found in the git config file.
2022-12-10 19:24:36.789 [info] > git config --get commit.template [51ms]
2022-12-10 19:24:36.793 [info] > git for-each-ref --format=%(refname)%00%(upstream:short)%00%(objectname)%00%(upstream:track)%00%(upstream:remotename)%00%(upstream:remoteref) refs/heads/master refs/remotes/master [28ms]
2022-12-10 19:24:36.802 [info] > git remote --verbose [11ms]
2022-12-10 19:24:36.884 [info] > git for-each-ref --sort -committerdate --format %(refname) %(objectname) %(*objectname) [32ms]
2022-12-10 19:24:37.341 [info] > git status -z -uall [511ms]
2022-12-10 19:24:42.418 [warning] No remotes found in the git config file.
2022-12-10 19:24:42.419 [info] > git for-each-ref --format=%(refname)%00%(upstream:short)%00%(objectname)%00%(upstream:track)%00%(upstream:remotename)%00%(upstream:remoteref) refs/heads/master refs/remotes/master [28ms]
2022-12-10 19:24:42.420 [info] > git config --get commit.template [53ms]
2022-12-10 19:24:42.423 [info] > git remote --verbose [5ms]
2022-12-10 19:24:42.496 [info] > git for-each-ref --sort -committerdate --format %(refname) %(objectname) %(*objectname) [15ms]
2022-12-10 19:24:42.549 [info] > git status -z -uall [105ms]
2022-12-10 19:24:45.020 [info] > git ls-files --stage -- /root/index.js [15ms]
2022-12-10 19:24:45.036 [info] > git ls-files --stage -- /root/public/signup.html [16ms]
2022-12-10 19:24:45.048 [info] > git cat-file -s d1f0765499dd1519d55bcd8bbbf3a9c79c3220d3 [13ms]
2022-12-10 19:24:45.054 [info] > git cat-file -s e69de29bb2d1d6434b8b29ae775ad8c2e48c5391 [7ms]
2022-12-10 19:24:45.120 [info] > git show --textconv :index.js [20ms]
2022-12-10 19:24:45.128 [info] > git show --textconv :public/signup.html [9ms]
2022-12-10 19:24:47.616 [warning] No remotes found in the git config file.
2022-12-10 19:24:47.618 [info] > git for-each-ref --format=%(refname)%00%(upstream:short)%00%(objectname)%00%(upstream:track)%00%(upstream:remotename)%00%(upstream:remoteref) refs/heads/master refs/remotes/master [17ms]
2022-12-10 19:24:47.618 [info] > git config --get commit.template [39ms]
2022-12-10 19:24:47.623 [info] > git remote --verbose [7ms]
2022-12-10 19:24:47.676 [info] > git for-each-ref --sort -committerdate --format %(refname) %(objectname) %(*objectname) [15ms]
2022-12-10 19:24:47.707 [info] > git status -z -uall [71ms]
2022-12-10 19:24:47.839 [info] > git ls-files --stage -- /root/index.js [15ms]
2022-12-10 19:24:47.853 [info] > git ls-files --stage -- /root/public/signup.html [15ms]
2022-12-10 19:24:47.866 [info] > git cat-file -s d1f0765499dd1519d55bcd8bbbf3a9c79c3220d3 [14ms]
2022-12-10 19:24:47.870 [info] > git cat-file -s e69de29bb2d1d6434b8b29ae775ad8c2e48c5391 [4ms]
2022-12-10 19:24:47.910 [info] > git show --textconv :index.js [15ms]
2022-12-10 19:24:47.916 [info] > git show --textconv :public/signup.html [7ms]
2022-12-10 19:24:56.115 [warning] No remotes found in the git config file.
2022-12-10 19:24:56.117 [info] > git for-each-ref --format=%(refname)%00%(upstream:short)%00%(objectname)%00%(upstream:track)%00%(upstream:remotename)%00%(upstream:remoteref) refs/heads/master refs/remotes/master [15ms]
2022-12-10 19:24:56.117 [info] > git config --get commit.template [30ms]
2022-12-10 19:24:56.120 [info] > git remote --verbose [5ms]
2022-12-10 19:24:56.179 [info] > git for-each-ref --sort -committerdate --format %(refname) %(objectname) %(*objectname) [12ms]
2022-12-10 19:24:56.207 [info] > git status -z -uall [75ms]
2022-12-10 19:25:08.957 [warning] No remotes found in the git config file.
2022-12-10 19:25:08.958 [info] > git for-each-ref --format=%(refname)%00%(upstream:short)%00%(objectname)%00%(upstream:track)%00%(upstream:remotename)%00%(upstream:remoteref) refs/heads/master refs/remotes/master [16ms]
2022-12-10 19:25:08.958 [info] > git config --get commit.template [31ms]
2022-12-10 19:25:08.960 [info] > git remote --verbose [4ms]
2022-12-10 19:25:09.010 [info] > git for-each-ref --sort -committerdate --format %(refname) %(objectname) %(*objectname) [10ms]
2022-12-10 19:25:09.041 [info] > git status -z -uall [67ms]
2022-12-10 19:25:15.616 [warning] No remotes found in the git config file.
2022-12-10 19:25:15.617 [info] > git for-each-ref --format=%(refname)%00%(upstream:short)%00%(objectname)%00%(upstream:track)%00%(upstream:remotename)%00%(upstream:remoteref) refs/heads/master refs/remotes/master [15ms]
2022-12-10 19:25:15.618 [info] > git config --get commit.template [30ms]
2022-12-10 19:25:15.620 [info] > git remote --verbose [4ms]
2022-12-10 19:25:15.677 [info] > git for-each-ref --sort -committerdate --format %(refname) %(objectname) %(*objectname) [7ms]
2022-12-10 19:25:15.718 [info] > git status -z -uall [85ms]
2022-12-10 19:25:20.766 [warning] No remotes found in the git config file.
2022-12-10 19:25:20.768 [info] > git for-each-ref --format=%(refname)%00%(upstream:short)%00%(objectname)%00%(upstream:track)%00%(upstream:remotename)%00%(upstream:remoteref) refs/heads/master refs/remotes/master [18ms]
2022-12-10 19:25:20.768 [info] > git config --get commit.template [34ms]
2022-12-10 19:25:20.771 [info] > git remote --verbose [6ms]
2022-12-10 19:25:20.826 [info] > git for-each-ref --sort -committerdate --format %(refname) %(objectname) %(*objectname) [7ms]
2022-12-10 19:25:20.856 [info] > git status -z -uall [74ms]
2022-12-10 19:25:25.895 [warning] No remotes found in the git config file.
2022-12-10 19:25:25.897 [info] > git for-each-ref --format=%(refname)%00%(upstream:short)%00%(objectname)%00%(upstream:track)%00%(upstream:remotename)%00%(upstream:remoteref) refs/heads/test refs/remotes/test [14ms]
2022-12-10 19:25:25.898 [info] > git config --get commit.template [28ms]
2022-12-10 19:25:25.900 [info] > git remote --verbose [5ms]
2022-12-10 19:25:25.949 [info] > git for-each-ref --sort -committerdate --format %(refname) %(objectname) %(*objectname) [5ms]
2022-12-10 19:25:25.980 [info] > git status -z -uall [70ms]
2022-12-10 19:25:26.835 [info] > git ls-files --stage -- /root/index.js [15ms]
2022-12-10 19:25:26.851 [info] > git ls-files --stage -- /root/public/signup.html [17ms]
2022-12-10 19:25:26.865 [info] > git cat-file -s d1f0765499dd1519d55bcd8bbbf3a9c79c3220d3 [15ms]
2022-12-10 19:25:26.869 [info] > git cat-file -s e69de29bb2d1d6434b8b29ae775ad8c2e48c5391 [4ms]
2022-12-10 19:25:26.914 [info] > git show --textconv :index.js [17ms]
2022-12-10 19:25:26.920 [info] > git show --textconv :public/signup.html [7ms]
2022-12-10 19:25:28.446 [info] > git ls-files --stage -- /root/index.js [17ms]
2022-12-10 19:25:28.460 [info] > git ls-files --stage -- /root/public/signup.html [15ms]
2022-12-10 19:25:28.473 [info] > git cat-file -s d1f0765499dd1519d55bcd8bbbf3a9c79c3220d3 [14ms]
2022-12-10 19:25:28.477 [info] > git cat-file -s e69de29bb2d1d6434b8b29ae775ad8c2e48c5391 [5ms]
2022-12-10 19:25:28.521 [info] > git show --textconv :index.js [16ms]
2022-12-10 19:25:28.527 [info] > git show --textconv :public/signup.html [7ms]
2022-12-10 19:25:31.615 [warning] No remotes found in the git config file.
2022-12-10 19:25:31.616 [info] > git for-each-ref --format=%(refname)%00%(upstream:short)%00%(objectname)%00%(upstream:track)%00%(upstream:remotename)%00%(upstream:remoteref) refs/heads/test refs/remotes/test [14ms]
2022-12-10 19:25:31.616 [info] > git config --get commit.template [29ms]
2022-12-10 19:25:31.621 [info] > git remote --verbose [6ms]
2022-12-10 19:25:31.675 [info] > git for-each-ref --sort -committerdate --format %(refname) %(objectname) %(*objectname) [6ms]
2022-12-10 19:25:31.710 [info] > git status -z -uall [78ms]
2022-12-10 19:25:41.111 [warning] No remotes found in the git config file.
2022-12-10 19:25:41.112 [info] > git for-each-ref --format=%(refname)%00%(upstream:short)%00%(objectname)%00%(upstream:track)%00%(upstream:remotename)%00%(upstream:remoteref) refs/heads/test refs/remotes/test [14ms]
2022-12-10 19:25:41.112 [info] > git config --get commit.template [28ms]
2022-12-10 19:25:41.116 [info] > git remote --verbose [6ms]
2022-12-10 19:25:41.169 [info] > git for-each-ref --sort -committerdate --format %(refname) %(objectname) %(*objectname) [12ms]
2022-12-10 19:25:41.202 [info] > git status -z -uall [74ms]
2022-12-10 19:25:46.242 [warning] No remotes found in the git config file.
2022-12-10 19:25:46.243 [info] > git for-each-ref --format=%(refname)%00%(upstream:short)%00%(objectname)%00%(upstream:track)%00%(upstream:remotename)%00%(upstream:remoteref) refs/heads/test refs/remotes/test [14ms]
2022-12-10 19:25:46.243 [info] > git config --get commit.template [27ms]
2022-12-10 19:25:46.248 [info] > git remote --verbose [6ms]
2022-12-10 19:25:46.299 [info] > git for-each-ref --sort -committerdate --format %(refname) %(objectname) %(*objectname) [15ms]
2022-12-10 19:25:46.328 [info] > git status -z -uall [70ms]
2022-12-10 19:25:46.774 [info] > git show --textconv :public/login.html [16ms]
2022-12-10 19:25:46.782 [info] > git ls-files --stage -- /root/public/login.html [8ms]
2022-12-10 19:25:46.796 [info] > git cat-file -s 90168ec9769e8e6d58b2cacc998f13804b7bcfb2 [4ms]
2022-12-10 19:25:51.729 [warning] No remotes found in the git config file.
2022-12-10 19:25:51.731 [info] > git for-each-ref --format=%(refname)%00%(upstream:short)%00%(objectname)%00%(upstream:track)%00%(upstream:remotename)%00%(upstream:remoteref) refs/heads/test refs/remotes/test [16ms]
2022-12-10 19:25:51.732 [info] > git config --get commit.template [28ms]
2022-12-10 19:25:51.735 [info] > git remote --verbose [6ms]
2022-12-10 19:25:51.798 [info] > git for-each-ref --sort -committerdate --format %(refname) %(objectname) %(*objectname) [15ms]
2022-12-10 19:25:51.831 [info] > git status -z -uall [86ms]
2022-12-10 19:25:56.512 [info] > git check-ignore -v -z --stdin [6ms]
2022-12-10 19:25:56.873 [warning] No remotes found in the git config file.
2022-12-10 19:25:56.875 [info] > git for-each-ref --format=%(refname)%00%(upstream:short)%00%(objectname)%00%(upstream:track)%00%(upstream:remotename)%00%(upstream:remoteref) refs/heads/test refs/remotes/test [14ms]
2022-12-10 19:25:56.875 [info] > git config --get commit.template [27ms]
2022-12-10 19:25:56.877 [info] > git remote --verbose [4ms]
2022-12-10 19:25:56.924 [info] > git for-each-ref --sort -committerdate --format %(refname) %(objectname) %(*objectname) [11ms]
2022-12-10 19:25:56.952 [info] > git status -z -uall [66ms]
2022-12-10 19:26:02.061 [warning] No remotes found in the git config file.
2022-12-10 19:26:02.063 [info] > git for-each-ref --format=%(refname)%00%(upstream:short)%00%(objectname)%00%(upstream:track)%00%(upstream:remotename)%00%(upstream:remoteref) refs/heads/test refs/remotes/test [39ms]
2022-12-10 19:26:02.064 [info] > git config --get commit.template [79ms]
2022-12-10 19:26:02.082 [info] > git remote --verbose [21ms]
2022-12-10 19:26:02.210 [info] > git for-each-ref --sort -committerdate --format %(refname) %(objectname) %(*objectname) [16ms]
2022-12-10 19:26:02.318 [info] > git status -z -uall [211ms]
2022-12-10 19:26:08.166 [warning] No remotes found in the git config file.
2022-12-10 19:26:08.168 [info] > git for-each-ref --format=%(refname)%00%(upstream:short)%00%(objectname)%00%(upstream:track)%00%(upstream:remotename)%00%(upstream:remoteref) refs/heads/test refs/remotes/test [16ms]
2022-12-10 19:26:08.168 [info] > git config --get commit.template [31ms]
2022-12-10 19:26:08.216 [info] > git ls-files --stage -- /root/public/signup.html [20ms]
2022-12-10 19:26:08.232 [info] > git ls-files --stage -- /root/index.js [52ms]
2022-12-10 19:26:08.247 [info] > git remote --verbose [80ms]
2022-12-10 19:26:08.295 [info] > git cat-file -s d1f0765499dd1519d55bcd8bbbf3a9c79c3220d3 [49ms]
2022-12-10 19:26:08.296 [info] > git cat-file -s e69de29bb2d1d6434b8b29ae775ad8c2e48c5391 [65ms]
2022-12-10 19:26:08.296 [info] > git ls-files --stage -- /root/public/login.html [81ms]
2022-12-10 19:26:08.320 [info] > git for-each-ref --sort -committerdate --format %(refname) %(objectname) %(*objectname) [25ms]
2022-12-10 19:26:08.323 [info] > git cat-file -s 90168ec9769e8e6d58b2cacc998f13804b7bcfb2 [4ms]
2022-12-10 19:26:08.371 [info] > git status -z -uall [111ms]
2022-12-10 19:26:08.371 [info] > git show --textconv :index.js [16ms]
2022-12-10 19:26:08.391 [info] > git show --textconv :public/signup.html [21ms]
2022-12-10 19:26:08.398 [info] > git show --textconv :public/login.html [8ms]
2022-12-10 19:26:13.417 [warning] No remotes found in the git config file.
2022-12-10 19:26:13.419 [info] > git for-each-ref --format=%(refname)%00%(upstream:short)%00%(objectname)%00%(upstream:track)%00%(upstream:remotename)%00%(upstream:remoteref) refs/heads/test refs/remotes/test [17ms]
2022-12-10 19:26:13.419 [info] > git config --get commit.template [31ms]
2022-12-10 19:26:13.428 [info] > git remote --verbose [11ms]
2022-12-10 19:26:13.486 [info] > git for-each-ref --sort -committerdate --format %(refname) %(objectname) %(*objectname) [11ms]
2022-12-10 19:26:13.515 [info] > git status -z -uall [76ms]
2022-12-10 19:26:18.555 [warning] No remotes found in the git config file.
2022-12-10 19:26:18.556 [info] > git for-each-ref --format=%(refname)%00%(upstream:short)%00%(objectname)%00%(upstream:track)%00%(upstream:remotename)%00%(upstream:remoteref) refs/heads/test refs/remotes/test [14ms]
2022-12-10 19:26:18.556 [info] > git config --get commit.template [26ms]
2022-12-10 19:26:18.559 [info] > git remote --verbose [4ms]
2022-12-10 19:26:18.612 [info] > git for-each-ref --sort -committerdate --format %(refname) %(objectname) %(*objectname) [9ms]
2022-12-10 19:26:18.649 [info] > git status -z -uall [79ms]
2022-12-10 19:26:23.687 [warning] No remotes found in the git config file.
2022-12-10 19:26:23.688 [info] > git for-each-ref --format=%(refname)%00%(upstream:short)%00%(objectname)%00%(upstream:track)%00%(upstream:remotename)%00%(upstream:remoteref) refs/heads/test refs/remotes/test [12ms]
2022-12-10 19:26:23.688 [info] > git config --get commit.template [25ms]
2022-12-10 19:26:23.690 [info] > git remote --verbose [4ms]
2022-12-10 19:26:23.741 [info] > git for-each-ref --sort -committerdate --format %(refname) %(objectname) %(*objectname) [9ms]
2022-12-10 19:26:23.771 [info] > git status -z -uall [68ms]
2022-12-10 19:26:28.818 [warning] No remotes found in the git config file.
2022-12-10 19:26:28.820 [info] > git for-each-ref --format=%(refname)%00%(upstream:short)%00%(objectname)%00%(upstream:track)%00%(upstream:remotename)%00%(upstream:remoteref) refs/heads/test refs/remotes/test [15ms]
2022-12-10 19:26:28.820 [info] > git config --get commit.template [31ms]
2022-12-10 19:26:28.823 [info] > git remote --verbose [5ms]
2022-12-10 19:26:28.881 [info] > git for-each-ref --sort -committerdate --format %(refname) %(objectname) %(*objectname) [16ms]
2022-12-10 19:26:28.907 [info] > git status -z -uall [72ms]
2022-12-10 19:27:04.674 [warning] No remotes found in the git config file.
2022-12-10 19:27:04.676 [info] > git for-each-ref --format=%(refname)%00%(upstream:short)%00%(objectname)%00%(upstream:track)%00%(upstream:remotename)%00%(upstream:remoteref) refs/heads/test refs/remotes/test [14ms]
2022-12-10 19:27:04.676 [info] > git config --get commit.template [31ms]
2022-12-10 19:27:04.724 [info] > git ls-files --stage -- /root/public/signup.html [17ms]
2022-12-10 19:27:04.740 [info] > git ls-files --stage -- /root/index.js [51ms]
2022-12-10 19:27:04.754 [info] > git remote --verbose [80ms]
2022-12-10 19:27:04.805 [info] > git cat-file -s d1f0765499dd1519d55bcd8bbbf3a9c79c3220d3 [51ms]
2022-12-10 19:27:04.807 [info] > git cat-file -s e69de29bb2d1d6434b8b29ae775ad8c2e48c5391 [68ms]
2022-12-10 19:27:04.809 [info] > git ls-files --stage -- /root/public/login.html [86ms]
2022-12-10 19:27:04.836 [info] > git for-each-ref --sort -committerdate --format %(refname) %(objectname) %(*objectname) [33ms]
2022-12-10 19:27:04.840 [info] > git cat-file -s 90168ec9769e8e6d58b2cacc998f13804b7bcfb2 [5ms]
2022-12-10 19:27:04.890 [info] > git status -z -uall [122ms]
2022-12-10 19:27:04.890 [info] > git show --textconv :index.js [18ms]
2022-12-10 19:27:04.912 [info] > git show --textconv :public/signup.html [24ms]
2022-12-10 19:27:04.920 [info] > git show --textconv :public/login.html [9ms]
2022-12-10 19:27:05.769 [info] > git check-ignore -v -z --stdin [7ms]
2022-12-10 19:27:09.941 [warning] No remotes found in the git config file.
2022-12-10 19:27:09.942 [info] > git for-each-ref --format=%(refname)%00%(upstream:short)%00%(objectname)%00%(upstream:track)%00%(upstream:remotename)%00%(upstream:remoteref) refs/heads/test refs/remotes/test [15ms]
2022-12-10 19:27:09.942 [info] > git config --get commit.template [30ms]
2022-12-10 19:27:09.945 [info] > git remote --verbose [4ms]
2022-12-10 19:27:09.993 [info] > git for-each-ref --sort -committerdate --format %(refname) %(objectname) %(*objectname) [4ms]
2022-12-10 19:27:10.027 [info] > git status -z -uall [71ms]
2022-12-10 19:27:15.107 [warning] No remotes found in the git config file.
2022-12-10 19:27:15.109 [info] > git for-each-ref --format=%(refname)%00%(upstream:short)%00%(objectname)%00%(upstream:track)%00%(upstream:remotename)%00%(upstream:remoteref) refs/heads/test refs/remotes/test [27ms]
2022-12-10 19:27:15.109 [info] > git config --get commit.template [53ms]
2022-12-10 19:27:15.111 [info] > git remote --verbose [4ms]
2022-12-10 19:27:15.210 [info] > git for-each-ref --sort -committerdate --format %(refname) %(objectname) %(*objectname) [17ms]
2022-12-10 19:27:15.283 [info] > git status -z -uall [146ms]
2022-12-10 19:27:20.324 [warning] No remotes found in the git config file.
2022-12-10 19:27:20.326 [info] > git for-each-ref --format=%(refname)%00%(upstream:short)%00%(objectname)%00%(upstream:track)%00%(upstream:remotename)%00%(upstream:remoteref) refs/heads/test refs/remotes/test [13ms]
2022-12-10 19:27:20.326 [info] > git config --get commit.template [27ms]
2022-12-10 19:27:20.328 [info] > git remote --verbose [4ms]
2022-12-10 19:27:20.378 [info] > git for-each-ref --sort -committerdate --format %(refname) %(objectname) %(*objectname) [14ms]
2022-12-10 19:27:20.415 [info] > git status -z -uall [76ms]
2022-12-10 19:27:25.459 [warning] No remotes found in the git config file.
2022-12-10 19:27:25.460 [info] > git for-each-ref --format=%(refname)%00%(upstream:short)%00%(objectname)%00%(upstream:track)%00%(upstream:remotename)%00%(upstream:remoteref) refs/heads/test refs/remotes/test [13ms]
2022-12-10 19:27:25.460 [info] > git config --get commit.template [27ms]
2022-12-10 19:27:25.463 [info] > git remote --verbose [4ms]
2022-12-10 19:27:25.511 [info] > git for-each-ref --sort -committerdate --format %(refname) %(objectname) %(*objectname) [5ms]
2022-12-10 19:27:25.544 [info] > git status -z -uall [69ms]
2022-12-10 19:27:30.587 [warning] No remotes found in the git config file.
2022-12-10 19:27:30.588 [info] > git for-each-ref --format=%(refname)%00%(upstream:short)%00%(objectname)%00%(upstream:track)%00%(upstream:remotename)%00%(upstream:remoteref) refs/heads/test refs/remotes/test [15ms]
2022-12-10 19:27:30.588 [info] > git config --get commit.template [28ms]
2022-12-10 19:27:30.592 [info] > git remote --verbose [4ms]
2022-12-10 19:27:30.640 [info] > git for-each-ref --sort -committerdate --format %(refname) %(objectname) %(*objectname) [12ms]
2022-12-10 19:27:30.672 [info] > git status -z -uall [70ms]
2022-12-10 19:27:35.715 [warning] No remotes found in the git config file.
2022-12-10 19:27:35.716 [info] > git for-each-ref --format=%(refname)%00%(upstream:short)%00%(objectname)%00%(upstream:track)%00%(upstream:remotename)%00%(upstream:remoteref) refs/heads/test refs/remotes/test [14ms]
2022-12-10 19:27:35.716 [info] > git config --get commit.template [29ms]
2022-12-10 19:27:35.718 [info] > git remote --verbose [4ms]
2022-12-10 19:27:35.770 [info] > git for-each-ref --sort -committerdate --format %(refname) %(objectname) %(*objectname) [6ms]
2022-12-10 19:27:35.802 [info] > git status -z -uall [73ms]
2022-12-10 19:27:40.851 [warning] No remotes found in the git config file.
2022-12-10 19:27:40.852 [info] > git for-each-ref --format=%(refname)%00%(upstream:short)%00%(objectname)%00%(upstream:track)%00%(upstream:remotename)%00%(upstream:remoteref) refs/heads/test refs/remotes/test [13ms]
2022-12-10 19:27:40.853 [info] > git config --get commit.template [27ms]
2022-12-10 19:27:40.856 [info] > git remote --verbose [4ms]
2022-12-10 19:27:40.909 [info] > git for-each-ref --sort -committerdate --format %(refname) %(objectname) %(*objectname) [14ms]
2022-12-10 19:27:40.947 [info] > git status -z -uall [82ms]
2022-12-10 19:27:45.973 [info] > git config --get commit.template [4ms]
2022-12-10 19:27:45.997 [warning] No remotes found in the git config file.
2022-12-10 19:27:45.998 [info] > git for-each-ref --format=%(refname)%00%(upstream:short)%00%(objectname)%00%(upstream:track)%00%(upstream:remotename)%00%(upstream:remoteref) refs/heads/test refs/remotes/test [13ms]
2022-12-10 19:27:46.001 [info] > git remote --verbose [4ms]
2022-12-10 19:27:46.055 [info] > git for-each-ref --sort -committerdate --format %(refname) %(objectname) %(*objectname) [8ms]
2022-12-10 19:27:46.088 [info] > git status -z -uall [76ms]
2022-12-10 19:27:51.133 [warning] No remotes found in the git config file.
2022-12-10 19:27:51.134 [info] > git for-each-ref --format=%(refname)%00%(upstream:short)%00%(objectname)%00%(upstream:track)%00%(upstream:remotename)%00%(upstream:remoteref) refs/heads/test refs/remotes/test [15ms]
2022-12-10 19:27:51.134 [info] > git config --get commit.template [29ms]
2022-12-10 19:27:51.137 [info] > git remote --verbose [5ms]
2022-12-10 19:27:51.198 [info] > git for-each-ref --sort -committerdate --format %(refname) %(objectname) %(*objectname) [3ms]
2022-12-10 19:27:51.230 [info] > git status -z -uall [81ms]
2022-12-10 19:27:56.271 [warning] No remotes found in the git config file.
2022-12-10 19:27:56.272 [info] > git for-each-ref --format=%(refname)%00%(upstream:short)%00%(objectname)%00%(upstream:track)%00%(upstream:remotename)%00%(upstream:remoteref) refs/heads/test refs/remotes/test [12ms]
2022-12-10 19:27:56.273 [info] > git config --get commit.template [25ms]
2022-12-10 19:27:56.275 [info] > git remote --verbose [4ms]
2022-12-10 19:27:56.322 [info] > git for-each-ref --sort -committerdate --format %(refname) %(objectname) %(*objectname) [11ms]
2022-12-10 19:27:56.352 [info] > git status -z -uall [67ms]
2022-12-10 19:28:01.404 [warning] No remotes found in the git config file.
2022-12-10 19:28:01.405 [info] > git for-each-ref --format=%(refname)%00%(upstream:short)%00%(objectname)%00%(upstream:track)%00%(upstream:remotename)%00%(upstream:remoteref) refs/heads/test refs/remotes/test [17ms]
2022-12-10 19:28:01.405 [info] > git config --get commit.template [34ms]
2022-12-10 19:28:01.408 [info] > git remote --verbose [4ms]
2022-12-10 19:28:01.485 [info] > git for-each-ref --sort -committerdate --format %(refname) %(objectname) %(*objectname) [9ms]
2022-12-10 19:28:01.527 [info] > git status -z -uall [97ms]
2022-12-10 19:28:06.570 [warning] No remotes found in the git config file.
2022-12-10 19:28:06.571 [info] > git for-each-ref --format=%(refname)%00%(upstream:short)%00%(objectname)%00%(upstream:track)%00%(upstream:remotename)%00%(upstream:remoteref) refs/heads/test refs/remotes/test [13ms]
2022-12-10 19:28:06.572 [info] > git config --get commit.template [27ms]
2022-12-10 19:28:06.574 [info] > git remote --verbose [4ms]
2022-12-10 19:28:06.625 [info] > git for-each-ref --sort -committerdate --format %(refname) %(objectname) %(*objectname) [6ms]
2022-12-10 19:28:06.653 [info] > git status -z -uall [69ms]
2022-12-10 19:28:11.700 [warning] No remotes found in the git config file.
2022-12-10 19:28:11.701 [info] > git for-each-ref --format=%(refname)%00%(upstream:short)%00%(objectname)%00%(upstream:track)%00%(upstream:remotename)%00%(upstream:remoteref) refs/heads/test refs/remotes/test [16ms]
2022-12-10 19:28:11.701 [info] > git config --get commit.template [31ms]
2022-12-10 19:28:11.704 [info] > git remote --verbose [5ms]
2022-12-10 19:28:11.763 [info] > git for-each-ref --sort -committerdate --format %(refname) %(objectname) %(*objectname) [8ms]
2022-12-10 19:28:11.796 [info] > git status -z -uall [79ms]
2022-12-10 19:28:16.835 [warning] No remotes found in the git config file.
2022-12-10 19:28:16.836 [info] > git for-each-ref --format=%(refname)%00%(upstream:short)%00%(objectname)%00%(upstream:track)%00%(upstream:remotename)%00%(upstream:remoteref) refs/heads/test refs/remotes/test [12ms]
2022-12-10 19:28:16.837 [info] > git config --get commit.template [26ms]
2022-12-10 19:28:16.839 [info] > git remote --verbose [4ms]
2022-12-10 19:28:16.896 [info] > git for-each-ref --sort -committerdate --format %(refname) %(objectname) %(*objectname) [8ms]
2022-12-10 19:28:16.927 [info] > git status -z -uall [74ms]
2022-12-10 19:28:22.011 [warning] No remotes found in the git config file.
2022-12-10 19:28:22.012 [info] > git for-each-ref --format=%(refname)%00%(upstream:short)%00%(objectname)%00%(upstream:track)%00%(upstream:remotename)%00%(upstream:remoteref) refs/heads/test refs/remotes/test [32ms]
2022-12-10 19:28:22.017 [info] > git config --get commit.template [64ms]
2022-12-10 19:28:22.020 [info] > git remote --verbose [9ms]
2022-12-10 19:28:22.170 [info] > git for-each-ref --sort -committerdate --format %(refname) %(objectname) %(*objectname) [37ms]
2022-12-10 19:28:22.297 [info] > git status -z -uall [250ms]
2022-12-10 19:28:24.374 [info] > git ls-files --stage -- /root/public/signup.html [45ms]
2022-12-10 19:28:24.413 [info] > git ls-files --stage -- /root/index.js [121ms]
2022-12-10 19:28:24.453 [info] > git cat-file -s e69de29bb2d1d6434b8b29ae775ad8c2e48c5391 [40ms]
2022-12-10 19:28:24.454 [info] > git ls-files --stage -- /root/public/login.html [86ms]
2022-12-10 19:28:24.486 [info] > git cat-file -s d1f0765499dd1519d55bcd8bbbf3a9c79c3220d3 [38ms]
2022-12-10 19:28:24.503 [info] > git cat-file -s 90168ec9769e8e6d58b2cacc998f13804b7bcfb2 [23ms]
2022-12-10 19:28:24.577 [info] > git show --textconv :public/signup.html [45ms]
2022-12-10 19:28:24.611 [info] > git show --textconv :index.js [39ms]
2022-12-10 19:28:24.627 [info] > git show --textconv :public/login.html [16ms]
2022-12-10 19:28:31.072 [warning] No remotes found in the git config file.
2022-12-10 19:28:31.078 [info] > git for-each-ref --format=%(refname)%00%(upstream:short)%00%(objectname)%00%(upstream:track)%00%(upstream:remotename)%00%(upstream:remoteref) refs/heads/test refs/remotes/test [40ms]
2022-12-10 19:28:31.079 [info] > git config --get commit.template [73ms]
2022-12-10 19:28:31.175 [info] > git ls-files --stage -- /root/public/signup.html [33ms]
2022-12-10 19:28:31.206 [info] > git ls-files --stage -- /root/index.js [97ms]
2022-12-10 19:28:31.231 [info] > git remote --verbose [159ms]
2022-12-10 19:28:31.347 [info] > git cat-file -s d1f0765499dd1519d55bcd8bbbf3a9c79c3220d3 [116ms]
2022-12-10 19:28:31.348 [info] > git cat-file -s e69de29bb2d1d6434b8b29ae775ad8c2e48c5391 [142ms]
2022-12-10 19:28:31.349 [info] > git ls-files --stage -- /root/public/login.html [175ms]
2022-12-10 19:28:31.405 [info] > git for-each-ref --sort -committerdate --format %(refname) %(objectname) %(*objectname) [59ms]
2022-12-10 19:28:31.422 [info] > git cat-file -s 90168ec9769e8e6d58b2cacc998f13804b7bcfb2 [23ms]
2022-12-10 19:28:31.534 [info] > git status -z -uall [271ms]
2022-12-10 19:28:31.534 [info] > git show --textconv :index.js [63ms]
2022-12-10 19:28:31.550 [info] > git show --textconv :public/signup.html [22ms]
2022-12-10 19:28:31.594 [info] > git show --textconv :public/login.html [17ms]
2022-12-10 19:28:36.630 [info] > git config --get commit.template [40ms]
2022-12-10 19:28:36.766 [warning] No remotes found in the git config file.
2022-12-10 19:28:36.770 [info] > git for-each-ref --format=%(refname)%00%(upstream:short)%00%(objectname)%00%(upstream:track)%00%(upstream:remotename)%00%(upstream:remoteref) refs/heads/test refs/remotes/test [66ms]
2022-12-10 19:28:36.785 [info] > git remote --verbose [19ms]
2022-12-10 19:28:37.176 [info] > git ls-files --stage -- /root/public/signup.html [90ms]
2022-12-10 19:28:37.266 [info] > git ls-files --stage -- /root/index.js [251ms]
2022-12-10 19:28:37.312 [info] > git for-each-ref --sort -committerdate --format %(refname) %(objectname) %(*objectname) [378ms]
2022-12-10 19:28:37.315 [info] > git status -z -uall [473ms]
2022-12-10 19:28:37.315 [info] > git cat-file -s e69de29bb2d1d6434b8b29ae775ad8c2e48c5391 [49ms]
2022-12-10 19:28:37.333 [info] > git ls-files --stage -- /root/public/login.html [157ms]
2022-12-10 19:28:37.395 [info] > git cat-file -s d1f0765499dd1519d55bcd8bbbf3a9c79c3220d3 [82ms]
2022-12-10 19:28:37.414 [info] > git cat-file -s 90168ec9769e8e6d58b2cacc998f13804b7bcfb2 [28ms]
2022-12-10 19:28:37.595 [info] > git show --textconv :public/signup.html [42ms]
2022-12-10 19:28:37.653 [info] > git show --textconv :index.js [54ms]
2022-12-10 19:28:37.684 [info] > git show --textconv :public/login.html [39ms]
2022-12-10 19:28:38.578 [info] > git ls-files --stage -- /root/public/signup.html [15ms]
2022-12-10 19:28:38.594 [info] > git ls-files --stage -- /root/index.js [47ms]
2022-12-10 19:28:38.607 [info] > git cat-file -s e69de29bb2d1d6434b8b29ae775ad8c2e48c5391 [14ms]
2022-12-10 19:28:38.608 [info] > git ls-files --stage -- /root/public/login.html [31ms]
2022-12-10 19:28:38.622 [info] > git cat-file -s d1f0765499dd1519d55bcd8bbbf3a9c79c3220d3 [16ms]
2022-12-10 19:28:38.626 [info] > git cat-file -s 90168ec9769e8e6d58b2cacc998f13804b7bcfb2 [5ms]
2022-12-10 19:28:38.673 [info] > git show --textconv :public/signup.html [17ms]
2022-12-10 19:28:38.690 [info] > git show --textconv :index.js [18ms]
2022-12-10 19:28:38.697 [info] > git show --textconv :public/login.html [7ms]
2022-12-10 19:28:42.371 [warning] No remotes found in the git config file.
2022-12-10 19:28:42.372 [info] > git for-each-ref --format=%(refname)%00%(upstream:short)%00%(objectname)%00%(upstream:track)%00%(upstream:remotename)%00%(upstream:remoteref) refs/heads/test refs/remotes/test [15ms]
2022-12-10 19:28:42.373 [info] > git config --get commit.template [29ms]
2022-12-10 19:28:42.376 [info] > git remote --verbose [5ms]
2022-12-10 19:28:42.434 [info] > git for-each-ref --sort -committerdate --format %(refname) %(objectname) %(*objectname) [17ms]
2022-12-10 19:28:42.462 [info] > git status -z -uall [72ms]
2022-12-10 19:28:49.335 [info] > git ls-files --stage -- /root/public/signup.html [36ms]
2022-12-10 19:28:49.372 [info] > git ls-files --stage -- /root/index.js [120ms]
2022-12-10 19:28:49.404 [info] > git cat-file -s e69de29bb2d1d6434b8b29ae775ad8c2e48c5391 [32ms]
2022-12-10 19:28:49.405 [info] > git ls-files --stage -- /root/public/login.html [70ms]
2022-12-10 19:28:49.440 [info] > git cat-file -s d1f0765499dd1519d55bcd8bbbf3a9c79c3220d3 [38ms]
2022-12-10 19:28:49.448 [info] > git cat-file -s 90168ec9769e8e6d58b2cacc998f13804b7bcfb2 [9ms]
2022-12-10 19:28:49.554 [info] > git show --textconv :public/signup.html [35ms]
2022-12-10 19:28:49.595 [info] > git show --textconv :index.js [42ms]
2022-12-10 19:28:49.612 [info] > git show --textconv :public/login.html [26ms]
2022-12-10 19:28:51.203 [info] > git check-ignore -v -z --stdin [17ms]
2022-12-10 19:28:56.361 [info] > git ls-files --stage -- /root/public/signup.html [36ms]
2022-12-10 19:28:56.394 [info] > git ls-files --stage -- /root/index.js [106ms]
2022-12-10 19:28:56.438 [info] > git cat-file -s e69de29bb2d1d6434b8b29ae775ad8c2e48c5391 [45ms]
2022-12-10 19:28:56.439 [info] > git ls-files --stage -- /root/public/login.html [83ms]
2022-12-10 19:28:56.468 [info] > git cat-file -s d1f0765499dd1519d55bcd8bbbf3a9c79c3220d3 [39ms]
2022-12-10 19:28:56.483 [info] > git cat-file -s 90168ec9769e8e6d58b2cacc998f13804b7bcfb2 [16ms]
2022-12-10 19:28:56.547 [info] > git show --textconv :public/signup.html [38ms]
2022-12-10 19:28:56.591 [info] > git show --textconv :index.js [44ms]
2022-12-10 19:28:56.607 [info] > git show --textconv :public/login.html [17ms]
2022-12-10 19:28:59.831 [info] > git ls-files --stage -- /root/public/signup.html [18ms]
2022-12-10 19:28:59.845 [info] > git ls-files --stage -- /root/index.js [46ms]
2022-12-10 19:28:59.858 [info] > git cat-file -s e69de29bb2d1d6434b8b29ae775ad8c2e48c5391 [13ms]
2022-12-10 19:28:59.859 [info] > git ls-files --stage -- /root/public/login.html [29ms]
2022-12-10 19:28:59.872 [info] > git cat-file -s d1f0765499dd1519d55bcd8bbbf3a9c79c3220d3 [15ms]
2022-12-10 19:28:59.877 [info] > git cat-file -s 90168ec9769e8e6d58b2cacc998f13804b7bcfb2 [6ms]
2022-12-10 19:28:59.957 [info] > git show --textconv :public/signup.html [50ms]
2022-12-10 19:28:59.958 [info] > git show --textconv :index.js [25ms]
2022-12-10 19:28:59.969 [info] > git show --textconv :public/login.html [13ms]
2022-12-10 19:29:02.073 [warning] No remotes found in the git config file.
2022-12-10 19:29:02.075 [info] > git for-each-ref --format=%(refname)%00%(upstream:short)%00%(objectname)%00%(upstream:track)%00%(upstream:remotename)%00%(upstream:remoteref) refs/heads/test refs/remotes/test [16ms]
2022-12-10 19:29:02.075 [info] > git config --get commit.template [32ms]
2022-12-10 19:29:02.080 [info] > git remote --verbose [7ms]
2022-12-10 19:29:02.140 [info] > git for-each-ref --sort -committerdate --format %(refname) %(objectname) %(*objectname) [9ms]
2022-12-10 19:29:02.175 [info] > git status -z -uall [82ms]
2022-12-10 19:29:31.820 [warning] No remotes found in the git config file.
2022-12-10 19:29:31.821 [info] > git for-each-ref --format=%(refname)%00%(upstream:short)%00%(objectname)%00%(upstream:track)%00%(upstream:remotename)%00%(upstream:remoteref) refs/heads/test refs/remotes/test [14ms]
2022-12-10 19:29:31.821 [info] > git config --get commit.template [26ms]
2022-12-10 19:29:31.824 [info] > git remote --verbose [4ms]
2022-12-10 19:29:31.876 [info] > git for-each-ref --sort -committerdate --format %(refname) %(objectname) %(*objectname) [26ms]
2022-12-10 19:29:31.907 [info] > git status -z -uall [71ms]
2022-12-10 19:29:34.537 [info] > git ls-files --stage -- /root/public/signup.html [19ms]
2022-12-10 19:29:34.563 [info] > git ls-files --stage -- /root/index.js [79ms]
2022-12-10 19:29:34.584 [info] > git cat-file -s e69de29bb2d1d6434b8b29ae775ad8c2e48c5391 [22ms]
2022-12-10 19:29:34.585 [info] > git ls-files --stage -- /root/public/login.html [49ms]
2022-12-10 19:29:34.607 [info] > git cat-file -s d1f0765499dd1519d55bcd8bbbf3a9c79c3220d3 [24ms]
2022-12-10 19:29:34.614 [info] > git cat-file -s 90168ec9769e8e6d58b2cacc998f13804b7bcfb2 [8ms]
2022-12-10 19:29:34.673 [info] > git show --textconv :public/signup.html [27ms]
2022-12-10 19:29:34.702 [info] > git show --textconv :index.js [30ms]
2022-12-10 19:29:34.718 [info] > git show --textconv :public/login.html [17ms]
2022-12-10 19:29:36.069 [info] > git ls-files --stage -- /root/public/signup.html [20ms]
2022-12-10 19:29:36.084 [info] > git ls-files --stage -- /root/index.js [48ms]
2022-12-10 19:29:36.097 [info] > git cat-file -s e69de29bb2d1d6434b8b29ae775ad8c2e48c5391 [14ms]
2022-12-10 19:29:36.098 [info] > git ls-files --stage -- /root/public/login.html [35ms]
2022-12-10 19:29:36.111 [info] > git cat-file -s d1f0765499dd1519d55bcd8bbbf3a9c79c3220d3 [14ms]
2022-12-10 19:29:36.116 [info] > git cat-file -s 90168ec9769e8e6d58b2cacc998f13804b7bcfb2 [6ms]
2022-12-10 19:29:36.172 [info] > git show --textconv :public/signup.html [20ms]
2022-12-10 19:29:36.192 [info] > git show --textconv :index.js [21ms]
2022-12-10 19:29:36.201 [info] > git show --textconv :public/login.html [10ms]
2022-12-10 19:29:36.950 [warning] No remotes found in the git config file.
2022-12-10 19:29:36.951 [info] > git for-each-ref --format=%(refname)%00%(upstream:short)%00%(objectname)%00%(upstream:track)%00%(upstream:remotename)%00%(upstream:remoteref) refs/heads/test refs/remotes/test [14ms]
2022-12-10 19:29:36.951 [info] > git config --get commit.template [27ms]
2022-12-10 19:29:36.954 [info] > git remote --verbose [4ms]
2022-12-10 19:29:37.006 [info] > git for-each-ref --sort -committerdate --format %(refname) %(objectname) %(*objectname) [7ms]
2022-12-10 19:29:37.038 [info] > git status -z -uall [73ms]
2022-12-10 19:29:42.087 [warning] No remotes found in the git config file.
2022-12-10 19:29:42.088 [info] > git for-each-ref --format=%(refname)%00%(upstream:short)%00%(objectname)%00%(upstream:track)%00%(upstream:remotename)%00%(upstream:remoteref) refs/heads/test refs/remotes/test [18ms]
2022-12-10 19:29:42.089 [info] > git config --get commit.template [33ms]
2022-12-10 19:29:42.092 [info] > git remote --verbose [5ms]
2022-12-10 19:29:42.141 [info] > git for-each-ref --sort -committerdate --format %(refname) %(objectname) %(*objectname) [3ms]
2022-12-10 19:29:42.175 [info] > git status -z -uall [72ms]
2022-12-10 19:29:47.219 [warning] No remotes found in the git config file.
2022-12-10 19:29:47.220 [info] > git for-each-ref --format=%(refname)%00%(upstream:short)%00%(objectname)%00%(upstream:track)%00%(upstream:remotename)%00%(upstream:remoteref) refs/heads/test refs/remotes/test [16ms]
2022-12-10 19:29:47.220 [info] > git config --get commit.template [29ms]
2022-12-10 19:29:47.222 [info] > git remote --verbose [3ms]
2022-12-10 19:29:47.269 [info] > git for-each-ref --sort -committerdate --format %(refname) %(objectname) %(*objectname) [3ms]
2022-12-10 19:29:47.300 [info] > git status -z -uall [67ms]
2022-12-10 19:29:47.364 [info] > git ls-files --stage -- /root/public/signup.html [16ms]
2022-12-10 19:29:47.379 [info] > git ls-files --stage -- /root/index.js [46ms]
2022-12-10 19:29:47.393 [info] > git cat-file -s e69de29bb2d1d6434b8b29ae775ad8c2e48c5391 [14ms]
2022-12-10 19:29:47.394 [info] > git ls-files --stage -- /root/public/login.html [31ms]
2022-12-10 19:29:47.419 [info] > git cat-file -s 90168ec9769e8e6d58b2cacc998f13804b7bcfb2 [14ms]
2022-12-10 19:29:47.420 [info] > git cat-file -s d1f0765499dd1519d55bcd8bbbf3a9c79c3220d3 [28ms]
2022-12-10 19:29:47.487 [info] > git show --textconv :public/signup.html [37ms]
2022-12-10 19:29:47.487 [info] > git show --textconv :public/login.html [20ms]
2022-12-10 19:29:47.496 [info] > git show --textconv :index.js [9ms]
2022-12-10 19:29:49.243 [info] > git ls-files --stage -- /root/public/signup.html [17ms]
2022-12-10 19:29:49.258 [info] > git ls-files --stage -- /root/index.js [48ms]
2022-12-10 19:29:49.271 [info] > git cat-file -s e69de29bb2d1d6434b8b29ae775ad8c2e48c5391 [14ms]
2022-12-10 19:29:49.272 [info] > git ls-files --stage -- /root/public/login.html [31ms]
2022-12-10 19:29:49.286 [info] > git cat-file -s d1f0765499dd1519d55bcd8bbbf3a9c79c3220d3 [16ms]
2022-12-10 19:29:49.290 [info] > git cat-file -s 90168ec9769e8e6d58b2cacc998f13804b7bcfb2 [5ms]
2022-12-10 19:29:49.330 [info] > git show --textconv :public/signup.html [15ms]
2022-12-10 19:29:49.347 [info] > git show --textconv :index.js [18ms]
2022-12-10 19:29:49.355 [info] > git show --textconv :public/login.html [8ms]
2022-12-10 19:29:52.386 [warning] No remotes found in the git config file.
2022-12-10 19:29:52.387 [info] > git for-each-ref --format=%(refname)%00%(upstream:short)%00%(objectname)%00%(upstream:track)%00%(upstream:remotename)%00%(upstream:remoteref) refs/heads/test refs/remotes/test [58ms]
2022-12-10 19:29:52.387 [info] > git config --get commit.template [71ms]
2022-12-10 19:29:52.390 [info] > git remote --verbose [5ms]
2022-12-10 19:29:52.444 [info] > git for-each-ref --sort -committerdate --format %(refname) %(objectname) %(*objectname) [6ms]
2022-12-10 19:29:52.483 [info] > git status -z -uall [81ms]
2022-12-10 19:29:53.335 [info] > git ls-files --stage -- /root/public/signup.html [19ms]
2022-12-10 19:29:53.349 [info] > git ls-files --stage -- /root/index.js [47ms]
2022-12-10 19:29:53.363 [info] > git cat-file -s e69de29bb2d1d6434b8b29ae775ad8c2e48c5391 [14ms]
2022-12-10 19:29:53.364 [info] > git ls-files --stage -- /root/public/login.html [30ms]
2022-12-10 19:29:53.377 [info] > git cat-file -s d1f0765499dd1519d55bcd8bbbf3a9c79c3220d3 [15ms]
2022-12-10 19:29:53.381 [info] > git cat-file -s 90168ec9769e8e6d58b2cacc998f13804b7bcfb2 [5ms]
2022-12-10 19:29:53.425 [info] > git show --textconv :public/signup.html [19ms]
2022-12-10 19:29:53.443 [info] > git show --textconv :index.js [18ms]
2022-12-10 19:29:53.452 [info] > git show --textconv :public/login.html [10ms]
