0 verbose cli /usr/bin/node /usr/bin/npm
1 info using npm@8.18.0
2 info using node@v18.7.0
3 timing npm:load:whichnode Completed in 1ms
4 timing config:load:defaults Completed in 5ms
5 timing config:load:file:/usr/share/nodejs/npm/npmrc Completed in 4ms
6 timing config:load:builtin Completed in 5ms
7 timing config:load:cli Completed in 3ms
8 timing config:load:env Completed in 1ms
9 timing config:load:project Completed in 4ms
10 timing config:load:file:/root/.npmrc Completed in 0ms
11 timing config:load:user Completed in 1ms
12 timing config:load:file:/etc/npmrc Completed in 3ms
13 timing config:load:global Completed in 4ms
14 timing config:load:validate Completed in 1ms
15 timing config:load:credentials Completed in 1ms
16 timing config:load:setEnvs Completed in 4ms
17 timing config:load Completed in 30ms
18 timing npm:load:configload Completed in 30ms
19 timing npm:load:mkdirpcache Completed in 4ms
20 timing npm:load:mkdirplogs Completed in 0ms
21 verbose title npm install
22 verbose argv "install"
23 timing npm:load:setTitle Completed in 3ms
24 timing config:load:flatten Completed in 17ms
25 timing npm:load:display Completed in 26ms
26 verbose logfile logs-max:10 dir:/root/.npm/_logs
27 verbose logfile /root/.npm/_logs/2022-12-10T20_29_53_571Z-debug-0.log
28 timing npm:load:logFile Completed in 22ms
29 timing npm:load:timers Completed in 0ms
30 timing npm:load:configScope Completed in 0ms
31 timing npm:load Completed in 89ms
32 timing arborist:ctor Completed in 2ms
33 silly logfile start cleaning logs, removing 1 files
34 silly logfile done cleaning log files
35 timing idealTree:init Completed in 267ms
36 timing idealTree:userRequests Completed in 1ms
37 silly idealTree buildDeps
38 timing idealTree:#root Completed in 1ms
39 timing idealTree:buildDeps Completed in 5ms
40 timing idealTree:fixDepFlags Completed in 1ms
41 timing idealTree Completed in 282ms
42 timing arborist:ctor Completed in 1ms
43 timing reify:loadTrees Completed in 365ms
44 timing reify:diffTrees Completed in 11ms
45 silly reify moves {}
46 timing reify:retireShallow Completed in 3ms
47 timing reify:createSparse Completed in 6ms
48 timing reify:loadBundles Completed in 0ms
49 silly audit bulk request {
49 silly audit   abbrev: [ '1.1.1' ],
49 silly audit   accepts: [ '1.3.8' ],
49 silly audit   anymatch: [ '3.1.3' ],
49 silly audit   'array-flatten': [ '1.1.1' ],
49 silly audit   'balanced-match': [ '1.0.2' ],
49 silly audit   'binary-extensions': [ '2.2.0' ],
49 silly audit   'body-parser': [ '1.20.1' ],
49 silly audit   'brace-expansion': [ '1.1.11' ],
49 silly audit   braces: [ '3.0.2' ],
49 silly audit   bytes: [ '3.1.2' ],
49 silly audit   'call-bind': [ '1.0.2' ],
49 silly audit   chokidar: [ '3.5.3' ],
49 silly audit   'concat-map': [ '0.0.1' ],
49 silly audit   'content-disposition': [ '0.5.4' ],
49 silly audit   'content-type': [ '1.0.4' ],
49 silly audit   cookie: [ '0.5.0' ],
49 silly audit   'cookie-signature': [ '1.0.6' ],
49 silly audit   debug: [ '2.6.9', '3.2.7' ],
49 silly audit   depd: [ '2.0.0' ],
49 silly audit   destroy: [ '1.2.0' ],
49 silly audit   'ee-first': [ '1.1.1' ],
49 silly audit   encodeurl: [ '1.0.2' ],
49 silly audit   'escape-html': [ '1.0.3' ],
49 silly audit   etag: [ '1.8.1' ],
49 silly audit   express: [ '4.18.2' ],
49 silly audit   'fill-range': [ '7.0.1' ],
49 silly audit   finalhandler: [ '1.2.0' ],
49 silly audit   forwarded: [ '0.2.0' ],
49 silly audit   fresh: [ '0.5.2' ],
49 silly audit   fsevents: [ '2.3.2' ],
49 silly audit   'function-bind': [ '1.1.1' ],
49 silly audit   'get-intrinsic': [ '1.1.3' ],
49 silly audit   'glob-parent': [ '5.1.2' ],
49 silly audit   has: [ '1.0.3' ],
49 silly audit   'has-flag': [ '3.0.0' ],
49 silly audit   'has-symbols': [ '1.0.3' ],
49 silly audit   'http-errors': [ '2.0.0' ],
49 silly audit   'iconv-lite': [ '0.4.24' ],
49 silly audit   'ignore-by-default': [ '1.0.1' ],
49 silly audit   inherits: [ '2.0.4' ],
49 silly audit   'ipaddr.js': [ '1.9.1' ],
49 silly audit   'is-binary-path': [ '2.1.0' ],
49 silly audit   'is-extglob': [ '2.1.1' ],
49 silly audit   'is-glob': [ '4.0.3' ],
49 silly audit   'is-number': [ '7.0.0' ],
49 silly audit   'media-typer': [ '0.3.0' ],
49 silly audit   'merge-descriptors': [ '1.0.1' ],
49 silly audit   methods: [ '1.1.2' ],
49 silly audit   mime: [ '1.6.0' ],
49 silly audit   'mime-db': [ '1.52.0' ],
49 silly audit   'mime-types': [ '2.1.35' ],
49 silly audit   minimatch: [ '3.1.2' ],
49 silly audit   ms: [ '2.0.0', '2.1.3' ],
49 silly audit   negotiator: [ '0.6.3' ],
49 silly audit   node: [ '19.2.0' ],
49 silly audit   'node-bin-setup': [ '1.1.3' ],
49 silly audit   'node.js': [ '0.0.1-security' ],
49 silly audit   nodemon: [ '2.0.20' ],
49 silly audit   nopt: [ '1.0.10' ],
49 silly audit   'normalize-path': [ '3.0.0' ],
49 silly audit   'object-inspect': [ '1.12.2' ],
49 silly audit   'on-finished': [ '2.4.1' ],
49 silly audit   parseurl: [ '1.3.3' ],
49 silly audit   'path-to-regexp': [ '0.1.7' ],
49 silly audit   picomatch: [ '2.3.1' ],
49 silly audit   pm: [ '2.2.6' ],
49 silly audit   'proxy-addr': [ '2.0.7' ],
49 silly audit   'pstree.remy': [ '1.1.8' ],
49 silly audit   qs: [ '6.11.0' ],
49 silly audit   'range-parser': [ '1.2.1' ],
49 silly audit   'raw-body': [ '2.5.1' ],
49 silly audit   readdirp: [ '3.6.0' ],
49 silly audit   'safe-buffer': [ '5.2.1' ],
49 silly audit   'safer-buffer': [ '2.1.2' ],
49 silly audit   semver: [ '5.7.1', '7.0.0' ],
49 silly audit   send: [ '0.18.0' ],
49 silly audit   'serve-static': [ '1.15.0' ],
49 silly audit   setprototypeof: [ '1.2.0' ],
49 silly audit   'side-channel': [ '1.0.4' ],
49 silly audit   'simple-update-notifier': [ '1.1.0' ],
49 silly audit   statuses: [ '2.0.1' ],
49 silly audit   'supports-color': [ '5.5.0' ],
49 silly audit   'to-regex-range': [ '5.0.1' ],
49 silly audit   toidentifier: [ '1.0.1' ],
49 silly audit   touch: [ '3.1.0' ],
49 silly audit   'type-is': [ '1.6.18' ],
49 silly audit   undefsafe: [ '2.0.5' ],
49 silly audit   unpipe: [ '1.0.0' ],
49 silly audit   'utils-merge': [ '1.0.1' ],
49 silly audit   vary: [ '1.1.2' ]
49 silly audit }
50 verbose reify failed optional dependency /root/node_modules/fsevents
51 silly reify mark deleted [ '/root/node_modules/fsevents' ]
52 timing reifyNode:node_modules/fsevents Completed in 38ms
53 timing reify:unpack Completed in 38ms
54 timing reify:unretire Completed in 0ms
55 timing build:queue Completed in 11ms
56 timing build:deps Completed in 12ms
57 timing build Completed in 12ms
58 timing reify:build Completed in 13ms
59 timing reify:trash Completed in 4ms
60 timing reify:save Completed in 82ms
61 http fetch POST 200 https://registry.npmjs.org/-/npm/v1/security/advisories/bulk 385ms
62 timing auditReport:getReport Completed in 394ms
63 silly audit report {}
64 timing auditReport:init Completed in 0ms
65 timing reify:audit Completed in 397ms
66 timing reify Completed in 816ms
67 silly ADD
68 timing command:install Completed in 844ms
69 verbose exit 0
70 timing npm Completed in 1191ms
71 info ok
