0 verbose cli /usr/bin/node /usr/bin/npm
1 info using npm@8.18.0
2 info using node@v18.7.0
3 timing npm:load:whichnode Completed in 1ms
4 timing config:load:defaults Completed in 26ms
5 timing config:load:file:/usr/share/nodejs/npm/npmrc Completed in 20ms
6 timing config:load:builtin Completed in 20ms
7 timing config:load:cli Completed in 18ms
8 timing config:load:env Completed in 1ms
9 timing config:load:file:/root/.cache/typescript/4.9/.npmrc Completed in 1ms
10 timing config:load:project Completed in 44ms
11 timing config:load:file:/root/.npmrc Completed in 0ms
12 timing config:load:user Completed in 1ms
13 timing config:load:file:/etc/npmrc Completed in 1ms
14 timing config:load:global Completed in 1ms
15 timing config:load:validate Completed in 0ms
16 timing config:load:credentials Completed in 6ms
17 timing config:load:setEnvs Completed in 10ms
18 timing config:load Completed in 127ms
19 timing npm:load:configload Completed in 127ms
20 timing npm:load:mkdirpcache Completed in 9ms
21 timing npm:load:mkdirplogs Completed in 2ms
22 verbose title npm install types-registry@latest
23 verbose argv "install" "--ignore-scripts" "types-registry@latest"
24 timing npm:load:setTitle Completed in 3ms
25 timing config:load:flatten Completed in 30ms
26 timing npm:load:display Completed in 37ms
27 verbose logfile logs-max:10 dir:/root/.npm/_logs
28 verbose logfile /root/.npm/_logs/2022-12-10T21_30_54_374Z-debug-0.log
29 timing npm:load:logFile Completed in 40ms
30 timing npm:load:timers Completed in 0ms
31 timing npm:load:configScope Completed in 1ms
32 timing npm:load Completed in 225ms
33 timing arborist:ctor Completed in 7ms
34 silly logfile start cleaning logs, removing 1 files
35 silly logfile done cleaning log files
36 timing idealTree:init Completed in 342ms
37 timing arborist:ctor Completed in 0ms
38 http fetch GET 200 https://registry.npmjs.org/types-registry 599ms (cache revalidated)
39 timing idealTree:userRequests Completed in 670ms
40 silly idealTree buildDeps
41 silly fetch manifest types-registry@0.1.621
42 silly placeDep ROOT types-registry@0.1.621 REPLACE for:  want: 0.1.621
43 timing idealTree:#root Completed in 56ms
44 timing idealTree:node_modules/types-registry Completed in 0ms
45 timing idealTree:buildDeps Completed in 60ms
46 timing idealTree:fixDepFlags Completed in 1ms
47 timing idealTree Completed in 1091ms
48 timing reify:loadTrees Completed in 1097ms
49 timing reify:diffTrees Completed in 22ms
50 silly reify moves {}
51 timing reify:retireShallow Completed in 21ms
52 timing reify:createSparse Completed in 0ms
53 timing reify:loadBundles Completed in 0ms
54 silly audit bulk request {
54 silly audit   '@types/body-parser': [ '1.19.2' ],
54 silly audit   '@types/connect': [ '3.4.35' ],
54 silly audit   '@types/cors': [ '2.8.13' ],
54 silly audit   '@types/express': [ '4.17.14' ],
54 silly audit   '@types/express-serve-static-core': [ '4.17.31' ],
54 silly audit   '@types/express-session': [ '1.17.5' ],
54 silly audit   '@types/merge-descriptors': [ '1.0.1' ],
54 silly audit   '@types/mime': [ '3.0.1' ],
54 silly audit   '@types/node': [ '18.11.13' ],
54 silly audit   '@types/nodemon': [ '1.19.2' ],
54 silly audit   '@types/qs': [ '6.9.7' ],
54 silly audit   '@types/range-parser': [ '1.2.4' ],
54 silly audit   '@types/serve-static': [ '1.15.0' ],
54 silly audit   '@types/sqlite3': [ '3.1.8' ],
54 silly audit   '@types/tedious': [ '4.0.9' ],
54 silly audit   'types-registry': [ '0.1.621' ]
54 silly audit }
55 timing reify:unpack Completed in 1ms
56 timing reify:unretire Completed in 0ms
57 timing build:queue Completed in 0ms
58 timing build:deps Completed in 3ms
59 timing build Completed in 8ms
60 timing reify:build Completed in 8ms
61 timing reify:trash Completed in 1ms
62 timing reify:save Completed in 149ms
63 http fetch POST 200 https://registry.npmjs.org/-/npm/v1/security/advisories/bulk 396ms
64 timing auditReport:getReport Completed in 431ms
65 silly audit report {}
66 timing auditReport:init Completed in 0ms
67 timing reify:audit Completed in 434ms
68 timing reify Completed in 1634ms
69 timing command:install Completed in 1663ms
70 verbose exit 0
71 timing npm Completed in 2802ms
72 info ok
