0 verbose cli /root/node_modules/node/bin/node /usr/bin/npm
1 info using npm@8.18.0
2 info using node@v19.2.0
3 timing npm:load:whichnode Completed in 0ms
4 timing config:load:defaults Completed in 3ms
5 timing config:load:file:/usr/share/nodejs/npm/npmrc Completed in 33ms
6 timing config:load:builtin Completed in 33ms
7 timing config:load:cli Completed in 3ms
8 timing config:load:env Completed in 1ms
9 timing config:load:file:/root/.pm2/modules/node/node_modules/node/.npmrc Completed in 1ms
10 timing config:load:project Completed in 4ms
11 timing config:load:file:/root/.npmrc Completed in 0ms
12 timing config:load:user Completed in 0ms
13 timing config:load:file:/etc/npmrc Completed in 0ms
14 timing config:load:global Completed in 0ms
15 timing config:load:validate Completed in 1ms
16 timing config:load:credentials Completed in 1ms
17 timing config:load:setEnvs Completed in 2ms
18 timing config:load Completed in 50ms
19 timing npm:load:configload Completed in 50ms
20 timing npm:load:mkdirpcache Completed in 1ms
21 timing npm:load:mkdirplogs Completed in 1ms
22 verbose title npm install node-linux-x64@19.2.0
23 verbose argv "install" "--no-save" "node-linux-x64@19.2.0"
24 timing npm:load:setTitle Completed in 1ms
25 timing config:load:flatten Completed in 4ms
26 timing npm:load:display Completed in 4ms
27 verbose logfile logs-max:10 dir:/root/.npm/_logs
28 verbose logfile /root/.npm/_logs/2022-12-10T20_27_39_719Z-debug-0.log
29 timing npm:load:logFile Completed in 9ms
30 timing npm:load:timers Completed in 0ms
31 timing npm:load:configScope Completed in 0ms
32 timing npm:load Completed in 69ms
33 timing arborist:ctor Completed in 1ms
34 silly logfile start cleaning logs, removing 1 files
35 silly logfile done cleaning log files
36 timing arborist:ctor Completed in 0ms
37 timing idealTree:init Completed in 16ms
38 timing idealTree:userRequests Completed in 4ms
39 silly idealTree buildDeps
40 silly fetch manifest node-bin-setup@^1.0.0
41 http fetch GET 200 https://registry.npmjs.org/node-bin-setup 25ms (cache hit)
42 silly fetch manifest node-linux-x64@19.2.0
43 http fetch GET 200 https://registry.npmjs.org/node-linux-x64 9ms (cache hit)
44 silly placeDep ROOT node-bin-setup@1.1.3 OK for: node@19.2.0 want: ^1.0.0
45 silly placeDep ROOT node-linux-x64@19.2.0 OK for: node@19.2.0 want: 19.2.0
46 timing idealTree:#root Completed in 58ms
47 timing idealTree:node_modules/node-bin-setup Completed in 0ms
48 timing idealTree:node_modules/node-linux-x64 Completed in 0ms
49 timing idealTree:buildDeps Completed in 60ms
50 timing idealTree:fixDepFlags Completed in 0ms
51 timing idealTree Completed in 84ms
52 timing reify:loadTrees Completed in 84ms
53 timing reify:diffTrees Completed in 1ms
54 silly reify moves {}
55 timing reify:retireShallow Completed in 1ms
56 timing reify:createSparse Completed in 2ms
57 timing reify:loadBundles Completed in 0ms
58 silly audit bulk request { 'node-bin-setup': [ '1.1.3' ], 'node-linux-x64': [ '19.2.0' ] }
59 timing reifyNode:node_modules/node-bin-setup Completed in 1384ms
60 http fetch POST 200 https://registry.npmjs.org/-/npm/v1/security/advisories/bulk 1580ms
61 timing auditReport:getReport Completed in 1584ms
62 silly audit report {}
63 timing auditReport:init Completed in 0ms
64 timing reify:audit Completed in 1586ms
65 timing reifyNode:node_modules/node-linux-x64 Completed in 4562ms
66 timing reify:unpack Completed in 4562ms
67 timing reify:unretire Completed in 0ms
68 timing build:queue Completed in 4ms
69 timing build:link:node_modules/node-linux-x64 Completed in 5ms
70 timing build:link Completed in 5ms
71 timing build:deps Completed in 9ms
72 timing build Completed in 9ms
73 timing reify:build Completed in 9ms
74 timing reify:trash Completed in 0ms
75 timing reify Completed in 4704ms
76 silly ADD node_modules/node-linux-x64
77 silly ADD node_modules/node-bin-setup
78 timing command:install Completed in 4724ms
79 verbose exit 0
80 timing npm Completed in 4926ms
81 info ok
