0 verbose cli /usr/bin/node /usr/bin/npm
1 info using npm@8.18.0
2 info using node@v18.7.0
3 timing npm:load:whichnode Completed in 1ms
4 timing config:load:defaults Completed in 5ms
5 timing config:load:file:/usr/share/nodejs/npm/npmrc Completed in 7ms
6 timing config:load:builtin Completed in 7ms
7 timing config:load:cli Completed in 3ms
8 timing config:load:env Completed in 0ms
9 timing config:load:project Completed in 1ms
10 timing config:load:file:/root/.npmrc Completed in 1ms
11 timing config:load:user Completed in 1ms
12 timing config:load:file:/etc/npmrc Completed in 0ms
13 timing config:load:global Completed in 0ms
14 timing config:load:validate Completed in 1ms
15 timing config:load:credentials Completed in 3ms
16 timing config:load:setEnvs Completed in 2ms
17 timing config:load Completed in 25ms
18 timing npm:load:configload Completed in 25ms
19 timing npm:load:mkdirpcache Completed in 2ms
20 timing npm:load:mkdirplogs Completed in 1ms
21 verbose title npm install node
22 verbose argv "install" "node"
23 timing npm:load:setTitle Completed in 2ms
24 timing config:load:flatten Completed in 6ms
25 timing npm:load:display Completed in 11ms
26 verbose logfile logs-max:10 dir:/root/.npm/_logs
27 verbose logfile /root/.npm/_logs/2022-12-10T20_27_18_460Z-debug-0.log
28 timing npm:load:logFile Completed in 14ms
29 timing npm:load:timers Completed in 1ms
30 timing npm:load:configScope Completed in 0ms
31 timing npm:load Completed in 58ms
32 timing arborist:ctor Completed in 2ms
33 silly logfile start cleaning logs, removing 1 files
34 silly logfile done cleaning log files
35 timing idealTree:init Completed in 263ms
36 timing idealTree:userRequests Completed in 5ms
37 silly idealTree buildDeps
38 silly fetch manifest node@*
39 timing arborist:ctor Completed in 0ms
40 http fetch GET 200 https://registry.npmjs.org/node 943ms (cache miss)
41 silly placeDep ROOT node@19.2.0 OK for: root@1.0.0 want: *
42 silly fetch manifest node-bin-setup@^1.0.0
43 http fetch GET 200 https://registry.npmjs.org/node-bin-setup 788ms (cache miss)
44 timing idealTree:#root Completed in 1760ms
45 silly placeDep ROOT node-bin-setup@1.1.3 OK for: node@19.2.0 want: ^1.0.0
46 timing idealTree:node_modules/node Completed in 4ms
47 timing idealTree:node_modules/node-bin-setup Completed in 0ms
48 timing idealTree:buildDeps Completed in 1768ms
49 timing idealTree:fixDepFlags Completed in 2ms
50 timing idealTree Completed in 2047ms
51 timing reify:loadTrees Completed in 2049ms
52 timing reify:diffTrees Completed in 13ms
53 silly reify moves {}
54 timing reify:retireShallow Completed in 3ms
55 timing reify:createSparse Completed in 6ms
56 timing reify:loadBundles Completed in 0ms
57 silly audit bulk request {
57 silly audit   abbrev: [ '1.1.1' ],
57 silly audit   accepts: [ '1.3.8' ],
57 silly audit   anymatch: [ '3.1.3' ],
57 silly audit   'array-flatten': [ '1.1.1' ],
57 silly audit   'balanced-match': [ '1.0.2' ],
57 silly audit   'binary-extensions': [ '2.2.0' ],
57 silly audit   'body-parser': [ '1.20.1' ],
57 silly audit   'brace-expansion': [ '1.1.11' ],
57 silly audit   braces: [ '3.0.2' ],
57 silly audit   bytes: [ '3.1.2' ],
57 silly audit   'call-bind': [ '1.0.2' ],
57 silly audit   chokidar: [ '3.5.3' ],
57 silly audit   'concat-map': [ '0.0.1' ],
57 silly audit   'content-disposition': [ '0.5.4' ],
57 silly audit   'content-type': [ '1.0.4' ],
57 silly audit   cookie: [ '0.5.0' ],
57 silly audit   'cookie-signature': [ '1.0.6' ],
57 silly audit   debug: [ '2.6.9', '3.2.7' ],
57 silly audit   depd: [ '2.0.0' ],
57 silly audit   destroy: [ '1.2.0' ],
57 silly audit   'ee-first': [ '1.1.1' ],
57 silly audit   encodeurl: [ '1.0.2' ],
57 silly audit   'escape-html': [ '1.0.3' ],
57 silly audit   etag: [ '1.8.1' ],
57 silly audit   express: [ '4.18.2' ],
57 silly audit   'fill-range': [ '7.0.1' ],
57 silly audit   finalhandler: [ '1.2.0' ],
57 silly audit   forwarded: [ '0.2.0' ],
57 silly audit   fresh: [ '0.5.2' ],
57 silly audit   fsevents: [ '2.3.2' ],
57 silly audit   'function-bind': [ '1.1.1' ],
57 silly audit   'get-intrinsic': [ '1.1.3' ],
57 silly audit   'glob-parent': [ '5.1.2' ],
57 silly audit   has: [ '1.0.3' ],
57 silly audit   'has-flag': [ '3.0.0' ],
57 silly audit   'has-symbols': [ '1.0.3' ],
57 silly audit   'http-errors': [ '2.0.0' ],
57 silly audit   'iconv-lite': [ '0.4.24' ],
57 silly audit   'ignore-by-default': [ '1.0.1' ],
57 silly audit   inherits: [ '2.0.4' ],
57 silly audit   'ipaddr.js': [ '1.9.1' ],
57 silly audit   'is-binary-path': [ '2.1.0' ],
57 silly audit   'is-extglob': [ '2.1.1' ],
57 silly audit   'is-glob': [ '4.0.3' ],
57 silly audit   'is-number': [ '7.0.0' ],
57 silly audit   'media-typer': [ '0.3.0' ],
57 silly audit   'merge-descriptors': [ '1.0.1' ],
57 silly audit   methods: [ '1.1.2' ],
57 silly audit   mime: [ '1.6.0' ],
57 silly audit   'mime-db': [ '1.52.0' ],
57 silly audit   'mime-types': [ '2.1.35' ],
57 silly audit   minimatch: [ '3.1.2' ],
57 silly audit   ms: [ '2.0.0', '2.1.3' ],
57 silly audit   negotiator: [ '0.6.3' ],
57 silly audit   nodemon: [ '2.0.20' ],
57 silly audit   nopt: [ '1.0.10' ],
57 silly audit   'normalize-path': [ '3.0.0' ],
57 silly audit   'object-inspect': [ '1.12.2' ],
57 silly audit   'on-finished': [ '2.4.1' ],
57 silly audit   parseurl: [ '1.3.3' ],
57 silly audit   'path-to-regexp': [ '0.1.7' ],
57 silly audit   picomatch: [ '2.3.1' ],
57 silly audit   pm: [ '2.2.6' ],
57 silly audit   'proxy-addr': [ '2.0.7' ],
57 silly audit   'pstree.remy': [ '1.1.8' ],
57 silly audit   qs: [ '6.11.0' ],
57 silly audit   'range-parser': [ '1.2.1' ],
57 silly audit   'raw-body': [ '2.5.1' ],
57 silly audit   readdirp: [ '3.6.0' ],
57 silly audit   'safe-buffer': [ '5.2.1' ],
57 silly audit   'safer-buffer': [ '2.1.2' ],
57 silly audit   semver: [ '5.7.1', '7.0.0' ],
57 silly audit   send: [ '0.18.0' ],
57 silly audit   'serve-static': [ '1.15.0' ],
57 silly audit   setprototypeof: [ '1.2.0' ],
57 silly audit   'side-channel': [ '1.0.4' ],
57 silly audit   'simple-update-notifier': [ '1.1.0' ],
57 silly audit   statuses: [ '2.0.1' ],
57 silly audit   'supports-color': [ '5.5.0' ],
57 silly audit   'to-regex-range': [ '5.0.1' ],
57 silly audit   toidentifier: [ '1.0.1' ],
57 silly audit   touch: [ '3.1.0' ],
57 silly audit   'type-is': [ '1.6.18' ],
57 silly audit   undefsafe: [ '2.0.5' ],
57 silly audit   unpipe: [ '1.0.0' ],
57 silly audit   'utils-merge': [ '1.0.1' ],
57 silly audit   vary: [ '1.1.2' ],
57 silly audit   node: [ '19.2.0' ],
57 silly audit   'node-bin-setup': [ '1.1.3' ]
57 silly audit }
58 verbose reify failed optional dependency /root/node_modules/fsevents
59 silly reify mark deleted [ '/root/node_modules/fsevents' ]
60 timing reifyNode:node_modules/fsevents Completed in 9ms
61 silly tarball no local data for node-bin-setup@https://registry.npmjs.org/node-bin-setup/-/node-bin-setup-1.1.3.tgz. Extracting by manifest.
62 silly tarball no local data for node@https://registry.npmjs.org/node/-/node-19.2.0.tgz. Extracting by manifest.
63 http fetch GET 200 https://registry.npmjs.org/node/-/node-19.2.0.tgz 84ms (cache miss)
64 timing reifyNode:node_modules/node Completed in 115ms
65 http fetch GET 200 https://registry.npmjs.org/node-bin-setup/-/node-bin-setup-1.1.3.tgz 92ms (cache miss)
66 timing reifyNode:node_modules/node-bin-setup Completed in 116ms
67 timing reify:unpack Completed in 117ms
68 timing reify:unretire Completed in 0ms
69 timing build:queue Completed in 2ms
70 info run node@19.2.0 preinstall node_modules/node node installArchSpecificPackage
71 http fetch POST 200 https://registry.npmjs.org/-/npm/v1/security/advisories/bulk 223ms
72 timing auditReport:getReport Completed in 233ms
73 silly audit report {}
74 timing auditReport:init Completed in 0ms
75 timing reify:audit Completed in 236ms
76 info run node@19.2.0 preinstall { code: 0, signal: null }
77 timing build:run:preinstall:node_modules/node Completed in 9597ms
78 timing build:run:preinstall Completed in 9598ms
79 timing build:link:node_modules/node Completed in 6ms
80 timing build:link Completed in 6ms
81 timing build:deps Completed in 9608ms
82 timing build Completed in 9608ms
83 timing reify:build Completed in 9609ms
84 timing reify:trash Completed in 2ms
85 timing reify:save Completed in 73ms
86 timing reify Completed in 11970ms
87 silly ADD node_modules/node-bin-setup
88 silly ADD node_modules/node
89 silly ADD
90 timing command:install Completed in 12001ms
91 verbose exit 0
92 timing npm Completed in 12421ms
93 info ok
