0 verbose cli /usr/bin/node /usr/bin/npm
1 info using npm@8.18.0
2 info using node@v18.7.0
3 timing npm:load:whichnode Completed in 0ms
4 timing config:load:defaults Completed in 3ms
5 timing config:load:file:/usr/share/nodejs/npm/npmrc Completed in 5ms
6 timing config:load:builtin Completed in 5ms
7 timing config:load:cli Completed in 3ms
8 timing config:load:env Completed in 1ms
9 timing config:load:project Completed in 1ms
10 timing config:load:file:/root/.npmrc Completed in 1ms
11 timing config:load:user Completed in 1ms
12 timing config:load:file:/etc/npmrc Completed in 0ms
13 timing config:load:global Completed in 0ms
14 timing config:load:validate Completed in 1ms
15 timing config:load:credentials Completed in 3ms
16 timing config:load:setEnvs Completed in 1ms
17 timing config:load Completed in 21ms
18 timing npm:load:configload Completed in 22ms
19 timing npm:load:mkdirpcache Completed in 1ms
20 timing npm:load:mkdirplogs Completed in 1ms
21 verbose title npm install pm
22 verbose argv "install" "pm"
23 timing npm:load:setTitle Completed in 2ms
24 timing config:load:flatten Completed in 5ms
25 timing npm:load:display Completed in 8ms
26 verbose logfile logs-max:10 dir:/root/.npm/_logs
27 verbose logfile /root/.npm/_logs/2022-12-10T19_03_02_788Z-debug-0.log
28 timing npm:load:logFile Completed in 10ms
29 timing npm:load:timers Completed in 0ms
30 timing npm:load:configScope Completed in 0ms
31 timing npm:load Completed in 47ms
32 timing arborist:ctor Completed in 2ms
33 silly logfile done cleaning log files
34 timing idealTree:init Completed in 158ms
35 timing idealTree:userRequests Completed in 3ms
36 silly idealTree buildDeps
37 silly fetch manifest pm@*
38 timing arborist:ctor Completed in 0ms
39 http fetch GET 200 https://registry.npmjs.org/pm 997ms (cache miss)
40 silly placeDep ROOT pm@2.2.6 OK for: root@1.0.0 want: *
41 timing idealTree:#root Completed in 1013ms
42 timing idealTree:node_modules/pm Completed in 0ms
43 timing idealTree:buildDeps Completed in 1016ms
44 timing idealTree:fixDepFlags Completed in 2ms
45 timing idealTree Completed in 1187ms
46 timing reify:loadTrees Completed in 1188ms
47 timing reify:diffTrees Completed in 10ms
48 silly reify moves {}
49 timing reify:retireShallow Completed in 3ms
50 timing reify:createSparse Completed in 2ms
51 timing reify:loadBundles Completed in 0ms
52 silly audit bulk request {
52 silly audit   accepts: [ '1.3.8' ],
52 silly audit   'array-flatten': [ '1.1.1' ],
52 silly audit   'body-parser': [ '1.20.1' ],
52 silly audit   bytes: [ '3.1.2' ],
52 silly audit   'call-bind': [ '1.0.2' ],
52 silly audit   'content-disposition': [ '0.5.4' ],
52 silly audit   'content-type': [ '1.0.4' ],
52 silly audit   cookie: [ '0.5.0' ],
52 silly audit   'cookie-signature': [ '1.0.6' ],
52 silly audit   debug: [ '2.6.9' ],
52 silly audit   depd: [ '2.0.0' ],
52 silly audit   destroy: [ '1.2.0' ],
52 silly audit   'ee-first': [ '1.1.1' ],
52 silly audit   encodeurl: [ '1.0.2' ],
52 silly audit   'escape-html': [ '1.0.3' ],
52 silly audit   etag: [ '1.8.1' ],
52 silly audit   express: [ '4.18.2' ],
52 silly audit   finalhandler: [ '1.2.0' ],
52 silly audit   forwarded: [ '0.2.0' ],
52 silly audit   fresh: [ '0.5.2' ],
52 silly audit   'function-bind': [ '1.1.1' ],
52 silly audit   'get-intrinsic': [ '1.1.3' ],
52 silly audit   has: [ '1.0.3' ],
52 silly audit   'has-symbols': [ '1.0.3' ],
52 silly audit   'http-errors': [ '2.0.0' ],
52 silly audit   'iconv-lite': [ '0.4.24' ],
52 silly audit   inherits: [ '2.0.4' ],
52 silly audit   'ipaddr.js': [ '1.9.1' ],
52 silly audit   'media-typer': [ '0.3.0' ],
52 silly audit   'merge-descriptors': [ '1.0.1' ],
52 silly audit   methods: [ '1.1.2' ],
52 silly audit   mime: [ '1.6.0' ],
52 silly audit   'mime-db': [ '1.52.0' ],
52 silly audit   'mime-types': [ '2.1.35' ],
52 silly audit   ms: [ '2.0.0', '2.1.3' ],
52 silly audit   negotiator: [ '0.6.3' ],
52 silly audit   'object-inspect': [ '1.12.2' ],
52 silly audit   'on-finished': [ '2.4.1' ],
52 silly audit   parseurl: [ '1.3.3' ],
52 silly audit   'path-to-regexp': [ '0.1.7' ],
52 silly audit   'proxy-addr': [ '2.0.7' ],
52 silly audit   qs: [ '6.11.0' ],
52 silly audit   'range-parser': [ '1.2.1' ],
52 silly audit   'raw-body': [ '2.5.1' ],
52 silly audit   'safe-buffer': [ '5.2.1' ],
52 silly audit   'safer-buffer': [ '2.1.2' ],
52 silly audit   send: [ '0.18.0' ],
52 silly audit   'serve-static': [ '1.15.0' ],
52 silly audit   setprototypeof: [ '1.2.0' ],
52 silly audit   'side-channel': [ '1.0.4' ],
52 silly audit   statuses: [ '2.0.1' ],
52 silly audit   toidentifier: [ '1.0.1' ],
52 silly audit   'type-is': [ '1.6.18' ],
52 silly audit   unpipe: [ '1.0.0' ],
52 silly audit   'utils-merge': [ '1.0.1' ],
52 silly audit   vary: [ '1.1.2' ],
52 silly audit   pm: [ '2.2.6' ]
52 silly audit }
53 silly tarball no local data for pm@https://registry.npmjs.org/pm/-/pm-2.2.6.tgz. Extracting by manifest.
54 http fetch POST 200 https://registry.npmjs.org/-/npm/v1/security/advisories/bulk 226ms
55 timing auditReport:getReport Completed in 233ms
56 silly audit report {}
57 timing auditReport:init Completed in 0ms
58 timing reify:audit Completed in 234ms
59 http fetch GET 200 https://registry.npmjs.org/pm/-/pm-2.2.6.tgz 329ms (cache miss)
60 timing reifyNode:node_modules/pm Completed in 347ms
61 timing reify:unpack Completed in 349ms
62 timing reify:unretire Completed in 0ms
63 timing build:queue Completed in 1ms
64 timing build:deps Completed in 2ms
65 timing build Completed in 2ms
66 timing reify:build Completed in 9ms
67 timing reify:trash Completed in 0ms
68 timing reify:save Completed in 59ms
69 timing reify Completed in 1716ms
70 silly ADD node_modules/pm
71 timing command:install Completed in 1749ms
72 verbose exit 0
73 timing npm Completed in 2149ms
74 info ok
