0 verbose cli /usr/bin/node /usr/bin/npm
1 info using npm@8.18.0
2 info using node@v18.7.0
3 timing npm:load:whichnode Completed in 1ms
4 timing config:load:defaults Completed in 4ms
5 timing config:load:file:/usr/share/nodejs/npm/npmrc Completed in 4ms
6 timing config:load:builtin Completed in 4ms
7 timing config:load:cli Completed in 5ms
8 timing config:load:env Completed in 1ms
9 timing config:load:file:/root/.pm2/modules/node/.npmrc Completed in 0ms
10 timing config:load:project Completed in 2ms
11 timing config:load:file:/root/.npmrc Completed in 0ms
12 timing config:load:user Completed in 0ms
13 timing config:load:file:/etc/npmrc Completed in 0ms
14 timing config:load:global Completed in 0ms
15 timing config:load:validate Completed in 0ms
16 timing config:load:credentials Completed in 2ms
17 timing config:load:setEnvs Completed in 2ms
18 timing config:load Completed in 22ms
19 timing npm:load:configload Completed in 22ms
20 timing npm:load:mkdirpcache Completed in 3ms
21 timing npm:load:mkdirplogs Completed in 1ms
22 verbose title npm install node
23 verbose argv "install" "node" "--loglevel" "error" "--prefix" "/root/.pm2/modules/node"
24 timing npm:load:setTitle Completed in 2ms
25 timing config:load:flatten Completed in 5ms
26 timing npm:load:display Completed in 10ms
27 verbose logfile logs-max:10 dir:/root/.npm/_logs
28 verbose logfile /root/.npm/_logs/2022-12-10T20_27_38_411Z-debug-0.log
29 timing npm:load:logFile Completed in 12ms
30 timing npm:load:timers Completed in 1ms
31 timing npm:load:configScope Completed in 0ms
32 timing npm:load Completed in 52ms
33 timing arborist:ctor Completed in 2ms
34 silly logfile start cleaning logs, removing 1 files
35 silly logfile done cleaning log files
36 timing arborist:ctor Completed in 1ms
37 timing idealTree:init Completed in 37ms
38 timing idealTree:userRequests Completed in 5ms
39 silly idealTree buildDeps
40 silly fetch manifest node@*
41 http fetch GET 200 https://registry.npmjs.org/node 43ms (cache hit)
42 silly placeDep ROOT node@19.2.0 OK for:  want: *
43 silly fetch manifest node-bin-setup@^1.0.0
44 http fetch GET 200 https://registry.npmjs.org/node-bin-setup 9ms (cache hit)
45 timing idealTree:#root Completed in 94ms
46 silly placeDep ROOT node-bin-setup@1.1.3 OK for: node@19.2.0 want: ^1.0.0
47 timing idealTree:node_modules/node Completed in 6ms
48 timing idealTree:node_modules/node-bin-setup Completed in 0ms
49 timing idealTree:buildDeps Completed in 102ms
50 timing idealTree:fixDepFlags Completed in 1ms
51 timing idealTree Completed in 151ms
52 timing reify:loadTrees Completed in 153ms
53 timing reify:diffTrees Completed in 2ms
54 silly reify moves {}
55 timing reify:retireShallow Completed in 3ms
56 timing reify:createSparse Completed in 3ms
57 timing reify:loadBundles Completed in 0ms
58 silly audit bulk request { node: [ '19.2.0' ], 'node-bin-setup': [ '1.1.3' ] }
59 timing reifyNode:node_modules/node Completed in 108ms
60 timing reifyNode:node_modules/node-bin-setup Completed in 110ms
61 timing reify:unpack Completed in 110ms
62 timing reify:unretire Completed in 0ms
63 timing build:queue Completed in 2ms
64 info run node@19.2.0 preinstall node_modules/node node installArchSpecificPackage
65 http fetch POST 200 https://registry.npmjs.org/-/npm/v1/security/advisories/bulk 349ms
66 timing auditReport:getReport Completed in 353ms
67 silly audit report {}
68 timing auditReport:init Completed in 0ms
69 timing reify:audit Completed in 360ms
70 info run node@19.2.0 preinstall { code: 0, signal: null }
71 timing build:run:preinstall:node_modules/node Completed in 5638ms
72 timing build:run:preinstall Completed in 5639ms
73 timing build:link:node_modules/node Completed in 5ms
74 timing build:link Completed in 5ms
75 timing build:deps Completed in 5647ms
76 timing build Completed in 5649ms
77 timing reify:build Completed in 5649ms
78 timing reify:trash Completed in 0ms
79 timing reify:save Completed in 14ms
80 timing reify Completed in 5982ms
81 silly ADD node_modules/node-bin-setup
82 silly ADD node_modules/node
83 timing command:install Completed in 5999ms
84 verbose exit 0
85 timing npm Completed in 6309ms
86 info ok
