0 verbose cli /usr/bin/node /usr/bin/npm
1 info using npm@8.18.0
2 info using node@v18.7.0
3 timing npm:load:whichnode Completed in 7ms
4 timing config:load:defaults Completed in 20ms
5 timing config:load:file:/usr/share/nodejs/npm/npmrc Completed in 19ms
6 timing config:load:builtin Completed in 22ms
7 timing config:load:cli Completed in 22ms
8 timing config:load:env Completed in 2ms
9 timing config:load:file:/root/.cache/typescript/4.9/.npmrc Completed in 0ms
10 timing config:load:project Completed in 45ms
11 timing config:load:file:/root/.npmrc Completed in 0ms
12 timing config:load:user Completed in 1ms
13 timing config:load:file:/etc/npmrc Completed in 3ms
14 timing config:load:global Completed in 3ms
15 timing config:load:validate Completed in 1ms
16 timing config:load:credentials Completed in 4ms
17 timing config:load:setEnvs Completed in 2ms
18 timing config:load Completed in 122ms
19 timing npm:load:configload Completed in 122ms
20 timing npm:load:mkdirpcache Completed in 18ms
21 timing npm:load:mkdirplogs Completed in 1ms
22 verbose title npm install types-registry@latest
23 verbose argv "install" "--ignore-scripts" "types-registry@latest"
24 timing npm:load:setTitle Completed in 15ms
25 timing config:load:flatten Completed in 31ms
26 timing npm:load:display Completed in 34ms
27 verbose logfile logs-max:10 dir:/root/.npm/_logs
28 verbose logfile /root/.npm/_logs/2022-12-10T21_02_35_211Z-debug-0.log
29 timing npm:load:logFile Completed in 81ms
30 timing npm:load:timers Completed in 1ms
31 timing npm:load:configScope Completed in 0ms
32 timing npm:load Completed in 280ms
33 timing arborist:ctor Completed in 23ms
34 silly logfile start cleaning logs, removing 1 files
35 silly logfile done cleaning log files
36 timing idealTree:init Completed in 344ms
37 timing arborist:ctor Completed in 0ms
38 http fetch GET 200 https://registry.npmjs.org/types-registry 610ms (cache revalidated)
39 timing idealTree:userRequests Completed in 724ms
40 silly idealTree buildDeps
41 silly fetch manifest types-registry@0.1.621
42 silly placeDep ROOT types-registry@0.1.621 REPLACE for:  want: 0.1.621
43 timing idealTree:#root Completed in 58ms
44 timing idealTree:node_modules/types-registry Completed in 0ms
45 timing idealTree:buildDeps Completed in 65ms
46 timing idealTree:fixDepFlags Completed in 1ms
47 timing idealTree Completed in 1171ms
48 timing reify:loadTrees Completed in 1176ms
49 timing reify:diffTrees Completed in 16ms
50 silly reify moves {}
51 timing reify:retireShallow Completed in 14ms
52 timing reify:createSparse Completed in 0ms
53 timing reify:loadBundles Completed in 0ms
54 silly audit bulk request {
54 silly audit   '@types/body-parser': [ '1.19.2' ],
54 silly audit   '@types/connect': [ '3.4.35' ],
54 silly audit   '@types/cors': [ '2.8.13' ],
54 silly audit   '@types/express': [ '4.17.14' ],
54 silly audit   '@types/express-serve-static-core': [ '4.17.31' ],
54 silly audit   '@types/express-session': [ '1.17.5' ],
54 silly audit   '@types/merge-descriptors': [ '1.0.1' ],
54 silly audit   '@types/mime': [ '3.0.1' ],
54 silly audit   '@types/node': [ '18.11.13' ],
54 silly audit   '@types/nodemon': [ '1.19.2' ],
54 silly audit   '@types/qs': [ '6.9.7' ],
54 silly audit   '@types/range-parser': [ '1.2.4' ],
54 silly audit   '@types/serve-static': [ '1.15.0' ],
54 silly audit   '@types/sqlite3': [ '3.1.8' ],
54 silly audit   'types-registry': [ '0.1.621' ]
54 silly audit }
55 timing reify:unpack Completed in 13ms
56 timing reify:unretire Completed in 0ms
57 timing build:queue Completed in 0ms
58 timing build:deps Completed in 2ms
59 timing build Completed in 3ms
60 timing reify:build Completed in 4ms
61 timing reify:trash Completed in 0ms
62 timing reify:save Completed in 109ms
63 http fetch POST 200 https://registry.npmjs.org/-/npm/v1/security/advisories/bulk 355ms
64 timing auditReport:getReport Completed in 377ms
65 silly audit report {}
66 timing auditReport:init Completed in 0ms
67 timing reify:audit Completed in 379ms
68 timing reify Completed in 1657ms
69 timing command:install Completed in 1706ms
70 verbose exit 0
71 timing npm Completed in 3224ms
72 info ok
