0 verbose cli /usr/bin/node /usr/bin/npm
1 info using npm@8.18.0
2 info using node@v18.7.0
3 timing npm:load:whichnode Completed in 1ms
4 timing config:load:defaults Completed in 6ms
5 timing config:load:file:/usr/share/nodejs/npm/npmrc Completed in 7ms
6 timing config:load:builtin Completed in 8ms
7 timing config:load:cli Completed in 6ms
8 timing config:load:env Completed in 3ms
9 timing config:load:file:/root/.cache/typescript/4.9/.npmrc Completed in 0ms
10 timing config:load:project Completed in 47ms
11 timing config:load:file:/root/.npmrc Completed in 0ms
12 timing config:load:user Completed in 1ms
13 timing config:load:file:/etc/npmrc Completed in 1ms
14 timing config:load:global Completed in 1ms
15 timing config:load:validate Completed in 1ms
16 timing config:load:credentials Completed in 5ms
17 timing config:load:setEnvs Completed in 2ms
18 timing config:load Completed in 82ms
19 timing npm:load:configload Completed in 82ms
20 timing npm:load:mkdirpcache Completed in 10ms
21 timing npm:load:mkdirplogs Completed in 2ms
22 verbose title npm install types-registry@latest
23 verbose argv "install" "--ignore-scripts" "types-registry@latest"
24 timing npm:load:setTitle Completed in 7ms
25 timing config:load:flatten Completed in 8ms
26 timing npm:load:display Completed in 10ms
27 verbose logfile logs-max:10 dir:/root/.npm/_logs
28 verbose logfile /root/.npm/_logs/2022-12-10T18_44_23_574Z-debug-0.log
29 timing npm:load:logFile Completed in 102ms
30 timing npm:load:timers Completed in 1ms
31 timing npm:load:configScope Completed in 0ms
32 timing npm:load Completed in 218ms
33 timing arborist:ctor Completed in 3ms
34 silly logfile done cleaning log files
35 timing idealTree:init Completed in 99ms
36 timing arborist:ctor Completed in 1ms
37 http fetch GET 200 https://registry.npmjs.org/types-registry 143ms (cache hit)
38 timing idealTree:userRequests Completed in 193ms
39 silly idealTree buildDeps
40 silly fetch manifest types-registry@0.1.621
41 silly placeDep ROOT types-registry@0.1.621 REPLACE for:  want: 0.1.621
42 timing idealTree:#root Completed in 78ms
43 timing idealTree:node_modules/types-registry Completed in 0ms
44 timing idealTree:buildDeps Completed in 83ms
45 timing idealTree:fixDepFlags Completed in 0ms
46 timing idealTree Completed in 380ms
47 timing reify:loadTrees Completed in 382ms
48 timing reify:diffTrees Completed in 16ms
49 silly reify moves {}
50 timing reify:retireShallow Completed in 11ms
51 timing reify:createSparse Completed in 0ms
52 timing reify:loadBundles Completed in 0ms
53 silly audit bulk request { 'types-registry': [ '0.1.621' ] }
54 timing reify:unpack Completed in 10ms
55 timing reify:unretire Completed in 0ms
56 timing build:queue Completed in 0ms
57 timing build:deps Completed in 1ms
58 timing build Completed in 2ms
59 timing reify:build Completed in 2ms
60 timing reify:trash Completed in 0ms
61 timing reify:save Completed in 128ms
62 http fetch POST 200 https://registry.npmjs.org/-/npm/v1/security/advisories/bulk 475ms
63 timing auditReport:getReport Completed in 488ms
64 silly audit report {}
65 timing auditReport:init Completed in 0ms
66 timing reify:audit Completed in 490ms
67 timing reify Completed in 943ms
68 timing command:install Completed in 966ms
69 verbose exit 0
70 timing npm Completed in 2471ms
71 info ok
