0 verbose cli /usr/bin/node /usr/bin/npm
1 info using npm@8.18.0
2 info using node@v18.7.0
3 timing npm:load:whichnode Completed in 0ms
4 timing config:load:defaults Completed in 4ms
5 timing config:load:file:/usr/share/nodejs/npm/npmrc Completed in 4ms
6 timing config:load:builtin Completed in 5ms
7 timing config:load:cli Completed in 5ms
8 timing config:load:env Completed in 1ms
9 timing config:load:file:/root/.cache/typescript/4.9/.npmrc Completed in 0ms
10 timing config:load:project Completed in 5ms
11 timing config:load:file:/root/.npmrc Completed in 0ms
12 timing config:load:user Completed in 0ms
13 timing config:load:file:/etc/npmrc Completed in 0ms
14 timing config:load:global Completed in 0ms
15 timing config:load:validate Completed in 1ms
16 timing config:load:credentials Completed in 1ms
17 timing config:load:setEnvs Completed in 2ms
18 timing config:load Completed in 26ms
19 timing npm:load:configload Completed in 26ms
20 timing npm:load:mkdirpcache Completed in 2ms
21 timing npm:load:mkdirplogs Completed in 1ms
22 verbose title npm install @types/cors@ts4.9
23 verbose argv "install" "--ignore-scripts" "@types/cors@ts4.9" "--save-dev" "--user-agent" "typesInstaller/4.9.3"
24 timing npm:load:setTitle Completed in 2ms
25 timing config:load:flatten Completed in 6ms
26 timing npm:load:display Completed in 8ms
27 verbose logfile logs-max:10 dir:/root/.npm/_logs
28 verbose logfile /root/.npm/_logs/2022-12-10T19_11_04_046Z-debug-0.log
29 timing npm:load:logFile Completed in 13ms
30 timing npm:load:timers Completed in 0ms
31 timing npm:load:configScope Completed in 0ms
32 timing npm:load Completed in 53ms
33 timing arborist:ctor Completed in 2ms
34 silly logfile done cleaning log files
35 timing idealTree:init Completed in 72ms
36 timing arborist:ctor Completed in 1ms
37 http fetch GET 200 https://registry.npmjs.org/@types%2fcors 1580ms (cache miss)
38 timing idealTree:userRequests Completed in 1593ms
39 silly idealTree buildDeps
40 silly fetch manifest @types/cors@2.8.13
41 silly placeDep ROOT @types/cors@2.8.13 OK for:  want: 2.8.13
42 timing idealTree:#root Completed in 11ms
43 timing idealTree:node_modules/@types/cors Completed in 1ms
44 timing idealTree:buildDeps Completed in 15ms
45 timing idealTree:fixDepFlags Completed in 1ms
46 timing idealTree Completed in 1683ms
47 timing reify:loadTrees Completed in 1685ms
48 timing reify:diffTrees Completed in 5ms
49 silly reify moves {}
50 timing reify:retireShallow Completed in 3ms
51 timing reify:createSparse Completed in 2ms
52 timing reify:loadBundles Completed in 0ms
53 silly audit bulk request {
53 silly audit   '@types/body-parser': [ '1.19.2' ],
53 silly audit   '@types/connect': [ '3.4.35' ],
53 silly audit   '@types/express': [ '4.17.14' ],
53 silly audit   '@types/express-serve-static-core': [ '4.17.31' ],
53 silly audit   '@types/merge-descriptors': [ '1.0.1' ],
53 silly audit   '@types/mime': [ '3.0.1' ],
53 silly audit   '@types/node': [ '18.11.13' ],
53 silly audit   '@types/qs': [ '6.9.7' ],
53 silly audit   '@types/range-parser': [ '1.2.4' ],
53 silly audit   '@types/serve-static': [ '1.15.0' ],
53 silly audit   'types-registry': [ '0.1.621' ],
53 silly audit   '@types/cors': [ '2.8.13' ]
53 silly audit }
54 silly tarball no local data for @types/cors@https://registry.npmjs.org/@types/cors/-/cors-2.8.13.tgz. Extracting by manifest.
55 http fetch POST 200 https://registry.npmjs.org/-/npm/v1/security/advisories/bulk 259ms
56 timing auditReport:getReport Completed in 265ms
57 silly audit report {}
58 timing auditReport:init Completed in 0ms
59 timing reify:audit Completed in 266ms
60 http fetch GET 200 https://registry.npmjs.org/@types/cors/-/cors-2.8.13.tgz 780ms (cache miss)
61 timing reifyNode:node_modules/@types/cors Completed in 826ms
62 timing reify:unpack Completed in 827ms
63 timing reify:unretire Completed in 0ms
64 timing build:queue Completed in 1ms
65 timing build:deps Completed in 1ms
66 timing build Completed in 2ms
67 timing reify:build Completed in 3ms
68 timing reify:trash Completed in 0ms
69 timing reify:save Completed in 31ms
70 timing reify Completed in 2589ms
71 silly ADD node_modules/@types/cors
72 timing command:install Completed in 2602ms
73 verbose exit 0
74 timing npm Completed in 2929ms
75 info ok
