0 verbose cli /usr/bin/node /usr/bin/npm
1 info using npm@8.18.0
2 info using node@v18.7.0
3 timing npm:load:whichnode Completed in 0ms
4 timing config:load:defaults Completed in 15ms
5 timing config:load:file:/usr/share/nodejs/npm/npmrc Completed in 22ms
6 timing config:load:builtin Completed in 22ms
7 timing config:load:cli Completed in 15ms
8 timing config:load:env Completed in 1ms
9 timing config:load:file:/root/.cache/typescript/4.9/.npmrc Completed in 0ms
10 timing config:load:project Completed in 23ms
11 timing config:load:file:/root/.npmrc Completed in 0ms
12 timing config:load:user Completed in 1ms
13 timing config:load:file:/etc/npmrc Completed in 1ms
14 timing config:load:global Completed in 1ms
15 timing config:load:validate Completed in 0ms
16 timing config:load:credentials Completed in 4ms
17 timing config:load:setEnvs Completed in 7ms
18 timing config:load Completed in 94ms
19 timing npm:load:configload Completed in 94ms
20 timing npm:load:mkdirpcache Completed in 7ms
21 timing npm:load:mkdirplogs Completed in 1ms
22 verbose title npm install types-registry@latest
23 verbose argv "install" "--ignore-scripts" "types-registry@latest"
24 timing npm:load:setTitle Completed in 3ms
25 timing config:load:flatten Completed in 16ms
26 timing npm:load:display Completed in 19ms
27 verbose logfile logs-max:10 dir:/root/.npm/_logs
28 verbose logfile /root/.npm/_logs/2022-12-11T12_28_22_039Z-debug-0.log
29 timing npm:load:logFile Completed in 59ms
30 timing npm:load:timers Completed in 0ms
31 timing npm:load:configScope Completed in 0ms
32 timing npm:load Completed in 189ms
33 timing arborist:ctor Completed in 9ms
34 silly logfile start cleaning logs, removing 1 files
35 silly logfile done cleaning log files
36 timing idealTree:init Completed in 330ms
37 timing arborist:ctor Completed in 0ms
38 http fetch GET 200 https://registry.npmjs.org/types-registry 617ms (cache updated)
39 timing idealTree:userRequests Completed in 666ms
40 silly idealTree buildDeps
41 silly fetch manifest types-registry@0.1.622
42 silly placeDep ROOT types-registry@0.1.622 REPLACE for:  want: 0.1.622
43 timing idealTree:#root Completed in 45ms
44 timing idealTree:node_modules/types-registry Completed in 0ms
45 timing idealTree:buildDeps Completed in 52ms
46 timing idealTree:fixDepFlags Completed in 1ms
47 timing idealTree Completed in 1064ms
48 timing reify:loadTrees Completed in 1067ms
49 timing reify:diffTrees Completed in 18ms
50 silly reify mark retired [ '/root/.cache/typescript/4.9/node_modules/types-registry' ]
51 silly reify moves {
51 silly reify   '/root/.cache/typescript/4.9/node_modules/types-registry': '/root/.cache/typescript/4.9/node_modules/.types-registry-rWorB2SS'
51 silly reify }
52 timing reify:retireShallow Completed in 31ms
53 timing reify:createSparse Completed in 7ms
54 timing reify:loadBundles Completed in 0ms
55 silly audit bulk request {
55 silly audit   '@types/body-parser': [ '1.19.2' ],
55 silly audit   '@types/connect': [ '3.4.35' ],
55 silly audit   '@types/cors': [ '2.8.13' ],
55 silly audit   '@types/express': [ '4.17.14' ],
55 silly audit   '@types/express-serve-static-core': [ '4.17.31' ],
55 silly audit   '@types/express-session': [ '1.17.5' ],
55 silly audit   '@types/merge-descriptors': [ '1.0.1' ],
55 silly audit   '@types/mime': [ '3.0.1' ],
55 silly audit   '@types/node': [ '18.11.13' ],
55 silly audit   '@types/nodemon': [ '1.19.2' ],
55 silly audit   '@types/qs': [ '6.9.7' ],
55 silly audit   '@types/range-parser': [ '1.2.4' ],
55 silly audit   '@types/serve-static': [ '1.15.0' ],
55 silly audit   '@types/sqlite3': [ '3.1.8' ],
55 silly audit   '@types/tedious': [ '4.0.9' ],
55 silly audit   'types-registry': [ '0.1.622' ]
55 silly audit }
56 silly tarball no local data for types-registry@https://registry.npmjs.org/types-registry/-/types-registry-0.1.622.tgz. Extracting by manifest.
57 http fetch POST 200 https://registry.npmjs.org/-/npm/v1/security/advisories/bulk 275ms
58 timing auditReport:getReport Completed in 285ms
59 silly audit report {}
60 timing auditReport:init Completed in 0ms
61 timing reify:audit Completed in 287ms
62 http fetch GET 200 https://registry.npmjs.org/types-registry/-/types-registry-0.1.622.tgz 315ms (cache miss)
63 timing reifyNode:node_modules/types-registry Completed in 381ms
64 timing reify:unpack Completed in 381ms
65 timing reify:unretire Completed in 0ms
66 timing build:queue Completed in 0ms
67 timing build:deps Completed in 2ms
68 timing build Completed in 6ms
69 timing reify:build Completed in 7ms
70 timing reify:trash Completed in 15ms
71 timing reify:save Completed in 99ms
72 timing reify Completed in 1741ms
73 silly CHANGE node_modules/types-registry
74 timing command:install Completed in 1797ms
75 verbose exit 0
76 timing npm Completed in 3001ms
77 info ok
