0 verbose cli /usr/bin/node /usr/bin/npm
1 info using npm@8.18.0
2 info using node@v18.7.0
3 timing npm:load:whichnode Completed in 0ms
4 timing config:load:defaults Completed in 6ms
5 timing config:load:file:/usr/share/nodejs/npm/npmrc Completed in 14ms
6 timing config:load:builtin Completed in 14ms
7 timing config:load:cli Completed in 4ms
8 timing config:load:env Completed in 0ms
9 timing config:load:project Completed in 1ms
10 timing config:load:file:/root/.npmrc Completed in 1ms
11 timing config:load:user Completed in 1ms
12 timing config:load:file:/etc/npmrc Completed in 0ms
13 timing config:load:global Completed in 1ms
14 timing config:load:validate Completed in 0ms
15 timing config:load:credentials Completed in 6ms
16 timing config:load:setEnvs Completed in 4ms
17 timing config:load Completed in 40ms
18 timing npm:load:configload Completed in 40ms
19 timing npm:load:mkdirpcache Completed in 2ms
20 timing npm:load:mkdirplogs Completed in 1ms
21 verbose title npm install nodemon
22 verbose argv "install" "--global" "--force" "nodemon"
23 timing npm:load:setTitle Completed in 3ms
24 timing config:load:flatten Completed in 8ms
25 timing npm:load:display Completed in 12ms
26 verbose logfile logs-max:10 dir:/root/.npm/_logs
27 verbose logfile /root/.npm/_logs/2022-12-10T21_24_34_858Z-debug-0.log
28 timing npm:load:logFile Completed in 20ms
29 timing npm:load:timers Completed in 0ms
30 timing npm:load:configScope Completed in 0ms
31 warn using --force Recommended protections disabled.
32 timing npm:load Completed in 88ms
33 timing arborist:ctor Completed in 5ms
34 silly logfile start cleaning logs, removing 1 files
35 silly logfile done cleaning log files
36 timing idealTree:init Completed in 18ms
37 timing idealTree:userRequests Completed in 15ms
38 silly idealTree buildDeps
39 silly fetch manifest nodemon@*
40 http fetch GET 200 https://registry.npmjs.org/nodemon 491ms (cache revalidated)
41 silly placeDep ROOT nodemon@2.0.20 OK for:  want: *
42 silly fetch manifest chokidar@^3.5.2
43 silly fetch manifest debug@^3.2.7
44 silly fetch manifest ignore-by-default@^1.0.1
45 silly fetch manifest minimatch@^3.1.2
46 silly fetch manifest pstree.remy@^1.1.8
47 silly fetch manifest semver@^5.7.1
48 silly fetch manifest simple-update-notifier@^1.0.7
49 silly fetch manifest supports-color@^5.5.0
50 silly fetch manifest touch@^3.1.0
51 silly fetch manifest undefsafe@^2.0.5
52 http fetch GET 200 https://registry.npmjs.org/chokidar 251ms (cache revalidated)
53 http fetch GET 200 https://registry.npmjs.org/minimatch 244ms (cache revalidated)
54 http fetch GET 200 https://registry.npmjs.org/simple-update-notifier 262ms (cache revalidated)
55 http fetch GET 200 https://registry.npmjs.org/supports-color 261ms (cache revalidated)
56 http fetch GET 200 https://registry.npmjs.org/debug 278ms (cache revalidated)
57 http fetch GET 200 https://registry.npmjs.org/semver 279ms (cache revalidated)
58 http fetch GET 200 https://registry.npmjs.org/touch 1433ms (cache revalidated)
59 http fetch GET 200 https://registry.npmjs.org/undefsafe 1461ms (cache revalidated)
60 http fetch GET 200 https://registry.npmjs.org/pstree.remy 1475ms (cache revalidated)
61 http fetch GET 200 https://registry.npmjs.org/ignore-by-default 1480ms (cache revalidated)
62 timing idealTree:#root Completed in 2050ms
63 silly placeDep node_modules/nodemon chokidar@3.5.3 OK for: nodemon@2.0.20 want: ^3.5.2
64 silly placeDep node_modules/nodemon debug@3.2.7 OK for: nodemon@2.0.20 want: ^3.2.7
65 silly placeDep node_modules/nodemon ignore-by-default@1.0.1 OK for: nodemon@2.0.20 want: ^1.0.1
66 silly placeDep node_modules/nodemon minimatch@3.1.2 OK for: nodemon@2.0.20 want: ^3.1.2
67 silly placeDep node_modules/nodemon pstree.remy@1.1.8 OK for: nodemon@2.0.20 want: ^1.1.8
68 silly placeDep node_modules/nodemon semver@5.7.1 OK for: nodemon@2.0.20 want: ^5.7.1
69 silly placeDep node_modules/nodemon simple-update-notifier@1.1.0 OK for: nodemon@2.0.20 want: ^1.0.7
70 silly placeDep node_modules/nodemon supports-color@5.5.0 OK for: nodemon@2.0.20 want: ^5.5.0
71 silly placeDep node_modules/nodemon touch@3.1.0 OK for: nodemon@2.0.20 want: ^3.1.0
72 silly placeDep node_modules/nodemon undefsafe@2.0.5 OK for: nodemon@2.0.20 want: ^2.0.5
73 silly fetch manifest anymatch@~3.1.2
74 silly fetch manifest braces@~3.0.2
75 silly fetch manifest glob-parent@~5.1.2
76 silly fetch manifest is-binary-path@~2.1.0
77 silly fetch manifest is-glob@~4.0.1
78 silly fetch manifest normalize-path@~3.0.0
79 silly fetch manifest readdirp@~3.6.0
80 silly fetch manifest fsevents@~2.3.2
81 silly fetch manifest ms@^2.1.1
82 silly fetch manifest brace-expansion@^1.1.7
83 silly fetch manifest semver@~7.0.0
84 silly fetch manifest has-flag@^3.0.0
85 silly fetch manifest nopt@~1.0.10
86 http fetch GET 200 https://registry.npmjs.org/normalize-path 721ms (cache revalidated)
87 http fetch GET 200 https://registry.npmjs.org/has-flag 690ms (cache revalidated)
88 http fetch GET 200 https://registry.npmjs.org/is-binary-path 735ms (cache revalidated)
89 http fetch GET 200 https://registry.npmjs.org/braces 985ms (cache revalidated)
90 http fetch GET 200 https://registry.npmjs.org/readdirp 742ms (cache revalidated)
91 http fetch GET 200 https://registry.npmjs.org/glob-parent 791ms (cache revalidated)
92 http fetch GET 200 https://registry.npmjs.org/is-glob 755ms (cache revalidated)
93 http fetch GET 200 https://registry.npmjs.org/ms 745ms (cache revalidated)
94 http fetch GET 200 https://registry.npmjs.org/nopt 718ms (cache revalidated)
95 http fetch GET 200 https://registry.npmjs.org/fsevents 761ms (cache revalidated)
96 http fetch GET 200 https://registry.npmjs.org/anymatch 1343ms (cache revalidated)
97 http fetch GET 200 https://registry.npmjs.org/brace-expansion 1072ms (cache revalidated)
98 timing idealTree:node_modules/nodemon Completed in 1513ms
99 silly placeDep node_modules/nodemon anymatch@3.1.3 OK for: chokidar@3.5.3 want: ~3.1.2
100 silly placeDep node_modules/nodemon braces@3.0.2 OK for: chokidar@3.5.3 want: ~3.0.2
101 silly placeDep node_modules/nodemon fsevents@2.3.2 OK for: chokidar@3.5.3 want: ~2.3.2
102 silly placeDep node_modules/nodemon glob-parent@5.1.2 OK for: chokidar@3.5.3 want: ~5.1.2
103 silly placeDep node_modules/nodemon is-binary-path@2.1.0 OK for: chokidar@3.5.3 want: ~2.1.0
104 silly placeDep node_modules/nodemon is-glob@4.0.3 OK for: chokidar@3.5.3 want: ~4.0.1
105 silly placeDep node_modules/nodemon normalize-path@3.0.0 OK for: chokidar@3.5.3 want: ~3.0.0
106 silly placeDep node_modules/nodemon readdirp@3.6.0 OK for: chokidar@3.5.3 want: ~3.6.0
107 silly fetch manifest picomatch@^2.0.4
108 silly fetch manifest fill-range@^7.0.1
109 silly fetch manifest binary-extensions@^2.0.0
110 silly fetch manifest is-extglob@^2.1.1
111 silly fetch manifest picomatch@^2.2.1
112 http fetch GET 200 https://registry.npmjs.org/is-extglob 823ms (cache revalidated)
113 http fetch GET 200 https://registry.npmjs.org/picomatch 1021ms (cache revalidated)
114 http fetch GET 200 https://registry.npmjs.org/picomatch 845ms (cache revalidated)
115 http fetch GET 200 https://registry.npmjs.org/fill-range 887ms (cache revalidated)
116 http fetch GET 200 https://registry.npmjs.org/binary-extensions 860ms (cache revalidated)
117 timing idealTree:node_modules/nodemon/node_modules/chokidar Completed in 1235ms
118 silly placeDep node_modules/nodemon picomatch@2.3.1 OK for: anymatch@3.1.3 want: ^2.0.4
119 timing idealTree:node_modules/nodemon/node_modules/anymatch Completed in 23ms
120 silly placeDep node_modules/nodemon fill-range@7.0.1 OK for: braces@3.0.2 want: ^7.0.1
121 silly fetch manifest to-regex-range@^5.0.1
122 http fetch GET 200 https://registry.npmjs.org/to-regex-range 299ms (cache revalidated)
123 timing idealTree:node_modules/nodemon/node_modules/braces Completed in 369ms
124 silly placeDep node_modules/nodemon ms@2.1.3 OK for: debug@3.2.7 want: ^2.1.1
125 timing idealTree:node_modules/nodemon/node_modules/debug Completed in 30ms
126 silly placeDep node_modules/nodemon to-regex-range@5.0.1 OK for: fill-range@7.0.1 want: ^5.0.1
127 silly fetch manifest is-number@^7.0.0
128 http fetch GET 200 https://registry.npmjs.org/is-number 412ms (cache revalidated)
129 timing idealTree:node_modules/nodemon/node_modules/fill-range Completed in 504ms
130 timing idealTree:node_modules/nodemon/node_modules/fsevents Completed in 1ms
131 timing idealTree:node_modules/nodemon/node_modules/glob-parent Completed in 0ms
132 timing idealTree:node_modules/nodemon/node_modules/ignore-by-default Completed in 0ms
133 silly placeDep node_modules/nodemon binary-extensions@2.2.0 OK for: is-binary-path@2.1.0 want: ^2.0.0
134 timing idealTree:node_modules/nodemon/node_modules/is-binary-path Completed in 11ms
135 timing idealTree:node_modules/nodemon/node_modules/binary-extensions Completed in 0ms
136 silly placeDep node_modules/nodemon is-extglob@2.1.1 OK for: is-glob@4.0.3 want: ^2.1.1
137 timing idealTree:node_modules/nodemon/node_modules/is-glob Completed in 9ms
138 timing idealTree:node_modules/nodemon/node_modules/is-extglob Completed in 0ms
139 silly placeDep node_modules/nodemon brace-expansion@1.1.11 OK for: minimatch@3.1.2 want: ^1.1.7
140 silly fetch manifest balanced-match@^1.0.0
141 silly fetch manifest concat-map@0.0.1
142 http fetch GET 200 https://registry.npmjs.org/balanced-match 233ms (cache revalidated)
143 http fetch GET 200 https://registry.npmjs.org/concat-map 222ms (cache revalidated)
144 timing idealTree:node_modules/nodemon/node_modules/minimatch Completed in 560ms
145 silly placeDep node_modules/nodemon balanced-match@1.0.2 OK for: brace-expansion@1.1.11 want: ^1.0.0
146 silly placeDep node_modules/nodemon concat-map@0.0.1 OK for: brace-expansion@1.1.11 want: 0.0.1
147 timing idealTree:node_modules/nodemon/node_modules/brace-expansion Completed in 272ms
148 timing idealTree:node_modules/nodemon/node_modules/balanced-match Completed in 0ms
149 timing idealTree:node_modules/nodemon/node_modules/concat-map Completed in 0ms
150 timing idealTree:node_modules/nodemon/node_modules/ms Completed in 0ms
151 timing idealTree:node_modules/nodemon/node_modules/normalize-path Completed in 0ms
152 timing idealTree:node_modules/nodemon/node_modules/picomatch Completed in 0ms
153 timing idealTree:node_modules/nodemon/node_modules/pstree.remy Completed in 0ms
154 timing idealTree:node_modules/nodemon/node_modules/readdirp Completed in 0ms
155 timing idealTree:node_modules/nodemon/node_modules/semver Completed in 0ms
156 silly placeDep node_modules/nodemon/node_modules/simple-update-notifier semver@7.0.0 OK for: simple-update-notifier@1.1.0 want: ~7.0.0
157 timing idealTree:node_modules/nodemon/node_modules/simple-update-notifier Completed in 1157ms
158 silly placeDep node_modules/nodemon has-flag@3.0.0 OK for: supports-color@5.5.0 want: ^3.0.0
159 timing idealTree:node_modules/nodemon/node_modules/supports-color Completed in 68ms
160 timing idealTree:node_modules/nodemon/node_modules/has-flag Completed in 0ms
161 silly placeDep node_modules/nodemon is-number@7.0.0 OK for: to-regex-range@5.0.1 want: ^7.0.0
162 timing idealTree:node_modules/nodemon/node_modules/to-regex-range Completed in 163ms
163 timing idealTree:node_modules/nodemon/node_modules/is-number Completed in 12ms
164 silly placeDep node_modules/nodemon nopt@1.0.10 OK for: touch@3.1.0 want: ~1.0.10
165 silly fetch manifest abbrev@1
166 http fetch GET 200 https://registry.npmjs.org/abbrev 597ms (cache revalidated)
167 timing idealTree:node_modules/nodemon/node_modules/touch Completed in 766ms
168 silly placeDep node_modules/nodemon abbrev@1.1.1 OK for: nopt@1.0.10 want: 1
169 timing idealTree:node_modules/nodemon/node_modules/nopt Completed in 15ms
170 timing idealTree:node_modules/nodemon/node_modules/abbrev Completed in 0ms
171 timing idealTree:node_modules/nodemon/node_modules/undefsafe Completed in 0ms
172 timing idealTree:node_modules/nodemon/node_modules/simple-update-notifier/node_modules/semver Completed in 0ms
173 timing idealTree:buildDeps Completed in 9178ms
174 timing idealTree:fixDepFlags Completed in 17ms
175 timing idealTree Completed in 9235ms
176 timing reify:loadTrees Completed in 9474ms
177 timing reify:diffTrees Completed in 195ms
178 silly reify moves {}
179 timing reify:retireShallow Completed in 114ms
180 timing reify:createSparse Completed in 196ms
181 timing reify:loadBundles Completed in 0ms
182 silly audit bulk request {
182 silly audit   nodemon: [ '2.0.20' ],
182 silly audit   chokidar: [ '3.5.3' ],
182 silly audit   debug: [ '3.2.7' ],
182 silly audit   'ignore-by-default': [ '1.0.1' ],
182 silly audit   minimatch: [ '3.1.2' ],
182 silly audit   'pstree.remy': [ '1.1.8' ],
182 silly audit   semver: [ '5.7.1', '7.0.0' ],
182 silly audit   'simple-update-notifier': [ '1.1.0' ],
182 silly audit   'supports-color': [ '5.5.0' ],
182 silly audit   touch: [ '3.1.0' ],
182 silly audit   undefsafe: [ '2.0.5' ],
182 silly audit   anymatch: [ '3.1.3' ],
182 silly audit   braces: [ '3.0.2' ],
182 silly audit   fsevents: [ '2.3.2' ],
182 silly audit   'glob-parent': [ '5.1.2' ],
182 silly audit   'is-binary-path': [ '2.1.0' ],
182 silly audit   'is-glob': [ '4.0.3' ],
182 silly audit   'normalize-path': [ '3.0.0' ],
182 silly audit   readdirp: [ '3.6.0' ],
182 silly audit   picomatch: [ '2.3.1' ],
182 silly audit   'fill-range': [ '7.0.1' ],
182 silly audit   ms: [ '2.1.3' ],
182 silly audit   'to-regex-range': [ '5.0.1' ],
182 silly audit   'binary-extensions': [ '2.2.0' ],
182 silly audit   'is-extglob': [ '2.1.1' ],
182 silly audit   'brace-expansion': [ '1.1.11' ],
182 silly audit   'balanced-match': [ '1.0.2' ],
182 silly audit   'concat-map': [ '0.0.1' ],
182 silly audit   'has-flag': [ '3.0.0' ],
182 silly audit   'is-number': [ '7.0.0' ],
182 silly audit   nopt: [ '1.0.10' ],
182 silly audit   abbrev: [ '1.1.1' ]
182 silly audit }
183 verbose reify failed optional dependency /usr/local/lib/node_modules/nodemon/node_modules/fsevents
184 silly reify mark deleted [ '/usr/local/lib/node_modules/nodemon/node_modules/fsevents' ]
185 timing reifyNode:node_modules/nodemon/node_modules/fsevents Completed in 274ms
186 http fetch POST 200 https://registry.npmjs.org/-/npm/v1/security/advisories/bulk 990ms
187 timing auditReport:getReport Completed in 1057ms
188 silly audit report {}
189 timing auditReport:init Completed in 2ms
190 timing reify:audit Completed in 1205ms
191 timing reifyNode:node_modules/nodemon/node_modules/is-extglob Completed in 4457ms
192 timing reifyNode:node_modules/nodemon/node_modules/brace-expansion Completed in 4469ms
193 timing reifyNode:node_modules/nodemon/node_modules/is-number Completed in 4482ms
194 timing reifyNode:node_modules/nodemon/node_modules/ms Completed in 4527ms
195 timing reifyNode:node_modules/nodemon/node_modules/normalize-path Completed in 4530ms
196 timing reifyNode:node_modules/nodemon/node_modules/abbrev Completed in 4542ms
197 timing reifyNode:node_modules/nodemon/node_modules/ignore-by-default Completed in 4537ms
198 timing reifyNode:node_modules/nodemon/node_modules/has-flag Completed in 4780ms
199 timing reifyNode:node_modules/nodemon/node_modules/fill-range Completed in 4829ms
200 timing reifyNode:node_modules/nodemon/node_modules/to-regex-range Completed in 4830ms
201 timing reifyNode:node_modules/nodemon/node_modules/is-glob Completed in 4831ms
202 timing reifyNode:node_modules/nodemon/node_modules/is-binary-path Completed in 4831ms
203 timing reifyNode:node_modules/nodemon/node_modules/glob-parent Completed in 4831ms
204 timing reifyNode:node_modules/nodemon/node_modules/anymatch Completed in 4831ms
205 timing reifyNode:node_modules/nodemon/node_modules/supports-color Completed in 4832ms
206 timing reifyNode:node_modules/nodemon/node_modules/touch Completed in 4906ms
207 timing reifyNode:node_modules/nodemon/node_modules/balanced-match Completed in 5290ms
208 timing reifyNode:node_modules/nodemon/node_modules/binary-extensions Completed in 5301ms
209 timing reifyNode:node_modules/nodemon/node_modules/readdirp Completed in 5300ms
210 timing reifyNode:node_modules/nodemon/node_modules/minimatch Completed in 5452ms
211 timing reifyNode:node_modules/nodemon/node_modules/concat-map Completed in 5743ms
212 timing reifyNode:node_modules/nodemon/node_modules/nopt Completed in 6058ms
213 timing reifyNode:node_modules/nodemon/node_modules/semver Completed in 7023ms
214 timing reifyNode:node_modules/nodemon/node_modules/undefsafe Completed in 7322ms
215 timing reifyNode:node_modules/nodemon/node_modules/debug Completed in 7344ms
216 timing reifyNode:node_modules/nodemon/node_modules/braces Completed in 7385ms
217 timing reifyNode:node_modules/nodemon/node_modules/pstree.remy Completed in 7393ms
218 timing reifyNode:node_modules/nodemon/node_modules/simple-update-notifier Completed in 7493ms
219 timing reifyNode:node_modules/nodemon/node_modules/chokidar Completed in 7603ms
220 timing reifyNode:node_modules/nodemon/node_modules/picomatch Completed in 8155ms
221 timing reifyNode:node_modules/nodemon/node_modules/simple-update-notifier/node_modules/semver Completed in 10206ms
222 timing reifyNode:node_modules/nodemon Completed in 12168ms
223 timing reify:unpack Completed in 12270ms
224 timing reify:unretire Completed in 87ms
225 timing build:queue Completed in 110ms
226 timing build:link:node_modules/nodemon Completed in 254ms
227 timing build:link:node_modules/nodemon/node_modules/touch Completed in 68ms
228 timing build:link:node_modules/nodemon/node_modules/simple-update-notifier/node_modules/semver Completed in 69ms
229 timing build:link:node_modules/nodemon/node_modules/semver Completed in 69ms
230 timing build:link:node_modules/nodemon/node_modules/nopt Completed in 72ms
231 timing build:link Completed in 270ms
232 timing build:deps Completed in 481ms
233 timing build Completed in 488ms
234 timing reify:build Completed in 765ms
235 timing reify:trash Completed in 3ms
236 timing reify Completed in 23679ms
237 silly ADD node_modules/nodemon
238 silly ADD node_modules/nodemon/node_modules/abbrev
239 silly ADD node_modules/nodemon/node_modules/nopt
240 silly ADD node_modules/nodemon/node_modules/is-number
241 silly ADD node_modules/nodemon/node_modules/has-flag
242 silly ADD node_modules/nodemon/node_modules/concat-map
243 silly ADD node_modules/nodemon/node_modules/balanced-match
244 silly ADD node_modules/nodemon/node_modules/brace-expansion
245 silly ADD node_modules/nodemon/node_modules/is-extglob
246 silly ADD node_modules/nodemon/node_modules/binary-extensions
247 silly ADD node_modules/nodemon/node_modules/to-regex-range
248 silly ADD node_modules/nodemon/node_modules/ms
249 silly ADD node_modules/nodemon/node_modules/fill-range
250 silly ADD node_modules/nodemon/node_modules/picomatch
251 silly ADD node_modules/nodemon/node_modules/readdirp
252 silly ADD node_modules/nodemon/node_modules/normalize-path
253 silly ADD node_modules/nodemon/node_modules/is-glob
254 silly ADD node_modules/nodemon/node_modules/is-binary-path
255 silly ADD node_modules/nodemon/node_modules/glob-parent
256 silly ADD
257 silly ADD node_modules/nodemon/node_modules/braces
258 silly ADD node_modules/nodemon/node_modules/anymatch
259 silly ADD node_modules/nodemon/node_modules/undefsafe
260 silly ADD node_modules/nodemon/node_modules/touch
261 silly ADD node_modules/nodemon/node_modules/supports-color
262 silly ADD node_modules/nodemon/node_modules/simple-update-notifier
263 silly ADD node_modules/nodemon/node_modules/simple-update-notifier/node_modules/semver
264 silly ADD node_modules/nodemon/node_modules/semver
265 silly ADD node_modules/nodemon/node_modules/pstree.remy
266 silly ADD node_modules/nodemon/node_modules/minimatch
267 silly ADD node_modules/nodemon/node_modules/ignore-by-default
268 silly ADD node_modules/nodemon/node_modules/debug
269 silly ADD node_modules/nodemon/node_modules/chokidar
270 timing command:install Completed in 23726ms
271 verbose exit 0
272 timing npm Completed in 24255ms
273 info ok
