0 verbose cli /usr/bin/node /usr/bin/npm
1 info using npm@8.18.0
2 info using node@v18.7.0
3 timing npm:load:whichnode Completed in 0ms
4 timing config:load:defaults Completed in 5ms
5 timing config:load:file:/usr/share/nodejs/npm/npmrc Completed in 5ms
6 timing config:load:builtin Completed in 5ms
7 timing config:load:cli Completed in 6ms
8 timing config:load:env Completed in 1ms
9 timing config:load:file:/root/.cache/typescript/4.9/.npmrc Completed in 0ms
10 timing config:load:project Completed in 7ms
11 timing config:load:file:/root/.npmrc Completed in 0ms
12 timing config:load:user Completed in 0ms
13 timing config:load:file:/etc/npmrc Completed in 0ms
14 timing config:load:global Completed in 1ms
15 timing config:load:validate Completed in 0ms
16 timing config:load:credentials Completed in 2ms
17 timing config:load:setEnvs Completed in 2ms
18 timing config:load Completed in 29ms
19 timing npm:load:configload Completed in 29ms
20 timing npm:load:mkdirpcache Completed in 3ms
21 timing npm:load:mkdirplogs Completed in 1ms
22 verbose title npm install @types/express@ts4.9 @types/body-parser@ts4.9 @types/node@ts4.9 @types/merge-descriptors@ts4.9 @types/serve-static@ts4.9
23 verbose argv "install" "--ignore-scripts" "@types/express@ts4.9" "@types/body-parser@ts4.9" "@types/node@ts4.9" "@types/merge-descriptors@ts4.9" "@types/serve-static@ts4.9" "--save-dev" "--user-agent" "typesInstaller/4.9.3"
24 timing npm:load:setTitle Completed in 4ms
25 timing config:load:flatten Completed in 7ms
26 timing npm:load:display Completed in 9ms
27 verbose logfile logs-max:10 dir:/root/.npm/_logs
28 verbose logfile /root/.npm/_logs/2022-12-10T19_05_03_515Z-debug-0.log
29 timing npm:load:logFile Completed in 14ms
30 timing npm:load:timers Completed in 0ms
31 timing npm:load:configScope Completed in 0ms
32 timing npm:load Completed in 62ms
33 timing arborist:ctor Completed in 2ms
34 silly logfile done cleaning log files
35 timing idealTree:init Completed in 33ms
36 timing arborist:ctor Completed in 0ms
37 http fetch GET 200 https://registry.npmjs.org/@types%2fserve-static 225ms (cache miss)
38 http fetch GET 200 https://registry.npmjs.org/@types%2fbody-parser 235ms (cache miss)
39 http fetch GET 200 https://registry.npmjs.org/@types%2fexpress 247ms (cache miss)
40 http fetch GET 200 https://registry.npmjs.org/@types%2fnode 754ms (cache miss)
41 http fetch GET 200 https://registry.npmjs.org/@types%2fmerge-descriptors 1532ms (cache miss)
42 timing idealTree:userRequests Completed in 1549ms
43 silly idealTree buildDeps
44 silly fetch manifest @types/express@4.17.14
45 silly fetch manifest @types/body-parser@1.19.2
46 silly fetch manifest @types/node@18.11.13
47 silly fetch manifest @types/merge-descriptors@1.0.1
48 silly fetch manifest @types/serve-static@1.15.0
49 silly placeDep ROOT @types/body-parser@1.19.2 OK for:  want: 1.19.2
50 silly placeDep ROOT @types/express@4.17.14 OK for:  want: 4.17.14
51 silly placeDep ROOT @types/merge-descriptors@1.0.1 OK for:  want: 1.0.1
52 silly placeDep ROOT @types/node@18.11.13 OK for:  want: 18.11.13
53 silly placeDep ROOT @types/serve-static@1.15.0 OK for:  want: 1.15.0
54 silly fetch manifest @types/connect@*
55 silly fetch manifest @types/express-serve-static-core@^4.17.18
56 silly fetch manifest @types/qs@*
57 silly fetch manifest @types/mime@*
58 http fetch GET 200 https://registry.npmjs.org/@types%2fconnect 85ms (cache miss)
59 http fetch GET 200 https://registry.npmjs.org/@types%2fqs 1426ms (cache miss)
60 http fetch GET 200 https://registry.npmjs.org/@types%2fmime 1481ms (cache miss)
61 http fetch GET 200 https://registry.npmjs.org/@types%2fexpress-serve-static-core 1486ms (cache miss)
62 timing idealTree:#root Completed in 1529ms
63 silly placeDep ROOT @types/connect@3.4.35 OK for: @types/body-parser@1.19.2 want: *
64 timing idealTree:node_modules/@types/body-parser Completed in 5ms
65 timing idealTree:node_modules/@types/connect Completed in 1ms
66 silly placeDep ROOT @types/express-serve-static-core@4.17.31 OK for: @types/express@4.17.14 want: ^4.17.18
67 silly placeDep ROOT @types/qs@6.9.7 OK for: @types/express@4.17.14 want: *
68 silly fetch manifest @types/range-parser@*
69 http fetch GET 200 https://registry.npmjs.org/@types%2frange-parser 56ms (cache miss)
70 timing idealTree:node_modules/@types/express Completed in 86ms
71 silly placeDep ROOT @types/range-parser@1.2.4 OK for: @types/express-serve-static-core@4.17.31 want: *
72 timing idealTree:node_modules/@types/express-serve-static-core Completed in 3ms
73 timing idealTree:node_modules/@types/merge-descriptors Completed in 0ms
74 timing idealTree:node_modules/@types/node Completed in 0ms
75 timing idealTree:node_modules/@types/qs Completed in 0ms
76 timing idealTree:node_modules/@types/range-parser Completed in 0ms
77 silly placeDep ROOT @types/mime@3.0.1 OK for: @types/serve-static@1.15.0 want: *
78 timing idealTree:node_modules/@types/serve-static Completed in 3ms
79 timing idealTree:node_modules/@types/mime Completed in 1ms
80 timing idealTree:buildDeps Completed in 1632ms
81 timing idealTree:fixDepFlags Completed in 1ms
82 timing idealTree Completed in 3222ms
83 timing reify:loadTrees Completed in 3225ms
84 timing reify:diffTrees Completed in 5ms
85 silly reify moves {}
86 timing reify:retireShallow Completed in 3ms
87 timing reify:createSparse Completed in 10ms
88 timing reify:loadBundles Completed in 0ms
89 silly audit bulk request {
89 silly audit   'types-registry': [ '0.1.621' ],
89 silly audit   '@types/body-parser': [ '1.19.2' ],
89 silly audit   '@types/express': [ '4.17.14' ],
89 silly audit   '@types/merge-descriptors': [ '1.0.1' ],
89 silly audit   '@types/node': [ '18.11.13' ],
89 silly audit   '@types/serve-static': [ '1.15.0' ],
89 silly audit   '@types/connect': [ '3.4.35' ],
89 silly audit   '@types/express-serve-static-core': [ '4.17.31' ],
89 silly audit   '@types/qs': [ '6.9.7' ],
89 silly audit   '@types/range-parser': [ '1.2.4' ],
89 silly audit   '@types/mime': [ '3.0.1' ]
89 silly audit }
90 silly tarball no local data for @types/mime@https://registry.npmjs.org/@types/mime/-/mime-3.0.1.tgz. Extracting by manifest.
91 silly tarball no local data for @types/range-parser@https://registry.npmjs.org/@types/range-parser/-/range-parser-1.2.4.tgz. Extracting by manifest.
92 silly tarball no local data for @types/qs@https://registry.npmjs.org/@types/qs/-/qs-6.9.7.tgz. Extracting by manifest.
93 silly tarball no local data for @types/express-serve-static-core@https://registry.npmjs.org/@types/express-serve-static-core/-/express-serve-static-core-4.17.31.tgz. Extracting by manifest.
94 silly tarball no local data for @types/connect@https://registry.npmjs.org/@types/connect/-/connect-3.4.35.tgz. Extracting by manifest.
95 silly tarball no local data for @types/serve-static@https://registry.npmjs.org/@types/serve-static/-/serve-static-1.15.0.tgz. Extracting by manifest.
96 silly tarball no local data for @types/node@https://registry.npmjs.org/@types/node/-/node-18.11.13.tgz. Extracting by manifest.
97 silly tarball no local data for @types/merge-descriptors@https://registry.npmjs.org/@types/merge-descriptors/-/merge-descriptors-1.0.1.tgz. Extracting by manifest.
98 silly tarball no local data for @types/express@https://registry.npmjs.org/@types/express/-/express-4.17.14.tgz. Extracting by manifest.
99 silly tarball no local data for @types/body-parser@https://registry.npmjs.org/@types/body-parser/-/body-parser-1.19.2.tgz. Extracting by manifest.
100 http fetch POST 200 https://registry.npmjs.org/-/npm/v1/security/advisories/bulk 253ms
101 timing auditReport:getReport Completed in 259ms
102 silly audit report {}
103 timing auditReport:init Completed in 0ms
104 timing reify:audit Completed in 261ms
105 http fetch GET 200 https://registry.npmjs.org/@types/mime/-/mime-3.0.1.tgz 341ms (cache miss)
106 timing reifyNode:node_modules/@types/mime Completed in 374ms
107 http fetch GET 200 https://registry.npmjs.org/@types/qs/-/qs-6.9.7.tgz 341ms (cache miss)
108 timing reifyNode:node_modules/@types/qs Completed in 379ms
109 http fetch GET 200 https://registry.npmjs.org/@types/range-parser/-/range-parser-1.2.4.tgz 346ms (cache miss)
110 timing reifyNode:node_modules/@types/range-parser Completed in 382ms
111 http fetch GET 200 https://registry.npmjs.org/@types/express-serve-static-core/-/express-serve-static-core-4.17.31.tgz 348ms (cache miss)
112 timing reifyNode:node_modules/@types/express-serve-static-core Completed in 387ms
113 http fetch GET 200 https://registry.npmjs.org/@types/serve-static/-/serve-static-1.15.0.tgz 345ms (cache miss)
114 timing reifyNode:node_modules/@types/serve-static Completed in 392ms
115 http fetch GET 200 https://registry.npmjs.org/@types/express/-/express-4.17.14.tgz 342ms (cache miss)
116 timing reifyNode:node_modules/@types/express Completed in 396ms
117 http fetch GET 200 https://registry.npmjs.org/@types/body-parser/-/body-parser-1.19.2.tgz 341ms (cache miss)
118 timing reifyNode:node_modules/@types/body-parser Completed in 399ms
119 http fetch GET 200 https://registry.npmjs.org/@types/connect/-/connect-3.4.35.tgz 360ms (cache miss)
120 timing reifyNode:node_modules/@types/connect Completed in 401ms
121 http fetch GET 200 https://registry.npmjs.org/@types/node/-/node-18.11.13.tgz 541ms (cache miss)
122 timing reifyNode:node_modules/@types/node Completed in 591ms
123 http fetch GET 200 https://registry.npmjs.org/@types/merge-descriptors/-/merge-descriptors-1.0.1.tgz 994ms (cache miss)
124 timing reifyNode:node_modules/@types/merge-descriptors Completed in 1045ms
125 timing reify:unpack Completed in 1048ms
126 timing reify:unretire Completed in 0ms
127 timing build:queue Completed in 2ms
128 timing build:deps Completed in 3ms
129 timing build Completed in 4ms
130 timing reify:build Completed in 4ms
131 timing reify:trash Completed in 0ms
132 timing reify:save Completed in 32ms
133 timing reify Completed in 4374ms
134 silly ADD node_modules/@types/mime
135 silly ADD node_modules/@types/range-parser
136 silly ADD node_modules/@types/qs
137 silly ADD node_modules/@types/express-serve-static-core
138 silly ADD node_modules/@types/connect
139 silly ADD node_modules/@types/serve-static
140 silly ADD node_modules/@types/node
141 silly ADD node_modules/@types/merge-descriptors
142 silly ADD node_modules/@types/express
143 silly ADD node_modules/@types/body-parser
144 timing command:install Completed in 4388ms
145 verbose exit 0
146 timing npm Completed in 4739ms
147 info ok
