0 verbose cli /usr/bin/node /usr/bin/npm
1 info using npm@8.18.0
2 info using node@v18.7.0
3 timing npm:load:whichnode Completed in 0ms
4 timing config:load:defaults Completed in 4ms
5 timing config:load:file:/usr/share/nodejs/npm/npmrc Completed in 5ms
6 timing config:load:builtin Completed in 6ms
7 timing config:load:cli Completed in 3ms
8 timing config:load:env Completed in 1ms
9 timing config:load:project Completed in 2ms
10 timing config:load:file:/root/.npmrc Completed in 0ms
11 timing config:load:user Completed in 0ms
12 timing config:load:file:/etc/npmrc Completed in 0ms
13 timing config:load:global Completed in 0ms
14 timing config:load:validate Completed in 0ms
15 timing config:load:credentials Completed in 2ms
16 timing config:load:setEnvs Completed in 2ms
17 timing config:load Completed in 23ms
18 timing npm:load:configload Completed in 24ms
19 timing npm:load:mkdirpcache Completed in 2ms
20 timing npm:load:mkdirplogs Completed in 1ms
21 verbose title npm install node.js
22 verbose argv "install" "node.js"
23 timing npm:load:setTitle Completed in 2ms
24 timing config:load:flatten Completed in 8ms
25 timing npm:load:display Completed in 12ms
26 verbose logfile logs-max:10 dir:/root/.npm/_logs
27 verbose logfile /root/.npm/_logs/2022-12-10T20_28_08_830Z-debug-0.log
28 timing npm:load:logFile Completed in 14ms
29 timing npm:load:timers Completed in 0ms
30 timing npm:load:configScope Completed in 0ms
31 timing npm:load Completed in 58ms
32 timing arborist:ctor Completed in 3ms
33 silly logfile start cleaning logs, removing 1 files
34 silly logfile done cleaning log files
35 timing idealTree:init Completed in 267ms
36 timing idealTree:userRequests Completed in 4ms
37 silly idealTree buildDeps
38 silly fetch manifest node.js@*
39 verbose shrinkwrap failed to load node_modules/.package-lock.json missing from lockfile: node_modules/node/node_modules/node-bin-setup
40 http fetch GET 200 https://registry.npmjs.org/node.js 952ms (cache miss)
41 silly placeDep ROOT node.js@0.0.1-security OK for: root@1.0.0 want: *
42 timing idealTree:#root Completed in 969ms
43 timing idealTree:node_modules/node.js Completed in 0ms
44 timing idealTree:buildDeps Completed in 972ms
45 timing idealTree:fixDepFlags Completed in 2ms
46 timing idealTree Completed in 1252ms
47 timing reify:loadTrees Completed in 1254ms
48 timing reify:diffTrees Completed in 11ms
49 silly reify mark retired [
49 silly reify   '/root/node_modules/node/node_modules/node-linux-x64',
49 silly reify   '/root/node_modules/node/node_modules/.bin/node'
49 silly reify ]
50 silly reify mark retired [ '/root/node_modules/node/node_modules/node-bin-setup' ]
51 silly reify moves {
51 silly reify   '/root/node_modules/node/node_modules/node-linux-x64': '/root/node_modules/node/node_modules/.node-linux-x64-N4DmamtR',
51 silly reify   '/root/node_modules/node/node_modules/.bin/node': '/root/node_modules/node/node_modules/.bin/.node-h6nKRZC7',
51 silly reify   '/root/node_modules/node/node_modules/node-bin-setup': '/root/node_modules/node/node_modules/.node-bin-setup-IvVSh2ZL'
51 silly reify }
52 timing reify:retireShallow Completed in 12ms
53 timing reify:createSparse Completed in 3ms
54 timing reify:loadBundles Completed in 0ms
55 silly audit bulk request {
55 silly audit   abbrev: [ '1.1.1' ],
55 silly audit   accepts: [ '1.3.8' ],
55 silly audit   anymatch: [ '3.1.3' ],
55 silly audit   'array-flatten': [ '1.1.1' ],
55 silly audit   'balanced-match': [ '1.0.2' ],
55 silly audit   'binary-extensions': [ '2.2.0' ],
55 silly audit   'body-parser': [ '1.20.1' ],
55 silly audit   'brace-expansion': [ '1.1.11' ],
55 silly audit   braces: [ '3.0.2' ],
55 silly audit   bytes: [ '3.1.2' ],
55 silly audit   'call-bind': [ '1.0.2' ],
55 silly audit   chokidar: [ '3.5.3' ],
55 silly audit   'concat-map': [ '0.0.1' ],
55 silly audit   'content-disposition': [ '0.5.4' ],
55 silly audit   'content-type': [ '1.0.4' ],
55 silly audit   cookie: [ '0.5.0' ],
55 silly audit   'cookie-signature': [ '1.0.6' ],
55 silly audit   debug: [ '2.6.9', '3.2.7' ],
55 silly audit   depd: [ '2.0.0' ],
55 silly audit   destroy: [ '1.2.0' ],
55 silly audit   'ee-first': [ '1.1.1' ],
55 silly audit   encodeurl: [ '1.0.2' ],
55 silly audit   'escape-html': [ '1.0.3' ],
55 silly audit   etag: [ '1.8.1' ],
55 silly audit   express: [ '4.18.2' ],
55 silly audit   'fill-range': [ '7.0.1' ],
55 silly audit   finalhandler: [ '1.2.0' ],
55 silly audit   forwarded: [ '0.2.0' ],
55 silly audit   fresh: [ '0.5.2' ],
55 silly audit   fsevents: [ '2.3.2' ],
55 silly audit   'function-bind': [ '1.1.1' ],
55 silly audit   'get-intrinsic': [ '1.1.3' ],
55 silly audit   'glob-parent': [ '5.1.2' ],
55 silly audit   has: [ '1.0.3' ],
55 silly audit   'has-flag': [ '3.0.0' ],
55 silly audit   'has-symbols': [ '1.0.3' ],
55 silly audit   'http-errors': [ '2.0.0' ],
55 silly audit   'iconv-lite': [ '0.4.24' ],
55 silly audit   'ignore-by-default': [ '1.0.1' ],
55 silly audit   inherits: [ '2.0.4' ],
55 silly audit   'ipaddr.js': [ '1.9.1' ],
55 silly audit   'is-binary-path': [ '2.1.0' ],
55 silly audit   'is-extglob': [ '2.1.1' ],
55 silly audit   'is-glob': [ '4.0.3' ],
55 silly audit   'is-number': [ '7.0.0' ],
55 silly audit   'media-typer': [ '0.3.0' ],
55 silly audit   'merge-descriptors': [ '1.0.1' ],
55 silly audit   methods: [ '1.1.2' ],
55 silly audit   mime: [ '1.6.0' ],
55 silly audit   'mime-db': [ '1.52.0' ],
55 silly audit   'mime-types': [ '2.1.35' ],
55 silly audit   minimatch: [ '3.1.2' ],
55 silly audit   ms: [ '2.0.0', '2.1.3' ],
55 silly audit   negotiator: [ '0.6.3' ],
55 silly audit   node: [ '19.2.0' ],
55 silly audit   'node-bin-setup': [ '1.1.3' ],
55 silly audit   nodemon: [ '2.0.20' ],
55 silly audit   nopt: [ '1.0.10' ],
55 silly audit   'normalize-path': [ '3.0.0' ],
55 silly audit   'object-inspect': [ '1.12.2' ],
55 silly audit   'on-finished': [ '2.4.1' ],
55 silly audit   parseurl: [ '1.3.3' ],
55 silly audit   'path-to-regexp': [ '0.1.7' ],
55 silly audit   picomatch: [ '2.3.1' ],
55 silly audit   pm: [ '2.2.6' ],
55 silly audit   'proxy-addr': [ '2.0.7' ],
55 silly audit   'pstree.remy': [ '1.1.8' ],
55 silly audit   qs: [ '6.11.0' ],
55 silly audit   'range-parser': [ '1.2.1' ],
55 silly audit   'raw-body': [ '2.5.1' ],
55 silly audit   readdirp: [ '3.6.0' ],
55 silly audit   'safe-buffer': [ '5.2.1' ],
55 silly audit   'safer-buffer': [ '2.1.2' ],
55 silly audit   semver: [ '5.7.1', '7.0.0' ],
55 silly audit   send: [ '0.18.0' ],
55 silly audit   'serve-static': [ '1.15.0' ],
55 silly audit   setprototypeof: [ '1.2.0' ],
55 silly audit   'side-channel': [ '1.0.4' ],
55 silly audit   'simple-update-notifier': [ '1.1.0' ],
55 silly audit   statuses: [ '2.0.1' ],
55 silly audit   'supports-color': [ '5.5.0' ],
55 silly audit   'to-regex-range': [ '5.0.1' ],
55 silly audit   toidentifier: [ '1.0.1' ],
55 silly audit   touch: [ '3.1.0' ],
55 silly audit   'type-is': [ '1.6.18' ],
55 silly audit   undefsafe: [ '2.0.5' ],
55 silly audit   unpipe: [ '1.0.0' ],
55 silly audit   'utils-merge': [ '1.0.1' ],
55 silly audit   vary: [ '1.1.2' ],
55 silly audit   'node.js': [ '0.0.1-security' ]
55 silly audit }
56 verbose reify failed optional dependency /root/node_modules/fsevents
57 silly reify mark deleted [ '/root/node_modules/fsevents' ]
58 timing reifyNode:node_modules/fsevents Completed in 14ms
59 silly tarball no local data for node.js@https://registry.npmjs.org/node.js/-/node.js-0.0.1-security.tgz. Extracting by manifest.
60 http fetch POST 200 https://registry.npmjs.org/-/npm/v1/security/advisories/bulk 219ms
61 timing auditReport:getReport Completed in 227ms
62 silly audit report {}
63 timing auditReport:init Completed in 0ms
64 timing reify:audit Completed in 229ms
65 http fetch GET 200 https://registry.npmjs.org/node.js/-/node.js-0.0.1-security.tgz 869ms (cache miss)
66 timing reifyNode:node_modules/node.js Completed in 951ms
67 timing reify:unpack Completed in 952ms
68 timing reify:unretire Completed in 0ms
69 timing build:queue Completed in 3ms
70 timing build:deps Completed in 5ms
71 timing build Completed in 6ms
72 timing reify:build Completed in 7ms
73 timing reify:trash Completed in 844ms
74 timing reify:save Completed in 92ms
75 timing reify Completed in 3269ms
76 silly ADD node_modules/node.js
77 silly ADD
78 silly REMOVE node_modules/node/node_modules/node-bin-setup
79 silly REMOVE node_modules/node/node_modules/node-linux-x64
80 timing command:install Completed in 3293ms
81 verbose exit 0
82 timing npm Completed in 3664ms
83 info ok
