0 verbose cli /usr/bin/node /usr/bin/npm
1 info using npm@8.18.0
2 info using node@v18.7.0
3 timing npm:load:whichnode Completed in 1ms
4 timing config:load:defaults Completed in 8ms
5 timing config:load:file:/usr/share/nodejs/npm/npmrc Completed in 5ms
6 timing config:load:builtin Completed in 6ms
7 timing config:load:cli Completed in 6ms
8 timing config:load:env Completed in 1ms
9 timing config:load:file:/root/.cache/typescript/4.9/.npmrc Completed in 1ms
10 timing config:load:project Completed in 29ms
11 timing config:load:file:/root/.npmrc Completed in 0ms
12 timing config:load:user Completed in 1ms
13 timing config:load:file:/etc/npmrc Completed in 0ms
14 timing config:load:global Completed in 1ms
15 timing config:load:validate Completed in 0ms
16 timing config:load:credentials Completed in 4ms
17 timing config:load:setEnvs Completed in 6ms
18 timing config:load Completed in 63ms
19 timing npm:load:configload Completed in 64ms
20 timing npm:load:mkdirpcache Completed in 4ms
21 timing npm:load:mkdirplogs Completed in 1ms
22 verbose title npm install types-registry@latest
23 verbose argv "install" "--ignore-scripts" "types-registry@latest"
24 timing npm:load:setTitle Completed in 4ms
25 timing config:load:flatten Completed in 8ms
26 timing npm:load:display Completed in 10ms
27 verbose logfile logs-max:10 dir:/root/.npm/_logs
28 verbose logfile /root/.npm/_logs/2022-12-10T18_40_42_113Z-debug-0.log
29 timing npm:load:logFile Completed in 17ms
30 timing npm:load:timers Completed in 0ms
31 timing npm:load:configScope Completed in 0ms
32 timing npm:load Completed in 102ms
33 timing arborist:ctor Completed in 2ms
34 silly logfile done cleaning log files
35 timing arborist:ctor Completed in 0ms
36 timing idealTree:init Completed in 33ms
37 http fetch GET 200 https://registry.npmjs.org/types-registry 226ms (cache miss)
38 timing idealTree:userRequests Completed in 258ms
39 silly idealTree buildDeps
40 silly fetch manifest types-registry@0.1.621
41 silly placeDep ROOT types-registry@0.1.621 OK for:  want: 0.1.621
42 timing idealTree:#root Completed in 23ms
43 timing idealTree:node_modules/types-registry Completed in 0ms
44 timing idealTree:buildDeps Completed in 27ms
45 timing idealTree:fixDepFlags Completed in 1ms
46 timing idealTree Completed in 322ms
47 timing reify:loadTrees Completed in 324ms
48 timing reify:diffTrees Completed in 2ms
49 silly reify moves {}
50 timing reify:retireShallow Completed in 3ms
51 timing reify:createSparse Completed in 61ms
52 timing reify:loadBundles Completed in 0ms
53 silly audit bulk request { 'types-registry': [ '0.1.621' ] }
54 silly tarball no local data for types-registry@https://registry.npmjs.org/types-registry/-/types-registry-0.1.621.tgz. Extracting by manifest.
55 http fetch GET 200 https://registry.npmjs.org/types-registry/-/types-registry-0.1.621.tgz 148ms (cache miss)
56 timing reifyNode:node_modules/types-registry Completed in 169ms
57 timing reify:unpack Completed in 171ms
58 timing reify:unretire Completed in 0ms
59 timing build:queue Completed in 2ms
60 timing build:deps Completed in 2ms
61 timing build Completed in 3ms
62 timing reify:build Completed in 3ms
63 timing reify:trash Completed in 0ms
64 timing reify:save Completed in 17ms
65 http fetch POST 200 https://registry.npmjs.org/-/npm/v1/security/advisories/bulk 239ms
66 timing auditReport:getReport Completed in 244ms
67 silly audit report {}
68 timing auditReport:init Completed in 0ms
69 timing reify:audit Completed in 246ms
70 timing reify Completed in 652ms
71 silly ADD node_modules/types-registry
72 timing command:install Completed in 665ms
73 verbose exit 0
74 timing npm Completed in 1296ms
75 info ok
