0 verbose cli /usr/bin/node /usr/bin/npm
1 info using npm@8.18.0
2 info using node@v18.7.0
3 timing npm:load:whichnode Completed in 0ms
4 timing config:load:defaults Completed in 12ms
5 timing config:load:file:/usr/share/nodejs/npm/npmrc Completed in 50ms
6 timing config:load:builtin Completed in 51ms
7 timing config:load:cli Completed in 21ms
8 timing config:load:env Completed in 1ms
9 timing config:load:file:/root/.cache/typescript/4.9/.npmrc Completed in 1ms
10 timing config:load:project Completed in 55ms
11 timing config:load:file:/root/.npmrc Completed in 0ms
12 timing config:load:user Completed in 29ms
13 timing config:load:file:/etc/npmrc Completed in 11ms
14 timing config:load:global Completed in 11ms
15 timing config:load:validate Completed in 1ms
16 timing config:load:credentials Completed in 4ms
17 timing config:load:setEnvs Completed in 2ms
18 timing config:load Completed in 190ms
19 timing npm:load:configload Completed in 190ms
20 timing npm:load:mkdirpcache Completed in 26ms
21 timing npm:load:mkdirplogs Completed in 8ms
22 verbose title npm install types-registry@latest
23 verbose argv "install" "--ignore-scripts" "types-registry@latest"
24 timing npm:load:setTitle Completed in 3ms
25 timing config:load:flatten Completed in 49ms
26 timing npm:load:display Completed in 61ms
27 verbose logfile logs-max:10 dir:/root/.npm/_logs
28 verbose logfile /root/.npm/_logs/2022-12-11T16_39_59_400Z-debug-0.log
29 timing npm:load:logFile Completed in 70ms
30 timing npm:load:timers Completed in 0ms
31 timing npm:load:configScope Completed in 0ms
32 timing npm:load Completed in 376ms
33 timing arborist:ctor Completed in 3ms
34 silly logfile start cleaning logs, removing 1 files
35 silly logfile done cleaning log files
36 timing idealTree:init Completed in 328ms
37 verbose shrinkwrap failed to load node_modules/.package-lock.json out of date, updated: node_modules/@types
38 http fetch GET 200 https://registry.npmjs.org/types-registry 800ms (cache revalidated)
39 timing idealTree:userRequests Completed in 871ms
40 silly idealTree buildDeps
41 silly fetch manifest types-registry@0.1.622
42 silly placeDep ROOT types-registry@0.1.622 REPLACE for:  want: 0.1.622
43 timing idealTree:#root Completed in 41ms
44 timing idealTree:node_modules/types-registry Completed in 4ms
45 timing idealTree:buildDeps Completed in 49ms
46 timing idealTree:fixDepFlags Completed in 1ms
47 timing idealTree Completed in 1262ms
48 timing reify:loadTrees Completed in 1269ms
49 timing reify:diffTrees Completed in 15ms
50 silly reify mark retired [ '/root/.cache/typescript/4.9/node_modules/@types/abbrev' ]
51 silly reify mark retired [ '/root/.cache/typescript/4.9/node_modules/@types/balanced-match' ]
52 silly reify mark retired [ '/root/.cache/typescript/4.9/node_modules/@types/accepts' ]
53 silly reify mark retired [ '/root/.cache/typescript/4.9/node_modules/@types/brace-expansion' ]
54 silly reify mark retired [ '/root/.cache/typescript/4.9/node_modules/@types/braces' ]
55 silly reify mark retired [ '/root/.cache/typescript/4.9/node_modules/@types/concat-map' ]
56 silly reify mark retired [ '/root/.cache/typescript/4.9/node_modules/@types/bytes' ]
57 silly reify mark retired [ '/root/.cache/typescript/4.9/node_modules/@types/call-bind' ]
58 silly reify mark retired [
58 silly reify   '/root/.cache/typescript/4.9/node_modules/@types/content-disposition'
58 silly reify ]
59 silly reify mark retired [ '/root/.cache/typescript/4.9/node_modules/@types/content-type' ]
60 silly reify mark retired [ '/root/.cache/typescript/4.9/node_modules/@types/cookie' ]
61 silly reify mark retired [ '/root/.cache/typescript/4.9/node_modules/@types/cookie-signature' ]
62 silly reify mark retired [ '/root/.cache/typescript/4.9/node_modules/@types/debug' ]
63 silly reify mark retired [ '/root/.cache/typescript/4.9/node_modules/@types/depd' ]
64 silly reify mark retired [ '/root/.cache/typescript/4.9/node_modules/@types/destroy' ]
65 silly reify mark retired [ '/root/.cache/typescript/4.9/node_modules/@types/ee-first' ]
66 silly reify mark retired [ '/root/.cache/typescript/4.9/node_modules/@types/escape-html' ]
67 silly reify mark retired [ '/root/.cache/typescript/4.9/node_modules/@types/encodeurl' ]
68 silly reify mark retired [ '/root/.cache/typescript/4.9/node_modules/@types/finalhandler' ]
69 silly reify mark retired [ '/root/.cache/typescript/4.9/node_modules/@types/forwarded' ]
70 silly reify mark retired [ '/root/.cache/typescript/4.9/node_modules/@types/fill-range' ]
71 silly reify mark retired [ '/root/.cache/typescript/4.9/node_modules/@types/fresh' ]
72 silly reify mark retired [ '/root/.cache/typescript/4.9/node_modules/@types/function-bind' ]
73 silly reify mark retired [ '/root/.cache/typescript/4.9/node_modules/@types/etag' ]
74 silly reify mark retired [ '/root/.cache/typescript/4.9/node_modules/@types/get-intrinsic' ]
75 silly reify mark retired [ '/root/.cache/typescript/4.9/node_modules/@types/glob-parent' ]
76 silly reify mark retired [ '/root/.cache/typescript/4.9/node_modules/@types/has' ]
77 silly reify mark retired [ '/root/.cache/typescript/4.9/node_modules/@types/http-errors' ]
78 silly reify mark retired [ '/root/.cache/typescript/4.9/node_modules/@types/has-symbols' ]
79 silly reify mark retired [ '/root/.cache/typescript/4.9/node_modules/@types/inherits' ]
80 silly reify mark retired [ '/root/.cache/typescript/4.9/node_modules/@types/is-glob' ]
81 silly reify mark retired [ '/root/.cache/typescript/4.9/node_modules/@types/is-number' ]
82 silly reify mark retired [ '/root/.cache/typescript/4.9/node_modules/@types/media-typer' ]
83 silly reify mark retired [ '/root/.cache/typescript/4.9/node_modules/@types/methods' ]
84 silly reify mark retired [ '/root/.cache/typescript/4.9/node_modules/@types/ms' ]
85 silly reify mark retired [ '/root/.cache/typescript/4.9/node_modules/@types/minimatch' ]
86 silly reify mark retired [ '/root/.cache/typescript/4.9/node_modules/@types/negotiator' ]
87 silly reify mark retired [ '/root/.cache/typescript/4.9/node_modules/@types/mime-db' ]
88 silly reify mark retired [ '/root/.cache/typescript/4.9/node_modules/@types/nopt' ]
89 silly reify mark retired [ '/root/.cache/typescript/4.9/node_modules/@types/normalize-path' ]
90 silly reify mark retired [ '/root/.cache/typescript/4.9/node_modules/@types/object-inspect' ]
91 silly reify mark retired [ '/root/.cache/typescript/4.9/node_modules/@types/on-finished' ]
92 silly reify mark retired [ '/root/.cache/typescript/4.9/node_modules/@types/parseurl' ]
93 silly reify mark retired [ '/root/.cache/typescript/4.9/node_modules/@types/picomatch' ]
94 silly reify mark retired [ '/root/.cache/typescript/4.9/node_modules/@types/safer-buffer' ]
95 silly reify mark retired [ '/root/.cache/typescript/4.9/node_modules/@types/proxy-addr' ]
96 silly reify mark retired [ '/root/.cache/typescript/4.9/node_modules/@types/semver' ]
97 silly reify mark retired [ '/root/.cache/typescript/4.9/node_modules/@types/statuses' ]
98 silly reify mark retired [ '/root/.cache/typescript/4.9/node_modules/@types/supports-color' ]
99 silly reify mark retired [ '/root/.cache/typescript/4.9/node_modules/@types/send' ]
100 silly reify mark retired [ '/root/.cache/typescript/4.9/node_modules/@types/to-regex-range' ]
101 silly reify mark retired [ '/root/.cache/typescript/4.9/node_modules/@types/touch' ]
102 silly reify mark retired [ '/root/.cache/typescript/4.9/node_modules/@types/toidentifier' ]
103 silly reify mark retired [ '/root/.cache/typescript/4.9/node_modules/@types/type-is' ]
104 silly reify mark retired [ '/root/.cache/typescript/4.9/node_modules/@types/utils-merge' ]
105 silly reify mark retired [ '/root/.cache/typescript/4.9/node_modules/@types/vary' ]
106 silly reify moves {
106 silly reify   '/root/.cache/typescript/4.9/node_modules/@types/abbrev': '/root/.cache/typescript/4.9/node_modules/@types/.abbrev-rPE4uL4c',
106 silly reify   '/root/.cache/typescript/4.9/node_modules/@types/balanced-match': '/root/.cache/typescript/4.9/node_modules/@types/.balanced-match-RxuFSqEt',
106 silly reify   '/root/.cache/typescript/4.9/node_modules/@types/accepts': '/root/.cache/typescript/4.9/node_modules/@types/.accepts-sjV3AWrF',
106 silly reify   '/root/.cache/typescript/4.9/node_modules/@types/brace-expansion': '/root/.cache/typescript/4.9/node_modules/@types/.brace-expansion-byyrIXh9',
106 silly reify   '/root/.cache/typescript/4.9/node_modules/@types/braces': '/root/.cache/typescript/4.9/node_modules/@types/.braces-ltcfKjQG',
106 silly reify   '/root/.cache/typescript/4.9/node_modules/@types/concat-map': '/root/.cache/typescript/4.9/node_modules/@types/.concat-map-0eIYApkD',
106 silly reify   '/root/.cache/typescript/4.9/node_modules/@types/bytes': '/root/.cache/typescript/4.9/node_modules/@types/.bytes-d6hikQ9Z',
106 silly reify   '/root/.cache/typescript/4.9/node_modules/@types/call-bind': '/root/.cache/typescript/4.9/node_modules/@types/.call-bind-HEZyGSpH',
106 silly reify   '/root/.cache/typescript/4.9/node_modules/@types/content-disposition': '/root/.cache/typescript/4.9/node_modules/@types/.content-disposition-mZUWsg7f',
106 silly reify   '/root/.cache/typescript/4.9/node_modules/@types/content-type': '/root/.cache/typescript/4.9/node_modules/@types/.content-type-IqOuLi2c',
106 silly reify   '/root/.cache/typescript/4.9/node_modules/@types/cookie': '/root/.cache/typescript/4.9/node_modules/@types/.cookie-fH9wSw9u',
106 silly reify   '/root/.cache/typescript/4.9/node_modules/@types/cookie-signature': '/root/.cache/typescript/4.9/node_modules/@types/.cookie-signature-3FxqiLiu',
106 silly reify   '/root/.cache/typescript/4.9/node_modules/@types/debug': '/root/.cache/typescript/4.9/node_modules/@types/.debug-6RFfruqS',
106 silly reify   '/root/.cache/typescript/4.9/node_modules/@types/depd': '/root/.cache/typescript/4.9/node_modules/@types/.depd-g02QPBQT',
106 silly reify   '/root/.cache/typescript/4.9/node_modules/@types/destroy': '/root/.cache/typescript/4.9/node_modules/@types/.destroy-Ng2OQ21l',
106 silly reify   '/root/.cache/typescript/4.9/node_modules/@types/ee-first': '/root/.cache/typescript/4.9/node_modules/@types/.ee-first-SadY59oX',
106 silly reify   '/root/.cache/typescript/4.9/node_modules/@types/escape-html': '/root/.cache/typescript/4.9/node_modules/@types/.escape-html-IvQSoQBQ',
106 silly reify   '/root/.cache/typescript/4.9/node_modules/@types/encodeurl': '/root/.cache/typescript/4.9/node_modules/@types/.encodeurl-i3ohbcc7',
106 silly reify   '/root/.cache/typescript/4.9/node_modules/@types/finalhandler': '/root/.cache/typescript/4.9/node_modules/@types/.finalhandler-lE8BI7IR',
106 silly reify   '/root/.cache/typescript/4.9/node_modules/@types/forwarded': '/root/.cache/typescript/4.9/node_modules/@types/.forwarded-gmzjBzZM',
106 silly reify   '/root/.cache/typescript/4.9/node_modules/@types/fill-range': '/root/.cache/typescript/4.9/node_modules/@types/.fill-range-N08a79EB',
106 silly reify   '/root/.cache/typescript/4.9/node_modules/@types/fresh': '/root/.cache/typescript/4.9/node_modules/@types/.fresh-4dubIXDs',
106 silly reify   '/root/.cache/typescript/4.9/node_modules/@types/function-bind': '/root/.cache/typescript/4.9/node_modules/@types/.function-bind-yc6gRgz5',
106 silly reify   '/root/.cache/typescript/4.9/node_modules/@types/etag': '/root/.cache/typescript/4.9/node_modules/@types/.etag-D9f7WmQ7',
106 silly reify   '/root/.cache/typescript/4.9/node_modules/@types/get-intrinsic': '/root/.cache/typescript/4.9/node_modules/@types/.get-intrinsic-R0ewL98D',
106 silly reify   '/root/.cache/typescript/4.9/node_modules/@types/glob-parent': '/root/.cache/typescript/4.9/node_modules/@types/.glob-parent-kSZmnaZ8',
106 silly reify   '/root/.cache/typescript/4.9/node_modules/@types/has': '/root/.cache/typescript/4.9/node_modules/@types/.has-UkBZGCT8',
106 silly reify   '/root/.cache/typescript/4.9/node_modules/@types/http-errors': '/root/.cache/typescript/4.9/node_modules/@types/.http-errors-tjDoAIID',
106 silly reify   '/root/.cache/typescript/4.9/node_modules/@types/has-symbols': '/root/.cache/typescript/4.9/node_modules/@types/.has-symbols-U8iZPb38',
106 silly reify   '/root/.cache/typescript/4.9/node_modules/@types/inherits': '/root/.cache/typescript/4.9/node_modules/@types/.inherits-t8WNBnlg',
106 silly reify   '/root/.cache/typescript/4.9/node_modules/@types/is-glob': '/root/.cache/typescript/4.9/node_modules/@types/.is-glob-Pe3in0Z5',
106 silly reify   '/root/.cache/typescript/4.9/node_modules/@types/is-number': '/root/.cache/typescript/4.9/node_modules/@types/.is-number-YjAFDrar',
106 silly reify   '/root/.cache/typescript/4.9/node_modules/@types/media-typer': '/root/.cache/typescript/4.9/node_modules/@types/.media-typer-yhEFbukZ',
106 silly reify   '/root/.cache/typescript/4.9/node_modules/@types/methods': '/root/.cache/typescript/4.9/node_modules/@types/.methods-X8k3t6qi',
106 silly reify   '/root/.cache/typescript/4.9/node_modules/@types/ms': '/root/.cache/typescript/4.9/node_modules/@types/.ms-r4eByvLL',
106 silly reify   '/root/.cache/typescript/4.9/node_modules/@types/minimatch': '/root/.cache/typescript/4.9/node_modules/@types/.minimatch-uA3Pzskl',
106 silly reify   '/root/.cache/typescript/4.9/node_modules/@types/negotiator': '/root/.cache/typescript/4.9/node_modules/@types/.negotiator-AwNRM7VE',
106 silly reify   '/root/.cache/typescript/4.9/node_modules/@types/mime-db': '/root/.cache/typescript/4.9/node_modules/@types/.mime-db-IAvLhdHt',
106 silly reify   '/root/.cache/typescript/4.9/node_modules/@types/nopt': '/root/.cache/typescript/4.9/node_modules/@types/.nopt-mbaXhndp',
106 silly reify   '/root/.cache/typescript/4.9/node_modules/@types/normalize-path': '/root/.cache/typescript/4.9/node_modules/@types/.normalize-path-Ps4UwxpI',
106 silly reify   '/root/.cache/typescript/4.9/node_modules/@types/object-inspect': '/root/.cache/typescript/4.9/node_modules/@types/.object-inspect-xJewx7Cx',
106 silly reify   '/root/.cache/typescript/4.9/node_modules/@types/on-finished': '/root/.cache/typescript/4.9/node_modules/@types/.on-finished-sTsK06Yi',
106 silly reify   '/root/.cache/typescript/4.9/node_modules/@types/parseurl': '/root/.cache/typescript/4.9/node_modules/@types/.parseurl-YuEAiIt4',
106 silly reify   '/root/.cache/typescript/4.9/node_modules/@types/picomatch': '/root/.cache/typescript/4.9/node_modules/@types/.picomatch-SXjFNmcT',
106 silly reify   '/root/.cache/typescript/4.9/node_modules/@types/safer-buffer': '/root/.cache/typescript/4.9/node_modules/@types/.safer-buffer-IaBWYBGm',
106 silly reify   '/root/.cache/typescript/4.9/node_modules/@types/proxy-addr': '/root/.cache/typescript/4.9/node_modules/@types/.proxy-addr-F21m4GXd',
106 silly reify   '/root/.cache/typescript/4.9/node_modules/@types/semver': '/root/.cache/typescript/4.9/node_modules/@types/.semver-pppAEuCB',
106 silly reify   '/root/.cache/typescript/4.9/node_modules/@types/statuses': '/root/.cache/typescript/4.9/node_modules/@types/.statuses-iDfmEokY',
106 silly reify   '/root/.cache/typescript/4.9/node_modules/@types/supports-color': '/root/.cache/typescript/4.9/node_modules/@types/.supports-color-Gr9AIV76',
106 silly reify   '/root/.cache/typescript/4.9/node_modules/@types/send': '/root/.cache/typescript/4.9/node_modules/@types/.send-eVBcqMTY',
106 silly reify   '/root/.cache/typescript/4.9/node_modules/@types/to-regex-range': '/root/.cache/typescript/4.9/node_modules/@types/.to-regex-range-kaRXOkih',
106 silly reify   '/root/.cache/typescript/4.9/node_modules/@types/touch': '/root/.cache/typescript/4.9/node_modules/@types/.touch-vcwphn1O',
106 silly reify   '/root/.cache/typescript/4.9/node_modules/@types/toidentifier': '/root/.cache/typescript/4.9/node_modules/@types/.toidentifier-2zOkCawU',
106 silly reify   '/root/.cache/typescript/4.9/node_modules/@types/type-is': '/root/.cache/typescript/4.9/node_modules/@types/.type-is-aQDV35nH',
106 silly reify   '/root/.cache/typescript/4.9/node_modules/@types/utils-merge': '/root/.cache/typescript/4.9/node_modules/@types/.utils-merge-1YXcHHyx',
106 silly reify   '/root/.cache/typescript/4.9/node_modules/@types/vary': '/root/.cache/typescript/4.9/node_modules/@types/.vary-m6pAZ3YO'
106 silly reify }
107 timing reify:retireShallow Completed in 198ms
108 timing reify:createSparse Completed in 0ms
109 timing reify:loadBundles Completed in 0ms
110 silly audit bulk request {
110 silly audit   '@types/body-parser': [ '1.19.2' ],
110 silly audit   '@types/connect': [ '3.4.35' ],
110 silly audit   '@types/cors': [ '2.8.13' ],
110 silly audit   '@types/express': [ '4.17.14' ],
110 silly audit   '@types/express-serve-static-core': [ '4.17.31' ],
110 silly audit   '@types/express-session': [ '1.17.5' ],
110 silly audit   '@types/merge-descriptors': [ '1.0.1' ],
110 silly audit   '@types/mime': [ '3.0.1' ],
110 silly audit   '@types/node': [ '18.11.13' ],
110 silly audit   '@types/nodemon': [ '1.19.2' ],
110 silly audit   '@types/qs': [ '6.9.7' ],
110 silly audit   '@types/range-parser': [ '1.2.4' ],
110 silly audit   '@types/serve-static': [ '1.15.0' ],
110 silly audit   '@types/sqlite3': [ '3.1.8' ],
110 silly audit   '@types/tedious': [ '4.0.9' ],
110 silly audit   'types-registry': [ '0.1.622' ]
110 silly audit }
111 timing reify:unpack Completed in 10ms
112 timing reify:unretire Completed in 10ms
113 timing build:queue Completed in 0ms
114 timing build:deps Completed in 10ms
115 timing build Completed in 11ms
116 timing reify:build Completed in 12ms
117 http fetch POST 200 https://registry.npmjs.org/-/npm/v1/security/advisories/bulk 379ms
118 timing auditReport:getReport Completed in 381ms
119 silly audit report {}
120 timing auditReport:init Completed in 0ms
121 timing reify:audit Completed in 395ms
122 timing reify:trash Completed in 389ms
123 timing reify:save Completed in 143ms
124 timing reify Completed in 2209ms
125 silly REMOVE node_modules/@types/vary
126 silly REMOVE node_modules/@types/utils-merge
127 silly REMOVE node_modules/@types/type-is
128 silly REMOVE node_modules/@types/toidentifier
129 silly REMOVE node_modules/@types/touch
130 silly REMOVE node_modules/@types/to-regex-range
131 silly REMOVE node_modules/@types/send
132 silly REMOVE node_modules/@types/send/node_modules/@types/mime
133 silly REMOVE node_modules/@types/supports-color
134 silly REMOVE node_modules/@types/statuses
135 silly REMOVE node_modules/@types/semver
136 silly REMOVE node_modules/@types/proxy-addr
137 silly REMOVE node_modules/@types/safer-buffer
138 silly REMOVE node_modules/@types/picomatch
139 silly REMOVE node_modules/@types/parseurl
140 silly REMOVE node_modules/@types/on-finished
141 silly REMOVE node_modules/@types/object-inspect
142 silly REMOVE node_modules/@types/normalize-path
143 silly REMOVE node_modules/@types/nopt
144 silly REMOVE node_modules/@types/mime-db
145 silly REMOVE node_modules/@types/negotiator
146 silly REMOVE node_modules/@types/minimatch
147 silly REMOVE node_modules/@types/ms
148 silly REMOVE node_modules/@types/methods
149 silly REMOVE node_modules/@types/media-typer
150 silly REMOVE node_modules/@types/is-number
151 silly REMOVE node_modules/@types/is-glob
152 silly REMOVE node_modules/@types/inherits
153 silly REMOVE node_modules/@types/has-symbols
154 silly REMOVE node_modules/@types/http-errors
155 silly REMOVE node_modules/@types/has
156 silly REMOVE node_modules/@types/glob-parent
157 silly REMOVE node_modules/@types/get-intrinsic
158 silly REMOVE node_modules/@types/etag
159 silly REMOVE node_modules/@types/function-bind
160 silly REMOVE node_modules/@types/fresh
161 silly REMOVE node_modules/@types/fill-range
162 silly REMOVE node_modules/@types/forwarded
163 silly REMOVE node_modules/@types/finalhandler
164 silly REMOVE node_modules/@types/encodeurl
165 silly REMOVE node_modules/@types/escape-html
166 silly REMOVE node_modules/@types/ee-first
167 silly REMOVE node_modules/@types/destroy
168 silly REMOVE node_modules/@types/depd
169 silly REMOVE node_modules/@types/debug
170 silly REMOVE node_modules/@types/cookie-signature
171 silly REMOVE node_modules/@types/cookie
172 silly REMOVE node_modules/@types/content-type
173 silly REMOVE node_modules/@types/content-disposition
174 silly REMOVE node_modules/@types/call-bind
175 silly REMOVE node_modules/@types/bytes
176 silly REMOVE node_modules/@types/concat-map
177 silly REMOVE node_modules/@types/braces
178 silly REMOVE node_modules/@types/brace-expansion
179 silly REMOVE node_modules/@types/accepts
180 silly REMOVE node_modules/@types/balanced-match
181 silly REMOVE node_modules/@types/abbrev
182 timing command:install Completed in 2298ms
183 verbose exit 0
184 timing npm Completed in 3817ms
185 info ok
