0 verbose cli /usr/bin/node /usr/bin/npm
1 info using npm@8.18.0
2 info using node@v18.7.0
3 timing npm:load:whichnode Completed in 4ms
4 timing config:load:defaults Completed in 8ms
5 timing config:load:file:/usr/share/nodejs/npm/npmrc Completed in 9ms
6 timing config:load:builtin Completed in 10ms
7 timing config:load:cli Completed in 13ms
8 timing config:load:env Completed in 1ms
9 timing config:load:file:/root/.cache/typescript/4.9/.npmrc Completed in 0ms
10 timing config:load:project Completed in 14ms
11 timing config:load:file:/root/.npmrc Completed in 0ms
12 timing config:load:user Completed in 1ms
13 timing config:load:file:/etc/npmrc Completed in 0ms
14 timing config:load:global Completed in 0ms
15 timing config:load:validate Completed in 1ms
16 timing config:load:credentials Completed in 4ms
17 timing config:load:setEnvs Completed in 3ms
18 timing config:load Completed in 57ms
19 timing npm:load:configload Completed in 57ms
20 timing npm:load:mkdirpcache Completed in 14ms
21 timing npm:load:mkdirplogs Completed in 0ms
22 verbose title npm install @types/express-session@ts4.9 @types/sqlite3@ts4.9
23 verbose argv "install" "--ignore-scripts" "@types/express-session@ts4.9" "@types/sqlite3@ts4.9" "--save-dev" "--user-agent" "typesInstaller/4.9.3"
24 timing npm:load:setTitle Completed in 4ms
25 timing config:load:flatten Completed in 16ms
26 timing npm:load:display Completed in 18ms
27 verbose logfile logs-max:10 dir:/root/.npm/_logs
28 verbose logfile /root/.npm/_logs/2022-12-10T19_25_34_882Z-debug-0.log
29 timing npm:load:logFile Completed in 30ms
30 timing npm:load:timers Completed in 0ms
31 timing npm:load:configScope Completed in 0ms
32 timing npm:load Completed in 130ms
33 timing arborist:ctor Completed in 2ms
34 silly logfile done cleaning log files
35 timing idealTree:init Completed in 62ms
36 timing arborist:ctor Completed in 0ms
37 http fetch GET 200 https://registry.npmjs.org/@types%2fsqlite3 1120ms (cache miss)
38 http fetch GET 200 https://registry.npmjs.org/@types%2fexpress-session 1519ms (cache miss)
39 timing idealTree:userRequests Completed in 1530ms
40 silly idealTree buildDeps
41 silly fetch manifest @types/express-session@1.17.5
42 silly fetch manifest @types/sqlite3@3.1.8
43 silly placeDep ROOT @types/express-session@1.17.5 OK for:  want: 1.17.5
44 silly placeDep ROOT @types/sqlite3@3.1.8 OK for:  want: 3.1.8
45 timing idealTree:#root Completed in 16ms
46 timing idealTree:node_modules/@types/express-session Completed in 0ms
47 timing idealTree:node_modules/@types/sqlite3 Completed in 0ms
48 timing idealTree:buildDeps Completed in 20ms
49 timing idealTree:fixDepFlags Completed in 0ms
50 timing idealTree Completed in 1614ms
51 timing reify:loadTrees Completed in 1617ms
52 timing reify:diffTrees Completed in 5ms
53 silly reify moves {}
54 timing reify:retireShallow Completed in 3ms
55 timing reify:createSparse Completed in 5ms
56 timing reify:loadBundles Completed in 0ms
57 silly audit bulk request {
57 silly audit   '@types/body-parser': [ '1.19.2' ],
57 silly audit   '@types/connect': [ '3.4.35' ],
57 silly audit   '@types/cors': [ '2.8.13' ],
57 silly audit   '@types/express': [ '4.17.14' ],
57 silly audit   '@types/express-serve-static-core': [ '4.17.31' ],
57 silly audit   '@types/merge-descriptors': [ '1.0.1' ],
57 silly audit   '@types/mime': [ '3.0.1' ],
57 silly audit   '@types/node': [ '18.11.13' ],
57 silly audit   '@types/qs': [ '6.9.7' ],
57 silly audit   '@types/range-parser': [ '1.2.4' ],
57 silly audit   '@types/serve-static': [ '1.15.0' ],
57 silly audit   'types-registry': [ '0.1.621' ],
57 silly audit   '@types/express-session': [ '1.17.5' ],
57 silly audit   '@types/sqlite3': [ '3.1.8' ]
57 silly audit }
58 silly tarball no local data for @types/sqlite3@https://registry.npmjs.org/@types/sqlite3/-/sqlite3-3.1.8.tgz. Extracting by manifest.
59 silly tarball no local data for @types/express-session@https://registry.npmjs.org/@types/express-session/-/express-session-1.17.5.tgz. Extracting by manifest.
60 http fetch POST 200 https://registry.npmjs.org/-/npm/v1/security/advisories/bulk 208ms
61 timing auditReport:getReport Completed in 214ms
62 silly audit report {}
63 timing auditReport:init Completed in 0ms
64 timing reify:audit Completed in 216ms
65 http fetch GET 200 https://registry.npmjs.org/@types/sqlite3/-/sqlite3-3.1.8.tgz 750ms (cache miss)
66 timing reifyNode:node_modules/@types/sqlite3 Completed in 767ms
67 http fetch GET 200 https://registry.npmjs.org/@types/express-session/-/express-session-1.17.5.tgz 836ms (cache miss)
68 timing reifyNode:node_modules/@types/express-session Completed in 856ms
69 timing reify:unpack Completed in 857ms
70 timing reify:unretire Completed in 0ms
71 timing build:queue Completed in 1ms
72 timing build:deps Completed in 1ms
73 timing build Completed in 2ms
74 timing reify:build Completed in 2ms
75 timing reify:trash Completed in 1ms
76 timing reify:save Completed in 50ms
77 timing reify Completed in 2573ms
78 silly ADD node_modules/@types/sqlite3
79 silly ADD node_modules/@types/express-session
80 timing command:install Completed in 2595ms
81 verbose exit 0
82 timing npm Completed in 3181ms
83 info ok
