2022-12-11 16:39:48.964 [info] Extension host with pid 92208 started
2022-12-11 16:39:48.983 [error] Error: EEXIST: file already exists, open '/root/.vscode-server/data/User/workspaceStorage/449842f3163eeccba8cbe8883fc540dc/vscode.lock'
2022-12-11 16:39:49.026 [info] Lock '/root/.vscode-server/data/User/workspaceStorage/449842f3163eeccba8cbe8883fc540dc/vscode.lock': Could not acquire lock, checking if the file is stale.
2022-12-11 16:39:49.091 [info] Lock '/root/.vscode-server/data/User/workspaceStorage/449842f3163eeccba8cbe8883fc540dc/vscode.lock': The pid 54767 appears to be gone.
2022-12-11 16:39:49.091 [info] Lock '/root/.vscode-server/data/User/workspaceStorage/449842f3163eeccba8cbe8883fc540dc/vscode.lock': Deleting a stale lock.
2022-12-11 16:39:49.333 [info] ExtensionService#_doActivateExtension vscode.git-base, startup: true, activationEvent: '*', root cause: vscode.git
2022-12-11 16:39:49.427 [info] ExtensionService#_doActivateExtension vscode.npm, startup: true, activationEvent: 'workspaceContains:package.json'
2022-12-11 16:39:49.608 [info] ExtensionService#_doActivateExtension vscode.typescript-language-features, startup: false, activationEvent: 'onLanguage:javascript'
2022-12-11 16:39:49.782 [info] Lock '/root/.vscode-server/data/User/workspaceStorage/449842f3163eeccba8cbe8883fc540dc/vscode.lock': Lock acquired.
2022-12-11 16:39:50.948 [info] ExtensionService#_doActivateExtension vscode.git, startup: true, activationEvent: '*'
2022-12-11 16:39:50.948 [info] ExtensionService#_doActivateExtension vscode.github, startup: true, activationEvent: '*'
2022-12-11 16:39:54.872 [info] ExtensionService#_doActivateExtension vscode.debug-auto-launch, startup: false, activationEvent: 'onStartupFinished'
2022-12-11 16:39:54.878 [info] ExtensionService#_doActivateExtension vscode.emmet, startup: false, activationEvent: 'onStartupFinished'
2022-12-11 16:39:54.879 [info] ExtensionService#_doActivateExtension vscode.merge-conflict, startup: false, activationEvent: 'onStartupFinished'
2022-12-11 16:39:54.879 [info] ExtensionService#_doActivateExtension ritwickdey.LiveServer, startup: false, activationEvent: 'onStartupFinished'
2022-12-11 16:39:54.879 [info] Eager extensions activated
2022-12-11 16:40:05.403 [warning] [Decorations] CAPPING events from decorations provider vscode.git 300
2022-12-11 16:40:06.174 [info] ExtensionService#_doActivateExtension vscode.configuration-editing, startup: false, activationEvent: 'onLanguage:json'
2022-12-11 16:40:06.175 [info] ExtensionService#_doActivateExtension vscode.extension-editing, startup: false, activationEvent: 'onLanguage:json'
2022-12-11 16:40:06.185 [info] ExtensionService#_doActivateExtension vscode.json-language-features, startup: false, activationEvent: 'onLanguage:json'
2022-12-11 16:40:10.657 [warning] [Decorations] CAPPING events from decorations provider vscode.git 301
2022-12-11 16:40:15.922 [warning] [Decorations] CAPPING events from decorations provider vscode.git 301
2022-12-11 16:40:17.552 [info] ExtensionService#_doActivateExtension vscode.html-language-features, startup: false, activationEvent: 'onLanguage:html'
2022-12-11 16:40:21.904 [warning] [Decorations] CAPPING events from decorations provider vscode.git 302
2022-12-11 16:40:27.187 [warning] [Decorations] CAPPING events from decorations provider vscode.git 302
2022-12-11 16:40:40.123 [warning] [Decorations] CAPPING events from decorations provider vscode.git 302
2022-12-11 16:40:45.355 [warning] [Decorations] CAPPING events from decorations provider vscode.git 302
2022-12-11 16:40:50.567 [warning] [Decorations] CAPPING events from decorations provider vscode.git 302
2022-12-11 16:40:59.337 [warning] [Decorations] CAPPING events from decorations provider vscode.git 302
2022-12-11 16:41:04.274 [info] ExtensionService#_doActivateExtension vscode.debug-server-ready, startup: false, activationEvent: 'onDebugResolve'
2022-12-11 16:41:04.276 [info] ExtensionService#_doActivateExtension ms-vscode.js-debug, startup: false, activationEvent: 'onDebugResolve:pwa-node'
2022-12-11 16:41:05.233 [warning] [Decorations] CAPPING events from decorations provider vscode.git 306
2022-12-11 16:41:10.911 [warning] [Decorations] CAPPING events from decorations provider vscode.git 306
2022-12-11 16:41:16.643 [warning] [Decorations] CAPPING events from decorations provider vscode.git 306
2022-12-11 16:41:21.986 [warning] [Decorations] CAPPING events from decorations provider vscode.git 306
2022-12-11 16:41:27.212 [warning] [Decorations] CAPPING events from decorations provider vscode.git 306
2022-12-11 16:41:46.660 [warning] [Decorations] CAPPING events from decorations provider vscode.git 306
2022-12-11 16:41:51.885 [warning] [Decorations] CAPPING events from decorations provider vscode.git 306
2022-12-11 16:41:57.109 [warning] [Decorations] CAPPING events from decorations provider vscode.git 306
2022-12-11 16:42:02.432 [warning] [Decorations] CAPPING events from decorations provider vscode.git 306
2022-12-11 16:42:09.845 [warning] [Decorations] CAPPING events from decorations provider vscode.git 306
2022-12-11 16:42:15.654 [warning] [Decorations] CAPPING events from decorations provider vscode.git 307
2022-12-11 16:42:20.925 [warning] [Decorations] CAPPING events from decorations provider vscode.git 307
2022-12-11 16:52:17.528 [warning] [Decorations] CAPPING events from decorations provider vscode.git 307
2022-12-11 16:52:22.771 [warning] [Decorations] CAPPING events from decorations provider vscode.git 307
2022-12-11 16:52:28.103 [warning] [Decorations] CAPPING events from decorations provider vscode.git 307
2022-12-11 16:52:36.933 [warning] [Decorations] CAPPING events from decorations provider vscode.git 307
2022-12-11 16:52:42.350 [warning] [Decorations] CAPPING events from decorations provider vscode.git 307
2022-12-11 16:52:47.573 [warning] [Decorations] CAPPING events from decorations provider vscode.git 307
2022-12-11 16:52:56.834 [warning] [Decorations] CAPPING events from decorations provider vscode.git 307
2022-12-11 16:53:02.092 [warning] [Decorations] CAPPING events from decorations provider vscode.git 307
2022-12-11 16:53:07.326 [warning] [Decorations] CAPPING events from decorations provider vscode.git 309
2022-12-11 16:53:12.560 [warning] [Decorations] CAPPING events from decorations provider vscode.git 309
2022-12-11 16:53:17.763 [warning] [Decorations] CAPPING events from decorations provider vscode.git 309
2022-12-11 16:53:23.034 [warning] [Decorations] CAPPING events from decorations provider vscode.git 309
2022-12-11 16:53:28.268 [warning] [Decorations] CAPPING events from decorations provider vscode.git 309
