2022-12-10 21:02:40.280 [info] Log level: Info
2022-12-10 21:02:40.285 [info] Validating found git in: "git"
2022-12-10 21:02:40.285 [info] Using git "2.37.2" from "git"
2022-12-10 21:02:40.285 [info] > git rev-parse --show-toplevel [39ms]
2022-12-10 21:02:40.286 [info] > git rev-parse --git-dir --git-common-dir [16ms]
2022-12-10 21:02:40.286 [info] Open repository: /root
2022-12-10 21:02:40.286 [info] > git rev-parse --show-toplevel [36ms]
2022-12-10 21:02:40.286 [info] > git config --get commit.template [46ms]
2022-12-10 21:02:40.286 [warning] No remotes found in the git config file.
2022-12-10 21:02:40.286 [info] > git remote --verbose [110ms]
2022-12-10 21:02:40.286 [info] > git for-each-ref --format=%(refname)%00%(upstream:short)%00%(objectname)%00%(upstream:track)%00%(upstream:remotename)%00%(upstream:remoteref) refs/heads/test refs/remotes/test [147ms]
2022-12-10 21:02:40.286 [info] > git rev-parse --show-toplevel [266ms]
2022-12-10 21:02:40.286 [info] > git for-each-ref --sort -committerdate --format %(refname) %(objectname) %(*objectname) [41ms]
2022-12-10 21:02:40.287 [info] > git rev-parse --show-toplevel [28ms]
2022-12-10 21:02:40.287 [info] > git rev-parse --show-toplevel [39ms]
2022-12-10 21:02:40.287 [info] > git rev-parse --show-toplevel [61ms]
2022-12-10 21:02:40.287 [info] > git rev-parse --show-toplevel [31ms]
2022-12-10 21:02:40.287 [info] > git rev-parse --show-toplevel [15ms]
2022-12-10 21:02:40.287 [info] > git rev-parse --show-toplevel [108ms]
2022-12-10 21:02:40.287 [info] > git status -z -uall [671ms]
2022-12-10 21:02:40.287 [info] > git config --get commit.template [96ms]
2022-12-10 21:02:40.287 [warning] No remotes found in the git config file.
2022-12-10 21:02:40.293 [info] > git for-each-ref --format=%(refname)%00%(upstream:short)%00%(objectname)%00%(upstream:track)%00%(upstream:remotename)%00%(upstream:remoteref) refs/heads/test refs/remotes/test [47ms]
2022-12-10 21:02:40.293 [info] > git remote --verbose [22ms]
2022-12-10 21:02:40.293 [info] > git for-each-ref --sort -committerdate --format %(refname) %(objectname) %(*objectname) [34ms]
2022-12-10 21:02:40.293 [info] > git status -z -uall [639ms]
2022-12-10 21:02:40.293 [info] > git check-ignore -v -z --stdin [58ms]
2022-12-10 21:02:40.751 [info] > git show --textconv :index.js [65ms]
2022-12-10 21:02:41.059 [info] > git ls-files --stage -- /root/index.js [308ms]
2022-12-10 21:02:41.213 [info] > git show --textconv :public/register.html [57ms]
2022-12-10 21:02:41.215 [info] > git cat-file -s a8c390b26b583183adc33b9d39f452ebc644080f [103ms]
2022-12-10 21:02:41.251 [info] > git ls-files --stage -- /root/public/register.html [40ms]
2022-12-10 21:02:42.694 [warning] No remotes found in the git config file.
2022-12-10 21:02:42.706 [info] > git remote --verbose [12ms]
2022-12-10 21:02:42.706 [info] > git for-each-ref --format=%(refname)%00%(upstream:short)%00%(objectname)%00%(upstream:track)%00%(upstream:remotename)%00%(upstream:remoteref) refs/heads/test refs/remotes/test [37ms]
2022-12-10 21:02:42.707 [info] > git config --get commit.template [68ms]
2022-12-10 21:02:42.803 [info] > git for-each-ref --sort -committerdate --format %(refname) %(objectname) %(*objectname) [48ms]
2022-12-10 21:02:43.780 [info] > git status -z -uall [1051ms]
2022-12-10 21:02:48.969 [warning] No remotes found in the git config file.
2022-12-10 21:02:48.971 [info] > git for-each-ref --format=%(refname)%00%(upstream:short)%00%(objectname)%00%(upstream:track)%00%(upstream:remotename)%00%(upstream:remoteref) refs/heads/test refs/remotes/test [18ms]
2022-12-10 21:02:48.974 [info] > git config --get commit.template [44ms]
2022-12-10 21:02:48.984 [info] > git remote --verbose [15ms]
2022-12-10 21:02:49.057 [info] > git for-each-ref --sort -committerdate --format %(refname) %(objectname) %(*objectname) [13ms]
2022-12-10 21:02:49.219 [info] > git status -z -uall [215ms]
2022-12-10 21:02:57.420 [warning] No remotes found in the git config file.
2022-12-10 21:02:57.422 [info] > git for-each-ref --format=%(refname)%00%(upstream:short)%00%(objectname)%00%(upstream:track)%00%(upstream:remotename)%00%(upstream:remoteref) refs/heads/test refs/remotes/test [15ms]
2022-12-10 21:02:57.423 [info] > git config --get commit.template [30ms]
2022-12-10 21:02:57.425 [info] > git remote --verbose [5ms]
2022-12-10 21:02:57.512 [info] > git for-each-ref --sort -committerdate --format %(refname) %(objectname) %(*objectname) [6ms]
2022-12-10 21:02:57.588 [info] > git status -z -uall [153ms]
2022-12-10 21:03:20.697 [warning] No remotes found in the git config file.
2022-12-10 21:03:20.699 [info] > git for-each-ref --format=%(refname)%00%(upstream:short)%00%(objectname)%00%(upstream:track)%00%(upstream:remotename)%00%(upstream:remoteref) refs/heads/test refs/remotes/test [10ms]
2022-12-10 21:03:20.701 [info] > git config --get commit.template [26ms]
2022-12-10 21:03:20.703 [info] > git remote --verbose [6ms]
2022-12-10 21:03:20.746 [info] > git for-each-ref --sort -committerdate --format %(refname) %(objectname) %(*objectname) [26ms]
2022-12-10 21:03:20.844 [info] > git status -z -uall [133ms]
2022-12-10 21:03:26.024 [warning] No remotes found in the git config file.
2022-12-10 21:03:26.025 [info] > git for-each-ref --format=%(refname)%00%(upstream:short)%00%(objectname)%00%(upstream:track)%00%(upstream:remotename)%00%(upstream:remoteref) refs/heads/test refs/remotes/test [13ms]
2022-12-10 21:03:26.026 [info] > git config --get commit.template [27ms]
2022-12-10 21:03:26.029 [info] > git remote --verbose [5ms]
2022-12-10 21:03:26.078 [info] > git for-each-ref --sort -committerdate --format %(refname) %(objectname) %(*objectname) [14ms]
2022-12-10 21:03:26.149 [info] > git status -z -uall [111ms]
2022-12-10 21:03:33.421 [warning] No remotes found in the git config file.
2022-12-10 21:03:33.422 [info] > git for-each-ref --format=%(refname)%00%(upstream:short)%00%(objectname)%00%(upstream:track)%00%(upstream:remotename)%00%(upstream:remoteref) refs/heads/test refs/remotes/test [16ms]
2022-12-10 21:03:33.423 [info] > git config --get commit.template [34ms]
2022-12-10 21:03:33.430 [info] > git remote --verbose [10ms]
2022-12-10 21:03:33.484 [info] > git for-each-ref --sort -committerdate --format %(refname) %(objectname) %(*objectname) [5ms]
2022-12-10 21:03:33.559 [info] > git status -z -uall [116ms]
2022-12-10 21:03:38.732 [warning] No remotes found in the git config file.
2022-12-10 21:03:38.734 [info] > git for-each-ref --format=%(refname)%00%(upstream:short)%00%(objectname)%00%(upstream:track)%00%(upstream:remotename)%00%(upstream:remoteref) refs/heads/test refs/remotes/test [13ms]
2022-12-10 21:03:38.735 [info] > git config --get commit.template [29ms]
2022-12-10 21:03:38.737 [info] > git remote --verbose [5ms]
2022-12-10 21:03:38.791 [info] > git for-each-ref --sort -committerdate --format %(refname) %(objectname) %(*objectname) [10ms]
2022-12-10 21:03:38.869 [info] > git status -z -uall [121ms]
2022-12-10 21:03:44.039 [warning] No remotes found in the git config file.
2022-12-10 21:03:44.041 [info] > git for-each-ref --format=%(refname)%00%(upstream:short)%00%(objectname)%00%(upstream:track)%00%(upstream:remotename)%00%(upstream:remoteref) refs/heads/test refs/remotes/test [13ms]
2022-12-10 21:03:44.042 [info] > git config --get commit.template [27ms]
2022-12-10 21:03:44.045 [info] > git remote --verbose [6ms]
2022-12-10 21:03:44.097 [info] > git for-each-ref --sort -committerdate --format %(refname) %(objectname) %(*objectname) [8ms]
2022-12-10 21:03:44.166 [info] > git status -z -uall [111ms]
2022-12-10 21:03:49.320 [warning] No remotes found in the git config file.
2022-12-10 21:03:49.322 [info] > git for-each-ref --format=%(refname)%00%(upstream:short)%00%(objectname)%00%(upstream:track)%00%(upstream:remotename)%00%(upstream:remoteref) refs/heads/test refs/remotes/test [17ms]
2022-12-10 21:03:49.323 [info] > git config --get commit.template [34ms]
2022-12-10 21:03:49.326 [info] > git remote --verbose [6ms]
2022-12-10 21:03:49.383 [info] > git for-each-ref --sort -committerdate --format %(refname) %(objectname) %(*objectname) [8ms]
2022-12-10 21:03:49.453 [info] > git status -z -uall [116ms]
2022-12-10 21:03:58.605 [warning] No remotes found in the git config file.
2022-12-10 21:03:58.607 [info] > git for-each-ref --format=%(refname)%00%(upstream:short)%00%(objectname)%00%(upstream:track)%00%(upstream:remotename)%00%(upstream:remoteref) refs/heads/test refs/remotes/test [15ms]
2022-12-10 21:03:58.611 [info] > git config --get commit.template [31ms]
2022-12-10 21:03:58.611 [info] > git remote --verbose [6ms]
2022-12-10 21:03:58.707 [info] > git for-each-ref --sort -committerdate --format %(refname) %(objectname) %(*objectname) [66ms]
2022-12-10 21:03:58.793 [info] > git status -z -uall [165ms]
2022-12-10 21:04:03.939 [warning] No remotes found in the git config file.
2022-12-10 21:04:03.945 [info] > git for-each-ref --format=%(refname)%00%(upstream:short)%00%(objectname)%00%(upstream:track)%00%(upstream:remotename)%00%(upstream:remoteref) refs/heads/test refs/remotes/test [18ms]
2022-12-10 21:04:03.948 [info] > git config --get commit.template [35ms]
2022-12-10 21:04:03.948 [info] > git remote --verbose [10ms]
2022-12-10 21:04:03.999 [info] > git for-each-ref --sort -committerdate --format %(refname) %(objectname) %(*objectname) [7ms]
2022-12-10 21:04:04.074 [info] > git status -z -uall [114ms]
2022-12-10 21:04:09.320 [warning] No remotes found in the git config file.
2022-12-10 21:04:09.322 [info] > git for-each-ref --format=%(refname)%00%(upstream:short)%00%(objectname)%00%(upstream:track)%00%(upstream:remotename)%00%(upstream:remoteref) refs/heads/test refs/remotes/test [30ms]
2022-12-10 21:04:09.326 [info] > git config --get commit.template [60ms]
2022-12-10 21:04:09.330 [info] > git remote --verbose [10ms]
2022-12-10 21:04:09.418 [info] > git for-each-ref --sort -committerdate --format %(refname) %(objectname) %(*objectname) [11ms]
2022-12-10 21:04:09.566 [info] > git status -z -uall [211ms]
2022-12-10 21:04:17.745 [warning] No remotes found in the git config file.
2022-12-10 21:04:17.747 [info] > git for-each-ref --format=%(refname)%00%(upstream:short)%00%(objectname)%00%(upstream:track)%00%(upstream:remotename)%00%(upstream:remoteref) refs/heads/test refs/remotes/test [17ms]
2022-12-10 21:04:17.748 [info] > git config --get commit.template [33ms]
2022-12-10 21:04:17.758 [info] > git remote --verbose [12ms]
2022-12-10 21:04:17.826 [info] > git for-each-ref --sort -committerdate --format %(refname) %(objectname) %(*objectname) [16ms]
2022-12-10 21:04:17.900 [info] > git status -z -uall [125ms]
2022-12-10 21:04:24.145 [warning] No remotes found in the git config file.
2022-12-10 21:04:24.146 [info] > git for-each-ref --format=%(refname)%00%(upstream:short)%00%(objectname)%00%(upstream:track)%00%(upstream:remotename)%00%(upstream:remoteref) refs/heads/test refs/remotes/test [18ms]
2022-12-10 21:04:24.147 [info] > git config --get commit.template [34ms]
2022-12-10 21:04:24.150 [info] > git remote --verbose [5ms]
2022-12-10 21:04:24.214 [info] > git for-each-ref --sort -committerdate --format %(refname) %(objectname) %(*objectname) [9ms]
2022-12-10 21:04:24.325 [info] > git status -z -uall [162ms]
2022-12-10 21:04:29.621 [warning] No remotes found in the git config file.
2022-12-10 21:04:29.622 [info] > git for-each-ref --format=%(refname)%00%(upstream:short)%00%(objectname)%00%(upstream:track)%00%(upstream:remotename)%00%(upstream:remoteref) refs/heads/test refs/remotes/test [15ms]
2022-12-10 21:04:29.623 [info] > git config --get commit.template [30ms]
2022-12-10 21:04:29.626 [info] > git remote --verbose [5ms]
2022-12-10 21:04:29.681 [info] > git for-each-ref --sort -committerdate --format %(refname) %(objectname) %(*objectname) [7ms]
2022-12-10 21:04:29.753 [info] > git status -z -uall [115ms]
2022-12-10 21:04:34.901 [warning] No remotes found in the git config file.
2022-12-10 21:04:34.903 [info] > git for-each-ref --format=%(refname)%00%(upstream:short)%00%(objectname)%00%(upstream:track)%00%(upstream:remotename)%00%(upstream:remoteref) refs/heads/test refs/remotes/test [17ms]
2022-12-10 21:04:34.905 [info] > git config --get commit.template [33ms]
2022-12-10 21:04:34.907 [info] > git remote --verbose [6ms]
2022-12-10 21:04:34.974 [info] > git for-each-ref --sort -committerdate --format %(refname) %(objectname) %(*objectname) [7ms]
2022-12-10 21:04:35.054 [info] > git status -z -uall [132ms]
2022-12-10 21:04:40.205 [warning] No remotes found in the git config file.
2022-12-10 21:04:40.208 [info] > git for-each-ref --format=%(refname)%00%(upstream:short)%00%(objectname)%00%(upstream:track)%00%(upstream:remotename)%00%(upstream:remoteref) refs/heads/test refs/remotes/test [18ms]
2022-12-10 21:04:40.209 [info] > git config --get commit.template [35ms]
2022-12-10 21:04:40.211 [info] > git remote --verbose [6ms]
2022-12-10 21:04:40.275 [info] > git for-each-ref --sort -committerdate --format %(refname) %(objectname) %(*objectname) [5ms]
2022-12-10 21:04:40.354 [info] > git status -z -uall [128ms]
2022-12-10 21:05:07.343 [warning] No remotes found in the git config file.
2022-12-10 21:05:07.345 [info] > git for-each-ref --format=%(refname)%00%(upstream:short)%00%(objectname)%00%(upstream:track)%00%(upstream:remotename)%00%(upstream:remoteref) refs/heads/test refs/remotes/test [12ms]
2022-12-10 21:05:07.345 [info] > git config --get commit.template [23ms]
2022-12-10 21:05:07.348 [info] > git remote --verbose [5ms]
2022-12-10 21:05:07.398 [info] > git for-each-ref --sort -committerdate --format %(refname) %(objectname) %(*objectname) [6ms]
2022-12-10 21:05:07.490 [info] > git status -z -uall [133ms]
2022-12-10 21:05:12.670 [warning] No remotes found in the git config file.
2022-12-10 21:05:12.671 [info] > git for-each-ref --format=%(refname)%00%(upstream:short)%00%(objectname)%00%(upstream:track)%00%(upstream:remotename)%00%(upstream:remoteref) refs/heads/test refs/remotes/test [16ms]
2022-12-10 21:05:12.672 [info] > git config --get commit.template [31ms]
2022-12-10 21:05:12.675 [info] > git remote --verbose [5ms]
2022-12-10 21:05:12.738 [info] > git for-each-ref --sort -committerdate --format %(refname) %(objectname) %(*objectname) [4ms]
2022-12-10 21:05:12.820 [info] > git status -z -uall [131ms]
2022-12-10 21:05:17.982 [warning] No remotes found in the git config file.
2022-12-10 21:05:17.983 [info] > git for-each-ref --format=%(refname)%00%(upstream:short)%00%(objectname)%00%(upstream:track)%00%(upstream:remotename)%00%(upstream:remoteref) refs/heads/test refs/remotes/test [17ms]
2022-12-10 21:05:17.984 [info] > git config --get commit.template [36ms]
2022-12-10 21:05:17.987 [info] > git remote --verbose [6ms]
2022-12-10 21:05:18.038 [info] > git for-each-ref --sort -committerdate --format %(refname) %(objectname) %(*objectname) [13ms]
2022-12-10 21:05:18.110 [info] > git status -z -uall [113ms]
2022-12-10 21:05:23.266 [warning] No remotes found in the git config file.
2022-12-10 21:05:23.268 [info] > git for-each-ref --format=%(refname)%00%(upstream:short)%00%(objectname)%00%(upstream:track)%00%(upstream:remotename)%00%(upstream:remoteref) refs/heads/test refs/remotes/test [17ms]
2022-12-10 21:05:23.271 [info] > git config --get commit.template [36ms]
2022-12-10 21:05:23.271 [info] > git remote --verbose [5ms]
2022-12-10 21:05:23.325 [info] > git for-each-ref --sort -committerdate --format %(refname) %(objectname) %(*objectname) [6ms]
2022-12-10 21:05:23.398 [info] > git status -z -uall [114ms]
2022-12-10 21:05:34.352 [warning] No remotes found in the git config file.
2022-12-10 21:05:34.353 [info] > git for-each-ref --format=%(refname)%00%(upstream:short)%00%(objectname)%00%(upstream:track)%00%(upstream:remotename)%00%(upstream:remoteref) refs/heads/test refs/remotes/test [16ms]
2022-12-10 21:05:34.354 [info] > git config --get commit.template [31ms]
2022-12-10 21:05:34.356 [info] > git remote --verbose [5ms]
2022-12-10 21:05:34.414 [info] > git for-each-ref --sort -committerdate --format %(refname) %(objectname) %(*objectname) [11ms]
2022-12-10 21:05:34.484 [info] > git status -z -uall [116ms]
2022-12-10 21:05:42.630 [warning] No remotes found in the git config file.
2022-12-10 21:05:42.632 [info] > git for-each-ref --format=%(refname)%00%(upstream:short)%00%(objectname)%00%(upstream:track)%00%(upstream:remotename)%00%(upstream:remoteref) refs/heads/test refs/remotes/test [12ms]
2022-12-10 21:05:42.632 [info] > git config --get commit.template [25ms]
2022-12-10 21:05:42.635 [info] > git remote --verbose [5ms]
2022-12-10 21:05:42.680 [info] > git for-each-ref --sort -committerdate --format %(refname) %(objectname) %(*objectname) [5ms]
2022-12-10 21:05:42.757 [info] > git status -z -uall [111ms]
2022-12-10 21:05:47.898 [warning] No remotes found in the git config file.
2022-12-10 21:05:47.900 [info] > git for-each-ref --format=%(refname)%00%(upstream:short)%00%(objectname)%00%(upstream:track)%00%(upstream:remotename)%00%(upstream:remoteref) refs/heads/test refs/remotes/test [14ms]
2022-12-10 21:05:47.900 [info] > git config --get commit.template [27ms]
2022-12-10 21:05:47.903 [info] > git remote --verbose [5ms]
2022-12-10 21:05:47.956 [info] > git for-each-ref --sort -committerdate --format %(refname) %(objectname) %(*objectname) [9ms]
2022-12-10 21:05:48.029 [info] > git status -z -uall [116ms]
2022-12-10 21:05:53.174 [warning] No remotes found in the git config file.
2022-12-10 21:05:53.176 [info] > git for-each-ref --format=%(refname)%00%(upstream:short)%00%(objectname)%00%(upstream:track)%00%(upstream:remotename)%00%(upstream:remoteref) refs/heads/test refs/remotes/test [16ms]
2022-12-10 21:05:53.179 [info] > git config --get commit.template [31ms]
2022-12-10 21:05:53.179 [info] > git remote --verbose [5ms]
2022-12-10 21:05:53.234 [info] > git for-each-ref --sort -committerdate --format %(refname) %(objectname) %(*objectname) [13ms]
2022-12-10 21:05:53.323 [info] > git status -z -uall [132ms]
2022-12-10 21:05:58.471 [warning] No remotes found in the git config file.
2022-12-10 21:05:58.472 [info] > git for-each-ref --format=%(refname)%00%(upstream:short)%00%(objectname)%00%(upstream:track)%00%(upstream:remotename)%00%(upstream:remoteref) refs/heads/test refs/remotes/test [17ms]
2022-12-10 21:05:58.473 [info] > git config --get commit.template [31ms]
2022-12-10 21:05:58.476 [info] > git remote --verbose [6ms]
2022-12-10 21:05:58.538 [info] > git for-each-ref --sort -committerdate --format %(refname) %(objectname) %(*objectname) [8ms]
2022-12-10 21:05:58.630 [info] > git status -z -uall [141ms]
2022-12-10 21:06:05.133 [warning] No remotes found in the git config file.
2022-12-10 21:06:05.134 [info] > git for-each-ref --format=%(refname)%00%(upstream:short)%00%(objectname)%00%(upstream:track)%00%(upstream:remotename)%00%(upstream:remoteref) refs/heads/test refs/remotes/test [21ms]
2022-12-10 21:06:05.135 [info] > git config --get commit.template [41ms]
2022-12-10 21:06:05.139 [info] > git remote --verbose [7ms]
2022-12-10 21:06:05.234 [info] > git for-each-ref --sort -committerdate --format %(refname) %(objectname) %(*objectname) [13ms]
2022-12-10 21:06:05.306 [info] > git status -z -uall [152ms]
2022-12-10 21:06:10.459 [warning] No remotes found in the git config file.
2022-12-10 21:06:10.493 [info] > git remote --verbose [34ms]
2022-12-10 21:06:10.501 [info] > git for-each-ref --format=%(refname)%00%(upstream:short)%00%(objectname)%00%(upstream:track)%00%(upstream:remotename)%00%(upstream:remoteref) refs/heads/test refs/remotes/test [57ms]
2022-12-10 21:06:10.501 [info] > git config --get commit.template [72ms]
2022-12-10 21:06:10.694 [info] > git for-each-ref --sort -committerdate --format %(refname) %(objectname) %(*objectname) [62ms]
2022-12-10 21:06:10.783 [info] > git status -z -uall [215ms]
2022-12-10 21:06:12.780 [info] > git show --textconv :controller.js [19ms]
2022-12-10 21:06:12.788 [info] > git ls-files --stage -- /root/controller.js [10ms]
2022-12-10 21:06:13.012 [info] > git check-ignore -v -z --stdin [16ms]
2022-12-10 21:06:15.906 [warning] No remotes found in the git config file.
2022-12-10 21:06:15.907 [info] > git for-each-ref --format=%(refname)%00%(upstream:short)%00%(objectname)%00%(upstream:track)%00%(upstream:remotename)%00%(upstream:remoteref) refs/heads/test refs/remotes/test [15ms]
2022-12-10 21:06:15.907 [info] > git config --get commit.template [29ms]
2022-12-10 21:06:15.910 [info] > git remote --verbose [4ms]
2022-12-10 21:06:15.962 [info] > git for-each-ref --sort -committerdate --format %(refname) %(objectname) %(*objectname) [7ms]
2022-12-10 21:06:16.033 [info] > git status -z -uall [112ms]
2022-12-10 21:06:21.190 [warning] No remotes found in the git config file.
2022-12-10 21:06:21.191 [info] > git for-each-ref --format=%(refname)%00%(upstream:short)%00%(objectname)%00%(upstream:track)%00%(upstream:remotename)%00%(upstream:remoteref) refs/heads/test refs/remotes/test [17ms]
2022-12-10 21:06:21.192 [info] > git config --get commit.template [33ms]
2022-12-10 21:06:21.195 [info] > git remote --verbose [5ms]
2022-12-10 21:06:21.256 [info] > git for-each-ref --sort -committerdate --format %(refname) %(objectname) %(*objectname) [3ms]
2022-12-10 21:06:21.353 [info] > git status -z -uall [145ms]
2022-12-10 21:06:26.511 [warning] No remotes found in the git config file.
2022-12-10 21:06:26.512 [info] > git for-each-ref --format=%(refname)%00%(upstream:short)%00%(objectname)%00%(upstream:track)%00%(upstream:remotename)%00%(upstream:remoteref) refs/heads/test refs/remotes/test [17ms]
2022-12-10 21:06:26.513 [info] > git config --get commit.template [37ms]
2022-12-10 21:06:26.516 [info] > git remote --verbose [5ms]
2022-12-10 21:06:26.570 [info] > git for-each-ref --sort -committerdate --format %(refname) %(objectname) %(*objectname) [7ms]
2022-12-10 21:06:26.640 [info] > git status -z -uall [110ms]
2022-12-10 21:06:31.780 [warning] No remotes found in the git config file.
2022-12-10 21:06:31.782 [info] > git for-each-ref --format=%(refname)%00%(upstream:short)%00%(objectname)%00%(upstream:track)%00%(upstream:remotename)%00%(upstream:remoteref) refs/heads/test refs/remotes/test [18ms]
2022-12-10 21:06:31.783 [info] > git config --get commit.template [33ms]
2022-12-10 21:06:31.787 [info] > git remote --verbose [7ms]
2022-12-10 21:06:31.846 [info] > git for-each-ref --sort -committerdate --format %(refname) %(objectname) %(*objectname) [13ms]
2022-12-10 21:06:31.919 [info] > git status -z -uall [120ms]
2022-12-10 21:06:37.136 [warning] No remotes found in the git config file.
2022-12-10 21:06:37.138 [info] > git for-each-ref --format=%(refname)%00%(upstream:short)%00%(objectname)%00%(upstream:track)%00%(upstream:remotename)%00%(upstream:remoteref) refs/heads/test refs/remotes/test [32ms]
2022-12-10 21:06:37.138 [info] > git config --get commit.template [67ms]
2022-12-10 21:06:37.152 [info] > git remote --verbose [16ms]
2022-12-10 21:06:37.233 [info] > git for-each-ref --sort -committerdate --format %(refname) %(objectname) %(*objectname) [14ms]
2022-12-10 21:06:37.353 [info] > git status -z -uall [180ms]
2022-12-10 21:06:50.291 [warning] No remotes found in the git config file.
2022-12-10 21:06:50.292 [info] > git for-each-ref --format=%(refname)%00%(upstream:short)%00%(objectname)%00%(upstream:track)%00%(upstream:remotename)%00%(upstream:remoteref) refs/heads/test refs/remotes/test [16ms]
2022-12-10 21:06:50.293 [info] > git config --get commit.template [31ms]
2022-12-10 21:06:50.296 [info] > git remote --verbose [4ms]
2022-12-10 21:06:50.344 [info] > git for-each-ref --sort -committerdate --format %(refname) %(objectname) %(*objectname) [12ms]
2022-12-10 21:06:50.431 [info] > git status -z -uall [125ms]
2022-12-10 21:06:55.623 [warning] No remotes found in the git config file.
2022-12-10 21:06:55.625 [info] > git for-each-ref --format=%(refname)%00%(upstream:short)%00%(objectname)%00%(upstream:track)%00%(upstream:remotename)%00%(upstream:remoteref) refs/heads/test refs/remotes/test [15ms]
2022-12-10 21:06:55.625 [info] > git config --get commit.template [34ms]
2022-12-10 21:06:55.628 [info] > git remote --verbose [5ms]
2022-12-10 21:06:55.686 [info] > git for-each-ref --sort -committerdate --format %(refname) %(objectname) %(*objectname) [7ms]
2022-12-10 21:06:55.763 [info] > git status -z -uall [123ms]
2022-12-10 21:07:00.914 [warning] No remotes found in the git config file.
2022-12-10 21:07:00.915 [info] > git config --get commit.template [33ms]
2022-12-10 21:07:00.917 [info] > git for-each-ref --format=%(refname)%00%(upstream:short)%00%(objectname)%00%(upstream:track)%00%(upstream:remotename)%00%(upstream:remoteref) refs/heads/test refs/remotes/test [17ms]
2022-12-10 21:07:00.920 [info] > git remote --verbose [5ms]
2022-12-10 21:07:00.980 [info] > git for-each-ref --sort -committerdate --format %(refname) %(objectname) %(*objectname) [12ms]
2022-12-10 21:07:01.067 [info] > git status -z -uall [135ms]
2022-12-10 21:07:14.399 [warning] No remotes found in the git config file.
2022-12-10 21:07:14.401 [info] > git config --get commit.template [51ms]
2022-12-10 21:07:14.401 [info] > git for-each-ref --format=%(refname)%00%(upstream:short)%00%(objectname)%00%(upstream:track)%00%(upstream:remotename)%00%(upstream:remoteref) refs/heads/test refs/remotes/test [20ms]
2022-12-10 21:07:14.405 [info] > git remote --verbose [6ms]
2022-12-10 21:07:14.476 [info] > git for-each-ref --sort -committerdate --format %(refname) %(objectname) %(*objectname) [12ms]
2022-12-10 21:07:14.635 [info] > git status -z -uall [216ms]
2022-12-10 21:07:19.911 [warning] No remotes found in the git config file.
2022-12-10 21:07:19.912 [info] > git for-each-ref --format=%(refname)%00%(upstream:short)%00%(objectname)%00%(upstream:track)%00%(upstream:remotename)%00%(upstream:remoteref) refs/heads/test refs/remotes/test [19ms]
2022-12-10 21:07:19.913 [info] > git config --get commit.template [40ms]
2022-12-10 21:07:19.915 [info] > git remote --verbose [4ms]
2022-12-10 21:07:19.988 [info] > git for-each-ref --sort -committerdate --format %(refname) %(objectname) %(*objectname) [10ms]
2022-12-10 21:07:20.122 [info] > git status -z -uall [190ms]
2022-12-10 21:07:52.138 [warning] No remotes found in the git config file.
2022-12-10 21:07:52.139 [info] > git for-each-ref --format=%(refname)%00%(upstream:short)%00%(objectname)%00%(upstream:track)%00%(upstream:remotename)%00%(upstream:remoteref) refs/heads/test refs/remotes/test [13ms]
2022-12-10 21:07:52.140 [info] > git config --get commit.template [29ms]
2022-12-10 21:07:52.142 [info] > git remote --verbose [5ms]
2022-12-10 21:07:52.190 [info] > git for-each-ref --sort -committerdate --format %(refname) %(objectname) %(*objectname) [4ms]
2022-12-10 21:07:52.286 [info] > git status -z -uall [134ms]
2022-12-10 21:07:58.044 [warning] No remotes found in the git config file.
2022-12-10 21:07:58.045 [info] > git for-each-ref --format=%(refname)%00%(upstream:short)%00%(objectname)%00%(upstream:track)%00%(upstream:remotename)%00%(upstream:remoteref) refs/heads/test refs/remotes/test [14ms]
2022-12-10 21:07:58.046 [info] > git config --get commit.template [30ms]
2022-12-10 21:07:58.048 [info] > git remote --verbose [4ms]
2022-12-10 21:07:58.098 [info] > git for-each-ref --sort -committerdate --format %(refname) %(objectname) %(*objectname) [4ms]
2022-12-10 21:07:58.180 [info] > git status -z -uall [121ms]
2022-12-10 21:08:03.327 [warning] No remotes found in the git config file.
2022-12-10 21:08:03.329 [info] > git for-each-ref --format=%(refname)%00%(upstream:short)%00%(objectname)%00%(upstream:track)%00%(upstream:remotename)%00%(upstream:remoteref) refs/heads/test refs/remotes/test [16ms]
2022-12-10 21:08:03.330 [info] > git config --get commit.template [31ms]
2022-12-10 21:08:03.332 [info] > git remote --verbose [5ms]
2022-12-10 21:08:03.389 [info] > git for-each-ref --sort -committerdate --format %(refname) %(objectname) %(*objectname) [17ms]
2022-12-10 21:08:03.464 [info] > git status -z -uall [119ms]
2022-12-10 21:08:09.744 [warning] No remotes found in the git config file.
2022-12-10 21:08:09.746 [info] > git for-each-ref --format=%(refname)%00%(upstream:short)%00%(objectname)%00%(upstream:track)%00%(upstream:remotename)%00%(upstream:remoteref) refs/heads/test refs/remotes/test [20ms]
2022-12-10 21:08:09.747 [info] > git config --get commit.template [36ms]
2022-12-10 21:08:09.749 [info] > git remote --verbose [5ms]
2022-12-10 21:08:09.812 [info] > git for-each-ref --sort -committerdate --format %(refname) %(objectname) %(*objectname) [8ms]
2022-12-10 21:08:09.885 [info] > git status -z -uall [123ms]
2022-12-10 21:08:15.131 [warning] No remotes found in the git config file.
2022-12-10 21:08:15.158 [info] > git for-each-ref --format=%(refname)%00%(upstream:short)%00%(objectname)%00%(upstream:track)%00%(upstream:remotename)%00%(upstream:remoteref) refs/heads/test refs/remotes/test [61ms]
2022-12-10 21:08:15.161 [info] > git config --get commit.template [116ms]
2022-12-10 21:08:15.164 [info] > git remote --verbose [33ms]
2022-12-10 21:08:15.364 [info] > git for-each-ref --sort -committerdate --format %(refname) %(objectname) %(*objectname) [74ms]
2022-12-10 21:08:15.928 [info] > git status -z -uall [726ms]
2022-12-10 21:08:21.096 [warning] No remotes found in the git config file.
2022-12-10 21:08:21.097 [info] > git for-each-ref --format=%(refname)%00%(upstream:short)%00%(objectname)%00%(upstream:track)%00%(upstream:remotename)%00%(upstream:remoteref) refs/heads/test refs/remotes/test [18ms]
2022-12-10 21:08:21.098 [info] > git config --get commit.template [37ms]
2022-12-10 21:08:21.100 [info] > git remote --verbose [5ms]
2022-12-10 21:08:21.183 [info] > git for-each-ref --sort -committerdate --format %(refname) %(objectname) %(*objectname) [13ms]
2022-12-10 21:08:21.271 [info] > git status -z -uall [157ms]
2022-12-10 21:08:26.435 [warning] No remotes found in the git config file.
2022-12-10 21:08:26.436 [info] > git for-each-ref --format=%(refname)%00%(upstream:short)%00%(objectname)%00%(upstream:track)%00%(upstream:remotename)%00%(upstream:remoteref) refs/heads/test refs/remotes/test [19ms]
2022-12-10 21:08:26.437 [info] > git config --get commit.template [41ms]
2022-12-10 21:08:26.440 [info] > git remote --verbose [5ms]
2022-12-10 21:08:26.512 [info] > git for-each-ref --sort -committerdate --format %(refname) %(objectname) %(*objectname) [11ms]
2022-12-10 21:08:26.587 [info] > git status -z -uall [132ms]
2022-12-10 21:08:31.751 [warning] No remotes found in the git config file.
2022-12-10 21:08:31.752 [info] > git for-each-ref --format=%(refname)%00%(upstream:short)%00%(objectname)%00%(upstream:track)%00%(upstream:remotename)%00%(upstream:remoteref) refs/heads/test refs/remotes/test [18ms]
2022-12-10 21:08:31.752 [info] > git config --get commit.template [36ms]
2022-12-10 21:08:31.755 [info] > git remote --verbose [5ms]
2022-12-10 21:08:31.820 [info] > git for-each-ref --sort -committerdate --format %(refname) %(objectname) %(*objectname) [8ms]
2022-12-10 21:08:31.902 [info] > git status -z -uall [132ms]
2022-12-10 21:08:37.059 [warning] No remotes found in the git config file.
2022-12-10 21:08:37.061 [info] > git for-each-ref --format=%(refname)%00%(upstream:short)%00%(objectname)%00%(upstream:track)%00%(upstream:remotename)%00%(upstream:remoteref) refs/heads/test refs/remotes/test [18ms]
2022-12-10 21:08:37.061 [info] > git config --get commit.template [35ms]
2022-12-10 21:08:37.064 [info] > git remote --verbose [5ms]
2022-12-10 21:08:37.124 [info] > git for-each-ref --sort -committerdate --format %(refname) %(objectname) %(*objectname) [7ms]
2022-12-10 21:08:37.201 [info] > git status -z -uall [123ms]
2022-12-10 21:08:42.359 [warning] No remotes found in the git config file.
2022-12-10 21:08:42.360 [info] > git for-each-ref --format=%(refname)%00%(upstream:short)%00%(objectname)%00%(upstream:track)%00%(upstream:remotename)%00%(upstream:remoteref) refs/heads/test refs/remotes/test [17ms]
2022-12-10 21:08:42.360 [info] > git config --get commit.template [36ms]
2022-12-10 21:08:42.363 [info] > git remote --verbose [5ms]
2022-12-10 21:08:42.430 [info] > git for-each-ref --sort -committerdate --format %(refname) %(objectname) %(*objectname) [10ms]
2022-12-10 21:08:42.511 [info] > git status -z -uall [132ms]
2022-12-10 21:08:47.653 [warning] No remotes found in the git config file.
2022-12-10 21:08:47.654 [info] > git for-each-ref --format=%(refname)%00%(upstream:short)%00%(objectname)%00%(upstream:track)%00%(upstream:remotename)%00%(upstream:remoteref) refs/heads/test refs/remotes/test [15ms]
2022-12-10 21:08:47.654 [info] > git config --get commit.template [29ms]
2022-12-10 21:08:47.657 [info] > git remote --verbose [5ms]
2022-12-10 21:08:47.714 [info] > git for-each-ref --sort -committerdate --format %(refname) %(objectname) %(*objectname) [8ms]
2022-12-10 21:08:47.786 [info] > git status -z -uall [116ms]
2022-12-10 21:08:52.960 [warning] No remotes found in the git config file.
2022-12-10 21:08:52.963 [info] > git for-each-ref --format=%(refname)%00%(upstream:short)%00%(objectname)%00%(upstream:track)%00%(upstream:remotename)%00%(upstream:remoteref) refs/heads/test refs/remotes/test [21ms]
2022-12-10 21:08:52.963 [info] > git config --get commit.template [50ms]
2022-12-10 21:08:52.968 [info] > git remote --verbose [8ms]
2022-12-10 21:08:53.070 [info] > git for-each-ref --sort -committerdate --format %(refname) %(objectname) %(*objectname) [14ms]
2022-12-10 21:08:53.454 [info] > git status -z -uall [468ms]
2022-12-10 21:08:58.603 [warning] No remotes found in the git config file.
2022-12-10 21:08:58.604 [info] > git for-each-ref --format=%(refname)%00%(upstream:short)%00%(objectname)%00%(upstream:track)%00%(upstream:remotename)%00%(upstream:remoteref) refs/heads/test refs/remotes/test [17ms]
2022-12-10 21:08:58.605 [info] > git config --get commit.template [35ms]
2022-12-10 21:08:58.607 [info] > git remote --verbose [4ms]
2022-12-10 21:08:58.670 [info] > git for-each-ref --sort -committerdate --format %(refname) %(objectname) %(*objectname) [4ms]
2022-12-10 21:08:58.769 [info] > git status -z -uall [149ms]
2022-12-10 21:09:07.306 [warning] No remotes found in the git config file.
2022-12-10 21:09:07.307 [info] > git for-each-ref --format=%(refname)%00%(upstream:short)%00%(objectname)%00%(upstream:track)%00%(upstream:remotename)%00%(upstream:remoteref) refs/heads/test refs/remotes/test [19ms]
2022-12-10 21:09:07.307 [info] > git config --get commit.template [40ms]
2022-12-10 21:09:07.324 [info] > git remote --verbose [19ms]
2022-12-10 21:09:07.418 [info] > git for-each-ref --sort -committerdate --format %(refname) %(objectname) %(*objectname) [22ms]
2022-12-10 21:09:07.546 [info] > git status -z -uall [206ms]
2022-12-10 21:09:12.715 [warning] No remotes found in the git config file.
2022-12-10 21:09:12.717 [info] > git for-each-ref --format=%(refname)%00%(upstream:short)%00%(objectname)%00%(upstream:track)%00%(upstream:remotename)%00%(upstream:remoteref) refs/heads/test refs/remotes/test [20ms]
2022-12-10 21:09:12.717 [info] > git config --get commit.template [40ms]
2022-12-10 21:09:12.721 [info] > git remote --verbose [5ms]
2022-12-10 21:09:12.799 [info] > git for-each-ref --sort -committerdate --format %(refname) %(objectname) %(*objectname) [9ms]
2022-12-10 21:09:12.901 [info] > git status -z -uall [164ms]
2022-12-10 21:09:19.998 [warning] No remotes found in the git config file.
2022-12-10 21:09:20.000 [info] > git for-each-ref --format=%(refname)%00%(upstream:short)%00%(objectname)%00%(upstream:track)%00%(upstream:remotename)%00%(upstream:remoteref) refs/heads/test refs/remotes/test [23ms]
2022-12-10 21:09:20.000 [info] > git config --get commit.template [45ms]
2022-12-10 21:09:20.003 [info] > git remote --verbose [5ms]
2022-12-10 21:09:20.075 [info] > git for-each-ref --sort -committerdate --format %(refname) %(objectname) %(*objectname) [5ms]
2022-12-10 21:09:20.159 [info] > git status -z -uall [139ms]
2022-12-10 21:09:24.130 [info] > git show --textconv :public/login.html [39ms]
2022-12-10 21:09:24.145 [info] > git ls-files --stage -- /root/public/login.html [17ms]
2022-12-10 21:09:24.193 [info] > git cat-file -s 07892eeeba817f6fb29216dc83645f0f95a6540d [14ms]
2022-12-10 21:09:25.451 [warning] No remotes found in the git config file.
2022-12-10 21:09:25.452 [info] > git for-each-ref --format=%(refname)%00%(upstream:short)%00%(objectname)%00%(upstream:track)%00%(upstream:remotename)%00%(upstream:remoteref) refs/heads/test refs/remotes/test [47ms]
2022-12-10 21:09:25.453 [info] > git config --get commit.template [89ms]
2022-12-10 21:09:25.461 [info] > git remote --verbose [10ms]
2022-12-10 21:09:25.598 [info] > git for-each-ref --sort -committerdate --format %(refname) %(objectname) %(*objectname) [24ms]
2022-12-10 21:09:25.863 [info] > git status -z -uall [341ms]
2022-12-10 21:09:31.147 [warning] No remotes found in the git config file.
2022-12-10 21:09:31.149 [info] > git for-each-ref --format=%(refname)%00%(upstream:short)%00%(objectname)%00%(upstream:track)%00%(upstream:remotename)%00%(upstream:remoteref) refs/heads/test refs/remotes/test [19ms]
2022-12-10 21:09:31.149 [info] > git config --get commit.template [46ms]
2022-12-10 21:09:31.152 [info] > git remote --verbose [6ms]
2022-12-10 21:09:31.238 [info] > git for-each-ref --sort -committerdate --format %(refname) %(objectname) %(*objectname) [16ms]
2022-12-10 21:09:31.497 [info] > git status -z -uall [330ms]
2022-12-10 21:09:52.303 [warning] No remotes found in the git config file.
2022-12-10 21:09:52.304 [info] > git for-each-ref --format=%(refname)%00%(upstream:short)%00%(objectname)%00%(upstream:track)%00%(upstream:remotename)%00%(upstream:remoteref) refs/heads/test refs/remotes/test [17ms]
2022-12-10 21:09:52.304 [info] > git config --get commit.template [32ms]
2022-12-10 21:09:52.312 [info] > git remote --verbose [9ms]
2022-12-10 21:09:52.391 [info] > git for-each-ref --sort -committerdate --format %(refname) %(objectname) %(*objectname) [54ms]
2022-12-10 21:09:52.703 [info] > git status -z -uall [380ms]
2022-12-10 21:09:57.920 [warning] No remotes found in the git config file.
2022-12-10 21:09:57.922 [info] > git for-each-ref --format=%(refname)%00%(upstream:short)%00%(objectname)%00%(upstream:track)%00%(upstream:remotename)%00%(upstream:remoteref) refs/heads/test refs/remotes/test [38ms]
2022-12-10 21:09:57.922 [info] > git config --get commit.template [71ms]
2022-12-10 21:09:57.929 [info] > git remote --verbose [9ms]
2022-12-10 21:09:58.042 [info] > git for-each-ref --sort -committerdate --format %(refname) %(objectname) %(*objectname) [13ms]
2022-12-10 21:09:58.201 [info] > git status -z -uall [246ms]
2022-12-10 21:10:05.253 [warning] No remotes found in the git config file.
2022-12-10 21:10:05.256 [info] > git for-each-ref --format=%(refname)%00%(upstream:short)%00%(objectname)%00%(upstream:track)%00%(upstream:remotename)%00%(upstream:remoteref) refs/heads/test refs/remotes/test [27ms]
2022-12-10 21:10:05.256 [info] > git config --get commit.template [51ms]
2022-12-10 21:10:05.260 [info] > git remote --verbose [7ms]
2022-12-10 21:10:05.319 [info] > git for-each-ref --sort -committerdate --format %(refname) %(objectname) %(*objectname) [21ms]
2022-12-10 21:10:06.315 [info] > git status -z -uall [1038ms]
2022-12-10 21:10:11.511 [warning] No remotes found in the git config file.
2022-12-10 21:10:11.515 [info] > git remote --verbose [7ms]
2022-12-10 21:10:11.518 [info] > git for-each-ref --format=%(refname)%00%(upstream:short)%00%(objectname)%00%(upstream:track)%00%(upstream:remotename)%00%(upstream:remoteref) refs/heads/test refs/remotes/test [30ms]
2022-12-10 21:10:11.518 [info] > git config --get commit.template [56ms]
2022-12-10 21:10:11.637 [info] > git for-each-ref --sort -committerdate --format %(refname) %(objectname) %(*objectname) [77ms]
2022-12-10 21:10:12.521 [info] > git status -z -uall [987ms]
2022-12-10 21:11:11.182 [warning] No remotes found in the git config file.
2022-12-10 21:11:11.193 [info] > git for-each-ref --format=%(refname)%00%(upstream:short)%00%(objectname)%00%(upstream:track)%00%(upstream:remotename)%00%(upstream:remoteref) refs/heads/test refs/remotes/test [30ms]
2022-12-10 21:11:11.195 [info] > git config --get commit.template [50ms]
2022-12-10 21:11:11.196 [info] > git remote --verbose [18ms]
2022-12-10 21:11:11.247 [info] > git for-each-ref --sort -committerdate --format %(refname) %(objectname) %(*objectname) [23ms]
2022-12-10 21:11:12.294 [info] > git status -z -uall [1085ms]
2022-12-10 21:11:17.477 [warning] No remotes found in the git config file.
2022-12-10 21:11:17.478 [info] > git for-each-ref --format=%(refname)%00%(upstream:short)%00%(objectname)%00%(upstream:track)%00%(upstream:remotename)%00%(upstream:remoteref) refs/heads/test refs/remotes/test [22ms]
2022-12-10 21:11:17.479 [info] > git config --get commit.template [42ms]
2022-12-10 21:11:17.483 [info] > git remote --verbose [6ms]
2022-12-10 21:11:17.575 [info] > git for-each-ref --sort -committerdate --format %(refname) %(objectname) %(*objectname) [50ms]
2022-12-10 21:11:18.162 [info] > git status -z -uall [662ms]
2022-12-10 21:11:34.539 [warning] No remotes found in the git config file.
2022-12-10 21:11:34.547 [info] > git for-each-ref --format=%(refname)%00%(upstream:short)%00%(objectname)%00%(upstream:track)%00%(upstream:remotename)%00%(upstream:remoteref) refs/heads/test refs/remotes/test [25ms]
2022-12-10 21:11:34.547 [info] > git config --get commit.template [42ms]
2022-12-10 21:11:34.548 [info] > git remote --verbose [13ms]
2022-12-10 21:11:34.608 [info] > git for-each-ref --sort -committerdate --format %(refname) %(objectname) %(*objectname) [11ms]
2022-12-10 21:11:34.682 [info] > git status -z -uall [123ms]
2022-12-10 21:12:40.991 [warning] No remotes found in the git config file.
2022-12-10 21:12:40.993 [info] > git for-each-ref --format=%(refname)%00%(upstream:short)%00%(objectname)%00%(upstream:track)%00%(upstream:remotename)%00%(upstream:remoteref) refs/heads/test refs/remotes/test [18ms]
2022-12-10 21:12:40.993 [info] > git config --get commit.template [37ms]
2022-12-10 21:12:40.996 [info] > git remote --verbose [6ms]
2022-12-10 21:12:41.044 [info] > git for-each-ref --sort -committerdate --format %(refname) %(objectname) %(*objectname) [12ms]
2022-12-10 21:12:41.132 [info] > git status -z -uall [127ms]
2022-12-10 21:12:46.446 [warning] No remotes found in the git config file.
2022-12-10 21:12:46.451 [info] > git for-each-ref --format=%(refname)%00%(upstream:short)%00%(objectname)%00%(upstream:track)%00%(upstream:remotename)%00%(upstream:remoteref) refs/heads/test refs/remotes/test [60ms]
2022-12-10 21:12:46.451 [info] > git config --get commit.template [105ms]
2022-12-10 21:12:46.452 [info] > git remote --verbose [7ms]
2022-12-10 21:12:46.530 [info] > git for-each-ref --sort -committerdate --format %(refname) %(objectname) %(*objectname) [19ms]
2022-12-10 21:12:46.777 [info] > git status -z -uall [306ms]
2022-12-10 21:12:52.104 [warning] No remotes found in the git config file.
2022-12-10 21:12:52.112 [info] > git config --get commit.template [46ms]
2022-12-10 21:12:52.115 [info] > git remote --verbose [11ms]
2022-12-10 21:12:52.120 [info] > git for-each-ref --format=%(refname)%00%(upstream:short)%00%(objectname)%00%(upstream:track)%00%(upstream:remotename)%00%(upstream:remoteref) refs/heads/test refs/remotes/test [34ms]
2022-12-10 21:12:52.244 [info] > git for-each-ref --sort -committerdate --format %(refname) %(objectname) %(*objectname) [69ms]
2022-12-10 21:12:53.061 [info] > git status -z -uall [925ms]
2022-12-10 21:13:01.379 [warning] No remotes found in the git config file.
2022-12-10 21:13:01.381 [info] > git for-each-ref --format=%(refname)%00%(upstream:short)%00%(objectname)%00%(upstream:track)%00%(upstream:remotename)%00%(upstream:remoteref) refs/heads/test refs/remotes/test [25ms]
2022-12-10 21:13:01.383 [info] > git config --get commit.template [51ms]
2022-12-10 21:13:01.386 [info] > git remote --verbose [7ms]
2022-12-10 21:13:01.475 [info] > git for-each-ref --sort -committerdate --format %(refname) %(objectname) %(*objectname) [10ms]
2022-12-10 21:13:01.559 [info] > git status -z -uall [158ms]
2022-12-10 21:13:06.781 [warning] No remotes found in the git config file.
2022-12-10 21:13:06.793 [info] > git for-each-ref --format=%(refname)%00%(upstream:short)%00%(objectname)%00%(upstream:track)%00%(upstream:remotename)%00%(upstream:remoteref) refs/heads/test refs/remotes/test [34ms]
2022-12-10 21:13:06.801 [info] > git config --get commit.template [77ms]
2022-12-10 21:13:06.802 [info] > git remote --verbose [22ms]
2022-12-10 21:13:06.880 [info] > git for-each-ref --sort -committerdate --format %(refname) %(objectname) %(*objectname) [23ms]
2022-12-10 21:13:06.972 [info] > git status -z -uall [148ms]
2022-12-10 21:13:16.021 [warning] No remotes found in the git config file.
2022-12-10 21:13:16.023 [info] > git for-each-ref --format=%(refname)%00%(upstream:short)%00%(objectname)%00%(upstream:track)%00%(upstream:remotename)%00%(upstream:remoteref) refs/heads/test refs/remotes/test [20ms]
2022-12-10 21:13:16.024 [info] > git config --get commit.template [42ms]
2022-12-10 21:13:16.026 [info] > git remote --verbose [5ms]
2022-12-10 21:13:16.089 [info] > git for-each-ref --sort -committerdate --format %(refname) %(objectname) %(*objectname) [9ms]
2022-12-10 21:13:16.164 [info] > git status -z -uall [123ms]
2022-12-10 21:13:21.333 [warning] No remotes found in the git config file.
2022-12-10 21:13:21.335 [info] > git for-each-ref --format=%(refname)%00%(upstream:short)%00%(objectname)%00%(upstream:track)%00%(upstream:remotename)%00%(upstream:remoteref) refs/heads/test refs/remotes/test [22ms]
2022-12-10 21:13:21.335 [info] > git config --get commit.template [43ms]
2022-12-10 21:13:21.338 [info] > git remote --verbose [6ms]
2022-12-10 21:13:21.465 [info] > git for-each-ref --sort -committerdate --format %(refname) %(objectname) %(*objectname) [32ms]
2022-12-10 21:13:21.601 [info] > git status -z -uall [246ms]
2022-12-10 21:13:26.802 [warning] No remotes found in the git config file.
2022-12-10 21:13:26.806 [info] > git for-each-ref --format=%(refname)%00%(upstream:short)%00%(objectname)%00%(upstream:track)%00%(upstream:remotename)%00%(upstream:remoteref) refs/heads/test refs/remotes/test [27ms]
2022-12-10 21:13:26.808 [info] > git config --get commit.template [53ms]
2022-12-10 21:13:26.809 [info] > git remote --verbose [7ms]
2022-12-10 21:13:26.911 [info] > git for-each-ref --sort -committerdate --format %(refname) %(objectname) %(*objectname) [23ms]
2022-12-10 21:13:27.081 [info] > git status -z -uall [254ms]
2022-12-10 21:13:32.405 [warning] No remotes found in the git config file.
2022-12-10 21:13:32.407 [info] > git for-each-ref --format=%(refname)%00%(upstream:short)%00%(objectname)%00%(upstream:track)%00%(upstream:remotename)%00%(upstream:remoteref) refs/heads/test refs/remotes/test [75ms]
2022-12-10 21:13:32.408 [info] > git config --get commit.template [199ms]
2022-12-10 21:13:32.430 [info] > git remote --verbose [24ms]
2022-12-10 21:13:32.597 [info] > git for-each-ref --sort -committerdate --format %(refname) %(objectname) %(*objectname) [122ms]
2022-12-10 21:13:33.178 [info] > git status -z -uall [730ms]
2022-12-10 21:17:27.018 [warning] No remotes found in the git config file.
2022-12-10 21:17:27.019 [info] > git for-each-ref --format=%(refname)%00%(upstream:short)%00%(objectname)%00%(upstream:track)%00%(upstream:remotename)%00%(upstream:remoteref) refs/heads/test refs/remotes/test [16ms]
2022-12-10 21:17:27.020 [info] > git config --get commit.template [28ms]
2022-12-10 21:17:27.022 [info] > git remote --verbose [4ms]
2022-12-10 21:17:27.074 [info] > git for-each-ref --sort -committerdate --format %(refname) %(objectname) %(*objectname) [7ms]
2022-12-10 21:17:27.165 [info] > git status -z -uall [130ms]
2022-12-10 21:17:32.322 [warning] No remotes found in the git config file.
2022-12-10 21:17:32.324 [info] > git for-each-ref --format=%(refname)%00%(upstream:short)%00%(objectname)%00%(upstream:track)%00%(upstream:remotename)%00%(upstream:remoteref) refs/heads/test refs/remotes/test [16ms]
2022-12-10 21:17:32.325 [info] > git config --get commit.template [32ms]
2022-12-10 21:17:32.327 [info] > git remote --verbose [5ms]
2022-12-10 21:17:32.406 [info] > git for-each-ref --sort -committerdate --format %(refname) %(objectname) %(*objectname) [19ms]
2022-12-10 21:17:32.636 [info] > git status -z -uall [295ms]
2022-12-10 21:17:37.923 [warning] No remotes found in the git config file.
2022-12-10 21:17:37.926 [info] > git for-each-ref --format=%(refname)%00%(upstream:short)%00%(objectname)%00%(upstream:track)%00%(upstream:remotename)%00%(upstream:remoteref) refs/heads/test refs/remotes/test [32ms]
2022-12-10 21:17:37.926 [info] > git config --get commit.template [59ms]
2022-12-10 21:17:37.941 [info] > git remote --verbose [18ms]
2022-12-10 21:17:38.132 [info] > git for-each-ref --sort -committerdate --format %(refname) %(objectname) %(*objectname) [32ms]
2022-12-10 21:17:38.954 [info] > git status -z -uall [969ms]
2022-12-10 21:17:44.201 [warning] No remotes found in the git config file.
2022-12-10 21:17:44.227 [info] > git config --get commit.template [44ms]
2022-12-10 21:17:44.230 [info] > git remote --verbose [29ms]
2022-12-10 21:17:44.240 [info] > git for-each-ref --format=%(refname)%00%(upstream:short)%00%(objectname)%00%(upstream:track)%00%(upstream:remotename)%00%(upstream:remoteref) refs/heads/test refs/remotes/test [22ms]
2022-12-10 21:17:44.309 [info] > git for-each-ref --sort -committerdate --format %(refname) %(objectname) %(*objectname) [31ms]
2022-12-10 21:17:44.781 [info] > git status -z -uall [525ms]
2022-12-10 21:17:50.074 [warning] No remotes found in the git config file.
2022-12-10 21:17:50.097 [info] > git remote --verbose [24ms]
2022-12-10 21:17:50.097 [info] > git config --get commit.template [51ms]
2022-12-10 21:17:50.103 [info] > git for-each-ref --format=%(refname)%00%(upstream:short)%00%(objectname)%00%(upstream:track)%00%(upstream:remotename)%00%(upstream:remoteref) refs/heads/test refs/remotes/test [11ms]
2022-12-10 21:17:50.182 [info] > git for-each-ref --sort -committerdate --format %(refname) %(objectname) %(*objectname) [38ms]
2022-12-10 21:17:51.666 [info] > git status -z -uall [1543ms]
2022-12-10 21:17:56.873 [warning] No remotes found in the git config file.
2022-12-10 21:17:56.908 [info] > git remote --verbose [36ms]
2022-12-10 21:17:56.908 [info] > git config --get commit.template [81ms]
2022-12-10 21:17:56.922 [info] > git for-each-ref --format=%(refname)%00%(upstream:short)%00%(objectname)%00%(upstream:track)%00%(upstream:remotename)%00%(upstream:remoteref) refs/heads/test refs/remotes/test [15ms]
2022-12-10 21:17:57.037 [info] > git for-each-ref --sort -committerdate --format %(refname) %(objectname) %(*objectname) [65ms]
2022-12-10 21:17:58.544 [info] > git status -z -uall [1586ms]
2022-12-10 21:18:04.318 [info] > git config --get commit.template [394ms]
2022-12-10 21:18:05.094 [warning] No remotes found in the git config file.
2022-12-10 21:18:07.311 [info] > git remote --verbose [2222ms]
2022-12-10 21:18:07.495 [info] > git for-each-ref --format=%(refname)%00%(upstream:short)%00%(objectname)%00%(upstream:track)%00%(upstream:remotename)%00%(upstream:remoteref) refs/heads/test refs/remotes/test [2813ms]
2022-12-10 21:18:12.179 [info] > git for-each-ref --sort -committerdate --format %(refname) %(objectname) %(*objectname) [2076ms]
2022-12-10 21:18:15.282 [info] > git status -z -uall [7466ms]
2022-12-10 21:18:30.729 [warning] No remotes found in the git config file.
2022-12-10 21:18:30.770 [info] > git config --get commit.template [185ms]
2022-12-10 21:18:30.777 [info] > git for-each-ref --format=%(refname)%00%(upstream:short)%00%(objectname)%00%(upstream:track)%00%(upstream:remotename)%00%(upstream:remoteref) refs/heads/test refs/remotes/test [69ms]
2022-12-10 21:18:30.778 [info] > git remote --verbose [52ms]
2022-12-10 21:18:31.079 [info] > git for-each-ref --sort -committerdate --format %(refname) %(objectname) %(*objectname) [167ms]
2022-12-10 21:19:00.893 [info] > git status -z -uall [30050ms]
2022-12-10 21:20:04.742 [warning] No remotes found in the git config file.
2022-12-10 21:20:04.774 [info] > git config --get commit.template [51ms]
2022-12-10 21:20:04.779 [info] > git remote --verbose [36ms]
2022-12-10 21:20:04.783 [info] > git for-each-ref --format=%(refname)%00%(upstream:short)%00%(objectname)%00%(upstream:track)%00%(upstream:remotename)%00%(upstream:remoteref) refs/heads/test refs/remotes/test [27ms]
2022-12-10 21:20:04.826 [info] > git for-each-ref --sort -committerdate --format %(refname) %(objectname) %(*objectname) [17ms]
2022-12-10 21:20:05.765 [info] > git status -z -uall [969ms]
2022-12-10 21:20:11.085 [warning] No remotes found in the git config file.
2022-12-10 21:20:11.087 [info] > git for-each-ref --format=%(refname)%00%(upstream:short)%00%(objectname)%00%(upstream:track)%00%(upstream:remotename)%00%(upstream:remoteref) refs/heads/test refs/remotes/test [69ms]
2022-12-10 21:20:11.089 [info] > git config --get commit.template [188ms]
2022-12-10 21:20:11.126 [info] > git remote --verbose [41ms]
2022-12-10 21:20:11.237 [info] > git for-each-ref --sort -committerdate --format %(refname) %(objectname) %(*objectname) [24ms]
2022-12-10 21:20:11.369 [info] > git status -z -uall [206ms]
2022-12-10 21:20:13.593 [info] > git show --textconv :database_connect [208ms]
2022-12-10 21:20:13.593 [info] > git ls-files --stage -- /root/database_connect [111ms]
2022-12-10 21:20:13.609 [info] > git check-ignore -v -z --stdin [17ms]
2022-12-10 21:20:16.751 [warning] No remotes found in the git config file.
2022-12-10 21:20:16.774 [info] > git for-each-ref --format=%(refname)%00%(upstream:short)%00%(objectname)%00%(upstream:track)%00%(upstream:remotename)%00%(upstream:remoteref) refs/heads/test refs/remotes/test [41ms]
2022-12-10 21:20:16.785 [info] > git config --get commit.template [71ms]
2022-12-10 21:20:16.790 [info] > git remote --verbose [39ms]
2022-12-10 21:20:17.022 [info] > git for-each-ref --sort -committerdate --format %(refname) %(objectname) %(*objectname) [69ms]
2022-12-10 21:20:17.139 [info] > git status -z -uall [286ms]
2022-12-10 21:20:33.103 [warning] No remotes found in the git config file.
2022-12-10 21:20:33.105 [info] > git for-each-ref --format=%(refname)%00%(upstream:short)%00%(objectname)%00%(upstream:track)%00%(upstream:remotename)%00%(upstream:remoteref) refs/heads/test refs/remotes/test [27ms]
2022-12-10 21:20:33.105 [info] > git config --get commit.template [53ms]
2022-12-10 21:20:33.111 [info] > git remote --verbose [8ms]
2022-12-10 21:20:33.199 [info] > git for-each-ref --sort -committerdate --format %(refname) %(objectname) %(*objectname) [12ms]
2022-12-10 21:20:33.353 [info] > git status -z -uall [223ms]
2022-12-10 21:20:48.432 [warning] No remotes found in the git config file.
2022-12-10 21:20:48.443 [info] > git config --get commit.template [49ms]
2022-12-10 21:20:48.448 [info] > git remote --verbose [18ms]
2022-12-10 21:20:48.453 [info] > git for-each-ref --format=%(refname)%00%(upstream:short)%00%(objectname)%00%(upstream:track)%00%(upstream:remotename)%00%(upstream:remoteref) refs/heads/test refs/remotes/test [40ms]
2022-12-10 21:20:48.534 [info] > git for-each-ref --sort -committerdate --format %(refname) %(objectname) %(*objectname) [46ms]
2022-12-10 21:20:49.453 [info] > git status -z -uall [987ms]
2022-12-10 21:20:54.730 [warning] No remotes found in the git config file.
2022-12-10 21:20:54.732 [info] > git for-each-ref --format=%(refname)%00%(upstream:short)%00%(objectname)%00%(upstream:track)%00%(upstream:remotename)%00%(upstream:remoteref) refs/heads/test refs/remotes/test [18ms]
2022-12-10 21:20:54.732 [info] > git config --get commit.template [34ms]
2022-12-10 21:20:54.736 [info] > git remote --verbose [6ms]
2022-12-10 21:20:54.802 [info] > git for-each-ref --sort -committerdate --format %(refname) %(objectname) %(*objectname) [16ms]
2022-12-10 21:20:54.895 [info] > git status -z -uall [146ms]
2022-12-10 21:21:00.471 [warning] No remotes found in the git config file.
2022-12-10 21:21:00.482 [info] > git config --get commit.template [58ms]
2022-12-10 21:21:00.508 [info] > git for-each-ref --format=%(refname)%00%(upstream:short)%00%(objectname)%00%(upstream:track)%00%(upstream:remotename)%00%(upstream:remoteref) refs/heads/test refs/remotes/test [58ms]
2022-12-10 21:21:00.508 [info] > git remote --verbose [37ms]
2022-12-10 21:21:00.599 [info] > git for-each-ref --sort -committerdate --format %(refname) %(objectname) %(*objectname) [53ms]
2022-12-10 21:21:01.361 [info] > git status -z -uall [838ms]
2022-12-10 21:21:06.599 [warning] No remotes found in the git config file.
2022-12-10 21:21:06.640 [info] > git remote --verbose [41ms]
2022-12-10 21:21:06.641 [info] > git config --get commit.template [96ms]
2022-12-10 21:21:06.676 [info] > git for-each-ref --format=%(refname)%00%(upstream:short)%00%(objectname)%00%(upstream:track)%00%(upstream:remotename)%00%(upstream:remoteref) refs/heads/test refs/remotes/test [37ms]
2022-12-10 21:21:06.770 [info] > git for-each-ref --sort -committerdate --format %(refname) %(objectname) %(*objectname) [29ms]
2022-12-10 21:21:07.078 [info] > git status -z -uall [372ms]
2022-12-10 21:21:12.253 [warning] No remotes found in the git config file.
2022-12-10 21:21:12.285 [info] > git config --get commit.template [54ms]
2022-12-10 21:21:12.287 [info] > git remote --verbose [34ms]
2022-12-10 21:21:12.290 [info] > git for-each-ref --format=%(refname)%00%(upstream:short)%00%(objectname)%00%(upstream:track)%00%(upstream:remotename)%00%(upstream:remoteref) refs/heads/test refs/remotes/test [18ms]
2022-12-10 21:21:12.480 [info] > git for-each-ref --sort -committerdate --format %(refname) %(objectname) %(*objectname) [147ms]
2022-12-10 21:21:13.745 [info] > git status -z -uall [1440ms]
2022-12-10 21:21:19.024 [warning] No remotes found in the git config file.
2022-12-10 21:21:19.035 [info] > git for-each-ref --format=%(refname)%00%(upstream:short)%00%(objectname)%00%(upstream:track)%00%(upstream:remotename)%00%(upstream:remoteref) refs/heads/test refs/remotes/test [57ms]
2022-12-10 21:21:19.036 [info] > git config --get commit.template [107ms]
2022-12-10 21:21:19.036 [info] > git remote --verbose [12ms]
2022-12-10 21:21:19.142 [info] > git for-each-ref --sort -committerdate --format %(refname) %(objectname) %(*objectname) [63ms]
2022-12-10 21:21:19.966 [info] > git status -z -uall [906ms]
2022-12-10 21:22:48.365 [warning] No remotes found in the git config file.
2022-12-10 21:22:48.367 [info] > git for-each-ref --format=%(refname)%00%(upstream:short)%00%(objectname)%00%(upstream:track)%00%(upstream:remotename)%00%(upstream:remoteref) refs/heads/test refs/remotes/test [19ms]
2022-12-10 21:22:48.367 [info] > git config --get commit.template [35ms]
2022-12-10 21:22:48.374 [info] > git remote --verbose [9ms]
2022-12-10 21:22:48.429 [info] > git for-each-ref --sort -committerdate --format %(refname) %(objectname) %(*objectname) [28ms]
2022-12-10 21:22:48.637 [info] > git status -z -uall [251ms]
2022-12-10 21:22:53.793 [warning] No remotes found in the git config file.
2022-12-10 21:22:53.795 [info] > git for-each-ref --format=%(refname)%00%(upstream:short)%00%(objectname)%00%(upstream:track)%00%(upstream:remotename)%00%(upstream:remoteref) refs/heads/test refs/remotes/test [15ms]
2022-12-10 21:22:53.795 [info] > git config --get commit.template [31ms]
2022-12-10 21:22:53.798 [info] > git remote --verbose [5ms]
2022-12-10 21:22:53.851 [info] > git for-each-ref --sort -committerdate --format %(refname) %(objectname) %(*objectname) [5ms]
2022-12-10 21:22:53.936 [info] > git status -z -uall [126ms]
2022-12-10 21:23:06.209 [warning] No remotes found in the git config file.
2022-12-10 21:23:06.211 [info] > git for-each-ref --format=%(refname)%00%(upstream:short)%00%(objectname)%00%(upstream:track)%00%(upstream:remotename)%00%(upstream:remoteref) refs/heads/test refs/remotes/test [18ms]
2022-12-10 21:23:06.211 [info] > git config --get commit.template [45ms]
2022-12-10 21:23:06.214 [info] > git remote --verbose [5ms]
2022-12-10 21:23:06.286 [info] > git for-each-ref --sort -committerdate --format %(refname) %(objectname) %(*objectname) [9ms]
2022-12-10 21:23:06.357 [info] > git status -z -uall [124ms]
2022-12-10 21:23:14.068 [warning] No remotes found in the git config file.
2022-12-10 21:23:14.070 [info] > git for-each-ref --format=%(refname)%00%(upstream:short)%00%(objectname)%00%(upstream:track)%00%(upstream:remotename)%00%(upstream:remoteref) refs/heads/test refs/remotes/test [17ms]
2022-12-10 21:23:14.070 [info] > git config --get commit.template [35ms]
2022-12-10 21:23:14.073 [info] > git remote --verbose [5ms]
2022-12-10 21:23:14.135 [info] > git for-each-ref --sort -committerdate --format %(refname) %(objectname) %(*objectname) [9ms]
2022-12-10 21:23:14.216 [info] > git status -z -uall [127ms]
2022-12-10 21:23:19.665 [warning] No remotes found in the git config file.
2022-12-10 21:23:19.667 [info] > git for-each-ref --format=%(refname)%00%(upstream:short)%00%(objectname)%00%(upstream:track)%00%(upstream:remotename)%00%(upstream:remoteref) refs/heads/test refs/remotes/test [20ms]
2022-12-10 21:23:19.667 [info] > git config --get commit.template [38ms]
2022-12-10 21:23:19.672 [info] > git remote --verbose [6ms]
2022-12-10 21:23:19.732 [info] > git for-each-ref --sort -committerdate --format %(refname) %(objectname) %(*objectname) [6ms]
2022-12-10 21:23:19.812 [info] > git status -z -uall [126ms]
2022-12-10 21:23:25.147 [warning] No remotes found in the git config file.
2022-12-10 21:23:25.187 [info] > git remote --verbose [40ms]
2022-12-10 21:23:25.201 [info] > git for-each-ref --format=%(refname)%00%(upstream:short)%00%(objectname)%00%(upstream:track)%00%(upstream:remotename)%00%(upstream:remoteref) refs/heads/test refs/remotes/test [76ms]
2022-12-10 21:23:25.202 [info] > git config --get commit.template [160ms]
2022-12-10 21:23:25.297 [info] > git for-each-ref --sort -committerdate --format %(refname) %(objectname) %(*objectname) [47ms]
2022-12-10 21:23:25.973 [info] > git status -z -uall [753ms]
2022-12-10 21:23:31.175 [warning] No remotes found in the git config file.
2022-12-10 21:23:31.183 [info] > git config --get commit.template [65ms]
2022-12-10 21:23:31.186 [info] > git remote --verbose [16ms]
2022-12-10 21:23:31.199 [info] > git for-each-ref --format=%(refname)%00%(upstream:short)%00%(objectname)%00%(upstream:track)%00%(upstream:remotename)%00%(upstream:remoteref) refs/heads/test refs/remotes/test [41ms]
2022-12-10 21:23:31.271 [info] > git for-each-ref --sort -committerdate --format %(refname) %(objectname) %(*objectname) [27ms]
2022-12-10 21:23:33.093 [info] > git status -z -uall [1866ms]
2022-12-10 21:23:44.094 [warning] No remotes found in the git config file.
2022-12-10 21:23:44.099 [info] > git remote --verbose [8ms]
2022-12-10 21:23:44.100 [info] > git for-each-ref --format=%(refname)%00%(upstream:short)%00%(objectname)%00%(upstream:track)%00%(upstream:remotename)%00%(upstream:remoteref) refs/heads/test refs/remotes/test [31ms]
2022-12-10 21:23:44.101 [info] > git config --get commit.template [51ms]
2022-12-10 21:23:44.216 [info] > git for-each-ref --sort -committerdate --format %(refname) %(objectname) %(*objectname) [80ms]
2022-12-10 21:23:45.222 [info] > git status -z -uall [1107ms]
2022-12-10 21:23:50.396 [warning] No remotes found in the git config file.
2022-12-10 21:23:50.414 [info] > git remote --verbose [19ms]
2022-12-10 21:23:50.415 [info] > git config --get commit.template [39ms]
2022-12-10 21:23:50.423 [info] > git for-each-ref --format=%(refname)%00%(upstream:short)%00%(objectname)%00%(upstream:track)%00%(upstream:remotename)%00%(upstream:remoteref) refs/heads/test refs/remotes/test [9ms]
2022-12-10 21:23:50.482 [info] > git for-each-ref --sort -committerdate --format %(refname) %(objectname) %(*objectname) [27ms]
2022-12-10 21:23:50.661 [info] > git status -z -uall [223ms]
2022-12-10 21:23:56.336 [info] > git config --get commit.template [149ms]
2022-12-10 21:23:56.669 [warning] No remotes found in the git config file.
2022-12-10 21:23:56.802 [info] > git remote --verbose [117ms]
2022-12-10 21:23:56.811 [info] > git for-each-ref --format=%(refname)%00%(upstream:short)%00%(objectname)%00%(upstream:track)%00%(upstream:remotename)%00%(upstream:remoteref) refs/heads/test refs/remotes/test [315ms]
2022-12-10 21:23:57.464 [info] > git for-each-ref --sort -committerdate --format %(refname) %(objectname) %(*objectname) [273ms]
2022-12-10 21:24:00.134 [info] > git status -z -uall [3208ms]
2022-12-10 21:24:06.379 [warning] No remotes found in the git config file.
2022-12-10 21:24:06.404 [info] > git remote --verbose [30ms]
2022-12-10 21:24:06.406 [info] > git config --get commit.template [50ms]
2022-12-10 21:24:06.415 [info] > git for-each-ref --format=%(refname)%00%(upstream:short)%00%(objectname)%00%(upstream:track)%00%(upstream:remotename)%00%(upstream:remoteref) refs/heads/test refs/remotes/test [11ms]
2022-12-10 21:24:06.477 [info] > git for-each-ref --sort -committerdate --format %(refname) %(objectname) %(*objectname) [21ms]
2022-12-10 21:24:07.417 [info] > git status -z -uall [986ms]
2022-12-10 21:24:25.018 [warning] No remotes found in the git config file.
2022-12-10 21:24:25.024 [info] > git for-each-ref --format=%(refname)%00%(upstream:short)%00%(objectname)%00%(upstream:track)%00%(upstream:remotename)%00%(upstream:remoteref) refs/heads/test refs/remotes/test [26ms]
2022-12-10 21:24:25.026 [info] > git config --get commit.template [58ms]
2022-12-10 21:24:25.027 [info] > git remote --verbose [9ms]
2022-12-10 21:24:25.085 [info] > git for-each-ref --sort -committerdate --format %(refname) %(objectname) %(*objectname) [20ms]
2022-12-10 21:24:26.070 [info] > git status -z -uall [1027ms]
2022-12-10 21:24:31.289 [warning] No remotes found in the git config file.
2022-12-10 21:24:31.291 [info] > git for-each-ref --format=%(refname)%00%(upstream:short)%00%(objectname)%00%(upstream:track)%00%(upstream:remotename)%00%(upstream:remoteref) refs/heads/test refs/remotes/test [18ms]
2022-12-10 21:24:31.291 [info] > git config --get commit.template [41ms]
2022-12-10 21:24:31.295 [info] > git remote --verbose [6ms]
2022-12-10 21:24:31.363 [info] > git for-each-ref --sort -committerdate --format %(refname) %(objectname) %(*objectname) [16ms]
2022-12-10 21:24:31.515 [info] > git status -z -uall [206ms]
2022-12-10 21:24:36.986 [warning] No remotes found in the git config file.
2022-12-10 21:24:37.019 [info] > git config --get commit.template [108ms]
2022-12-10 21:24:37.034 [info] > git remote --verbose [54ms]
2022-12-10 21:24:37.060 [info] > git for-each-ref --format=%(refname)%00%(upstream:short)%00%(objectname)%00%(upstream:track)%00%(upstream:remotename)%00%(upstream:remoteref) refs/heads/test refs/remotes/test [89ms]
2022-12-10 21:24:37.205 [info] > git for-each-ref --sort -committerdate --format %(refname) %(objectname) %(*objectname) [80ms]
2022-12-10 21:24:39.665 [info] > git status -z -uall [2573ms]
2022-12-10 21:24:59.671 [warning] No remotes found in the git config file.
2022-12-10 21:24:59.675 [info] > git config --get commit.template [44ms]
2022-12-10 21:24:59.679 [info] > git remote --verbose [9ms]
2022-12-10 21:24:59.685 [info] > git for-each-ref --format=%(refname)%00%(upstream:short)%00%(objectname)%00%(upstream:track)%00%(upstream:remotename)%00%(upstream:remoteref) refs/heads/test refs/remotes/test [31ms]
2022-12-10 21:24:59.738 [info] > git for-each-ref --sort -committerdate --format %(refname) %(objectname) %(*objectname) [24ms]
2022-12-10 21:25:00.582 [info] > git status -z -uall [885ms]
2022-12-10 21:25:05.303 [info] > git check-ignore -v -z --stdin [92ms]
2022-12-10 21:25:06.141 [warning] No remotes found in the git config file.
2022-12-10 21:25:06.194 [info] > git config --get commit.template [272ms]
2022-12-10 21:25:06.234 [info] > git remote --verbose [102ms]
2022-12-10 21:25:06.238 [info] > git for-each-ref --format=%(refname)%00%(upstream:short)%00%(objectname)%00%(upstream:track)%00%(upstream:remotename)%00%(upstream:remoteref) refs/heads/test refs/remotes/test [188ms]
2022-12-10 21:25:06.442 [info] > git for-each-ref --sort -committerdate --format %(refname) %(objectname) %(*objectname) [67ms]
2022-12-10 21:25:09.013 [info] > git status -z -uall [2696ms]
2022-12-10 21:25:14.409 [warning] No remotes found in the git config file.
2022-12-10 21:25:14.415 [info] > git config --get commit.template [58ms]
2022-12-10 21:25:14.418 [info] > git remote --verbose [12ms]
2022-12-10 21:25:14.423 [info] > git for-each-ref --format=%(refname)%00%(upstream:short)%00%(objectname)%00%(upstream:track)%00%(upstream:remotename)%00%(upstream:remoteref) refs/heads/test refs/remotes/test [40ms]
2022-12-10 21:25:14.521 [info] > git for-each-ref --sort -committerdate --format %(refname) %(objectname) %(*objectname) [28ms]
2022-12-10 21:25:16.534 [info] > git status -z -uall [2081ms]
2022-12-10 21:25:22.022 [info] > git config --get commit.template [157ms]
2022-12-10 21:25:22.119 [warning] No remotes found in the git config file.
2022-12-10 21:25:22.228 [info] > git remote --verbose [106ms]
2022-12-10 21:25:22.247 [info] > git for-each-ref --format=%(refname)%00%(upstream:short)%00%(objectname)%00%(upstream:track)%00%(upstream:remotename)%00%(upstream:remoteref) refs/heads/test refs/remotes/test [50ms]
2022-12-10 21:25:22.554 [info] > git for-each-ref --sort -committerdate --format %(refname) %(objectname) %(*objectname) [155ms]
2022-12-10 21:25:25.642 [info] > git status -z -uall [3327ms]
2022-12-10 21:25:31.664 [warning] No remotes found in the git config file.
2022-12-10 21:25:31.680 [info] > git for-each-ref --format=%(refname)%00%(upstream:short)%00%(objectname)%00%(upstream:track)%00%(upstream:remotename)%00%(upstream:remoteref) refs/heads/test refs/remotes/test [60ms]
2022-12-10 21:25:31.684 [info] > git config --get commit.template [136ms]
2022-12-10 21:25:31.690 [info] > git remote --verbose [31ms]
2022-12-10 21:25:31.940 [info] > git for-each-ref --sort -committerdate --format %(refname) %(objectname) %(*objectname) [138ms]
2022-12-10 21:25:34.268 [info] > git status -z -uall [2539ms]
2022-12-10 21:25:39.521 [warning] No remotes found in the git config file.
2022-12-10 21:25:39.534 [info] > git config --get commit.template [67ms]
2022-12-10 21:25:39.536 [info] > git remote --verbose [18ms]
2022-12-10 21:25:39.545 [info] > git for-each-ref --format=%(refname)%00%(upstream:short)%00%(objectname)%00%(upstream:track)%00%(upstream:remotename)%00%(upstream:remoteref) refs/heads/test refs/remotes/test [57ms]
2022-12-10 21:25:39.591 [info] > git for-each-ref --sort -committerdate --format %(refname) %(objectname) %(*objectname) [12ms]
2022-12-10 21:25:40.701 [info] > git status -z -uall [1132ms]
2022-12-10 21:25:45.971 [warning] No remotes found in the git config file.
2022-12-10 21:25:45.975 [info] > git for-each-ref --format=%(refname)%00%(upstream:short)%00%(objectname)%00%(upstream:track)%00%(upstream:remotename)%00%(upstream:remoteref) refs/heads/test refs/remotes/test [33ms]
2022-12-10 21:25:45.976 [info] > git config --get commit.template [63ms]
2022-12-10 21:25:45.977 [info] > git remote --verbose [8ms]
2022-12-10 21:25:46.120 [info] > git for-each-ref --sort -committerdate --format %(refname) %(objectname) %(*objectname) [47ms]
2022-12-10 21:25:46.940 [info] > git status -z -uall [939ms]
2022-12-10 21:25:52.161 [warning] No remotes found in the git config file.
2022-12-10 21:25:52.169 [info] > git config --get commit.template [65ms]
2022-12-10 21:25:52.173 [info] > git remote --verbose [18ms]
2022-12-10 21:25:52.182 [info] > git for-each-ref --format=%(refname)%00%(upstream:short)%00%(objectname)%00%(upstream:track)%00%(upstream:remotename)%00%(upstream:remoteref) refs/heads/test refs/remotes/test [48ms]
2022-12-10 21:25:52.273 [info] > git for-each-ref --sort -committerdate --format %(refname) %(objectname) %(*objectname) [45ms]
2022-12-10 21:25:53.622 [info] > git status -z -uall [1421ms]
2022-12-10 21:25:58.841 [warning] No remotes found in the git config file.
2022-12-10 21:25:58.865 [info] > git remote --verbose [27ms]
2022-12-10 21:25:58.866 [info] > git config --get commit.template [55ms]
2022-12-10 21:25:58.877 [info] > git for-each-ref --format=%(refname)%00%(upstream:short)%00%(objectname)%00%(upstream:track)%00%(upstream:remotename)%00%(upstream:remoteref) refs/heads/test refs/remotes/test [14ms]
2022-12-10 21:25:59.271 [info] > git for-each-ref --sort -committerdate --format %(refname) %(objectname) %(*objectname) [117ms]
2022-12-10 21:26:01.062 [info] > git status -z -uall [2155ms]
2022-12-10 21:26:06.730 [info] > git config --get commit.template [83ms]
2022-12-10 21:26:07.000 [warning] No remotes found in the git config file.
2022-12-10 21:26:07.081 [info] > git remote --verbose [101ms]
2022-12-10 21:26:07.085 [info] > git for-each-ref --format=%(refname)%00%(upstream:short)%00%(objectname)%00%(upstream:track)%00%(upstream:remotename)%00%(upstream:remoteref) refs/heads/test refs/remotes/test [260ms]
2022-12-10 21:26:08.028 [info] > git for-each-ref --sort -committerdate --format %(refname) %(objectname) %(*objectname) [673ms]
2022-12-10 21:26:10.390 [info] > git status -z -uall [3230ms]
2022-12-10 21:26:16.251 [info] > git config --get commit.template [125ms]
2022-12-10 21:26:16.746 [warning] No remotes found in the git config file.
2022-12-10 21:26:16.953 [info] > git for-each-ref --format=%(refname)%00%(upstream:short)%00%(objectname)%00%(upstream:track)%00%(upstream:remotename)%00%(upstream:remoteref) refs/heads/test refs/remotes/test [474ms]
2022-12-10 21:26:17.109 [info] > git remote --verbose [368ms]
2022-12-10 21:26:19.573 [info] > git for-each-ref --sort -committerdate --format %(refname) %(objectname) %(*objectname) [1384ms]
2022-12-10 21:26:21.119 [info] > git status -z -uall [3758ms]
2022-12-10 21:26:26.386 [info] > git config --get commit.template [19ms]
2022-12-10 21:26:26.447 [warning] No remotes found in the git config file.
2022-12-10 21:26:26.464 [info] > git remote --verbose [18ms]
2022-12-10 21:26:26.472 [info] > git for-each-ref --format=%(refname)%00%(upstream:short)%00%(objectname)%00%(upstream:track)%00%(upstream:remotename)%00%(upstream:remoteref) refs/heads/test refs/remotes/test [53ms]
2022-12-10 21:26:26.588 [info] > git for-each-ref --sort -committerdate --format %(refname) %(objectname) %(*objectname) [74ms]
2022-12-10 21:26:28.172 [info] > git status -z -uall [1681ms]
2022-12-10 21:26:33.400 [warning] No remotes found in the git config file.
2022-12-10 21:26:33.433 [info] > git config --get commit.template [51ms]
2022-12-10 21:26:33.438 [info] > git remote --verbose [38ms]
2022-12-10 21:26:33.448 [info] > git for-each-ref --format=%(refname)%00%(upstream:short)%00%(objectname)%00%(upstream:track)%00%(upstream:remotename)%00%(upstream:remoteref) refs/heads/test refs/remotes/test [28ms]
2022-12-10 21:26:33.511 [info] > git for-each-ref --sort -committerdate --format %(refname) %(objectname) %(*objectname) [29ms]
2022-12-10 21:26:35.745 [info] > git status -z -uall [2281ms]
2022-12-10 21:26:40.971 [warning] No remotes found in the git config file.
2022-12-10 21:26:40.975 [info] > git config --get commit.template [53ms]
2022-12-10 21:26:40.975 [info] > git for-each-ref --format=%(refname)%00%(upstream:short)%00%(objectname)%00%(upstream:track)%00%(upstream:remotename)%00%(upstream:remoteref) refs/heads/test refs/remotes/test [32ms]
2022-12-10 21:26:40.984 [info] > git remote --verbose [13ms]
2022-12-10 21:26:41.050 [info] > git for-each-ref --sort -committerdate --format %(refname) %(objectname) %(*objectname) [33ms]
2022-12-10 21:26:41.638 [info] > git status -z -uall [641ms]
2022-12-10 21:26:46.874 [warning] No remotes found in the git config file.
2022-12-10 21:26:46.888 [info] > git remote --verbose [22ms]
2022-12-10 21:26:46.894 [info] > git for-each-ref --format=%(refname)%00%(upstream:short)%00%(objectname)%00%(upstream:track)%00%(upstream:remotename)%00%(upstream:remoteref) refs/heads/test refs/remotes/test [85ms]
2022-12-10 21:26:46.895 [info] > git config --get commit.template [111ms]
2022-12-10 21:26:47.005 [info] > git for-each-ref --sort -committerdate --format %(refname) %(objectname) %(*objectname) [61ms]
2022-12-10 21:26:48.729 [info] > git status -z -uall [1805ms]
2022-12-10 21:26:53.904 [info] > git ls-files --stage -- /root/public/login.html [19ms]
2022-12-10 21:26:53.920 [info] > git ls-files --stage -- /root/controller.js [57ms]
2022-12-10 21:26:53.921 [info] > git ls-files --stage -- /root/public/register.html [75ms]
2022-12-10 21:26:53.922 [info] > git ls-files --stage -- /root/index.js [97ms]
2022-12-10 21:26:53.960 [info] > git cat-file -s 07892eeeba817f6fb29216dc83645f0f95a6540d [41ms]
2022-12-10 21:26:53.961 [info] > git ls-files --stage -- /root/database_connect [63ms]
2022-12-10 21:26:53.964 [info] > git cat-file -s a8c390b26b583183adc33b9d39f452ebc644080f [25ms]
2022-12-10 21:26:53.995 [warning] No remotes found in the git config file.
2022-12-10 21:26:53.996 [info] > git config --get commit.template [37ms]
2022-12-10 21:26:53.997 [info] > git for-each-ref --format=%(refname)%00%(upstream:short)%00%(objectname)%00%(upstream:track)%00%(upstream:remotename)%00%(upstream:remoteref) refs/heads/test refs/remotes/test [19ms]
2022-12-10 21:26:54.036 [info] > git show --textconv :controller.js [20ms]
2022-12-10 21:26:54.037 [info] > git remote --verbose [42ms]
2022-12-10 21:26:54.091 [info] > git show --textconv :public/register.html [53ms]
2022-12-10 21:26:54.232 [info] > git show --textconv :public/login.html [54ms]
2022-12-10 21:26:54.232 [info] > git show --textconv :database_connect [27ms]
2022-12-10 21:26:54.236 [info] > git for-each-ref --sort -committerdate --format %(refname) %(objectname) %(*objectname) [149ms]
2022-12-10 21:26:54.247 [info] > git show --textconv :index.js [17ms]
2022-12-10 21:26:54.859 [info] > git status -z -uall [803ms]
2022-12-10 21:27:21.526 [warning] No remotes found in the git config file.
2022-12-10 21:27:21.527 [info] > git for-each-ref --format=%(refname)%00%(upstream:short)%00%(objectname)%00%(upstream:track)%00%(upstream:remotename)%00%(upstream:remoteref) refs/heads/test refs/remotes/test [24ms]
2022-12-10 21:27:21.528 [info] > git config --get commit.template [49ms]
2022-12-10 21:27:21.531 [info] > git remote --verbose [5ms]
2022-12-10 21:27:21.595 [info] > git for-each-ref --sort -committerdate --format %(refname) %(objectname) %(*objectname) [32ms]
2022-12-10 21:27:22.054 [info] > git status -z -uall [509ms]
2022-12-10 21:27:27.233 [warning] No remotes found in the git config file.
2022-12-10 21:27:27.237 [info] > git for-each-ref --format=%(refname)%00%(upstream:short)%00%(objectname)%00%(upstream:track)%00%(upstream:remotename)%00%(upstream:remoteref) refs/heads/test refs/remotes/test [23ms]
2022-12-10 21:27:27.237 [info] > git config --get commit.template [45ms]
2022-12-10 21:27:27.240 [info] > git remote --verbose [7ms]
2022-12-10 21:27:27.318 [info] > git for-each-ref --sort -committerdate --format %(refname) %(objectname) %(*objectname) [18ms]
2022-12-10 21:27:27.498 [info] > git status -z -uall [240ms]
2022-12-10 21:27:32.759 [warning] No remotes found in the git config file.
2022-12-10 21:27:32.761 [info] > git for-each-ref --format=%(refname)%00%(upstream:short)%00%(objectname)%00%(upstream:track)%00%(upstream:remotename)%00%(upstream:remoteref) refs/heads/test refs/remotes/test [18ms]
2022-12-10 21:27:32.761 [info] > git config --get commit.template [35ms]
2022-12-10 21:27:32.765 [info] > git remote --verbose [5ms]
2022-12-10 21:27:32.828 [info] > git for-each-ref --sort -committerdate --format %(refname) %(objectname) %(*objectname) [9ms]
2022-12-10 21:27:33.335 [info] > git status -z -uall [557ms]
2022-12-10 21:27:37.512 [info] > git ls-files --stage -- /root/public/login.html [19ms]
2022-12-10 21:27:37.530 [info] > git ls-files --stage -- /root/controller.js [59ms]
2022-12-10 21:27:37.531 [info] > git ls-files --stage -- /root/public/register.html [78ms]
2022-12-10 21:27:37.532 [info] > git ls-files --stage -- /root/index.js [99ms]
2022-12-10 21:27:37.548 [info] > git cat-file -s 07892eeeba817f6fb29216dc83645f0f95a6540d [18ms]
2022-12-10 21:27:37.550 [info] > git ls-files --stage -- /root/database_connect [39ms]
2022-12-10 21:27:37.554 [info] > git cat-file -s a8c390b26b583183adc33b9d39f452ebc644080f [7ms]
2022-12-10 21:27:37.639 [info] > git show --textconv :controller.js [57ms]
2022-12-10 21:27:37.639 [info] > git show --textconv :public/register.html [39ms]
2022-12-10 21:27:37.639 [info] > git show --textconv :public/login.html [20ms]
2022-12-10 21:27:37.646 [info] > git show --textconv :database_connect [7ms]
2022-12-10 21:27:37.668 [info] > git show --textconv :index.js [7ms]
2022-12-10 21:27:38.495 [warning] No remotes found in the git config file.
2022-12-10 21:27:38.497 [info] > git for-each-ref --format=%(refname)%00%(upstream:short)%00%(objectname)%00%(upstream:track)%00%(upstream:remotename)%00%(upstream:remoteref) refs/heads/test refs/remotes/test [21ms]
2022-12-10 21:27:38.497 [info] > git config --get commit.template [39ms]
2022-12-10 21:27:38.500 [info] > git remote --verbose [5ms]
2022-12-10 21:27:38.562 [info] > git for-each-ref --sort -committerdate --format %(refname) %(objectname) %(*objectname) [9ms]
2022-12-10 21:27:38.661 [info] > git status -z -uall [146ms]
2022-12-10 21:27:43.897 [warning] No remotes found in the git config file.
2022-12-10 21:27:43.900 [info] > git config --get commit.template [85ms]
2022-12-10 21:27:43.902 [info] > git remote --verbose [9ms]
2022-12-10 21:27:43.903 [info] > git for-each-ref --format=%(refname)%00%(upstream:short)%00%(objectname)%00%(upstream:track)%00%(upstream:remotename)%00%(upstream:remoteref) refs/heads/test refs/remotes/test [46ms]
2022-12-10 21:27:44.060 [info] > git for-each-ref --sort -committerdate --format %(refname) %(objectname) %(*objectname) [27ms]
2022-12-10 21:27:45.065 [info] > git status -z -uall [1132ms]
2022-12-10 21:27:50.522 [warning] No remotes found in the git config file.
2022-12-10 21:27:50.528 [info] > git for-each-ref --format=%(refname)%00%(upstream:short)%00%(objectname)%00%(upstream:track)%00%(upstream:remotename)%00%(upstream:remoteref) refs/heads/test refs/remotes/test [31ms]
2022-12-10 21:27:50.529 [info] > git config --get commit.template [71ms]
2022-12-10 21:27:50.530 [info] > git remote --verbose [10ms]
2022-12-10 21:27:50.680 [info] > git for-each-ref --sort -committerdate --format %(refname) %(objectname) %(*objectname) [14ms]
2022-12-10 21:27:51.338 [info] > git status -z -uall [779ms]
2022-12-10 21:27:54.504 [info] > git ls-files --stage -- /root/public/login.html [32ms]
2022-12-10 21:27:54.530 [info] > git ls-files --stage -- /root/controller.js [98ms]
2022-12-10 21:27:54.562 [info] > git ls-files --stage -- /root/public/register.html [164ms]
2022-12-10 21:27:54.598 [info] > git ls-files --stage -- /root/index.js [251ms]
2022-12-10 21:27:54.632 [info] > git cat-file -s 4733eb0e1f28cbdbc8bc9cb946da16a54560e4c1 [35ms]
2022-12-10 21:27:54.642 [info] > git cat-file -s 3591827671f80cd92b8d3a59ec1214efb9c4dd70 [80ms]
2022-12-10 21:27:54.689 [info] > git cat-file -s 02499b294be8f4b702b8f5076b964e6d2664d9ee [159ms]
2022-12-10 21:27:54.690 [info] > git ls-files --stage -- /root/database_connect [204ms]
2022-12-10 21:27:54.747 [info] > git cat-file -s 98cd9526ffd83fbbfbb3c1cf0ff114ea573fd111 [116ms]
2022-12-10 21:27:54.759 [info] > git cat-file -s 26743533cadb901c795ec5db62703bfcd61d8b8a [22ms]
2022-12-10 21:27:54.940 [info] > git show --textconv :public/register.html [129ms]
2022-12-10 21:27:54.941 [info] > git show --textconv :controller.js [66ms]
2022-12-10 21:27:54.998 [info] > git show --textconv :public/login.html [75ms]
2022-12-10 21:27:55.030 [info] > git show --textconv :index.js [36ms]
2022-12-10 21:27:55.066 [info] > git show --textconv :database_connect [37ms]
2022-12-10 21:27:55.105 [info] > git ls-files --stage -- /root/controller.js [38ms]
2022-12-10 21:27:55.132 [info] > git ls-files --stage -- /root/public/register.html [30ms]
2022-12-10 21:27:55.157 [info] > git cat-file -s 3591827671f80cd92b8d3a59ec1214efb9c4dd70 [25ms]
2022-12-10 21:27:55.189 [info] > git cat-file -s 4733eb0e1f28cbdbc8bc9cb946da16a54560e4c1 [35ms]
2022-12-10 21:27:55.233 [info] > git ls-files --stage -- /root/index.js [41ms]
2022-12-10 21:27:55.258 [info] > git ls-files --stage -- /root/public/login.html [30ms]
2022-12-10 21:27:55.292 [info] > git cat-file -s 98cd9526ffd83fbbfbb3c1cf0ff114ea573fd111 [35ms]
2022-12-10 21:27:55.324 [info] > git cat-file -s 02499b294be8f4b702b8f5076b964e6d2664d9ee [33ms]
2022-12-10 21:27:55.357 [info] > git ls-files --stage -- /root/database_connect [35ms]
2022-12-10 21:27:55.385 [info] > git show --textconv :controller.js [30ms]
2022-12-10 21:27:55.429 [info] > git cat-file -s 26743533cadb901c795ec5db62703bfcd61d8b8a [44ms]
2022-12-10 21:27:55.458 [info] > git show --textconv :public/register.html [44ms]
2022-12-10 21:27:55.517 [info] > git show --textconv :index.js [60ms]
2022-12-10 21:27:55.560 [info] > git show --textconv :public/login.html [43ms]
2022-12-10 21:27:55.572 [info] > git show --textconv :database_connect [13ms]
2022-12-10 21:27:56.624 [warning] No remotes found in the git config file.
2022-12-10 21:27:56.625 [info] > git for-each-ref --format=%(refname)%00%(upstream:short)%00%(objectname)%00%(upstream:track)%00%(upstream:remotename)%00%(upstream:remoteref) refs/heads/test refs/remotes/test [17ms]
2022-12-10 21:27:56.626 [info] > git config --get commit.template [35ms]
2022-12-10 21:27:56.629 [info] > git remote --verbose [5ms]
2022-12-10 21:27:57.062 [info] > git ls-files --stage -- /root/public/login.html [41ms]
2022-12-10 21:27:57.088 [info] > git ls-files --stage -- /root/controller.js [106ms]
2022-12-10 21:27:57.159 [info] > git ls-files --stage -- /root/public/register.html [215ms]
2022-12-10 21:27:57.185 [info] > git ls-files --stage -- /root/index.js [298ms]
2022-12-10 21:27:57.208 [info] > git for-each-ref --sort -committerdate --format %(refname) %(objectname) %(*objectname) [393ms]
2022-12-10 21:27:57.210 [info] > git cat-file -s 4733eb0e1f28cbdbc8bc9cb946da16a54560e4c1 [26ms]
2022-12-10 21:27:57.215 [info] > git cat-file -s 3591827671f80cd92b8d3a59ec1214efb9c4dd70 [56ms]
2022-12-10 21:27:57.221 [info] > git cat-file -s 02499b294be8f4b702b8f5076b964e6d2664d9ee [134ms]
2022-12-10 21:27:57.222 [info] > git ls-files --stage -- /root/database_connect [171ms]
2022-12-10 21:27:57.254 [info] > git cat-file -s 98cd9526ffd83fbbfbb3c1cf0ff114ea573fd111 [46ms]
2022-12-10 21:27:57.266 [info] > git cat-file -s 26743533cadb901c795ec5db62703bfcd61d8b8a [13ms]
2022-12-10 21:27:57.423 [info] > git show --textconv :public/register.html [120ms]
2022-12-10 21:27:57.424 [info] > git show --textconv :controller.js [76ms]
2022-12-10 21:27:57.424 [info] > git show --textconv :public/login.html [36ms]
2022-12-10 21:27:57.460 [info] > git show --textconv :index.js [39ms]
2022-12-10 21:27:57.474 [info] > git show --textconv :database_connect [14ms]
2022-12-10 21:28:01.113 [info] > git status -z -uall [4461ms]
2022-12-10 21:28:06.399 [warning] No remotes found in the git config file.
2022-12-10 21:28:06.403 [info] > git for-each-ref --format=%(refname)%00%(upstream:short)%00%(objectname)%00%(upstream:track)%00%(upstream:remotename)%00%(upstream:remoteref) refs/heads/test refs/remotes/test [27ms]
2022-12-10 21:28:06.404 [info] > git config --get commit.template [78ms]
2022-12-10 21:28:06.406 [info] > git remote --verbose [8ms]
2022-12-10 21:28:06.591 [info] > git for-each-ref --sort -committerdate --format %(refname) %(objectname) %(*objectname) [111ms]
2022-12-10 21:28:08.067 [info] > git status -z -uall [1633ms]
2022-12-10 21:28:08.661 [info] > git ls-files --stage -- /root/public/login.html [56ms]
2022-12-10 21:28:08.688 [info] > git ls-files --stage -- /root/controller.js [138ms]
2022-12-10 21:28:08.735 [info] > git ls-files --stage -- /root/public/register.html [261ms]
2022-12-10 21:28:08.777 [info] > git ls-files --stage -- /root/index.js [392ms]
2022-12-10 21:28:08.833 [info] > git cat-file -s 4733eb0e1f28cbdbc8bc9cb946da16a54560e4c1 [57ms]
2022-12-10 21:28:08.847 [info] > git cat-file -s 3591827671f80cd92b8d3a59ec1214efb9c4dd70 [114ms]
2022-12-10 21:28:08.852 [info] > git cat-file -s 02499b294be8f4b702b8f5076b964e6d2664d9ee [165ms]
2022-12-10 21:28:08.854 [info] > git ls-files --stage -- /root/database_connect [214ms]
2022-12-10 21:28:08.894 [info] > git cat-file -s 98cd9526ffd83fbbfbb3c1cf0ff114ea573fd111 [78ms]
2022-12-10 21:28:08.919 [info] > git cat-file -s 26743533cadb901c795ec5db62703bfcd61d8b8a [25ms]
2022-12-10 21:28:09.082 [info] > git show --textconv :public/register.html [107ms]
2022-12-10 21:28:09.084 [info] > git show --textconv :controller.js [54ms]
2022-12-10 21:28:09.128 [info] > git show --textconv :public/login.html [50ms]
2022-12-10 21:28:09.184 [info] > git show --textconv :index.js [56ms]
2022-12-10 21:28:09.211 [info] > git show --textconv :database_connect [28ms]
2022-12-10 21:28:13.552 [info] > git config --get commit.template [99ms]
2022-12-10 21:28:13.655 [warning] No remotes found in the git config file.
2022-12-10 21:28:13.684 [info] > git for-each-ref --format=%(refname)%00%(upstream:short)%00%(objectname)%00%(upstream:track)%00%(upstream:remotename)%00%(upstream:remoteref) refs/heads/test refs/remotes/test [152ms]
2022-12-10 21:28:13.706 [info] > git remote --verbose [55ms]
2022-12-10 21:28:14.090 [info] > git for-each-ref --sort -committerdate --format %(refname) %(objectname) %(*objectname) [131ms]
2022-12-10 21:28:16.172 [info] > git status -z -uall [2395ms]
2022-12-10 21:28:21.393 [warning] No remotes found in the git config file.
2022-12-10 21:28:21.397 [info] > git remote --verbose [7ms]
2022-12-10 21:28:21.397 [info] > git for-each-ref --format=%(refname)%00%(upstream:short)%00%(objectname)%00%(upstream:track)%00%(upstream:remotename)%00%(upstream:remoteref) refs/heads/test refs/remotes/test [51ms]
2022-12-10 21:28:21.398 [info] > git config --get commit.template [81ms]
2022-12-10 21:28:21.664 [info] > git for-each-ref --sort -committerdate --format %(refname) %(objectname) %(*objectname) [155ms]
2022-12-10 21:29:48.431 [info] > git status -z -uall [86997ms]
