2022-12-10 21:02:24.404 [info] Extension host with pid 25325 started
2022-12-10 21:02:24.427 [info] Lock '/root/.vscode-server/data/User/workspaceStorage/449842f3163eeccba8cbe8883fc540dc/vscode.lock': Lock acquired.
2022-12-10 21:02:24.639 [info] ExtensionService#_doActivateExtension vscode.typescript-language-features, startup: false, activationEvent: 'onLanguage:javascript'
2022-12-10 21:02:24.641 [info] ExtensionService#_doActivateExtension vscode.git-base, startup: true, activationEvent: '*', root cause: vscode.git
2022-12-10 21:02:24.766 [info] ExtensionService#_doActivateExtension vscode.npm, startup: true, activationEvent: 'workspaceContains:package.json'
2022-12-10 21:02:25.779 [info] ExtensionService#_doActivateExtension vscode.git, startup: true, activationEvent: '*'
2022-12-10 21:02:25.786 [info] ExtensionService#_doActivateExtension vscode.github, startup: true, activationEvent: '*'
2022-12-10 21:02:29.254 [warning] [Decorations] CAPPING events from decorations provider vscode.git 5382
2022-12-10 21:02:34.654 [info] ExtensionService#_doActivateExtension vscode.debug-auto-launch, startup: false, activationEvent: 'onStartupFinished'
2022-12-10 21:02:34.656 [info] ExtensionService#_doActivateExtension vscode.emmet, startup: false, activationEvent: 'onStartupFinished'
2022-12-10 21:02:34.663 [info] ExtensionService#_doActivateExtension vscode.merge-conflict, startup: false, activationEvent: 'onStartupFinished'
2022-12-10 21:02:34.665 [info] ExtensionService#_doActivateExtension ritwickdey.LiveServer, startup: false, activationEvent: 'onStartupFinished'
2022-12-10 21:02:35.423 [warning] [Decorations] CAPPING events from decorations provider vscode.git 5384
2022-12-10 21:02:39.560 [info] Eager extensions activated
2022-12-10 21:02:39.638 [info] ExtensionService#_doActivateExtension vscode.html-language-features, startup: false, activationEvent: 'onLanguage:html'
2022-12-10 21:02:43.885 [warning] [Decorations] CAPPING events from decorations provider vscode.git 5386
2022-12-10 21:02:49.365 [warning] [Decorations] CAPPING events from decorations provider vscode.git 5385
2022-12-10 21:02:57.676 [warning] [Decorations] CAPPING events from decorations provider vscode.git 5384
2022-12-10 21:03:20.962 [warning] [Decorations] CAPPING events from decorations provider vscode.git 5384
2022-12-10 21:03:26.236 [warning] [Decorations] CAPPING events from decorations provider vscode.git 5384
2022-12-10 21:03:33.667 [warning] [Decorations] CAPPING events from decorations provider vscode.git 5384
2022-12-10 21:03:38.961 [warning] [Decorations] CAPPING events from decorations provider vscode.git 5384
2022-12-10 21:03:44.249 [warning] [Decorations] CAPPING events from decorations provider vscode.git 5384
2022-12-10 21:03:49.537 [warning] [Decorations] CAPPING events from decorations provider vscode.git 5384
2022-12-10 21:03:58.879 [warning] [Decorations] CAPPING events from decorations provider vscode.git 5384
2022-12-10 21:04:00.590 [info] ExtensionService#_doActivateExtension vscode.debug-server-ready, startup: false, activationEvent: 'onDebugResolve'
2022-12-10 21:04:00.591 [info] ExtensionService#_doActivateExtension ms-vscode.js-debug, startup: false, activationEvent: 'onDebugResolve:pwa-node'
2022-12-10 21:04:04.209 [warning] [Decorations] CAPPING events from decorations provider vscode.git 5385
2022-12-10 21:04:09.720 [warning] [Decorations] CAPPING events from decorations provider vscode.git 5385
2022-12-10 21:04:17.993 [warning] [Decorations] CAPPING events from decorations provider vscode.git 5385
2022-12-10 21:04:24.560 [warning] [Decorations] CAPPING events from decorations provider vscode.git 5385
2022-12-10 21:04:29.835 [warning] [Decorations] CAPPING events from decorations provider vscode.git 5385
2022-12-10 21:04:35.137 [warning] [Decorations] CAPPING events from decorations provider vscode.git 5385
2022-12-10 21:04:40.433 [warning] [Decorations] CAPPING events from decorations provider vscode.git 5385
2022-12-10 21:05:07.607 [warning] [Decorations] CAPPING events from decorations provider vscode.git 5385
2022-12-10 21:05:12.909 [warning] [Decorations] CAPPING events from decorations provider vscode.git 5385
2022-12-10 21:05:18.195 [warning] [Decorations] CAPPING events from decorations provider vscode.git 5385
2022-12-10 21:05:23.483 [warning] [Decorations] CAPPING events from decorations provider vscode.git 5385
2022-12-10 21:05:34.577 [warning] [Decorations] CAPPING events from decorations provider vscode.git 5385
2022-12-10 21:05:42.835 [warning] [Decorations] CAPPING events from decorations provider vscode.git 5385
2022-12-10 21:05:48.110 [warning] [Decorations] CAPPING events from decorations provider vscode.git 5385
2022-12-10 21:05:53.407 [warning] [Decorations] CAPPING events from decorations provider vscode.git 5385
2022-12-10 21:05:58.718 [warning] [Decorations] CAPPING events from decorations provider vscode.git 5385
2022-12-10 21:06:05.392 [warning] [Decorations] CAPPING events from decorations provider vscode.git 5385
2022-12-10 21:06:10.852 [warning] [Decorations] CAPPING events from decorations provider vscode.git 5385
2022-12-10 21:06:16.126 [warning] [Decorations] CAPPING events from decorations provider vscode.git 5386
2022-12-10 21:06:21.443 [warning] [Decorations] CAPPING events from decorations provider vscode.git 5386
2022-12-10 21:06:26.720 [warning] [Decorations] CAPPING events from decorations provider vscode.git 5386
2022-12-10 21:06:32.008 [warning] [Decorations] CAPPING events from decorations provider vscode.git 5386
2022-12-10 21:06:37.436 [warning] [Decorations] CAPPING events from decorations provider vscode.git 5386
2022-12-10 21:06:50.553 [warning] [Decorations] CAPPING events from decorations provider vscode.git 5386
2022-12-10 21:06:55.844 [warning] [Decorations] CAPPING events from decorations provider vscode.git 5386
2022-12-10 21:07:01.157 [warning] [Decorations] CAPPING events from decorations provider vscode.git 5389
2022-12-10 21:07:14.839 [warning] [Decorations] CAPPING events from decorations provider vscode.git 5389
2022-12-10 21:07:20.362 [warning] [Decorations] CAPPING events from decorations provider vscode.git 5389
2022-12-10 21:07:52.388 [warning] [Decorations] CAPPING events from decorations provider vscode.git 5389
2022-12-10 21:07:58.261 [warning] [Decorations] CAPPING events from decorations provider vscode.git 5389
2022-12-10 21:08:03.548 [warning] [Decorations] CAPPING events from decorations provider vscode.git 5389
2022-12-10 21:08:09.980 [warning] [Decorations] CAPPING events from decorations provider vscode.git 5389
2022-12-10 21:08:16.019 [warning] [Decorations] CAPPING events from decorations provider vscode.git 5390
2022-12-10 21:08:21.358 [warning] [Decorations] CAPPING events from decorations provider vscode.git 5390
2022-12-10 21:08:26.676 [warning] [Decorations] CAPPING events from decorations provider vscode.git 5390
2022-12-10 21:08:31.987 [warning] [Decorations] CAPPING events from decorations provider vscode.git 5390
2022-12-10 21:08:37.285 [warning] [Decorations] CAPPING events from decorations provider vscode.git 5390
2022-12-10 21:08:42.595 [warning] [Decorations] CAPPING events from decorations provider vscode.git 5390
2022-12-10 21:08:47.868 [warning] [Decorations] CAPPING events from decorations provider vscode.git 5390
2022-12-10 21:08:53.534 [warning] [Decorations] CAPPING events from decorations provider vscode.git 5391
2022-12-10 21:08:58.893 [warning] [Decorations] CAPPING events from decorations provider vscode.git 5391
2022-12-10 21:09:07.637 [warning] [Decorations] CAPPING events from decorations provider vscode.git 5391
2022-12-10 21:09:13.163 [warning] [Decorations] CAPPING events from decorations provider vscode.git 5391
2022-12-10 21:09:20.271 [warning] [Decorations] CAPPING events from decorations provider vscode.git 5391
2022-12-10 21:09:26.046 [warning] [Decorations] CAPPING events from decorations provider vscode.git 5391
2022-12-10 21:09:31.594 [warning] [Decorations] CAPPING events from decorations provider vscode.git 5392
2022-12-10 21:09:52.804 [warning] [Decorations] CAPPING events from decorations provider vscode.git 5392
2022-12-10 21:09:58.378 [warning] [Decorations] CAPPING events from decorations provider vscode.git 5392
2022-12-10 21:10:06.414 [warning] [Decorations] CAPPING events from decorations provider vscode.git 5393
2022-12-10 21:10:12.742 [warning] [Decorations] CAPPING events from decorations provider vscode.git 5393
2022-12-10 21:11:12.401 [warning] [Decorations] CAPPING events from decorations provider vscode.git 5393
2022-12-10 21:11:18.245 [warning] [Decorations] CAPPING events from decorations provider vscode.git 5393
2022-12-10 21:11:34.783 [warning] [Decorations] CAPPING events from decorations provider vscode.git 5392
2022-12-10 21:12:41.234 [warning] [Decorations] CAPPING events from decorations provider vscode.git 5392
2022-12-10 21:12:47.007 [warning] [Decorations] CAPPING events from decorations provider vscode.git 5392
2022-12-10 21:12:53.222 [warning] [Decorations] CAPPING events from decorations provider vscode.git 5392
2022-12-10 21:13:01.664 [warning] [Decorations] CAPPING events from decorations provider vscode.git 5392
2022-12-10 21:13:07.057 [warning] [Decorations] CAPPING events from decorations provider vscode.git 5392
2022-12-10 21:13:16.257 [warning] [Decorations] CAPPING events from decorations provider vscode.git 5392
2022-12-10 21:13:21.687 [warning] [Decorations] CAPPING events from decorations provider vscode.git 5392
2022-12-10 21:13:27.160 [warning] [Decorations] CAPPING events from decorations provider vscode.git 5392
2022-12-10 21:13:33.263 [warning] [Decorations] CAPPING events from decorations provider vscode.git 5392
2022-12-10 21:17:27.260 [warning] [Decorations] CAPPING events from decorations provider vscode.git 5392
2022-12-10 21:17:32.803 [warning] [Decorations] CAPPING events from decorations provider vscode.git 5392
2022-12-10 21:17:39.132 [warning] [Decorations] CAPPING events from decorations provider vscode.git 5392
2022-12-10 21:17:44.983 [warning] [Decorations] CAPPING events from decorations provider vscode.git 5392
2022-12-10 21:17:51.758 [warning] [Decorations] CAPPING events from decorations provider vscode.git 5392
2022-12-10 21:17:58.621 [warning] [Decorations] CAPPING events from decorations provider vscode.git 5392
2022-12-10 21:18:15.575 [warning] [Decorations] CAPPING events from decorations provider vscode.git 5392
2022-12-10 21:19:02.016 [warning] [Decorations] CAPPING events from decorations provider vscode.git 5392
2022-12-10 21:20:05.855 [warning] [Decorations] CAPPING events from decorations provider vscode.git 5392
2022-12-10 21:20:11.460 [warning] [Decorations] CAPPING events from decorations provider vscode.git 5392
2022-12-10 21:20:17.219 [warning] [Decorations] CAPPING events from decorations provider vscode.git 5393
2022-12-10 21:20:33.607 [warning] [Decorations] CAPPING events from decorations provider vscode.git 5393
2022-12-10 21:20:49.656 [warning] [Decorations] CAPPING events from decorations provider vscode.git 5402
2022-12-10 21:20:54.983 [warning] [Decorations] CAPPING events from decorations provider vscode.git 5401
2022-12-10 21:21:01.463 [warning] [Decorations] CAPPING events from decorations provider vscode.git 5401
2022-12-10 21:21:07.161 [warning] [Decorations] CAPPING events from decorations provider vscode.git 5401
2022-12-10 21:21:13.842 [warning] [Decorations] CAPPING events from decorations provider vscode.git 5401
2022-12-10 21:21:20.054 [warning] [Decorations] CAPPING events from decorations provider vscode.git 5401
2022-12-10 21:22:48.733 [warning] [Decorations] CAPPING events from decorations provider vscode.git 5401
2022-12-10 21:22:54.021 [warning] [Decorations] CAPPING events from decorations provider vscode.git 5401
2022-12-10 21:23:06.457 [warning] [Decorations] CAPPING events from decorations provider vscode.git 5401
2022-12-10 21:23:14.306 [warning] [Decorations] CAPPING events from decorations provider vscode.git 5401
2022-12-10 21:23:19.895 [warning] [Decorations] CAPPING events from decorations provider vscode.git 5401
2022-12-10 21:23:26.051 [warning] [Decorations] CAPPING events from decorations provider vscode.git 5404
2022-12-10 21:23:33.208 [warning] [Decorations] CAPPING events from decorations provider vscode.git 5404
2022-12-10 21:23:45.324 [warning] [Decorations] CAPPING events from decorations provider vscode.git 5404
2022-12-10 21:23:50.847 [warning] [Decorations] CAPPING events from decorations provider vscode.git 5404
2022-12-10 21:24:00.257 [warning] [Decorations] CAPPING events from decorations provider vscode.git 5405
2022-12-10 21:24:07.678 [warning] [Decorations] CAPPING events from decorations provider vscode.git 5405
2022-12-10 21:24:26.214 [warning] [Decorations] CAPPING events from decorations provider vscode.git 5405
2022-12-10 21:24:31.774 [warning] [Decorations] CAPPING events from decorations provider vscode.git 5405
2022-12-10 21:24:39.910 [warning] [Decorations] CAPPING events from decorations provider vscode.git 5406
2022-12-10 21:25:00.737 [warning] [Decorations] CAPPING events from decorations provider vscode.git 5405
2022-12-10 21:25:09.301 [warning] [Decorations] CAPPING events from decorations provider vscode.git 5406
2022-12-10 21:25:16.660 [warning] [Decorations] CAPPING events from decorations provider vscode.git 5406
2022-12-10 21:25:26.146 [warning] [Decorations] CAPPING events from decorations provider vscode.git 5407
2022-12-10 21:25:34.414 [warning] [Decorations] CAPPING events from decorations provider vscode.git 5407
2022-12-10 21:25:40.859 [warning] [Decorations] CAPPING events from decorations provider vscode.git 5407
2022-12-10 21:25:47.030 [warning] [Decorations] CAPPING events from decorations provider vscode.git 5407
2022-12-10 21:25:53.753 [warning] [Decorations] CAPPING events from decorations provider vscode.git 5408
2022-12-10 21:26:01.320 [warning] [Decorations] CAPPING events from decorations provider vscode.git 5407
2022-12-10 21:26:10.619 [warning] [Decorations] CAPPING events from decorations provider vscode.git 5407
2022-12-10 21:26:21.257 [warning] [Decorations] CAPPING events from decorations provider vscode.git 5407
2022-12-10 21:26:28.313 [warning] [Decorations] CAPPING events from decorations provider vscode.git 5407
2022-12-10 21:26:35.877 [warning] [Decorations] CAPPING events from decorations provider vscode.git 5407
2022-12-10 21:26:41.719 [warning] [Decorations] CAPPING events from decorations provider vscode.git 5407
2022-12-10 21:26:48.887 [warning] [Decorations] CAPPING events from decorations provider vscode.git 5407
2022-12-10 21:26:54.963 [warning] [Decorations] CAPPING events from decorations provider vscode.git 5407
2022-12-10 21:27:22.146 [warning] [Decorations] CAPPING events from decorations provider vscode.git 5407
2022-12-10 21:27:27.693 [warning] [Decorations] CAPPING events from decorations provider vscode.git 5407
2022-12-10 21:27:33.421 [warning] [Decorations] CAPPING events from decorations provider vscode.git 5407
2022-12-10 21:27:38.753 [warning] [Decorations] CAPPING events from decorations provider vscode.git 5407
2022-12-10 21:27:45.348 [warning] [Decorations] CAPPING events from decorations provider vscode.git 5407
2022-12-10 21:27:51.499 [warning] [Decorations] CAPPING events from decorations provider vscode.git 5407
2022-12-10 21:28:01.276 [warning] [Decorations] CAPPING events from decorations provider vscode.git 5407
2022-12-10 21:28:08.122 [warning] [Decorations] CAPPING events from decorations provider vscode.git 5407
2022-12-10 21:29:48.716 [info] Extension host terminating: received terminate message from renderer
2022-12-10 21:29:48.719 [info] Lock '/root/.vscode-server/data/User/workspaceStorage/449842f3163eeccba8cbe8883fc540dc/vscode.lock': Marking the lockfile as scheduled to be released in 6000 ms.
2022-12-10 21:29:49.141 [info] Extension host with pid 25325 exiting with code 0
