2022-12-11 12:28:18.311 [info] Log level: Info
2022-12-11 12:28:18.311 [info] Validating found git in: "git"
2022-12-11 12:28:18.311 [info] Using git "2.37.2" from "git"
2022-12-11 12:28:18.311 [info] > git rev-parse --show-toplevel [41ms]
2022-12-11 12:28:18.311 [info] > git rev-parse --git-dir --git-common-dir [20ms]
2022-12-11 12:28:18.311 [info] Open repository: /root
2022-12-11 12:28:18.311 [info] > git rev-parse --show-toplevel [52ms]
2022-12-11 12:28:18.311 [info] > git config --get commit.template [41ms]
2022-12-11 12:28:18.311 [warning] No remotes found in the git config file.
2022-12-11 12:28:18.311 [info] > git for-each-ref --format=%(refname)%00%(upstream:short)%00%(objectname)%00%(upstream:track)%00%(upstream:remotename)%00%(upstream:remoteref) refs/heads/test refs/remotes/test [39ms]
2022-12-11 12:28:18.311 [info] > git rev-parse --show-toplevel [68ms]
2022-12-11 12:28:18.311 [info] > git rev-parse --show-toplevel [140ms]
2022-12-11 12:28:18.311 [info] > git remote --verbose [239ms]
2022-12-11 12:28:18.311 [info] > git rev-parse --show-toplevel [86ms]
2022-12-11 12:28:18.311 [info] > git for-each-ref --sort -committerdate --format %(refname) %(objectname) %(*objectname) [138ms]
2022-12-11 12:28:18.312 [info] > git rev-parse --show-toplevel [138ms]
2022-12-11 12:28:18.312 [info] > git rev-parse --show-toplevel [38ms]
2022-12-11 12:28:18.312 [info] > git rev-parse --show-toplevel [138ms]
2022-12-11 12:28:18.312 [info] > git rev-parse --show-toplevel [47ms]
2022-12-11 12:28:18.312 [info] > git rev-parse --show-toplevel [146ms]
2022-12-11 12:28:18.312 [info] > git status -z -uall [837ms]
2022-12-11 12:28:18.312 [info] > git config --get commit.template [168ms]
2022-12-11 12:28:18.312 [warning] No remotes found in the git config file.
2022-12-11 12:28:18.312 [info] > git remote --verbose [15ms]
2022-12-11 12:28:18.312 [info] > git for-each-ref --format=%(refname)%00%(upstream:short)%00%(objectname)%00%(upstream:track)%00%(upstream:remotename)%00%(upstream:remoteref) refs/heads/test refs/remotes/test [36ms]
2022-12-11 12:28:18.312 [info] > git for-each-ref --sort -committerdate --format %(refname) %(objectname) %(*objectname) [241ms]
2022-12-11 12:28:18.312 [info] > git check-ignore -v -z --stdin [157ms]
2022-12-11 12:28:18.312 [info] > git status -z -uall [577ms]
2022-12-11 12:28:18.312 [info] > git check-ignore -v -z --stdin [123ms]
2022-12-11 12:28:18.710 [info] > git show --textconv :controller.js [348ms]
2022-12-11 12:28:18.711 [info] > git ls-files --stage -- /root/controller.js [319ms]
2022-12-11 12:28:18.753 [info] > git cat-file -s 3591827671f80cd92b8d3a59ec1214efb9c4dd70 [6ms]
2022-12-11 12:28:21.175 [warning] No remotes found in the git config file.
2022-12-11 12:28:21.176 [info] > git for-each-ref --format=%(refname)%00%(upstream:short)%00%(objectname)%00%(upstream:track)%00%(upstream:remotename)%00%(upstream:remoteref) refs/heads/test refs/remotes/test [27ms]
2022-12-11 12:28:21.178 [info] > git config --get commit.template [51ms]
2022-12-11 12:28:21.188 [info] > git remote --verbose [14ms]
2022-12-11 12:28:21.287 [info] > git for-each-ref --sort -committerdate --format %(refname) %(objectname) %(*objectname) [50ms]
2022-12-11 12:28:21.537 [info] > git status -z -uall [325ms]
2022-12-11 12:28:28.137 [warning] No remotes found in the git config file.
2022-12-11 12:28:28.139 [info] > git for-each-ref --format=%(refname)%00%(upstream:short)%00%(objectname)%00%(upstream:track)%00%(upstream:remotename)%00%(upstream:remoteref) refs/heads/test refs/remotes/test [23ms]
2022-12-11 12:28:28.140 [info] > git config --get commit.template [38ms]
2022-12-11 12:28:28.144 [info] > git remote --verbose [7ms]
2022-12-11 12:28:28.226 [info] > git for-each-ref --sort -committerdate --format %(refname) %(objectname) %(*objectname) [52ms]
2022-12-11 12:28:28.318 [info] > git status -z -uall [156ms]
2022-12-11 12:28:33.078 [info] > git ls-files --stage -- /root/controller.js [8ms]
2022-12-11 12:28:33.090 [info] > git cat-file -s 3591827671f80cd92b8d3a59ec1214efb9c4dd70 [5ms]
2022-12-11 12:28:33.130 [info] > git show --textconv :controller.js [12ms]
2022-12-11 12:28:33.350 [warning] No remotes found in the git config file.
2022-12-11 12:28:33.351 [info] > git for-each-ref --format=%(refname)%00%(upstream:short)%00%(objectname)%00%(upstream:track)%00%(upstream:remotename)%00%(upstream:remoteref) refs/heads/test refs/remotes/test [11ms]
2022-12-11 12:28:33.351 [info] > git config --get commit.template [20ms]
2022-12-11 12:28:33.354 [info] > git remote --verbose [4ms]
2022-12-11 12:28:33.397 [info] > git for-each-ref --sort -committerdate --format %(refname) %(objectname) %(*objectname) [25ms]
2022-12-11 12:28:33.460 [info] > git status -z -uall [99ms]
