2022-12-10 20:30:56.024 [info] Log level: Info
2022-12-10 20:30:56.024 [info] Validating found git in: "git"
2022-12-10 20:30:56.024 [info] Using git "2.37.2" from "git"
2022-12-10 20:30:56.024 [info] > git rev-parse --show-toplevel [34ms]
2022-12-10 20:30:56.026 [info] > git rev-parse --git-dir --git-common-dir [20ms]
2022-12-10 20:30:56.026 [info] Open repository: /root
2022-12-10 20:30:56.026 [info] > git rev-parse --show-toplevel [67ms]
2022-12-10 20:30:56.027 [info] > git config --get commit.template [61ms]
2022-12-10 20:30:56.027 [warning] No remotes found in the git config file.
2022-12-10 20:30:56.027 [info] > git for-each-ref --format=%(refname)%00%(upstream:short)%00%(objectname)%00%(upstream:track)%00%(upstream:remotename)%00%(upstream:remoteref) refs/heads/test refs/remotes/test [51ms]
2022-12-10 20:30:56.027 [info] > git rev-parse --show-toplevel [112ms]
2022-12-10 20:30:56.027 [info] > git remote --verbose [42ms]
2022-12-10 20:30:56.027 [info] > git for-each-ref --sort -committerdate --format %(refname) %(objectname) %(*objectname) [155ms]
2022-12-10 20:30:56.027 [info] > git rev-parse --show-toplevel [227ms]
2022-12-10 20:30:56.027 [info] > git rev-parse --show-toplevel [66ms]
2022-12-10 20:30:56.027 [info] > git rev-parse --show-toplevel [53ms]
2022-12-10 20:30:56.027 [info] > git rev-parse --show-toplevel [48ms]
2022-12-10 20:30:56.027 [info] > git rev-parse --show-toplevel [209ms]
2022-12-10 20:30:56.027 [info] > git status -z -uall [932ms]
2022-12-10 20:30:56.027 [info] > git rev-parse --show-toplevel [148ms]
2022-12-10 20:30:56.027 [info] > git config --get commit.template [74ms]
2022-12-10 20:30:56.027 [warning] No remotes found in the git config file.
2022-12-10 20:30:56.031 [info] > git for-each-ref --format=%(refname)%00%(upstream:short)%00%(objectname)%00%(upstream:track)%00%(upstream:remotename)%00%(upstream:remoteref) refs/heads/test refs/remotes/test [67ms]
2022-12-10 20:30:56.031 [info] > git remote --verbose [146ms]
2022-12-10 20:30:56.031 [info] > git for-each-ref --sort -committerdate --format %(refname) %(objectname) %(*objectname) [48ms]
2022-12-10 20:30:56.031 [info] > git status -z -uall [2690ms]
2022-12-10 20:30:56.031 [info] > git check-ignore -v -z --stdin [162ms]
2022-12-10 20:30:56.319 [info] > git show --textconv :index.js [18ms]
2022-12-10 20:30:56.339 [info] > git ls-files --stage -- /root/index.js [22ms]
2022-12-10 20:30:56.380 [info] > git cat-file -s a8c390b26b583183adc33b9d39f452ebc644080f [29ms]
2022-12-10 20:30:59.455 [warning] No remotes found in the git config file.
2022-12-10 20:30:59.461 [info] > git remote --verbose [5ms]
2022-12-10 20:30:59.461 [info] > git for-each-ref --format=%(refname)%00%(upstream:short)%00%(objectname)%00%(upstream:track)%00%(upstream:remotename)%00%(upstream:remoteref) refs/heads/test refs/remotes/test [21ms]
2022-12-10 20:30:59.463 [info] > git config --get commit.template [36ms]
2022-12-10 20:30:59.530 [info] > git for-each-ref --sort -committerdate --format %(refname) %(objectname) %(*objectname) [36ms]
2022-12-10 20:30:59.979 [info] > git status -z -uall [505ms]
2022-12-10 20:31:05.239 [warning] No remotes found in the git config file.
2022-12-10 20:31:05.240 [info] > git for-each-ref --format=%(refname)%00%(upstream:short)%00%(objectname)%00%(upstream:track)%00%(upstream:remotename)%00%(upstream:remoteref) refs/heads/test refs/remotes/test [17ms]
2022-12-10 20:31:05.241 [info] > git config --get commit.template [35ms]
2022-12-10 20:31:05.244 [info] > git remote --verbose [6ms]
2022-12-10 20:31:05.314 [info] > git for-each-ref --sort -committerdate --format %(refname) %(objectname) %(*objectname) [9ms]
2022-12-10 20:31:05.400 [info] > git status -z -uall [142ms]
2022-12-10 20:31:10.597 [warning] No remotes found in the git config file.
2022-12-10 20:31:10.600 [info] > git for-each-ref --format=%(refname)%00%(upstream:short)%00%(objectname)%00%(upstream:track)%00%(upstream:remotename)%00%(upstream:remoteref) refs/heads/test refs/remotes/test [27ms]
2022-12-10 20:31:10.601 [info] > git config --get commit.template [57ms]
2022-12-10 20:31:10.608 [info] > git remote --verbose [10ms]
2022-12-10 20:31:10.698 [info] > git for-each-ref --sort -committerdate --format %(refname) %(objectname) %(*objectname) [23ms]
2022-12-10 20:31:10.811 [info] > git status -z -uall [174ms]
2022-12-10 20:31:15.987 [warning] No remotes found in the git config file.
2022-12-10 20:31:15.989 [info] > git for-each-ref --format=%(refname)%00%(upstream:short)%00%(objectname)%00%(upstream:track)%00%(upstream:remotename)%00%(upstream:remoteref) refs/heads/test refs/remotes/test [23ms]
2022-12-10 20:31:15.990 [info] > git config --get commit.template [49ms]
2022-12-10 20:31:15.996 [info] > git remote --verbose [8ms]
2022-12-10 20:31:16.154 [info] > git for-each-ref --sort -committerdate --format %(refname) %(objectname) %(*objectname) [39ms]
2022-12-10 20:31:16.379 [info] > git status -z -uall [356ms]
2022-12-10 20:31:24.438 [warning] No remotes found in the git config file.
2022-12-10 20:31:24.439 [info] > git for-each-ref --format=%(refname)%00%(upstream:short)%00%(objectname)%00%(upstream:track)%00%(upstream:remotename)%00%(upstream:remoteref) refs/heads/test refs/remotes/test [16ms]
2022-12-10 20:31:24.440 [info] > git config --get commit.template [34ms]
2022-12-10 20:31:24.443 [info] > git remote --verbose [6ms]
2022-12-10 20:31:24.611 [info] > git for-each-ref --sort -committerdate --format %(refname) %(objectname) %(*objectname) [51ms]
2022-12-10 20:31:24.771 [info] > git status -z -uall [289ms]
2022-12-10 20:31:29.927 [warning] No remotes found in the git config file.
2022-12-10 20:31:29.929 [info] > git for-each-ref --format=%(refname)%00%(upstream:short)%00%(objectname)%00%(upstream:track)%00%(upstream:remotename)%00%(upstream:remoteref) refs/heads/test refs/remotes/test [16ms]
2022-12-10 20:31:29.930 [info] > git config --get commit.template [36ms]
2022-12-10 20:31:29.942 [info] > git remote --verbose [16ms]
2022-12-10 20:31:30.006 [info] > git for-each-ref --sort -committerdate --format %(refname) %(objectname) %(*objectname) [9ms]
2022-12-10 20:31:30.098 [info] > git status -z -uall [143ms]
2022-12-10 20:31:35.272 [warning] No remotes found in the git config file.
2022-12-10 20:31:35.276 [info] > git remote --verbose [4ms]
2022-12-10 20:31:35.276 [info] > git for-each-ref --format=%(refname)%00%(upstream:short)%00%(objectname)%00%(upstream:track)%00%(upstream:remotename)%00%(upstream:remoteref) refs/heads/test refs/remotes/test [17ms]
2022-12-10 20:31:35.278 [info] > git config --get commit.template [32ms]
2022-12-10 20:31:35.338 [info] > git for-each-ref --sort -committerdate --format %(refname) %(objectname) %(*objectname) [12ms]
2022-12-10 20:31:35.427 [info] > git status -z -uall [138ms]
2022-12-10 20:31:40.666 [warning] No remotes found in the git config file.
2022-12-10 20:31:40.667 [info] > git for-each-ref --format=%(refname)%00%(upstream:short)%00%(objectname)%00%(upstream:track)%00%(upstream:remotename)%00%(upstream:remoteref) refs/heads/test refs/remotes/test [31ms]
2022-12-10 20:31:40.675 [info] > git config --get commit.template [70ms]
2022-12-10 20:31:40.682 [info] > git remote --verbose [17ms]
2022-12-10 20:31:40.801 [info] > git for-each-ref --sort -committerdate --format %(refname) %(objectname) %(*objectname) [32ms]
2022-12-10 20:31:40.951 [info] > git status -z -uall [245ms]
2022-12-10 20:32:34.960 [warning] No remotes found in the git config file.
2022-12-10 20:32:34.962 [info] > git for-each-ref --format=%(refname)%00%(upstream:short)%00%(objectname)%00%(upstream:track)%00%(upstream:remotename)%00%(upstream:remoteref) refs/heads/test refs/remotes/test [14ms]
2022-12-10 20:32:34.963 [info] > git config --get commit.template [27ms]
2022-12-10 20:32:34.966 [info] > git remote --verbose [6ms]
2022-12-10 20:32:35.021 [info] > git for-each-ref --sort -committerdate --format %(refname) %(objectname) %(*objectname) [13ms]
2022-12-10 20:32:35.108 [info] > git status -z -uall [130ms]
2022-12-10 20:32:36.646 [info] > git check-ignore -v -z --stdin [56ms]
2022-12-10 20:32:37.292 [info] > git show --textconv :public/login.html [36ms]
2022-12-10 20:32:37.302 [info] > git ls-files --stage -- /root/public/login.html [11ms]
2022-12-10 20:32:37.344 [info] > git cat-file -s 07892eeeba817f6fb29216dc83645f0f95a6540d [19ms]
2022-12-10 20:33:17.207 [warning] No remotes found in the git config file.
2022-12-10 20:33:17.218 [info] > git config --get commit.template [36ms]
2022-12-10 20:33:17.221 [info] > git remote --verbose [13ms]
2022-12-10 20:33:17.222 [info] > git for-each-ref --format=%(refname)%00%(upstream:short)%00%(objectname)%00%(upstream:track)%00%(upstream:remotename)%00%(upstream:remoteref) refs/heads/test refs/remotes/test [25ms]
2022-12-10 20:33:17.271 [info] > git for-each-ref --sort -committerdate --format %(refname) %(objectname) %(*objectname) [25ms]
2022-12-10 20:33:18.029 [info] > git status -z -uall [795ms]
2022-12-10 20:33:23.217 [warning] No remotes found in the git config file.
2022-12-10 20:33:23.218 [info] > git for-each-ref --format=%(refname)%00%(upstream:short)%00%(objectname)%00%(upstream:track)%00%(upstream:remotename)%00%(upstream:remoteref) refs/heads/test refs/remotes/test [15ms]
2022-12-10 20:33:23.219 [info] > git config --get commit.template [31ms]
2022-12-10 20:33:23.222 [info] > git remote --verbose [5ms]
2022-12-10 20:33:23.277 [info] > git for-each-ref --sort -committerdate --format %(refname) %(objectname) %(*objectname) [8ms]
2022-12-10 20:33:23.357 [info] > git status -z -uall [124ms]
2022-12-10 20:33:28.505 [warning] No remotes found in the git config file.
2022-12-10 20:33:28.507 [info] > git for-each-ref --format=%(refname)%00%(upstream:short)%00%(objectname)%00%(upstream:track)%00%(upstream:remotename)%00%(upstream:remoteref) refs/heads/test refs/remotes/test [17ms]
2022-12-10 20:33:28.508 [info] > git config --get commit.template [34ms]
2022-12-10 20:33:28.510 [info] > git remote --verbose [5ms]
2022-12-10 20:33:28.570 [info] > git for-each-ref --sort -committerdate --format %(refname) %(objectname) %(*objectname) [9ms]
2022-12-10 20:33:28.654 [info] > git status -z -uall [131ms]
2022-12-10 20:33:33.795 [warning] No remotes found in the git config file.
2022-12-10 20:33:33.797 [info] > git for-each-ref --format=%(refname)%00%(upstream:short)%00%(objectname)%00%(upstream:track)%00%(upstream:remotename)%00%(upstream:remoteref) refs/heads/test refs/remotes/test [14ms]
2022-12-10 20:33:33.798 [info] > git config --get commit.template [29ms]
2022-12-10 20:33:33.800 [info] > git remote --verbose [5ms]
2022-12-10 20:33:33.853 [info] > git for-each-ref --sort -committerdate --format %(refname) %(objectname) %(*objectname) [6ms]
2022-12-10 20:33:33.937 [info] > git status -z -uall [125ms]
2022-12-10 20:33:39.730 [warning] No remotes found in the git config file.
2022-12-10 20:33:39.743 [info] > git config --get commit.template [48ms]
2022-12-10 20:33:39.746 [info] > git remote --verbose [17ms]
2022-12-10 20:33:39.749 [info] > git for-each-ref --format=%(refname)%00%(upstream:short)%00%(objectname)%00%(upstream:track)%00%(upstream:remotename)%00%(upstream:remoteref) refs/heads/test refs/remotes/test [37ms]
2022-12-10 20:33:39.807 [info] > git for-each-ref --sort -committerdate --format %(refname) %(objectname) %(*objectname) [24ms]
2022-12-10 20:33:40.691 [info] > git status -z -uall [926ms]
2022-12-10 20:33:55.242 [warning] No remotes found in the git config file.
2022-12-10 20:33:55.250 [info] > git for-each-ref --format=%(refname)%00%(upstream:short)%00%(objectname)%00%(upstream:track)%00%(upstream:remotename)%00%(upstream:remoteref) refs/heads/test refs/remotes/test [47ms]
2022-12-10 20:33:55.251 [info] > git config --get commit.template [72ms]
2022-12-10 20:33:55.252 [info] > git remote --verbose [13ms]
2022-12-10 20:33:55.295 [info] > git for-each-ref --sort -committerdate --format %(refname) %(objectname) %(*objectname) [16ms]
2022-12-10 20:33:56.059 [info] > git status -z -uall [795ms]
2022-12-10 20:34:01.405 [warning] No remotes found in the git config file.
2022-12-10 20:34:01.417 [info] > git for-each-ref --format=%(refname)%00%(upstream:short)%00%(objectname)%00%(upstream:track)%00%(upstream:remotename)%00%(upstream:remoteref) refs/heads/test refs/remotes/test [63ms]
2022-12-10 20:34:01.418 [info] > git config --get commit.template [180ms]
2022-12-10 20:34:01.461 [info] > git remote --verbose [56ms]
2022-12-10 20:34:01.653 [info] > git for-each-ref --sort -committerdate --format %(refname) %(objectname) %(*objectname) [53ms]
2022-12-10 20:34:02.018 [info] > git status -z -uall [498ms]
2022-12-10 20:34:14.257 [warning] No remotes found in the git config file.
2022-12-10 20:34:14.259 [info] > git for-each-ref --format=%(refname)%00%(upstream:short)%00%(objectname)%00%(upstream:track)%00%(upstream:remotename)%00%(upstream:remoteref) refs/heads/test refs/remotes/test [17ms]
2022-12-10 20:34:14.259 [info] > git config --get commit.template [36ms]
2022-12-10 20:34:14.262 [info] > git remote --verbose [5ms]
2022-12-10 20:34:14.344 [info] > git for-each-ref --sort -committerdate --format %(refname) %(objectname) %(*objectname) [19ms]
2022-12-10 20:34:14.678 [info] > git status -z -uall [402ms]
2022-12-10 20:34:19.829 [warning] No remotes found in the git config file.
2022-12-10 20:34:19.831 [info] > git for-each-ref --format=%(refname)%00%(upstream:short)%00%(objectname)%00%(upstream:track)%00%(upstream:remotename)%00%(upstream:remoteref) refs/heads/test refs/remotes/test [15ms]
2022-12-10 20:34:19.832 [info] > git config --get commit.template [33ms]
2022-12-10 20:34:19.834 [info] > git remote --verbose [5ms]
2022-12-10 20:34:19.890 [info] > git for-each-ref --sort -committerdate --format %(refname) %(objectname) %(*objectname) [7ms]
2022-12-10 20:34:19.967 [info] > git status -z -uall [120ms]
2022-12-10 20:34:52.227 [warning] No remotes found in the git config file.
2022-12-10 20:34:52.230 [info] > git for-each-ref --format=%(refname)%00%(upstream:short)%00%(objectname)%00%(upstream:track)%00%(upstream:remotename)%00%(upstream:remoteref) refs/heads/test refs/remotes/test [17ms]
2022-12-10 20:34:52.232 [info] > git config --get commit.template [37ms]
2022-12-10 20:34:52.233 [info] > git remote --verbose [6ms]
2022-12-10 20:34:52.293 [info] > git for-each-ref --sort -committerdate --format %(refname) %(objectname) %(*objectname) [14ms]
2022-12-10 20:34:52.503 [info] > git status -z -uall [256ms]
2022-12-10 20:35:02.201 [warning] No remotes found in the git config file.
2022-12-10 20:35:02.203 [info] > git for-each-ref --format=%(refname)%00%(upstream:short)%00%(objectname)%00%(upstream:track)%00%(upstream:remotename)%00%(upstream:remoteref) refs/heads/test refs/remotes/test [23ms]
2022-12-10 20:35:02.204 [info] > git config --get commit.template [49ms]
2022-12-10 20:35:02.207 [info] > git remote --verbose [6ms]
2022-12-10 20:35:02.274 [info] > git for-each-ref --sort -committerdate --format %(refname) %(objectname) %(*objectname) [10ms]
2022-12-10 20:35:02.450 [info] > git status -z -uall [226ms]
2022-12-10 20:35:07.841 [warning] No remotes found in the git config file.
2022-12-10 20:35:07.895 [info] > git remote --verbose [58ms]
2022-12-10 20:35:07.899 [info] > git for-each-ref --format=%(refname)%00%(upstream:short)%00%(objectname)%00%(upstream:track)%00%(upstream:remotename)%00%(upstream:remoteref) refs/heads/test refs/remotes/test [83ms]
2022-12-10 20:35:07.901 [info] > git config --get commit.template [152ms]
2022-12-10 20:35:08.042 [info] > git for-each-ref --sort -committerdate --format %(refname) %(objectname) %(*objectname) [68ms]
2022-12-10 20:35:08.861 [info] > git status -z -uall [930ms]
2022-12-10 20:35:14.172 [warning] No remotes found in the git config file.
2022-12-10 20:35:14.177 [info] > git remote --verbose [10ms]
2022-12-10 20:35:14.178 [info] > git for-each-ref --format=%(refname)%00%(upstream:short)%00%(objectname)%00%(upstream:track)%00%(upstream:remotename)%00%(upstream:remoteref) refs/heads/test refs/remotes/test [51ms]
2022-12-10 20:35:14.186 [info] > git config --get commit.template [113ms]
2022-12-10 20:35:14.565 [info] > git for-each-ref --sort -committerdate --format %(refname) %(objectname) %(*objectname) [126ms]
2022-12-10 20:35:16.000 [info] > git status -z -uall [1766ms]
2022-12-10 20:35:25.745 [warning] No remotes found in the git config file.
2022-12-10 20:35:25.747 [info] > git for-each-ref --format=%(refname)%00%(upstream:short)%00%(objectname)%00%(upstream:track)%00%(upstream:remotename)%00%(upstream:remoteref) refs/heads/test refs/remotes/test [21ms]
2022-12-10 20:35:25.752 [info] > git config --get commit.template [44ms]
2022-12-10 20:35:25.753 [info] > git remote --verbose [8ms]
2022-12-10 20:35:25.797 [info] > git for-each-ref --sort -committerdate --format %(refname) %(objectname) %(*objectname) [15ms]
2022-12-10 20:35:26.564 [info] > git status -z -uall [797ms]
2022-12-10 20:35:31.728 [warning] No remotes found in the git config file.
2022-12-10 20:35:31.730 [info] > git config --get commit.template [37ms]
2022-12-10 20:35:31.734 [info] > git for-each-ref --format=%(refname)%00%(upstream:short)%00%(objectname)%00%(upstream:track)%00%(upstream:remotename)%00%(upstream:remoteref) refs/heads/test refs/remotes/test [24ms]
2022-12-10 20:35:31.737 [info] > git remote --verbose [10ms]
2022-12-10 20:35:31.800 [info] > git for-each-ref --sort -committerdate --format %(refname) %(objectname) %(*objectname) [31ms]
2022-12-10 20:35:32.573 [info] > git status -z -uall [823ms]
2022-12-10 20:35:43.884 [warning] No remotes found in the git config file.
2022-12-10 20:35:43.886 [info] > git for-each-ref --format=%(refname)%00%(upstream:short)%00%(objectname)%00%(upstream:track)%00%(upstream:remotename)%00%(upstream:remoteref) refs/heads/test refs/remotes/test [18ms]
2022-12-10 20:35:43.886 [info] > git config --get commit.template [35ms]
2022-12-10 20:35:43.889 [info] > git remote --verbose [4ms]
2022-12-10 20:35:43.950 [info] > git for-each-ref --sort -committerdate --format %(refname) %(objectname) %(*objectname) [10ms]
2022-12-10 20:35:44.023 [info] > git status -z -uall [119ms]
2022-12-10 20:35:52.045 [warning] No remotes found in the git config file.
2022-12-10 20:35:52.049 [info] > git for-each-ref --format=%(refname)%00%(upstream:short)%00%(objectname)%00%(upstream:track)%00%(upstream:remotename)%00%(upstream:remoteref) refs/heads/test refs/remotes/test [22ms]
2022-12-10 20:35:52.052 [info] > git config --get commit.template [45ms]
2022-12-10 20:35:52.052 [info] > git remote --verbose [7ms]
2022-12-10 20:35:52.131 [info] > git for-each-ref --sort -committerdate --format %(refname) %(objectname) %(*objectname) [11ms]
2022-12-10 20:35:52.231 [info] > git status -z -uall [166ms]
2022-12-10 20:35:57.384 [warning] No remotes found in the git config file.
2022-12-10 20:35:57.385 [info] > git for-each-ref --format=%(refname)%00%(upstream:short)%00%(objectname)%00%(upstream:track)%00%(upstream:remotename)%00%(upstream:remoteref) refs/heads/test refs/remotes/test [17ms]
2022-12-10 20:35:57.388 [info] > git config --get commit.template [38ms]
2022-12-10 20:35:57.389 [info] > git remote --verbose [6ms]
2022-12-10 20:35:57.476 [info] > git for-each-ref --sort -committerdate --format %(refname) %(objectname) %(*objectname) [21ms]
2022-12-10 20:35:57.590 [info] > git status -z -uall [187ms]
2022-12-10 20:36:02.783 [warning] No remotes found in the git config file.
2022-12-10 20:36:02.853 [info] > git remote --verbose [70ms]
2022-12-10 20:36:02.858 [info] > git config --get commit.template [125ms]
2022-12-10 20:36:02.876 [info] > git for-each-ref --format=%(refname)%00%(upstream:short)%00%(objectname)%00%(upstream:track)%00%(upstream:remotename)%00%(upstream:remoteref) refs/heads/test refs/remotes/test [53ms]
2022-12-10 20:36:03.140 [info] > git for-each-ref --sort -committerdate --format %(refname) %(objectname) %(*objectname) [156ms]
2022-12-10 20:36:04.062 [info] > git status -z -uall [1146ms]
2022-12-10 20:36:09.237 [warning] No remotes found in the git config file.
2022-12-10 20:36:09.240 [info] > git for-each-ref --format=%(refname)%00%(upstream:short)%00%(objectname)%00%(upstream:track)%00%(upstream:remotename)%00%(upstream:remoteref) refs/heads/test refs/remotes/test [22ms]
2022-12-10 20:36:09.240 [info] > git config --get commit.template [42ms]
2022-12-10 20:36:09.244 [info] > git remote --verbose [7ms]
2022-12-10 20:36:09.327 [info] > git for-each-ref --sort -committerdate --format %(refname) %(objectname) %(*objectname) [46ms]
2022-12-10 20:36:09.416 [info] > git status -z -uall [155ms]
2022-12-10 20:36:14.909 [warning] No remotes found in the git config file.
2022-12-10 20:36:14.982 [info] > git remote --verbose [78ms]
2022-12-10 20:36:14.997 [info] > git for-each-ref --format=%(refname)%00%(upstream:short)%00%(objectname)%00%(upstream:track)%00%(upstream:remotename)%00%(upstream:remoteref) refs/heads/test refs/remotes/test [157ms]
2022-12-10 20:36:15.014 [info] > git config --get commit.template [325ms]
2022-12-10 20:36:15.203 [info] > git for-each-ref --sort -committerdate --format %(refname) %(objectname) %(*objectname) [50ms]
2022-12-10 20:36:15.959 [info] > git status -z -uall [900ms]
2022-12-10 20:36:28.160 [warning] No remotes found in the git config file.
2022-12-10 20:36:28.162 [info] > git for-each-ref --format=%(refname)%00%(upstream:short)%00%(objectname)%00%(upstream:track)%00%(upstream:remotename)%00%(upstream:remoteref) refs/heads/test refs/remotes/test [18ms]
2022-12-10 20:36:28.162 [info] > git config --get commit.template [37ms]
2022-12-10 20:36:28.166 [info] > git remote --verbose [6ms]
2022-12-10 20:36:28.205 [info] > git for-each-ref --sort -committerdate --format %(refname) %(objectname) %(*objectname) [7ms]
2022-12-10 20:36:28.319 [info] > git status -z -uall [137ms]
2022-12-10 20:36:33.489 [warning] No remotes found in the git config file.
2022-12-10 20:36:33.491 [info] > git for-each-ref --format=%(refname)%00%(upstream:short)%00%(objectname)%00%(upstream:track)%00%(upstream:remotename)%00%(upstream:remoteref) refs/heads/test refs/remotes/test [19ms]
2022-12-10 20:36:33.491 [info] > git config --get commit.template [38ms]
2022-12-10 20:36:33.494 [info] > git remote --verbose [4ms]
2022-12-10 20:36:33.584 [info] > git for-each-ref --sort -committerdate --format %(refname) %(objectname) %(*objectname) [21ms]
2022-12-10 20:36:33.747 [info] > git status -z -uall [239ms]
2022-12-10 20:36:39.061 [warning] No remotes found in the git config file.
2022-12-10 20:36:39.063 [info] > git for-each-ref --format=%(refname)%00%(upstream:short)%00%(objectname)%00%(upstream:track)%00%(upstream:remotename)%00%(upstream:remoteref) refs/heads/test refs/remotes/test [17ms]
2022-12-10 20:36:39.063 [info] > git config --get commit.template [32ms]
2022-12-10 20:36:39.066 [info] > git remote --verbose [5ms]
2022-12-10 20:36:39.127 [info] > git for-each-ref --sort -committerdate --format %(refname) %(objectname) %(*objectname) [11ms]
2022-12-10 20:36:39.226 [info] > git status -z -uall [147ms]
2022-12-10 20:36:44.374 [warning] No remotes found in the git config file.
2022-12-10 20:36:44.377 [info] > git for-each-ref --format=%(refname)%00%(upstream:short)%00%(objectname)%00%(upstream:track)%00%(upstream:remotename)%00%(upstream:remoteref) refs/heads/test refs/remotes/test [18ms]
2022-12-10 20:36:44.377 [info] > git config --get commit.template [36ms]
2022-12-10 20:36:44.380 [info] > git remote --verbose [5ms]
2022-12-10 20:36:44.448 [info] > git for-each-ref --sort -committerdate --format %(refname) %(objectname) %(*objectname) [7ms]
2022-12-10 20:36:44.529 [info] > git status -z -uall [133ms]
2022-12-10 20:36:49.675 [warning] No remotes found in the git config file.
2022-12-10 20:36:49.677 [info] > git for-each-ref --format=%(refname)%00%(upstream:short)%00%(objectname)%00%(upstream:track)%00%(upstream:remotename)%00%(upstream:remoteref) refs/heads/test refs/remotes/test [19ms]
2022-12-10 20:36:49.678 [info] > git config --get commit.template [36ms]
2022-12-10 20:36:49.680 [info] > git remote --verbose [5ms]
2022-12-10 20:36:49.744 [info] > git for-each-ref --sort -committerdate --format %(refname) %(objectname) %(*objectname) [8ms]
2022-12-10 20:36:49.818 [info] > git status -z -uall [123ms]
2022-12-10 20:37:23.800 [warning] No remotes found in the git config file.
2022-12-10 20:37:23.802 [info] > git for-each-ref --format=%(refname)%00%(upstream:short)%00%(objectname)%00%(upstream:track)%00%(upstream:remotename)%00%(upstream:remoteref) refs/heads/test refs/remotes/test [16ms]
2022-12-10 20:37:23.802 [info] > git config --get commit.template [33ms]
2022-12-10 20:37:23.805 [info] > git remote --verbose [5ms]
2022-12-10 20:37:23.858 [info] > git for-each-ref --sort -committerdate --format %(refname) %(objectname) %(*objectname) [17ms]
2022-12-10 20:37:23.953 [info] > git status -z -uall [134ms]
2022-12-10 20:37:29.124 [warning] No remotes found in the git config file.
2022-12-10 20:37:29.126 [info] > git for-each-ref --format=%(refname)%00%(upstream:short)%00%(objectname)%00%(upstream:track)%00%(upstream:remotename)%00%(upstream:remoteref) refs/heads/test refs/remotes/test [18ms]
2022-12-10 20:37:29.127 [info] > git config --get commit.template [35ms]
2022-12-10 20:37:29.130 [info] > git remote --verbose [5ms]
2022-12-10 20:37:29.188 [info] > git for-each-ref --sort -committerdate --format %(refname) %(objectname) %(*objectname) [9ms]
2022-12-10 20:37:29.263 [info] > git status -z -uall [120ms]
2022-12-10 20:37:34.453 [warning] No remotes found in the git config file.
2022-12-10 20:37:34.458 [info] > git for-each-ref --format=%(refname)%00%(upstream:short)%00%(objectname)%00%(upstream:track)%00%(upstream:remotename)%00%(upstream:remoteref) refs/heads/test refs/remotes/test [43ms]
2022-12-10 20:37:34.465 [info] > git config --get commit.template [72ms]
2022-12-10 20:37:34.470 [info] > git remote --verbose [17ms]
2022-12-10 20:37:34.686 [info] > git for-each-ref --sort -committerdate --format %(refname) %(objectname) %(*objectname) [35ms]
2022-12-10 20:37:34.778 [info] > git status -z -uall [234ms]
2022-12-10 20:37:40.074 [warning] No remotes found in the git config file.
2022-12-10 20:37:40.110 [info] > git remote --verbose [35ms]
2022-12-10 20:37:40.110 [info] > git for-each-ref --format=%(refname)%00%(upstream:short)%00%(objectname)%00%(upstream:track)%00%(upstream:remotename)%00%(upstream:remoteref) refs/heads/test refs/remotes/test [90ms]
2022-12-10 20:37:40.110 [info] > git config --get commit.template [153ms]
2022-12-10 20:37:40.189 [info] > git for-each-ref --sort -committerdate --format %(refname) %(objectname) %(*objectname) [12ms]
2022-12-10 20:37:40.259 [info] > git status -z -uall [118ms]
2022-12-10 20:37:45.413 [warning] No remotes found in the git config file.
2022-12-10 20:37:45.415 [info] > git for-each-ref --format=%(refname)%00%(upstream:short)%00%(objectname)%00%(upstream:track)%00%(upstream:remotename)%00%(upstream:remoteref) refs/heads/test refs/remotes/test [18ms]
2022-12-10 20:37:45.415 [info] > git config --get commit.template [36ms]
2022-12-10 20:37:45.417 [info] > git remote --verbose [4ms]
2022-12-10 20:37:45.482 [info] > git for-each-ref --sort -committerdate --format %(refname) %(objectname) %(*objectname) [11ms]
2022-12-10 20:37:45.554 [info] > git status -z -uall [124ms]
2022-12-10 20:37:55.574 [warning] No remotes found in the git config file.
2022-12-10 20:37:55.603 [info] > git remote --verbose [28ms]
2022-12-10 20:37:55.609 [info] > git for-each-ref --format=%(refname)%00%(upstream:short)%00%(objectname)%00%(upstream:track)%00%(upstream:remotename)%00%(upstream:remoteref) refs/heads/test refs/remotes/test [65ms]
2022-12-10 20:37:55.609 [info] > git config --get commit.template [123ms]
2022-12-10 20:37:55.678 [info] > git for-each-ref --sort -committerdate --format %(refname) %(objectname) %(*objectname) [14ms]
2022-12-10 20:37:55.759 [info] > git status -z -uall [124ms]
2022-12-10 20:38:00.908 [warning] No remotes found in the git config file.
2022-12-10 20:38:00.910 [info] > git for-each-ref --format=%(refname)%00%(upstream:short)%00%(objectname)%00%(upstream:track)%00%(upstream:remotename)%00%(upstream:remoteref) refs/heads/test refs/remotes/test [18ms]
2022-12-10 20:38:00.910 [info] > git config --get commit.template [37ms]
2022-12-10 20:38:00.913 [info] > git remote --verbose [5ms]
2022-12-10 20:38:00.977 [info] > git for-each-ref --sort -committerdate --format %(refname) %(objectname) %(*objectname) [9ms]
2022-12-10 20:38:01.077 [info] > git status -z -uall [151ms]
2022-12-10 20:38:15.290 [warning] No remotes found in the git config file.
2022-12-10 20:38:15.294 [info] > git config --get commit.template [45ms]
2022-12-10 20:38:15.298 [info] > git for-each-ref --format=%(refname)%00%(upstream:short)%00%(objectname)%00%(upstream:track)%00%(upstream:remotename)%00%(upstream:remoteref) refs/heads/test refs/remotes/test [30ms]
2022-12-10 20:38:15.299 [info] > git remote --verbose [13ms]
2022-12-10 20:38:15.347 [info] > git for-each-ref --sort -committerdate --format %(refname) %(objectname) %(*objectname) [18ms]
2022-12-10 20:38:16.179 [info] > git status -z -uall [865ms]
2022-12-10 20:38:21.347 [warning] No remotes found in the git config file.
2022-12-10 20:38:21.350 [info] > git for-each-ref --format=%(refname)%00%(upstream:short)%00%(objectname)%00%(upstream:track)%00%(upstream:remotename)%00%(upstream:remoteref) refs/heads/test refs/remotes/test [26ms]
2022-12-10 20:38:21.352 [info] > git config --get commit.template [42ms]
2022-12-10 20:38:21.352 [info] > git remote --verbose [12ms]
2022-12-10 20:38:21.416 [info] > git for-each-ref --sort -committerdate --format %(refname) %(objectname) %(*objectname) [8ms]
2022-12-10 20:38:21.517 [info] > git status -z -uall [148ms]
2022-12-10 20:38:26.973 [warning] No remotes found in the git config file.
2022-12-10 20:38:27.011 [info] > git remote --verbose [37ms]
2022-12-10 20:38:27.011 [info] > git for-each-ref --format=%(refname)%00%(upstream:short)%00%(objectname)%00%(upstream:track)%00%(upstream:remotename)%00%(upstream:remoteref) refs/heads/test refs/remotes/test [83ms]
2022-12-10 20:38:27.011 [info] > git config --get commit.template [148ms]
2022-12-10 20:38:27.098 [info] > git for-each-ref --sort -committerdate --format %(refname) %(objectname) %(*objectname) [16ms]
2022-12-10 20:38:27.174 [info] > git status -z -uall [132ms]
2022-12-10 20:38:32.324 [warning] No remotes found in the git config file.
2022-12-10 20:38:32.325 [info] > git for-each-ref --format=%(refname)%00%(upstream:short)%00%(objectname)%00%(upstream:track)%00%(upstream:remotename)%00%(upstream:remoteref) refs/heads/test refs/remotes/test [18ms]
2022-12-10 20:38:32.325 [info] > git config --get commit.template [37ms]
2022-12-10 20:38:32.329 [info] > git remote --verbose [5ms]
2022-12-10 20:38:32.392 [info] > git for-each-ref --sort -committerdate --format %(refname) %(objectname) %(*objectname) [9ms]
2022-12-10 20:38:32.517 [info] > git status -z -uall [174ms]
2022-12-10 20:38:37.779 [warning] No remotes found in the git config file.
2022-12-10 20:38:37.780 [info] > git for-each-ref --format=%(refname)%00%(upstream:short)%00%(objectname)%00%(upstream:track)%00%(upstream:remotename)%00%(upstream:remoteref) refs/heads/test refs/remotes/test [16ms]
2022-12-10 20:38:37.780 [info] > git config --get commit.template [32ms]
2022-12-10 20:38:37.785 [info] > git remote --verbose [6ms]
2022-12-10 20:38:37.840 [info] > git for-each-ref --sort -committerdate --format %(refname) %(objectname) %(*objectname) [6ms]
2022-12-10 20:38:37.913 [info] > git status -z -uall [114ms]
2022-12-10 20:38:43.057 [warning] No remotes found in the git config file.
2022-12-10 20:38:43.059 [info] > git for-each-ref --format=%(refname)%00%(upstream:short)%00%(objectname)%00%(upstream:track)%00%(upstream:remotename)%00%(upstream:remoteref) refs/heads/test refs/remotes/test [17ms]
2022-12-10 20:38:43.060 [info] > git config --get commit.template [36ms]
2022-12-10 20:38:43.063 [info] > git remote --verbose [5ms]
2022-12-10 20:38:43.125 [info] > git for-each-ref --sort -committerdate --format %(refname) %(objectname) %(*objectname) [6ms]
2022-12-10 20:38:43.203 [info] > git status -z -uall [126ms]
2022-12-10 20:39:35.945 [warning] No remotes found in the git config file.
2022-12-10 20:39:35.947 [info] > git for-each-ref --format=%(refname)%00%(upstream:short)%00%(objectname)%00%(upstream:track)%00%(upstream:remotename)%00%(upstream:remoteref) refs/heads/test refs/remotes/test [14ms]
2022-12-10 20:39:35.947 [info] > git config --get commit.template [31ms]
2022-12-10 20:39:35.950 [info] > git remote --verbose [4ms]
2022-12-10 20:39:36.010 [info] > git for-each-ref --sort -committerdate --format %(refname) %(objectname) %(*objectname) [13ms]
2022-12-10 20:39:36.110 [info] > git status -z -uall [151ms]
2022-12-10 20:39:42.239 [warning] No remotes found in the git config file.
2022-12-10 20:39:42.240 [info] > git for-each-ref --format=%(refname)%00%(upstream:short)%00%(objectname)%00%(upstream:track)%00%(upstream:remotename)%00%(upstream:remoteref) refs/heads/test refs/remotes/test [19ms]
2022-12-10 20:39:42.241 [info] > git config --get commit.template [39ms]
2022-12-10 20:39:42.244 [info] > git remote --verbose [6ms]
2022-12-10 20:39:42.306 [info] > git for-each-ref --sort -committerdate --format %(refname) %(objectname) %(*objectname) [3ms]
2022-12-10 20:39:42.449 [info] > git status -z -uall [189ms]
2022-12-10 20:39:47.715 [warning] No remotes found in the git config file.
2022-12-10 20:39:47.717 [info] > git for-each-ref --format=%(refname)%00%(upstream:short)%00%(objectname)%00%(upstream:track)%00%(upstream:remotename)%00%(upstream:remoteref) refs/heads/test refs/remotes/test [17ms]
2022-12-10 20:39:47.717 [info] > git config --get commit.template [35ms]
2022-12-10 20:39:47.720 [info] > git remote --verbose [5ms]
2022-12-10 20:39:47.781 [info] > git for-each-ref --sort -committerdate --format %(refname) %(objectname) %(*objectname) [4ms]
2022-12-10 20:39:47.929 [info] > git status -z -uall [196ms]
2022-12-10 20:39:53.161 [warning] No remotes found in the git config file.
2022-12-10 20:39:53.163 [info] > git for-each-ref --format=%(refname)%00%(upstream:short)%00%(objectname)%00%(upstream:track)%00%(upstream:remotename)%00%(upstream:remoteref) refs/heads/test refs/remotes/test [17ms]
2022-12-10 20:39:53.163 [info] > git config --get commit.template [34ms]
2022-12-10 20:39:53.165 [info] > git remote --verbose [5ms]
2022-12-10 20:39:53.226 [info] > git for-each-ref --sort -committerdate --format %(refname) %(objectname) %(*objectname) [10ms]
2022-12-10 20:39:53.303 [info] > git status -z -uall [124ms]
2022-12-10 20:39:58.459 [warning] No remotes found in the git config file.
2022-12-10 20:39:58.462 [info] > git for-each-ref --format=%(refname)%00%(upstream:short)%00%(objectname)%00%(upstream:track)%00%(upstream:remotename)%00%(upstream:remoteref) refs/heads/test refs/remotes/test [19ms]
2022-12-10 20:39:58.462 [info] > git config --get commit.template [37ms]
2022-12-10 20:39:58.464 [info] > git remote --verbose [5ms]
2022-12-10 20:39:58.523 [info] > git for-each-ref --sort -committerdate --format %(refname) %(objectname) %(*objectname) [10ms]
2022-12-10 20:39:58.600 [info] > git status -z -uall [123ms]
2022-12-10 20:40:14.608 [warning] No remotes found in the git config file.
2022-12-10 20:40:14.622 [info] > git for-each-ref --format=%(refname)%00%(upstream:short)%00%(objectname)%00%(upstream:track)%00%(upstream:remotename)%00%(upstream:remoteref) refs/heads/test refs/remotes/test [33ms]
2022-12-10 20:40:14.622 [info] > git config --get commit.template [51ms]
2022-12-10 20:40:14.623 [info] > git remote --verbose [15ms]
2022-12-10 20:40:14.706 [info] > git for-each-ref --sort -committerdate --format %(refname) %(objectname) %(*objectname) [10ms]
2022-12-10 20:40:14.873 [info] > git status -z -uall [224ms]
2022-12-10 20:40:20.129 [warning] No remotes found in the git config file.
2022-12-10 20:40:20.130 [info] > git for-each-ref --format=%(refname)%00%(upstream:short)%00%(objectname)%00%(upstream:track)%00%(upstream:remotename)%00%(upstream:remoteref) refs/heads/test refs/remotes/test [16ms]
2022-12-10 20:40:20.130 [info] > git config --get commit.template [31ms]
2022-12-10 20:40:20.133 [info] > git remote --verbose [4ms]
2022-12-10 20:40:20.230 [info] > git for-each-ref --sort -committerdate --format %(refname) %(objectname) %(*objectname) [46ms]
2022-12-10 20:40:20.441 [info] > git status -z -uall [295ms]
2022-12-10 20:41:04.127 [warning] No remotes found in the git config file.
2022-12-10 20:41:04.138 [info] > git for-each-ref --format=%(refname)%00%(upstream:short)%00%(objectname)%00%(upstream:track)%00%(upstream:remotename)%00%(upstream:remoteref) refs/heads/test refs/remotes/test [23ms]
2022-12-10 20:41:04.140 [info] > git config --get commit.template [40ms]
2022-12-10 20:41:04.141 [info] > git remote --verbose [14ms]
2022-12-10 20:41:04.198 [info] > git for-each-ref --sort -committerdate --format %(refname) %(objectname) %(*objectname) [13ms]
2022-12-10 20:41:04.302 [info] > git status -z -uall [148ms]
2022-12-10 20:42:20.512 [warning] No remotes found in the git config file.
2022-12-10 20:42:20.514 [info] > git for-each-ref --format=%(refname)%00%(upstream:short)%00%(objectname)%00%(upstream:track)%00%(upstream:remotename)%00%(upstream:remoteref) refs/heads/test refs/remotes/test [17ms]
2022-12-10 20:42:20.516 [info] > git config --get commit.template [34ms]
2022-12-10 20:42:20.516 [info] > git remote --verbose [4ms]
2022-12-10 20:42:20.570 [info] > git for-each-ref --sort -committerdate --format %(refname) %(objectname) %(*objectname) [6ms]
2022-12-10 20:42:20.670 [info] > git status -z -uall [141ms]
2022-12-10 20:42:25.841 [warning] No remotes found in the git config file.
2022-12-10 20:42:25.842 [info] > git for-each-ref --format=%(refname)%00%(upstream:short)%00%(objectname)%00%(upstream:track)%00%(upstream:remotename)%00%(upstream:remoteref) refs/heads/test refs/remotes/test [16ms]
2022-12-10 20:42:25.843 [info] > git config --get commit.template [32ms]
2022-12-10 20:42:25.846 [info] > git remote --verbose [6ms]
2022-12-10 20:42:25.906 [info] > git for-each-ref --sort -committerdate --format %(refname) %(objectname) %(*objectname) [7ms]
2022-12-10 20:42:25.987 [info] > git status -z -uall [129ms]
2022-12-10 20:42:31.154 [warning] No remotes found in the git config file.
2022-12-10 20:42:31.156 [info] > git for-each-ref --format=%(refname)%00%(upstream:short)%00%(objectname)%00%(upstream:track)%00%(upstream:remotename)%00%(upstream:remoteref) refs/heads/test refs/remotes/test [21ms]
2022-12-10 20:42:31.156 [info] > git config --get commit.template [42ms]
2022-12-10 20:42:31.160 [info] > git remote --verbose [5ms]
2022-12-10 20:42:31.278 [info] > git for-each-ref --sort -committerdate --format %(refname) %(objectname) %(*objectname) [10ms]
2022-12-10 20:42:31.471 [info] > git status -z -uall [293ms]
2022-12-10 20:42:36.719 [warning] No remotes found in the git config file.
2022-12-10 20:42:36.721 [info] > git for-each-ref --format=%(refname)%00%(upstream:short)%00%(objectname)%00%(upstream:track)%00%(upstream:remotename)%00%(upstream:remoteref) refs/heads/test refs/remotes/test [16ms]
2022-12-10 20:42:36.721 [info] > git config --get commit.template [33ms]
2022-12-10 20:42:36.724 [info] > git remote --verbose [5ms]
2022-12-10 20:42:36.804 [info] > git for-each-ref --sort -committerdate --format %(refname) %(objectname) %(*objectname) [11ms]
2022-12-10 20:42:36.906 [info] > git status -z -uall [167ms]
2022-12-10 20:42:42.082 [warning] No remotes found in the git config file.
2022-12-10 20:42:42.084 [info] > git for-each-ref --format=%(refname)%00%(upstream:short)%00%(objectname)%00%(upstream:track)%00%(upstream:remotename)%00%(upstream:remoteref) refs/heads/test refs/remotes/test [18ms]
2022-12-10 20:42:42.084 [info] > git config --get commit.template [34ms]
2022-12-10 20:42:42.087 [info] > git remote --verbose [5ms]
2022-12-10 20:42:42.158 [info] > git for-each-ref --sort -committerdate --format %(refname) %(objectname) %(*objectname) [9ms]
2022-12-10 20:42:42.326 [info] > git status -z -uall [225ms]
2022-12-10 20:42:44.097 [info] > git show --textconv :.profile [22ms]
2022-12-10 20:42:44.104 [info] > git ls-files --stage -- /root/.profile [8ms]
2022-12-10 20:42:44.124 [info] > git cat-file -s c4c7402daf7ae66c19afdd13030901209f3d77fa [4ms]
2022-12-10 20:42:46.584 [info] > git show --textconv :public/login.html [20ms]
2022-12-10 20:42:46.592 [info] > git ls-files --stage -- /root/public/login.html [10ms]
2022-12-10 20:42:46.609 [info] > git cat-file -s 07892eeeba817f6fb29216dc83645f0f95a6540d [4ms]
2022-12-10 20:42:47.600 [warning] No remotes found in the git config file.
2022-12-10 20:42:47.602 [info] > git for-each-ref --format=%(refname)%00%(upstream:short)%00%(objectname)%00%(upstream:track)%00%(upstream:remotename)%00%(upstream:remoteref) refs/heads/test refs/remotes/test [18ms]
2022-12-10 20:42:47.602 [info] > git config --get commit.template [35ms]
2022-12-10 20:42:47.605 [info] > git remote --verbose [5ms]
2022-12-10 20:42:47.666 [info] > git for-each-ref --sort -committerdate --format %(refname) %(objectname) %(*objectname) [13ms]
2022-12-10 20:42:47.744 [info] > git status -z -uall [125ms]
2022-12-10 20:42:59.484 [warning] No remotes found in the git config file.
2022-12-10 20:42:59.485 [info] > git for-each-ref --format=%(refname)%00%(upstream:short)%00%(objectname)%00%(upstream:track)%00%(upstream:remotename)%00%(upstream:remoteref) refs/heads/test refs/remotes/test [19ms]
2022-12-10 20:42:59.486 [info] > git config --get commit.template [39ms]
2022-12-10 20:42:59.488 [info] > git remote --verbose [4ms]
2022-12-10 20:42:59.551 [info] > git for-each-ref --sort -committerdate --format %(refname) %(objectname) %(*objectname) [4ms]
2022-12-10 20:42:59.629 [info] > git status -z -uall [125ms]
2022-12-10 20:43:26.893 [warning] No remotes found in the git config file.
2022-12-10 20:43:26.894 [info] > git for-each-ref --format=%(refname)%00%(upstream:short)%00%(objectname)%00%(upstream:track)%00%(upstream:remotename)%00%(upstream:remoteref) refs/heads/test refs/remotes/test [17ms]
2022-12-10 20:43:26.894 [info] > git config --get commit.template [34ms]
2022-12-10 20:43:26.897 [info] > git remote --verbose [4ms]
2022-12-10 20:43:26.995 [info] > git for-each-ref --sort -committerdate --format %(refname) %(objectname) %(*objectname) [45ms]
2022-12-10 20:43:27.241 [info] > git status -z -uall [331ms]
2022-12-10 20:43:32.403 [warning] No remotes found in the git config file.
2022-12-10 20:43:32.406 [info] > git for-each-ref --format=%(refname)%00%(upstream:short)%00%(objectname)%00%(upstream:track)%00%(upstream:remotename)%00%(upstream:remoteref) refs/heads/test refs/remotes/test [18ms]
2022-12-10 20:43:32.407 [info] > git config --get commit.template [35ms]
2022-12-10 20:43:32.409 [info] > git remote --verbose [6ms]
2022-12-10 20:43:32.474 [info] > git for-each-ref --sort -committerdate --format %(refname) %(objectname) %(*objectname) [7ms]
2022-12-10 20:43:32.548 [info] > git status -z -uall [124ms]
2022-12-10 20:45:21.303 [warning] No remotes found in the git config file.
2022-12-10 20:45:21.305 [info] > git for-each-ref --format=%(refname)%00%(upstream:short)%00%(objectname)%00%(upstream:track)%00%(upstream:remotename)%00%(upstream:remoteref) refs/heads/test refs/remotes/test [16ms]
2022-12-10 20:45:21.306 [info] > git config --get commit.template [30ms]
2022-12-10 20:45:21.308 [info] > git remote --verbose [5ms]
2022-12-10 20:45:21.361 [info] > git for-each-ref --sort -committerdate --format %(refname) %(objectname) %(*objectname) [7ms]
2022-12-10 20:45:21.454 [info] > git status -z -uall [135ms]
2022-12-10 20:45:26.644 [warning] No remotes found in the git config file.
2022-12-10 20:45:26.651 [info] > git for-each-ref --format=%(refname)%00%(upstream:short)%00%(objectname)%00%(upstream:track)%00%(upstream:remotename)%00%(upstream:remoteref) refs/heads/test refs/remotes/test [31ms]
2022-12-10 20:45:26.653 [info] > git config --get commit.template [58ms]
2022-12-10 20:45:26.658 [info] > git remote --verbose [12ms]
2022-12-10 20:45:26.754 [info] > git for-each-ref --sort -committerdate --format %(refname) %(objectname) %(*objectname) [12ms]
2022-12-10 20:45:26.881 [info] > git status -z -uall [202ms]
2022-12-10 20:45:33.211 [warning] No remotes found in the git config file.
2022-12-10 20:45:33.212 [info] > git for-each-ref --format=%(refname)%00%(upstream:short)%00%(objectname)%00%(upstream:track)%00%(upstream:remotename)%00%(upstream:remoteref) refs/heads/test refs/remotes/test [33ms]
2022-12-10 20:45:33.212 [info] > git config --get commit.template [74ms]
2022-12-10 20:45:33.218 [info] > git remote --verbose [8ms]
2022-12-10 20:45:33.322 [info] > git for-each-ref --sort -committerdate --format %(refname) %(objectname) %(*objectname) [15ms]
2022-12-10 20:45:33.454 [info] > git status -z -uall [215ms]
2022-12-10 20:45:38.645 [warning] No remotes found in the git config file.
2022-12-10 20:45:38.646 [info] > git for-each-ref --format=%(refname)%00%(upstream:short)%00%(objectname)%00%(upstream:track)%00%(upstream:remotename)%00%(upstream:remoteref) refs/heads/test refs/remotes/test [18ms]
2022-12-10 20:45:38.647 [info] > git config --get commit.template [33ms]
2022-12-10 20:45:38.649 [info] > git remote --verbose [4ms]
2022-12-10 20:45:38.712 [info] > git for-each-ref --sort -committerdate --format %(refname) %(objectname) %(*objectname) [8ms]
2022-12-10 20:45:38.792 [info] > git status -z -uall [128ms]
2022-12-10 20:45:43.943 [warning] No remotes found in the git config file.
2022-12-10 20:45:43.983 [info] > git config --get commit.template [60ms]
2022-12-10 20:45:43.986 [info] > git remote --verbose [43ms]
2022-12-10 20:45:43.988 [info] > git for-each-ref --format=%(refname)%00%(upstream:short)%00%(objectname)%00%(upstream:track)%00%(upstream:remotename)%00%(upstream:remoteref) refs/heads/test refs/remotes/test [30ms]
2022-12-10 20:45:44.075 [info] > git for-each-ref --sort -committerdate --format %(refname) %(objectname) %(*objectname) [17ms]
2022-12-10 20:45:44.379 [info] > git status -z -uall [375ms]
2022-12-10 20:45:50.722 [warning] No remotes found in the git config file.
2022-12-10 20:45:50.723 [info] > git for-each-ref --format=%(refname)%00%(upstream:short)%00%(objectname)%00%(upstream:track)%00%(upstream:remotename)%00%(upstream:remoteref) refs/heads/test refs/remotes/test [17ms]
2022-12-10 20:45:50.724 [info] > git config --get commit.template [36ms]
2022-12-10 20:45:50.728 [info] > git remote --verbose [6ms]
2022-12-10 20:45:50.798 [info] > git for-each-ref --sort -committerdate --format %(refname) %(objectname) %(*objectname) [15ms]
2022-12-10 20:45:50.884 [info] > git status -z -uall [140ms]
2022-12-10 20:45:56.045 [warning] No remotes found in the git config file.
2022-12-10 20:45:56.047 [info] > git for-each-ref --format=%(refname)%00%(upstream:short)%00%(objectname)%00%(upstream:track)%00%(upstream:remotename)%00%(upstream:remoteref) refs/heads/test refs/remotes/test [21ms]
2022-12-10 20:45:56.047 [info] > git config --get commit.template [36ms]
2022-12-10 20:45:56.053 [info] > git remote --verbose [8ms]
2022-12-10 20:45:56.129 [info] > git for-each-ref --sort -committerdate --format %(refname) %(objectname) %(*objectname) [26ms]
2022-12-10 20:45:56.211 [info] > git status -z -uall [146ms]
2022-12-10 20:46:01.366 [warning] No remotes found in the git config file.
2022-12-10 20:46:01.368 [info] > git for-each-ref --format=%(refname)%00%(upstream:short)%00%(objectname)%00%(upstream:track)%00%(upstream:remotename)%00%(upstream:remoteref) refs/heads/test refs/remotes/test [18ms]
2022-12-10 20:46:01.368 [info] > git config --get commit.template [36ms]
2022-12-10 20:46:01.372 [info] > git remote --verbose [7ms]
2022-12-10 20:46:01.438 [info] > git for-each-ref --sort -committerdate --format %(refname) %(objectname) %(*objectname) [7ms]
2022-12-10 20:46:01.523 [info] > git status -z -uall [137ms]
2022-12-10 20:46:06.694 [warning] No remotes found in the git config file.
2022-12-10 20:46:06.696 [info] > git for-each-ref --format=%(refname)%00%(upstream:short)%00%(objectname)%00%(upstream:track)%00%(upstream:remotename)%00%(upstream:remoteref) refs/heads/test refs/remotes/test [17ms]
2022-12-10 20:46:06.696 [info] > git config --get commit.template [36ms]
2022-12-10 20:46:06.699 [info] > git remote --verbose [5ms]
2022-12-10 20:46:06.766 [info] > git for-each-ref --sort -committerdate --format %(refname) %(objectname) %(*objectname) [8ms]
2022-12-10 20:46:06.838 [info] > git status -z -uall [125ms]
2022-12-10 20:46:12.139 [warning] No remotes found in the git config file.
2022-12-10 20:46:12.142 [info] > git for-each-ref --format=%(refname)%00%(upstream:short)%00%(objectname)%00%(upstream:track)%00%(upstream:remotename)%00%(upstream:remoteref) refs/heads/test refs/remotes/test [89ms]
2022-12-10 20:46:12.143 [info] > git config --get commit.template [161ms]
2022-12-10 20:46:12.194 [info] > git remote --verbose [55ms]
2022-12-10 20:46:12.306 [info] > git for-each-ref --sort -committerdate --format %(refname) %(objectname) %(*objectname) [11ms]
2022-12-10 20:46:12.558 [info] > git status -z -uall [316ms]
2022-12-10 20:46:24.879 [warning] No remotes found in the git config file.
2022-12-10 20:46:24.914 [info] > git for-each-ref --format=%(refname)%00%(upstream:short)%00%(objectname)%00%(upstream:track)%00%(upstream:remotename)%00%(upstream:remoteref) refs/heads/test refs/remotes/test [80ms]
2022-12-10 20:46:24.917 [info] > git config --get commit.template [148ms]
2022-12-10 20:46:24.921 [info] > git remote --verbose [42ms]
2022-12-10 20:46:25.002 [info] > git for-each-ref --sort -committerdate --format %(refname) %(objectname) %(*objectname) [6ms]
2022-12-10 20:46:25.090 [info] > git status -z -uall [137ms]
2022-12-10 20:46:30.252 [warning] No remotes found in the git config file.
2022-12-10 20:46:30.274 [info] > git for-each-ref --format=%(refname)%00%(upstream:short)%00%(objectname)%00%(upstream:track)%00%(upstream:remotename)%00%(upstream:remoteref) refs/heads/test refs/remotes/test [39ms]
2022-12-10 20:46:30.286 [info] > git config --get commit.template [67ms]
2022-12-10 20:46:30.289 [info] > git remote --verbose [38ms]
2022-12-10 20:46:30.438 [info] > git for-each-ref --sort -committerdate --format %(refname) %(objectname) %(*objectname) [9ms]
2022-12-10 20:46:30.589 [info] > git status -z -uall [236ms]
2022-12-10 20:46:35.731 [warning] No remotes found in the git config file.
2022-12-10 20:46:35.732 [info] > git for-each-ref --format=%(refname)%00%(upstream:short)%00%(objectname)%00%(upstream:track)%00%(upstream:remotename)%00%(upstream:remoteref) refs/heads/test refs/remotes/test [16ms]
2022-12-10 20:46:35.733 [info] > git config --get commit.template [33ms]
2022-12-10 20:46:35.736 [info] > git remote --verbose [5ms]
2022-12-10 20:46:35.791 [info] > git for-each-ref --sort -committerdate --format %(refname) %(objectname) %(*objectname) [4ms]
2022-12-10 20:46:35.917 [info] > git status -z -uall [166ms]
2022-12-10 20:47:29.671 [warning] No remotes found in the git config file.
2022-12-10 20:47:29.673 [info] > git for-each-ref --format=%(refname)%00%(upstream:short)%00%(objectname)%00%(upstream:track)%00%(upstream:remotename)%00%(upstream:remoteref) refs/heads/test refs/remotes/test [17ms]
2022-12-10 20:47:29.673 [info] > git config --get commit.template [32ms]
2022-12-10 20:47:29.676 [info] > git remote --verbose [5ms]
2022-12-10 20:47:29.724 [info] > git for-each-ref --sort -committerdate --format %(refname) %(objectname) %(*objectname) [6ms]
2022-12-10 20:47:29.815 [info] > git status -z -uall [129ms]
2022-12-10 20:48:42.545 [warning] No remotes found in the git config file.
2022-12-10 20:48:42.548 [info] > git for-each-ref --format=%(refname)%00%(upstream:short)%00%(objectname)%00%(upstream:track)%00%(upstream:remotename)%00%(upstream:remoteref) refs/heads/test refs/remotes/test [13ms]
2022-12-10 20:48:42.548 [info] > git config --get commit.template [27ms]
2022-12-10 20:48:42.551 [info] > git remote --verbose [6ms]
2022-12-10 20:48:42.601 [info] > git for-each-ref --sort -committerdate --format %(refname) %(objectname) %(*objectname) [3ms]
2022-12-10 20:48:42.687 [info] > git status -z -uall [126ms]
2022-12-10 20:48:47.843 [warning] No remotes found in the git config file.
2022-12-10 20:48:47.844 [info] > git for-each-ref --format=%(refname)%00%(upstream:short)%00%(objectname)%00%(upstream:track)%00%(upstream:remotename)%00%(upstream:remoteref) refs/heads/test refs/remotes/test [15ms]
2022-12-10 20:48:47.845 [info] > git config --get commit.template [30ms]
2022-12-10 20:48:47.848 [info] > git remote --verbose [5ms]
2022-12-10 20:48:47.906 [info] > git for-each-ref --sort -committerdate --format %(refname) %(objectname) %(*objectname) [10ms]
2022-12-10 20:48:47.980 [info] > git status -z -uall [120ms]
2022-12-10 20:48:53.144 [warning] No remotes found in the git config file.
2022-12-10 20:48:53.146 [info] > git for-each-ref --format=%(refname)%00%(upstream:short)%00%(objectname)%00%(upstream:track)%00%(upstream:remotename)%00%(upstream:remoteref) refs/heads/test refs/remotes/test [20ms]
2022-12-10 20:48:53.146 [info] > git config --get commit.template [38ms]
2022-12-10 20:48:53.150 [info] > git remote --verbose [6ms]
2022-12-10 20:48:53.210 [info] > git for-each-ref --sort -committerdate --format %(refname) %(objectname) %(*objectname) [3ms]
2022-12-10 20:48:53.329 [info] > git status -z -uall [165ms]
2022-12-10 20:50:22.531 [warning] No remotes found in the git config file.
2022-12-10 20:50:22.533 [info] > git for-each-ref --format=%(refname)%00%(upstream:short)%00%(objectname)%00%(upstream:track)%00%(upstream:remotename)%00%(upstream:remoteref) refs/heads/test refs/remotes/test [17ms]
2022-12-10 20:50:22.533 [info] > git config --get commit.template [32ms]
2022-12-10 20:50:22.536 [info] > git remote --verbose [5ms]
2022-12-10 20:50:22.598 [info] > git for-each-ref --sort -committerdate --format %(refname) %(objectname) %(*objectname) [14ms]
2022-12-10 20:50:22.701 [info] > git status -z -uall [152ms]
2022-12-10 20:50:27.050 [info] > git show --textconv :controller.js [36ms]
2022-12-10 20:50:27.064 [info] > git ls-files --stage -- /root/controller.js [17ms]
2022-12-10 20:50:27.183 [info] > git check-ignore -v -z --stdin [21ms]
2022-12-10 20:50:27.865 [warning] No remotes found in the git config file.
2022-12-10 20:50:27.866 [info] > git for-each-ref --format=%(refname)%00%(upstream:short)%00%(objectname)%00%(upstream:track)%00%(upstream:remotename)%00%(upstream:remoteref) refs/heads/test refs/remotes/test [14ms]
2022-12-10 20:50:27.867 [info] > git config --get commit.template [29ms]
2022-12-10 20:50:27.870 [info] > git remote --verbose [4ms]
2022-12-10 20:50:27.930 [info] > git for-each-ref --sort -committerdate --format %(refname) %(objectname) %(*objectname) [10ms]
2022-12-10 20:50:28.007 [info] > git status -z -uall [123ms]
2022-12-10 20:50:34.949 [warning] No remotes found in the git config file.
2022-12-10 20:50:34.951 [info] > git for-each-ref --format=%(refname)%00%(upstream:short)%00%(objectname)%00%(upstream:track)%00%(upstream:remotename)%00%(upstream:remoteref) refs/heads/test refs/remotes/test [17ms]
2022-12-10 20:50:34.951 [info] > git config --get commit.template [34ms]
2022-12-10 20:50:34.954 [info] > git remote --verbose [5ms]
2022-12-10 20:50:35.018 [info] > git for-each-ref --sort -committerdate --format %(refname) %(objectname) %(*objectname) [8ms]
2022-12-10 20:50:35.096 [info] > git status -z -uall [127ms]
2022-12-10 20:50:50.740 [warning] No remotes found in the git config file.
2022-12-10 20:50:50.741 [info] > git for-each-ref --format=%(refname)%00%(upstream:short)%00%(objectname)%00%(upstream:track)%00%(upstream:remotename)%00%(upstream:remoteref) refs/heads/test refs/remotes/test [16ms]
2022-12-10 20:50:50.742 [info] > git config --get commit.template [34ms]
2022-12-10 20:50:50.744 [info] > git remote --verbose [4ms]
2022-12-10 20:50:50.800 [info] > git for-each-ref --sort -committerdate --format %(refname) %(objectname) %(*objectname) [3ms]
2022-12-10 20:50:50.886 [info] > git status -z -uall [128ms]
2022-12-10 20:50:56.038 [warning] No remotes found in the git config file.
2022-12-10 20:50:56.039 [info] > git for-each-ref --format=%(refname)%00%(upstream:short)%00%(objectname)%00%(upstream:track)%00%(upstream:remotename)%00%(upstream:remoteref) refs/heads/test refs/remotes/test [18ms]
2022-12-10 20:50:56.039 [info] > git config --get commit.template [35ms]
2022-12-10 20:50:56.042 [info] > git remote --verbose [5ms]
2022-12-10 20:50:56.108 [info] > git for-each-ref --sort -committerdate --format %(refname) %(objectname) %(*objectname) [7ms]
2022-12-10 20:50:56.187 [info] > git status -z -uall [131ms]
2022-12-10 20:51:01.346 [warning] No remotes found in the git config file.
2022-12-10 20:51:01.348 [info] > git for-each-ref --format=%(refname)%00%(upstream:short)%00%(objectname)%00%(upstream:track)%00%(upstream:remotename)%00%(upstream:remoteref) refs/heads/test refs/remotes/test [18ms]
2022-12-10 20:51:01.348 [info] > git config --get commit.template [36ms]
2022-12-10 20:51:01.351 [info] > git remote --verbose [5ms]
2022-12-10 20:51:01.424 [info] > git for-each-ref --sort -committerdate --format %(refname) %(objectname) %(*objectname) [10ms]
2022-12-10 20:51:01.496 [info] > git status -z -uall [128ms]
2022-12-10 20:51:06.804 [warning] No remotes found in the git config file.
2022-12-10 20:51:06.834 [info] > git for-each-ref --format=%(refname)%00%(upstream:short)%00%(objectname)%00%(upstream:track)%00%(upstream:remotename)%00%(upstream:remoteref) refs/heads/test refs/remotes/test [97ms]
2022-12-10 20:51:06.836 [info] > git config --get commit.template [161ms]
2022-12-10 20:51:06.844 [info] > git remote --verbose [46ms]
2022-12-10 20:51:06.950 [info] > git for-each-ref --sort -committerdate --format %(refname) %(objectname) %(*objectname) [43ms]
2022-12-10 20:51:09.139 [info] > git status -z -uall [2272ms]
2022-12-10 20:51:14.351 [warning] No remotes found in the git config file.
2022-12-10 20:51:14.375 [info] > git remote --verbose [24ms]
2022-12-10 20:51:14.376 [info] > git config --get commit.template [47ms]
2022-12-10 20:51:14.386 [info] > git for-each-ref --format=%(refname)%00%(upstream:short)%00%(objectname)%00%(upstream:track)%00%(upstream:remotename)%00%(upstream:remoteref) refs/heads/test refs/remotes/test [12ms]
2022-12-10 20:51:14.506 [info] > git for-each-ref --sort -committerdate --format %(refname) %(objectname) %(*objectname) [25ms]
2022-12-10 20:51:14.915 [info] > git status -z -uall [510ms]
2022-12-10 20:51:20.113 [warning] No remotes found in the git config file.
2022-12-10 20:51:20.133 [info] > git remote --verbose [20ms]
2022-12-10 20:51:20.134 [info] > git for-each-ref --format=%(refname)%00%(upstream:short)%00%(objectname)%00%(upstream:track)%00%(upstream:remotename)%00%(upstream:remoteref) refs/heads/test refs/remotes/test [57ms]
2022-12-10 20:51:20.134 [info] > git config --get commit.template [76ms]
2022-12-10 20:51:20.378 [info] > git for-each-ref --sort -committerdate --format %(refname) %(objectname) %(*objectname) [39ms]
2022-12-10 20:51:20.479 [info] > git status -z -uall [260ms]
2022-12-10 20:51:25.625 [warning] No remotes found in the git config file.
2022-12-10 20:51:25.627 [info] > git for-each-ref --format=%(refname)%00%(upstream:short)%00%(objectname)%00%(upstream:track)%00%(upstream:remotename)%00%(upstream:remoteref) refs/heads/test refs/remotes/test [16ms]
2022-12-10 20:51:25.627 [info] > git config --get commit.template [33ms]
2022-12-10 20:51:25.629 [info] > git remote --verbose [4ms]
2022-12-10 20:51:25.694 [info] > git for-each-ref --sort -committerdate --format %(refname) %(objectname) %(*objectname) [9ms]
2022-12-10 20:51:25.762 [info] > git status -z -uall [119ms]
2022-12-10 20:52:05.125 [warning] No remotes found in the git config file.
2022-12-10 20:52:05.127 [info] > git for-each-ref --format=%(refname)%00%(upstream:short)%00%(objectname)%00%(upstream:track)%00%(upstream:remotename)%00%(upstream:remoteref) refs/heads/test refs/remotes/test [13ms]
2022-12-10 20:52:05.127 [info] > git config --get commit.template [29ms]
2022-12-10 20:52:05.131 [info] > git remote --verbose [6ms]
2022-12-10 20:52:05.178 [info] > git for-each-ref --sort -committerdate --format %(refname) %(objectname) %(*objectname) [10ms]
2022-12-10 20:52:05.271 [info] > git status -z -uall [130ms]
2022-12-10 20:52:10.453 [warning] No remotes found in the git config file.
2022-12-10 20:52:10.465 [info] > git config --get commit.template [51ms]
2022-12-10 20:52:10.494 [info] > git remote --verbose [41ms]
2022-12-10 20:52:10.504 [info] > git for-each-ref --format=%(refname)%00%(upstream:short)%00%(objectname)%00%(upstream:track)%00%(upstream:remotename)%00%(upstream:remoteref) refs/heads/test refs/remotes/test [13ms]
2022-12-10 20:52:10.714 [info] > git for-each-ref --sort -committerdate --format %(refname) %(objectname) %(*objectname) [63ms]
2022-12-10 20:52:11.567 [info] > git status -z -uall [1033ms]
2022-12-10 20:52:46.948 [warning] No remotes found in the git config file.
2022-12-10 20:52:46.997 [info] > git config --get commit.template [105ms]
2022-12-10 20:52:47.004 [info] > git remote --verbose [56ms]
2022-12-10 20:52:47.019 [info] > git for-each-ref --format=%(refname)%00%(upstream:short)%00%(objectname)%00%(upstream:track)%00%(upstream:remotename)%00%(upstream:remoteref) refs/heads/test refs/remotes/test [96ms]
2022-12-10 20:52:47.141 [info] > git for-each-ref --sort -committerdate --format %(refname) %(objectname) %(*objectname) [68ms]
2022-12-10 20:52:48.136 [info] > git status -z -uall [1098ms]
2022-12-10 20:52:53.586 [warning] No remotes found in the git config file.
2022-12-10 20:52:53.595 [info] > git for-each-ref --format=%(refname)%00%(upstream:short)%00%(objectname)%00%(upstream:track)%00%(upstream:remotename)%00%(upstream:remoteref) refs/heads/test refs/remotes/test [78ms]
2022-12-10 20:52:53.595 [info] > git config --get commit.template [162ms]
2022-12-10 20:52:53.610 [info] > git remote --verbose [29ms]
2022-12-10 20:52:53.865 [info] > git for-each-ref --sort -committerdate --format %(refname) %(objectname) %(*objectname) [112ms]
2022-12-10 20:52:55.224 [info] > git status -z -uall [1550ms]
2022-12-10 20:53:00.702 [warning] No remotes found in the git config file.
2022-12-10 20:53:00.725 [info] > git for-each-ref --format=%(refname)%00%(upstream:short)%00%(objectname)%00%(upstream:track)%00%(upstream:remotename)%00%(upstream:remoteref) refs/heads/test refs/remotes/test [112ms]
2022-12-10 20:53:00.727 [info] > git config --get commit.template [213ms]
2022-12-10 20:53:00.734 [info] > git remote --verbose [36ms]
2022-12-10 20:53:00.908 [info] > git for-each-ref --sort -committerdate --format %(refname) %(objectname) %(*objectname) [84ms]
2022-12-10 20:53:02.387 [info] > git status -z -uall [1609ms]
2022-12-10 20:53:07.786 [warning] No remotes found in the git config file.
2022-12-10 20:53:07.790 [info] > git config --get commit.template [84ms]
2022-12-10 20:53:07.810 [info] > git for-each-ref --format=%(refname)%00%(upstream:short)%00%(objectname)%00%(upstream:track)%00%(upstream:remotename)%00%(upstream:remoteref) refs/heads/test refs/remotes/test [65ms]
2022-12-10 20:53:07.812 [info] > git remote --verbose [26ms]
2022-12-10 20:53:08.051 [info] > git for-each-ref --sort -committerdate --format %(refname) %(objectname) %(*objectname) [158ms]
2022-12-10 20:53:09.554 [info] > git status -z -uall [1710ms]
2022-12-10 20:53:14.971 [warning] No remotes found in the git config file.
2022-12-10 20:53:14.979 [info] > git for-each-ref --format=%(refname)%00%(upstream:short)%00%(objectname)%00%(upstream:track)%00%(upstream:remotename)%00%(upstream:remoteref) refs/heads/test refs/remotes/test [82ms]
2022-12-10 20:53:14.985 [info] > git config --get commit.template [163ms]
2022-12-10 20:53:14.990 [info] > git remote --verbose [19ms]
2022-12-10 20:53:15.339 [info] > git for-each-ref --sort -committerdate --format %(refname) %(objectname) %(*objectname) [114ms]
2022-12-10 20:53:18.121 [info] > git status -z -uall [2993ms]
2022-12-10 20:53:23.448 [warning] No remotes found in the git config file.
2022-12-10 20:53:23.454 [info] > git remote --verbose [16ms]
2022-12-10 20:53:23.457 [info] > git config --get commit.template [94ms]
2022-12-10 20:53:23.462 [info] > git for-each-ref --format=%(refname)%00%(upstream:short)%00%(objectname)%00%(upstream:track)%00%(upstream:remotename)%00%(upstream:remoteref) refs/heads/test refs/remotes/test [58ms]
2022-12-10 20:53:23.568 [info] > git for-each-ref --sort -committerdate --format %(refname) %(objectname) %(*objectname) [59ms]
2022-12-10 20:53:24.791 [info] > git status -z -uall [1303ms]
2022-12-10 20:53:30.278 [warning] No remotes found in the git config file.
2022-12-10 20:53:30.365 [info] > git remote --verbose [91ms]
2022-12-10 20:53:30.372 [info] > git config --get commit.template [226ms]
2022-12-10 20:53:30.400 [info] > git for-each-ref --format=%(refname)%00%(upstream:short)%00%(objectname)%00%(upstream:track)%00%(upstream:remotename)%00%(upstream:remoteref) refs/heads/test refs/remotes/test [49ms]
2022-12-10 20:53:30.670 [info] > git for-each-ref --sort -committerdate --format %(refname) %(objectname) %(*objectname) [102ms]
2022-12-10 20:53:32.744 [info] > git status -z -uall [2264ms]
2022-12-10 20:53:44.975 [info] > git config --get commit.template [1845ms]
2022-12-10 20:53:46.027 [warning] No remotes found in the git config file.
2022-12-10 20:53:46.086 [info] > git remote --verbose [70ms]
2022-12-10 20:53:46.087 [info] > git for-each-ref --format=%(refname)%00%(upstream:short)%00%(objectname)%00%(upstream:track)%00%(upstream:remotename)%00%(upstream:remoteref) refs/heads/test refs/remotes/test [174ms]
2022-12-10 20:53:46.539 [info] > git for-each-ref --sort -committerdate --format %(refname) %(objectname) %(*objectname) [264ms]
2022-12-10 20:53:48.351 [info] > git status -z -uall [2205ms]
2022-12-10 20:53:58.897 [warning] No remotes found in the git config file.
2022-12-10 20:53:58.903 [info] > git config --get commit.template [47ms]
2022-12-10 20:53:58.906 [info] > git remote --verbose [12ms]
2022-12-10 20:53:58.913 [info] > git for-each-ref --format=%(refname)%00%(upstream:short)%00%(objectname)%00%(upstream:track)%00%(upstream:remotename)%00%(upstream:remoteref) refs/heads/test refs/remotes/test [33ms]
2022-12-10 20:53:59.013 [info] > git for-each-ref --sort -committerdate --format %(refname) %(objectname) %(*objectname) [46ms]
2022-12-10 20:53:59.877 [info] > git status -z -uall [947ms]
2022-12-10 20:54:05.139 [warning] No remotes found in the git config file.
2022-12-10 20:54:05.193 [info] > git config --get commit.template [100ms]
2022-12-10 20:54:05.196 [info] > git remote --verbose [58ms]
2022-12-10 20:54:05.206 [info] > git for-each-ref --format=%(refname)%00%(upstream:short)%00%(objectname)%00%(upstream:track)%00%(upstream:remotename)%00%(upstream:remoteref) refs/heads/test refs/remotes/test [87ms]
2022-12-10 20:54:05.353 [info] > git for-each-ref --sort -committerdate --format %(refname) %(objectname) %(*objectname) [97ms]
2022-12-10 20:54:06.557 [info] > git status -z -uall [1331ms]
2022-12-10 20:54:11.775 [warning] No remotes found in the git config file.
2022-12-10 20:54:11.809 [info] > git config --get commit.template [57ms]
2022-12-10 20:54:11.810 [info] > git remote --verbose [39ms]
2022-12-10 20:54:11.818 [info] > git for-each-ref --format=%(refname)%00%(upstream:short)%00%(objectname)%00%(upstream:track)%00%(upstream:remotename)%00%(upstream:remoteref) refs/heads/test refs/remotes/test [24ms]
2022-12-10 20:54:11.901 [info] > git for-each-ref --sort -committerdate --format %(refname) %(objectname) %(*objectname) [51ms]
2022-12-10 20:54:12.706 [info] > git status -z -uall [875ms]
2022-12-10 20:54:17.882 [warning] No remotes found in the git config file.
2022-12-10 20:54:17.904 [info] > git config --get commit.template [53ms]
2022-12-10 20:54:17.906 [info] > git remote --verbose [24ms]
2022-12-10 20:54:17.911 [info] > git for-each-ref --format=%(refname)%00%(upstream:short)%00%(objectname)%00%(upstream:track)%00%(upstream:remotename)%00%(upstream:remoteref) refs/heads/test refs/remotes/test [43ms]
2022-12-10 20:54:17.957 [info] > git for-each-ref --sort -committerdate --format %(refname) %(objectname) %(*objectname) [17ms]
2022-12-10 20:54:18.108 [info] > git status -z -uall [184ms]
2022-12-10 20:54:57.583 [warning] No remotes found in the git config file.
2022-12-10 20:54:57.606 [info] > git remote --verbose [23ms]
2022-12-10 20:54:57.609 [info] > git config --get commit.template [40ms]
2022-12-10 20:54:57.609 [info] > git for-each-ref --format=%(refname)%00%(upstream:short)%00%(objectname)%00%(upstream:track)%00%(upstream:remotename)%00%(upstream:remoteref) refs/heads/test refs/remotes/test [7ms]
2022-12-10 20:54:57.670 [info] > git for-each-ref --sort -committerdate --format %(refname) %(objectname) %(*objectname) [30ms]
2022-12-10 20:54:57.798 [info] > git status -z -uall [172ms]
2022-12-10 20:55:02.963 [warning] No remotes found in the git config file.
2022-12-10 20:55:02.965 [info] > git for-each-ref --format=%(refname)%00%(upstream:short)%00%(objectname)%00%(upstream:track)%00%(upstream:remotename)%00%(upstream:remoteref) refs/heads/test refs/remotes/test [21ms]
2022-12-10 20:55:02.966 [info] > git config --get commit.template [40ms]
2022-12-10 20:55:02.968 [info] > git remote --verbose [6ms]
2022-12-10 20:55:03.048 [info] > git for-each-ref --sort -committerdate --format %(refname) %(objectname) %(*objectname) [14ms]
2022-12-10 20:55:03.257 [info] > git status -z -uall [273ms]
2022-12-10 20:55:08.604 [warning] No remotes found in the git config file.
2022-12-10 20:55:08.698 [info] > git for-each-ref --format=%(refname)%00%(upstream:short)%00%(objectname)%00%(upstream:track)%00%(upstream:remotename)%00%(upstream:remoteref) refs/heads/test refs/remotes/test [55ms]
2022-12-10 20:55:08.705 [info] > git remote --verbose [101ms]
2022-12-10 20:55:08.708 [info] > git config --get commit.template [199ms]
2022-12-10 20:55:08.814 [info] > git for-each-ref --sort -committerdate --format %(refname) %(objectname) %(*objectname) [47ms]
2022-12-10 20:55:09.745 [info] > git status -z -uall [1004ms]
2022-12-10 20:55:14.919 [warning] No remotes found in the git config file.
2022-12-10 20:55:14.941 [info] > git remote --verbose [21ms]
2022-12-10 20:55:14.941 [info] > git config --get commit.template [43ms]
2022-12-10 20:55:14.946 [info] > git for-each-ref --format=%(refname)%00%(upstream:short)%00%(objectname)%00%(upstream:track)%00%(upstream:remotename)%00%(upstream:remoteref) refs/heads/test refs/remotes/test [7ms]
2022-12-10 20:55:15.020 [info] > git for-each-ref --sort -committerdate --format %(refname) %(objectname) %(*objectname) [14ms]
2022-12-10 20:55:15.531 [info] > git status -z -uall [569ms]
2022-12-10 20:55:20.825 [warning] No remotes found in the git config file.
2022-12-10 20:55:20.826 [info] > git for-each-ref --format=%(refname)%00%(upstream:short)%00%(objectname)%00%(upstream:track)%00%(upstream:remotename)%00%(upstream:remoteref) refs/heads/test refs/remotes/test [18ms]
2022-12-10 20:55:20.826 [info] > git config --get commit.template [37ms]
2022-12-10 20:55:20.833 [info] > git remote --verbose [9ms]
2022-12-10 20:55:20.911 [info] > git for-each-ref --sort -committerdate --format %(refname) %(objectname) %(*objectname) [14ms]
2022-12-10 20:55:20.999 [info] > git status -z -uall [154ms]
2022-12-10 20:55:26.651 [info] > git config --get commit.template [260ms]
2022-12-10 20:55:26.847 [warning] No remotes found in the git config file.
2022-12-10 20:55:26.987 [info] > git remote --verbose [140ms]
2022-12-10 20:55:27.006 [info] > git for-each-ref --format=%(refname)%00%(upstream:short)%00%(objectname)%00%(upstream:track)%00%(upstream:remotename)%00%(upstream:remoteref) refs/heads/test refs/remotes/test [70ms]
2022-12-10 20:55:27.221 [info] > git for-each-ref --sort -committerdate --format %(refname) %(objectname) %(*objectname) [98ms]
2022-12-10 20:55:29.953 [info] > git status -z -uall [2859ms]
2022-12-10 20:55:45.536 [info] > git config --get commit.template [2798ms]
2022-12-10 20:55:47.696 [warning] No remotes found in the git config file.
2022-12-10 20:55:47.859 [info] > git for-each-ref --format=%(refname)%00%(upstream:short)%00%(objectname)%00%(upstream:track)%00%(upstream:remotename)%00%(upstream:remoteref) refs/heads/test refs/remotes/test [219ms]
2022-12-10 20:55:47.859 [info] > git remote --verbose [167ms]
2022-12-10 20:55:48.179 [info] > git for-each-ref --sort -committerdate --format %(refname) %(objectname) %(*objectname) [157ms]
2022-12-10 20:55:48.963 [info] > git status -z -uall [1014ms]
2022-12-10 20:55:54.492 [warning] No remotes found in the git config file.
2022-12-10 20:55:54.494 [info] > git for-each-ref --format=%(refname)%00%(upstream:short)%00%(objectname)%00%(upstream:track)%00%(upstream:remotename)%00%(upstream:remoteref) refs/heads/test refs/remotes/test [24ms]
2022-12-10 20:55:54.494 [info] > git config --get commit.template [43ms]
2022-12-10 20:55:54.498 [info] > git remote --verbose [6ms]
2022-12-10 20:55:54.574 [info] > git for-each-ref --sort -committerdate --format %(refname) %(objectname) %(*objectname) [38ms]
2022-12-10 20:55:54.704 [info] > git status -z -uall [192ms]
2022-12-10 20:55:59.966 [warning] No remotes found in the git config file.
2022-12-10 20:55:59.977 [info] > git config --get commit.template [96ms]
2022-12-10 20:55:59.985 [info] > git remote --verbose [27ms]
2022-12-10 20:55:59.988 [info] > git for-each-ref --format=%(refname)%00%(upstream:short)%00%(objectname)%00%(upstream:track)%00%(upstream:remotename)%00%(upstream:remoteref) refs/heads/test refs/remotes/test [72ms]
2022-12-10 20:56:00.079 [info] > git for-each-ref --sort -committerdate --format %(refname) %(objectname) %(*objectname) [45ms]
2022-12-10 20:56:02.805 [info] > git status -z -uall [2790ms]
2022-12-10 20:56:08.840 [warning] No remotes found in the git config file.
2022-12-10 20:56:08.844 [info] > git config --get commit.template [39ms]
2022-12-10 20:56:08.847 [info] > git for-each-ref --format=%(refname)%00%(upstream:short)%00%(objectname)%00%(upstream:track)%00%(upstream:remotename)%00%(upstream:remoteref) refs/heads/test refs/remotes/test [25ms]
2022-12-10 20:56:08.849 [info] > git remote --verbose [8ms]
2022-12-10 20:56:08.910 [info] > git for-each-ref --sort -committerdate --format %(refname) %(objectname) %(*objectname) [25ms]
2022-12-10 20:56:09.747 [info] > git status -z -uall [884ms]
2022-12-10 20:56:16.138 [warning] No remotes found in the git config file.
2022-12-10 20:56:16.162 [info] > git config --get commit.template [44ms]
2022-12-10 20:56:16.163 [info] > git remote --verbose [25ms]
2022-12-10 20:56:16.167 [info] > git for-each-ref --format=%(refname)%00%(upstream:short)%00%(objectname)%00%(upstream:track)%00%(upstream:remotename)%00%(upstream:remoteref) refs/heads/test refs/remotes/test [9ms]
2022-12-10 20:56:16.240 [info] > git for-each-ref --sort -committerdate --format %(refname) %(objectname) %(*objectname) [16ms]
2022-12-10 20:56:16.364 [info] > git status -z -uall [182ms]
2022-12-10 20:56:39.270 [warning] No remotes found in the git config file.
2022-12-10 20:56:39.271 [info] > git for-each-ref --format=%(refname)%00%(upstream:short)%00%(objectname)%00%(upstream:track)%00%(upstream:remotename)%00%(upstream:remoteref) refs/heads/test refs/remotes/test [14ms]
2022-12-10 20:56:39.271 [info] > git config --get commit.template [28ms]
2022-12-10 20:56:39.274 [info] > git remote --verbose [4ms]
2022-12-10 20:56:39.322 [info] > git for-each-ref --sort -committerdate --format %(refname) %(objectname) %(*objectname) [11ms]
2022-12-10 20:56:39.420 [info] > git status -z -uall [136ms]
2022-12-10 20:56:44.697 [warning] No remotes found in the git config file.
2022-12-10 20:56:44.699 [info] > git for-each-ref --format=%(refname)%00%(upstream:short)%00%(objectname)%00%(upstream:track)%00%(upstream:remotename)%00%(upstream:remoteref) refs/heads/test refs/remotes/test [42ms]
2022-12-10 20:56:44.700 [info] > git config --get commit.template [93ms]
2022-12-10 20:56:44.729 [info] > git remote --verbose [32ms]
2022-12-10 20:56:44.910 [info] > git for-each-ref --sort -committerdate --format %(refname) %(objectname) %(*objectname) [64ms]
2022-12-10 20:56:46.106 [info] > git status -z -uall [1341ms]
2022-12-10 20:56:51.688 [info] > git config --get commit.template [173ms]
2022-12-10 20:56:51.952 [warning] No remotes found in the git config file.
2022-12-10 20:56:53.147 [info] > git remote --verbose [1221ms]
2022-12-10 20:56:53.159 [info] > git for-each-ref --format=%(refname)%00%(upstream:short)%00%(objectname)%00%(upstream:track)%00%(upstream:remotename)%00%(upstream:remoteref) refs/heads/test refs/remotes/test [1019ms]
2022-12-10 20:56:53.324 [info] > git for-each-ref --sort -committerdate --format %(refname) %(objectname) %(*objectname) [79ms]
2022-12-10 20:56:55.433 [info] > git status -z -uall [2207ms]
2022-12-10 20:57:01.226 [warning] No remotes found in the git config file.
2022-12-10 20:57:01.237 [info] > git for-each-ref --format=%(refname)%00%(upstream:short)%00%(objectname)%00%(upstream:track)%00%(upstream:remotename)%00%(upstream:remoteref) refs/heads/test refs/remotes/test [58ms]
2022-12-10 20:57:01.238 [info] > git config --get commit.template [106ms]
2022-12-10 20:57:01.240 [info] > git remote --verbose [18ms]
2022-12-10 20:57:01.408 [info] > git for-each-ref --sort -committerdate --format %(refname) %(objectname) %(*objectname) [83ms]
2022-12-10 20:57:02.799 [info] > git status -z -uall [1522ms]
2022-12-10 20:57:07.987 [warning] No remotes found in the git config file.
2022-12-10 20:57:08.049 [info] > git for-each-ref --format=%(refname)%00%(upstream:short)%00%(objectname)%00%(upstream:track)%00%(upstream:remotename)%00%(upstream:remoteref) refs/heads/test refs/remotes/test [40ms]
2022-12-10 20:57:08.052 [info] > git remote --verbose [69ms]
2022-12-10 20:57:08.056 [info] > git config --get commit.template [95ms]
2022-12-10 20:57:08.160 [info] > git for-each-ref --sort -committerdate --format %(refname) %(objectname) %(*objectname) [57ms]
2022-12-10 20:57:10.398 [info] > git status -z -uall [2301ms]
2022-12-10 20:57:15.815 [warning] No remotes found in the git config file.
2022-12-10 20:57:15.821 [info] > git remote --verbose [9ms]
2022-12-10 20:57:15.823 [info] > git for-each-ref --format=%(refname)%00%(upstream:short)%00%(objectname)%00%(upstream:track)%00%(upstream:remotename)%00%(upstream:remoteref) refs/heads/test refs/remotes/test [34ms]
2022-12-10 20:57:15.829 [info] > git config --get commit.template [65ms]
2022-12-10 20:57:16.042 [info] > git for-each-ref --sort -committerdate --format %(refname) %(objectname) %(*objectname) [136ms]
2022-12-10 20:57:18.038 [info] > git status -z -uall [2179ms]
2022-12-10 20:57:36.919 [warning] No remotes found in the git config file.
2022-12-10 20:57:36.947 [info] > git config --get commit.template [61ms]
2022-12-10 20:57:36.952 [info] > git remote --verbose [35ms]
2022-12-10 20:57:36.957 [info] > git for-each-ref --format=%(refname)%00%(upstream:short)%00%(objectname)%00%(upstream:track)%00%(upstream:remotename)%00%(upstream:remoteref) refs/heads/test refs/remotes/test [57ms]
2022-12-10 20:57:37.004 [info] > git for-each-ref --sort -committerdate --format %(refname) %(objectname) %(*objectname) [18ms]
2022-12-10 20:57:38.198 [info] > git status -z -uall [1227ms]
2022-12-10 20:57:43.517 [warning] No remotes found in the git config file.
2022-12-10 20:57:43.530 [info] > git remote --verbose [15ms]
2022-12-10 20:57:43.532 [info] > git config --get commit.template [85ms]
2022-12-10 20:57:43.535 [info] > git for-each-ref --format=%(refname)%00%(upstream:short)%00%(objectname)%00%(upstream:track)%00%(upstream:remotename)%00%(upstream:remoteref) refs/heads/test refs/remotes/test [61ms]
2022-12-10 20:57:43.617 [info] > git for-each-ref --sort -committerdate --format %(refname) %(objectname) %(*objectname) [49ms]
2022-12-10 20:57:47.604 [info] > git status -z -uall [4011ms]
2022-12-10 20:58:04.978 [info] > git config --get commit.template [1878ms]
2022-12-10 20:58:06.975 [warning] No remotes found in the git config file.
2022-12-10 20:58:09.040 [info] > git remote --verbose [2106ms]
2022-12-10 20:58:09.372 [info] > git for-each-ref --format=%(refname)%00%(upstream:short)%00%(objectname)%00%(upstream:track)%00%(upstream:remotename)%00%(upstream:remoteref) refs/heads/test refs/remotes/test [3210ms]
2022-12-10 20:58:15.278 [info] > git for-each-ref --sort -committerdate --format %(refname) %(objectname) %(*objectname) [2926ms]
2022-12-10 20:58:22.345 [info] > git status -z -uall [11982ms]
2022-12-10 20:58:59.980 [info] > git show --textconv :index.js [98ms]
2022-12-10 20:58:59.983 [info] > git ls-files --stage -- /root/index.js [84ms]
2022-12-10 20:59:00.018 [info] > git cat-file -s a8c390b26b583183adc33b9d39f452ebc644080f [21ms]
2022-12-10 20:59:01.037 [warning] No remotes found in the git config file.
2022-12-10 20:59:01.042 [info] > git remote --verbose [12ms]
2022-12-10 20:59:01.043 [info] > git config --get commit.template [63ms]
2022-12-10 20:59:01.047 [info] > git for-each-ref --format=%(refname)%00%(upstream:short)%00%(objectname)%00%(upstream:track)%00%(upstream:remotename)%00%(upstream:remoteref) refs/heads/test refs/remotes/test [42ms]
2022-12-10 20:59:01.545 [info] > git for-each-ref --sort -committerdate --format %(refname) %(objectname) %(*objectname) [231ms]
2022-12-10 20:59:03.974 [info] > git status -z -uall [2758ms]
2022-12-10 20:59:11.039 [info] > git config --get commit.template [61ms]
2022-12-10 20:59:11.345 [warning] No remotes found in the git config file.
2022-12-10 20:59:11.424 [info] > git for-each-ref --format=%(refname)%00%(upstream:short)%00%(objectname)%00%(upstream:track)%00%(upstream:remotename)%00%(upstream:remoteref) refs/heads/test refs/remotes/test [243ms]
2022-12-10 20:59:11.426 [info] > git remote --verbose [92ms]
2022-12-10 20:59:11.868 [info] > git for-each-ref --sort -committerdate --format %(refname) %(objectname) %(*objectname) [222ms]
2022-12-10 20:59:15.513 [info] > git status -z -uall [3994ms]
2022-12-10 20:59:23.463 [info] > git show --textconv :public/register.html [713ms]
2022-12-10 20:59:23.474 [info] > git check-ignore -v -z --stdin [223ms]
2022-12-10 20:59:23.521 [info] > git ls-files --stage -- /root/public/register.html [487ms]
2022-12-10 20:59:23.844 [info] > git config --get commit.template [95ms]
2022-12-10 20:59:23.978 [warning] No remotes found in the git config file.
2022-12-10 20:59:24.089 [info] > git remote --verbose [113ms]
2022-12-10 20:59:24.135 [info] > git for-each-ref --format=%(refname)%00%(upstream:short)%00%(objectname)%00%(upstream:track)%00%(upstream:remotename)%00%(upstream:remoteref) refs/heads/test refs/remotes/test [64ms]
2022-12-10 20:59:24.611 [info] > git for-each-ref --sort -committerdate --format %(refname) %(objectname) %(*objectname) [234ms]
2022-12-10 20:59:27.343 [info] > git status -z -uall [3106ms]
2022-12-10 20:59:37.306 [info] > git show --textconv :index.js [147ms]
2022-12-10 20:59:37.309 [info] > git ls-files --stage -- /root/index.js [111ms]
2022-12-10 20:59:37.342 [info] > git cat-file -s a8c390b26b583183adc33b9d39f452ebc644080f [9ms]
2022-12-10 20:59:40.216 [warning] No remotes found in the git config file.
2022-12-10 20:59:40.218 [info] > git for-each-ref --format=%(refname)%00%(upstream:short)%00%(objectname)%00%(upstream:track)%00%(upstream:remotename)%00%(upstream:remoteref) refs/heads/test refs/remotes/test [33ms]
2022-12-10 20:59:40.221 [info] > git config --get commit.template [65ms]
2022-12-10 20:59:40.226 [info] > git remote --verbose [11ms]
2022-12-10 20:59:40.413 [info] > git for-each-ref --sort -committerdate --format %(refname) %(objectname) %(*objectname) [44ms]
2022-12-10 20:59:41.711 [info] > git status -z -uall [1454ms]
2022-12-10 20:59:49.901 [warning] No remotes found in the git config file.
2022-12-10 20:59:49.941 [info] > git remote --verbose [50ms]
2022-12-10 20:59:49.942 [info] > git for-each-ref --format=%(refname)%00%(upstream:short)%00%(objectname)%00%(upstream:track)%00%(upstream:remotename)%00%(upstream:remoteref) refs/heads/test refs/remotes/test [156ms]
2022-12-10 20:59:49.945 [info] > git config --get commit.template [233ms]
2022-12-10 20:59:50.078 [info] > git for-each-ref --sort -committerdate --format %(refname) %(objectname) %(*objectname) [45ms]
2022-12-10 20:59:52.101 [info] > git status -z -uall [2110ms]
2022-12-10 20:59:57.645 [warning] No remotes found in the git config file.
2022-12-10 20:59:57.647 [info] > git for-each-ref --format=%(refname)%00%(upstream:short)%00%(objectname)%00%(upstream:track)%00%(upstream:remotename)%00%(upstream:remoteref) refs/heads/test refs/remotes/test [46ms]
2022-12-10 20:59:57.649 [info] > git config --get commit.template [114ms]
2022-12-10 20:59:57.660 [info] > git remote --verbose [16ms]
2022-12-10 20:59:57.900 [info] > git for-each-ref --sort -committerdate --format %(refname) %(objectname) %(*objectname) [69ms]
2022-12-10 20:59:59.109 [info] > git status -z -uall [1412ms]
2022-12-10 21:00:08.178 [warning] No remotes found in the git config file.
2022-12-10 21:00:08.207 [info] > git config --get commit.template [59ms]
2022-12-10 21:00:08.209 [info] > git remote --verbose [34ms]
2022-12-10 21:00:08.217 [info] > git for-each-ref --format=%(refname)%00%(upstream:short)%00%(objectname)%00%(upstream:track)%00%(upstream:remotename)%00%(upstream:remoteref) refs/heads/test refs/remotes/test [11ms]
2022-12-10 21:00:08.307 [info] > git for-each-ref --sort -committerdate --format %(refname) %(objectname) %(*objectname) [26ms]
2022-12-10 21:00:09.389 [info] > git status -z -uall [1148ms]
2022-12-10 21:00:14.698 [warning] No remotes found in the git config file.
2022-12-10 21:00:14.710 [info] > git for-each-ref --format=%(refname)%00%(upstream:short)%00%(objectname)%00%(upstream:track)%00%(upstream:remotename)%00%(upstream:remoteref) refs/heads/test refs/remotes/test [41ms]
2022-12-10 21:00:14.711 [info] > git config --get commit.template [90ms]
2022-12-10 21:00:14.713 [info] > git remote --verbose [15ms]
2022-12-10 21:00:14.899 [info] > git for-each-ref --sort -committerdate --format %(refname) %(objectname) %(*objectname) [70ms]
2022-12-10 21:00:16.440 [info] > git status -z -uall [1696ms]
2022-12-10 21:00:21.763 [info] > git config --get commit.template [59ms]
2022-12-10 21:00:21.971 [warning] No remotes found in the git config file.
2022-12-10 21:00:22.000 [info] > git for-each-ref --format=%(refname)%00%(upstream:short)%00%(objectname)%00%(upstream:track)%00%(upstream:remotename)%00%(upstream:remoteref) refs/heads/test refs/remotes/test [177ms]
2022-12-10 21:00:22.008 [info] > git remote --verbose [53ms]
2022-12-10 21:00:22.529 [info] > git for-each-ref --sort -committerdate --format %(refname) %(objectname) %(*objectname) [244ms]
2022-12-10 21:00:25.175 [info] > git status -z -uall [3053ms]
2022-12-10 21:00:30.926 [info] > git config --get commit.template [118ms]
2022-12-10 21:00:31.365 [warning] No remotes found in the git config file.
2022-12-10 21:00:31.563 [info] > git remote --verbose [194ms]
2022-12-10 21:00:31.638 [info] > git for-each-ref --format=%(refname)%00%(upstream:short)%00%(objectname)%00%(upstream:track)%00%(upstream:remotename)%00%(upstream:remoteref) refs/heads/test refs/remotes/test [481ms]
2022-12-10 21:00:33.555 [info] > git for-each-ref --sort -committerdate --format %(refname) %(objectname) %(*objectname) [1065ms]
2022-12-10 21:00:36.266 [info] > git status -z -uall [4382ms]
2022-12-10 21:00:59.470 [info] > git config --get commit.template [379ms]
2022-12-10 21:00:59.685 [warning] No remotes found in the git config file.
2022-12-10 21:00:59.901 [info] > git remote --verbose [217ms]
2022-12-10 21:00:59.904 [info] > git for-each-ref --format=%(refname)%00%(upstream:short)%00%(objectname)%00%(upstream:track)%00%(upstream:remotename)%00%(upstream:remoteref) refs/heads/test refs/remotes/test [307ms]
2022-12-10 21:01:00.408 [info] > git for-each-ref --sort -committerdate --format %(refname) %(objectname) %(*objectname) [373ms]
2022-12-10 21:01:03.332 [info] > git status -z -uall [3351ms]
2022-12-10 21:01:09.400 [info] > git config --get commit.template [164ms]
2022-12-10 21:01:10.162 [warning] No remotes found in the git config file.
2022-12-10 21:01:10.699 [info] > git remote --verbose [545ms]
2022-12-10 21:01:10.885 [info] > git for-each-ref --format=%(refname)%00%(upstream:short)%00%(objectname)%00%(upstream:track)%00%(upstream:remotename)%00%(upstream:remoteref) refs/heads/test refs/remotes/test [504ms]
2022-12-10 21:01:12.264 [info] > git for-each-ref --sort -committerdate --format %(refname) %(objectname) %(*objectname) [594ms]
2022-12-10 21:01:15.818 [info] > git status -z -uall [4712ms]
2022-12-10 21:01:44.946 [info] > git config --get commit.template [92ms]
2022-12-10 21:01:45.084 [warning] No remotes found in the git config file.
2022-12-10 21:01:45.177 [info] > git for-each-ref --format=%(refname)%00%(upstream:short)%00%(objectname)%00%(upstream:track)%00%(upstream:remotename)%00%(upstream:remoteref) refs/heads/test refs/remotes/test [112ms]
2022-12-10 21:01:45.186 [info] > git remote --verbose [102ms]
2022-12-10 21:01:45.361 [info] > git for-each-ref --sort -committerdate --format %(refname) %(objectname) %(*objectname) [77ms]
