*
* Visual Studio Code Server
*
* By using the software, you agree to
* the Visual Studio Code Server License Terms (https://aka.ms/vscode-server-license) and
* the Microsoft Privacy Statement (https://privacy.microsoft.com/en-US/privacystatement).
*
Server bound to 127.0.0.1:36443 (IPv4)
Extension host agent listening on 36443

[19:04:36] Extension host agent started.
[19:04:36] [127.0.0.1][8d40764e][ManagementConnection] New connection established.
[19:04:36] [127.0.0.1][92bdc22b][ExtensionHostConnection] New connection established.
[19:04:36] [127.0.0.1][92bdc22b][ExtensionHostConnection] <1247> Launched Extension Host Process.
[IPC Library: Pty Host]  WARN Shell integration cannot be enabled for executable "/bin/sh" and args [
  '-c',
  'wget --version > /dev/null\n' +
    'if [ $? -eq 0 ]\n' +
    'then\n' +
    "\twget --connect-timeout=7 --tries=1 --dns-timeout=7 -q --header='Metadata:true' -O - http://169.254.169.254/metadata/instance?api-version=2019-03-11\n" +
    'else\n' +
    '\tcurl --version > /dev/null\n' +
    '\tif [ $? -eq 0 ]\n' +
    '\tthen\n' +
    "\t\tcurl --connect-timeout 7 -s --header='Metadata:true' http://169.254.169.254/metadata/instance?api-version=2019-03-11\n" +
    '\tfi\n' +
    'fi\n' +
    'exit 0'
]
[IPC Library: Pty Host]  WARN Shell integration cannot be enabled for executable "/bin/sh" and args [
  '-c',
  'wget --version > /dev/null\n' +
    'if [ $? -eq 0 ]\n' +
    'then\n' +
    '\twget --connect-timeout=7 --tries=1 --dns-timeout=7 -q  -O - http://169.254.169.254/latest/meta-data/instance-id\n' +
    'else\n' +
    '\tcurl --version > /dev/null\n' +
    '\tif [ $? -eq 0 ]\n' +
    '\tthen\n' +
    '\t\tcurl --connect-timeout 7 -s  http://169.254.169.254/latest/meta-data/instance-id\n' +
    '\tfi\n' +
    'fi\n' +
    'exit 0'
]
[IPC Library: Pty Host]  WARN Shell integration cannot be enabled for executable "/bin/sh" and args [
  '-c',
  'wget --version > /dev/null\n' +
    'if [ $? -eq 0 ]\n' +
    'then\n' +
    '\twget --connect-timeout=7 --tries=1 --dns-timeout=7 -q  -O - http://169.254.169.254/metadata/v1/id\n' +
    'else\n' +
    '\tcurl --version > /dev/null\n' +
    '\tif [ $? -eq 0 ]\n' +
    '\tthen\n' +
    '\t\tcurl --connect-timeout 7 -s  http://169.254.169.254/metadata/v1/id\n' +
    '\tfi\n' +
    'fi\n' +
    'exit 0'
]
[IPC Library: Pty Host]  WARN Shell integration cannot be enabled for executable "/bin/sh" and args [
  '-c',
  'wget --version > /dev/null\n' +
    'if [ $? -eq 0 ]\n' +
    'then\n' +
    "\twget --connect-timeout=7 --tries=1 --dns-timeout=7 -q --header='Metadata-Flavor:Google' -O - http://metadata.google.internal/computeMetadata/v1/instance/id\n" +
    'else\n' +
    '\tcurl --version > /dev/null\n' +
    '\tif [ $? -eq 0 ]\n' +
    '\tthen\n' +
    "\t\tcurl --connect-timeout 7 -s --header='Metadata-Flavor:Google' http://metadata.google.internal/computeMetadata/v1/instance/id\n" +
    '\tfi\n' +
    'fi\n' +
    'exit 0'
]
[19:04:42] [127.0.0.1][8d40764e][ManagementConnection] The client has disconnected gracefully, so the connection will be disposed.
[19:04:42] [127.0.0.1][92bdc22b][ExtensionHostConnection] <1247> Extension Host Process exited with code: 0, signal: null.
Last EH closed, waiting before shutting down
[19:04:42] Last EH closed, waiting before shutting down
Got delay-shutdown request while in shutdown timeout, delaying
[19:04:50] Got delay-shutdown request while in shutdown timeout, delaying
Cancelling previous shutdown timeout
[19:04:50] Cancelling previous shutdown timeout
[19:04:50] [127.0.0.1][eaec5ca2][ManagementConnection] New connection established.
[19:04:50] [127.0.0.1][3a15796c][ExtensionHostConnection] New connection established.
[19:04:50] [127.0.0.1][3a15796c][ExtensionHostConnection] <1370> Launched Extension Host Process.
[IPC Library: Pty Host]  WARN Shell integration cannot be enabled for executable "/bin/sh" and args [
  '-c',
  'wget --version > /dev/null\n' +
    'if [ $? -eq 0 ]\n' +
    'then\n' +
    "\twget --connect-timeout=7 --tries=1 --dns-timeout=7 -q --header='Metadata:true' -O - http://169.254.169.254/metadata/instance?api-version=2019-03-11\n" +
    'else\n' +
    '\tcurl --version > /dev/null\n' +
    '\tif [ $? -eq 0 ]\n' +
    '\tthen\n' +
    "\t\tcurl --connect-timeout 7 -s --header='Metadata:true' http://169.254.169.254/metadata/instance?api-version=2019-03-11\n" +
    '\tfi\n' +
    'fi\n' +
    'exit 0'
]
[IPC Library: Pty Host]  WARN Shell integration cannot be enabled for executable "/bin/sh" and args [
  '-c',
  'wget --version > /dev/null\n' +
    'if [ $? -eq 0 ]\n' +
    'then\n' +
    '\twget --connect-timeout=7 --tries=1 --dns-timeout=7 -q  -O - http://169.254.169.254/latest/meta-data/instance-id\n' +
    'else\n' +
    '\tcurl --version > /dev/null\n' +
    '\tif [ $? -eq 0 ]\n' +
    '\tthen\n' +
    '\t\tcurl --connect-timeout 7 -s  http://169.254.169.254/latest/meta-data/instance-id\n' +
    '\tfi\n' +
    'fi\n' +
    'exit 0'
]
[IPC Library: Pty Host]  WARN Shell integration cannot be enabled for executable "/bin/sh" and args [
  '-c',
  'wget --version > /dev/null\n' +
    'if [ $? -eq 0 ]\n' +
    'then\n' +
    '\twget --connect-timeout=7 --tries=1 --dns-timeout=7 -q  -O - http://169.254.169.254/metadata/v1/id\n' +
    'else\n' +
    '\tcurl --version > /dev/null\n' +
    '\tif [ $? -eq 0 ]\n' +
    '\tthen\n' +
    '\t\tcurl --connect-timeout 7 -s  http://169.254.169.254/metadata/v1/id\n' +
    '\tfi\n' +
    'fi\n' +
    'exit 0'
]
[IPC Library: Pty Host]  WARN Shell integration cannot be enabled for executable "/bin/sh" and args [
  '-c',
  'wget --version > /dev/null\n' +
    'if [ $? -eq 0 ]\n' +
    'then\n' +
    "\twget --connect-timeout=7 --tries=1 --dns-timeout=7 -q --header='Metadata-Flavor:Google' -O - http://metadata.google.internal/computeMetadata/v1/instance/id\n" +
    'else\n' +
    '\tcurl --version > /dev/null\n' +
    '\tif [ $? -eq 0 ]\n' +
    '\tthen\n' +
    "\t\tcurl --connect-timeout 7 -s --header='Metadata-Flavor:Google' http://metadata.google.internal/computeMetadata/v1/instance/id\n" +
    '\tfi\n' +
    'fi\n' +
    'exit 0'
]
rejected promise not handled within 1 second: CodeExpectedError: Could not find pty on pty host
stack trace: CodeExpectedError: Could not find pty on pty host
    at h.J (/root/.vscode-server/bin/5235c6bb189b60b01b1f49062f4ffa42384f8c91/out/vs/platform/terminal/node/ptyHostMain.js:27:6395)
    at h.updateTitle (/root/.vscode-server/bin/5235c6bb189b60b01b1f49062f4ffa42384f8c91/out/vs/platform/terminal/node/ptyHostMain.js:27:2665)
    at Object.call (/root/.vscode-server/bin/5235c6bb189b60b01b1f49062f4ffa42384f8c91/out/vs/platform/terminal/node/ptyHostMain.js:17:5110)
    at r.q (/root/.vscode-server/bin/5235c6bb189b60b01b1f49062f4ffa42384f8c91/out/vs/platform/terminal/node/ptyHostMain.js:15:5390)
    at r.p (/root/.vscode-server/bin/5235c6bb189b60b01b1f49062f4ffa42384f8c91/out/vs/platform/terminal/node/ptyHostMain.js:15:4881)
    at /root/.vscode-server/bin/5235c6bb189b60b01b1f49062f4ffa42384f8c91/out/vs/platform/terminal/node/ptyHostMain.js:15:4286
    at n.invoke (/root/.vscode-server/bin/5235c6bb189b60b01b1f49062f4ffa42384f8c91/out/vs/platform/terminal/node/ptyHostMain.js:11:145)
    at C.deliver (/root/.vscode-server/bin/5235c6bb189b60b01b1f49062f4ffa42384f8c91/out/vs/platform/terminal/node/ptyHostMain.js:11:2038)
    at v.fire (/root/.vscode-server/bin/5235c6bb189b60b01b1f49062f4ffa42384f8c91/out/vs/platform/terminal/node/ptyHostMain.js:11:1676)
    at process.O (/root/.vscode-server/bin/5235c6bb189b60b01b1f49062f4ffa42384f8c91/out/vs/platform/terminal/node/ptyHostMain.js:9:20886)
    at process.emit (node:events:526:28)
    at emit (node:internal/child_process:938:14)
    at processTicksAndRejections (node:internal/process/task_queues:84:21)
[19:04:53] Error [CodeExpectedError]: Could not find pty on pty host
    at h.J (/root/.vscode-server/bin/5235c6bb189b60b01b1f49062f4ffa42384f8c91/out/vs/platform/terminal/node/ptyHostMain.js:27:6395)
    at h.updateTitle (/root/.vscode-server/bin/5235c6bb189b60b01b1f49062f4ffa42384f8c91/out/vs/platform/terminal/node/ptyHostMain.js:27:2665)
    at Object.call (/root/.vscode-server/bin/5235c6bb189b60b01b1f49062f4ffa42384f8c91/out/vs/platform/terminal/node/ptyHostMain.js:17:5110)
    at r.q (/root/.vscode-server/bin/5235c6bb189b60b01b1f49062f4ffa42384f8c91/out/vs/platform/terminal/node/ptyHostMain.js:15:5390)
    at r.p (/root/.vscode-server/bin/5235c6bb189b60b01b1f49062f4ffa42384f8c91/out/vs/platform/terminal/node/ptyHostMain.js:15:4881)
    at /root/.vscode-server/bin/5235c6bb189b60b01b1f49062f4ffa42384f8c91/out/vs/platform/terminal/node/ptyHostMain.js:15:4286
    at n.invoke (/root/.vscode-server/bin/5235c6bb189b60b01b1f49062f4ffa42384f8c91/out/vs/platform/terminal/node/ptyHostMain.js:11:145)
    at C.deliver (/root/.vscode-server/bin/5235c6bb189b60b01b1f49062f4ffa42384f8c91/out/vs/platform/terminal/node/ptyHostMain.js:11:2038)
    at v.fire (/root/.vscode-server/bin/5235c6bb189b60b01b1f49062f4ffa42384f8c91/out/vs/platform/terminal/node/ptyHostMain.js:11:1676)
    at process.O (/root/.vscode-server/bin/5235c6bb189b60b01b1f49062f4ffa42384f8c91/out/vs/platform/terminal/node/ptyHostMain.js:9:20886)
    at process.emit (node:events:526:28)
    at emit (node:internal/child_process:938:14)
    at processTicksAndRejections (node:internal/process/task_queues:84:21)
New EH opened, aborting shutdown
[19:09:50] New EH opened, aborting shutdown
[19:43:37] Getting Manifest... ritwickdey.liveserver
[19:43:37] Installing extension: ritwickdey.liveserver
[19:43:43] Extracted extension to /root/.vscode-server/extensions/.68f5aa27-f185-4d26-ba80-2e043dedee39: ritwickdey.liveserver
[19:43:43] Renamed to /root/.vscode-server/extensions/ritwickdey.liveserver-5.7.9
[19:43:43] Extracting completed. ritwickdey.liveserver
[19:43:43] Extension installed successfully: ritwickdey.liveserver
[19:43:49] [127.0.0.1][3a15796c][ExtensionHostConnection] <1370> [0mGET /css.css [33m404[0m 5.148 ms - 146[0m

[19:43:58] [127.0.0.1][3a15796c][ExtensionHostConnection] <1370> [0mGET /css.css [33m404[0m 2.334 ms - 146[0m

[19:44:01] [127.0.0.1][3a15796c][ExtensionHostConnection] <1370> [0mGET /css.css [33m404[0m 26.822 ms - 146[0m

[19:44:09] [127.0.0.1][3a15796c][ExtensionHostConnection] <1370> [0mGET /css.css [33m404[0m 3.200 ms - 146[0m

[19:44:12] [127.0.0.1][3a15796c][ExtensionHostConnection] <1370> [0mGET /css.css [33m404[0m 0.679 ms - 146[0m

[19:44:17] [127.0.0.1][3a15796c][ExtensionHostConnection] <1370> [0mGET /css.css [33m404[0m 2.035 ms - 146[0m

[19:44:22] [127.0.0.1][3a15796c][ExtensionHostConnection] <1370> [0mGET /css.css [33m404[0m 2.269 ms - 146[0m

[19:44:24] [127.0.0.1][3a15796c][ExtensionHostConnection] <1370> [0mGET /css.css [33m404[0m 1.049 ms - 146[0m

[19:44:24] [127.0.0.1][3a15796c][ExtensionHostConnection] <1370> [0mGET /css.css [33m404[0m 0.881 ms - 146[0m

[19:44:39] [127.0.0.1][3a15796c][ExtensionHostConnection] <1370> [0mGET /css.css [33m404[0m 38.239 ms - 146[0m

[19:44:39] [127.0.0.1][3a15796c][ExtensionHostConnection] <1370> [0mGET /css.css [33m404[0m 5.813 ms - 146[0m

[19:44:46] [127.0.0.1][3a15796c][ExtensionHostConnection] <1370> [0mGET /css.css [33m404[0m 3.258 ms - 146[0m

[19:47:07] [127.0.0.1][3a15796c][ExtensionHostConnection] <1370> [0mGET /css.css [33m404[0m 3.159 ms - 146[0m

[19:47:07] [127.0.0.1][3a15796c][ExtensionHostConnection] <1370> [0mGET /css.css [33m404[0m 1.043 ms - 146[0m

[19:48:24] [127.0.0.1][3a15796c][ExtensionHostConnection] <1370> [0mGET /css.css [33m404[0m 3.280 ms - 146[0m

[19:48:38] [127.0.0.1][3a15796c][ExtensionHostConnection] <1370> [0mGET /style.css [33m404[0m 0.978 ms - 148[0m

[19:48:38] [127.0.0.1][3a15796c][ExtensionHostConnection] <1370> [0mGET /style.css [33m404[0m 0.781 ms - 148[0m

[19:48:38] [127.0.0.1][3a15796c][ExtensionHostConnection] <1370> [0mGET /style.css [33m404[0m 1.686 ms - 148[0m

[19:48:38] [127.0.0.1][3a15796c][ExtensionHostConnection] <1370> [0mGET /style.css [33m404[0m 0.647 ms - 148[0m

[19:50:09] [127.0.0.1][3a15796c][ExtensionHostConnection] <1370> [0mGET /style.css [33m404[0m 3.810 ms - 148[0m

[19:50:09] [127.0.0.1][3a15796c][ExtensionHostConnection] <1370> [0mGET /style.css [33m404[0m 0.759 ms - 148[0m

[19:50:09] [127.0.0.1][3a15796c][ExtensionHostConnection] <1370> [0mGET /style.css [33m404[0m 0.714 ms - 148[0m

[19:51:41] [127.0.0.1][3a15796c][ExtensionHostConnection] <1370> [0mGET /index.html [33m404[0m 2.409 ms - 149[0m

[19:51:41] [127.0.0.1][3a15796c][ExtensionHostConnection] <1370> [0mGET /index.html [33m404[0m 0.990 ms - 149[0m

[19:51:41] [127.0.0.1][3a15796c][ExtensionHostConnection] <1370> [0mGET /index.html [33m404[0m 0.815 ms - 149[0m

[20:02:03] [127.0.0.1][3a15796c][ExtensionHostConnection] The client has reconnected.
[20:02:36] No ptyHost heartbeat after 6 seconds
[20:02:59] [127.0.0.1][eaec5ca2][ManagementConnection] The client has disconnected gracefully, so the connection will be disposed.
[20:03:03] [127.0.0.1][5f52cc72][ManagementConnection] New connection established.
[20:03:03] [127.0.0.1][1dfe4b98][ExtensionHostConnection] New connection established.
[20:03:03] [127.0.0.1][1dfe4b98][ExtensionHostConnection] <18981> Launched Extension Host Process.
[20:03:13] No ptyHost heartbeat after 6 seconds
[IPC Library: Pty Host]  WARN Shell integration cannot be enabled for executable "/bin/sh" and args [
  '-c',
  'wget --version > /dev/null\n' +
    'if [ $? -eq 0 ]\n' +
    'then\n' +
    "\twget --connect-timeout=7 --tries=1 --dns-timeout=7 -q --header='Metadata:true' -O - http://169.254.169.254/metadata/instance?api-version=2019-03-11\n" +
    'else\n' +
    '\tcurl --version > /dev/null\n' +
    '\tif [ $? -eq 0 ]\n' +
    '\tthen\n' +
    "\t\tcurl --connect-timeout 7 -s --header='Metadata:true' http://169.254.169.254/metadata/instance?api-version=2019-03-11\n" +
    '\tfi\n' +
    'fi\n' +
    'exit 0'
]
[IPC Library: Pty Host]  WARN Shell integration cannot be enabled for executable "/bin/sh" and args [
  '-c',
  'wget --version > /dev/null\n' +
    'if [ $? -eq 0 ]\n' +
    'then\n' +
    '\twget --connect-timeout=7 --tries=1 --dns-timeout=7 -q  -O - http://169.254.169.254/latest/meta-data/instance-id\n' +
    'else\n' +
    '\tcurl --version > /dev/null\n' +
    '\tif [ $? -eq 0 ]\n' +
    '\tthen\n' +
    '\t\tcurl --connect-timeout 7 -s  http://169.254.169.254/latest/meta-data/instance-id\n' +
    '\tfi\n' +
    'fi\n' +
    'exit 0'
]
[IPC Library: Pty Host]  WARN Shell integration cannot be enabled for executable "/bin/sh" and args [
  '-c',
  'wget --version > /dev/null\n' +
    'if [ $? -eq 0 ]\n' +
    'then\n' +
    '\twget --connect-timeout=7 --tries=1 --dns-timeout=7 -q  -O - http://169.254.169.254/metadata/v1/id\n' +
    'else\n' +
    '\tcurl --version > /dev/null\n' +
    '\tif [ $? -eq 0 ]\n' +
    '\tthen\n' +
    '\t\tcurl --connect-timeout 7 -s  http://169.254.169.254/metadata/v1/id\n' +
    '\tfi\n' +
    'fi\n' +
    'exit 0'
]
[IPC Library: Pty Host]  WARN Shell integration cannot be enabled for executable "/bin/sh" and args [
  '-c',
  'wget --version > /dev/null\n' +
    'if [ $? -eq 0 ]\n' +
    'then\n' +
    "\twget --connect-timeout=7 --tries=1 --dns-timeout=7 -q --header='Metadata-Flavor:Google' -O - http://metadata.google.internal/computeMetadata/v1/instance/id\n" +
    'else\n' +
    '\tcurl --version > /dev/null\n' +
    '\tif [ $? -eq 0 ]\n' +
    '\tthen\n' +
    "\t\tcurl --connect-timeout 7 -s --header='Metadata-Flavor:Google' http://metadata.google.internal/computeMetadata/v1/instance/id\n" +
    '\tfi\n' +
    'fi\n' +
    'exit 0'
]
[20:03:40] No ptyHost heartbeat after 6 seconds
rejected promise not handled within 1 second: CodeExpectedError: Could not find pty on pty host
stack trace: CodeExpectedError: Could not find pty on pty host
    at h.J (/root/.vscode-server/bin/5235c6bb189b60b01b1f49062f4ffa42384f8c91/out/vs/platform/terminal/node/ptyHostMain.js:27:6395)
    at h.updateTitle (/root/.vscode-server/bin/5235c6bb189b60b01b1f49062f4ffa42384f8c91/out/vs/platform/terminal/node/ptyHostMain.js:27:2665)
    at Object.call (/root/.vscode-server/bin/5235c6bb189b60b01b1f49062f4ffa42384f8c91/out/vs/platform/terminal/node/ptyHostMain.js:17:5110)
    at r.q (/root/.vscode-server/bin/5235c6bb189b60b01b1f49062f4ffa42384f8c91/out/vs/platform/terminal/node/ptyHostMain.js:15:5390)
    at r.p (/root/.vscode-server/bin/5235c6bb189b60b01b1f49062f4ffa42384f8c91/out/vs/platform/terminal/node/ptyHostMain.js:15:4881)
    at /root/.vscode-server/bin/5235c6bb189b60b01b1f49062f4ffa42384f8c91/out/vs/platform/terminal/node/ptyHostMain.js:15:4286
    at n.invoke (/root/.vscode-server/bin/5235c6bb189b60b01b1f49062f4ffa42384f8c91/out/vs/platform/terminal/node/ptyHostMain.js:11:145)
    at C.deliver (/root/.vscode-server/bin/5235c6bb189b60b01b1f49062f4ffa42384f8c91/out/vs/platform/terminal/node/ptyHostMain.js:11:2038)
    at v.fire (/root/.vscode-server/bin/5235c6bb189b60b01b1f49062f4ffa42384f8c91/out/vs/platform/terminal/node/ptyHostMain.js:11:1676)
    at process.O (/root/.vscode-server/bin/5235c6bb189b60b01b1f49062f4ffa42384f8c91/out/vs/platform/terminal/node/ptyHostMain.js:9:20886)
    at process.emit (node:events:526:28)
    at emit (node:internal/child_process:938:14)
    at processTicksAndRejections (node:internal/process/task_queues:84:21)
[20:03:47] Error [CodeExpectedError]: Could not find pty on pty host
    at h.J (/root/.vscode-server/bin/5235c6bb189b60b01b1f49062f4ffa42384f8c91/out/vs/platform/terminal/node/ptyHostMain.js:27:6395)
    at h.updateTitle (/root/.vscode-server/bin/5235c6bb189b60b01b1f49062f4ffa42384f8c91/out/vs/platform/terminal/node/ptyHostMain.js:27:2665)
    at Object.call (/root/.vscode-server/bin/5235c6bb189b60b01b1f49062f4ffa42384f8c91/out/vs/platform/terminal/node/ptyHostMain.js:17:5110)
    at r.q (/root/.vscode-server/bin/5235c6bb189b60b01b1f49062f4ffa42384f8c91/out/vs/platform/terminal/node/ptyHostMain.js:15:5390)
    at r.p (/root/.vscode-server/bin/5235c6bb189b60b01b1f49062f4ffa42384f8c91/out/vs/platform/terminal/node/ptyHostMain.js:15:4881)
    at /root/.vscode-server/bin/5235c6bb189b60b01b1f49062f4ffa42384f8c91/out/vs/platform/terminal/node/ptyHostMain.js:15:4286
    at n.invoke (/root/.vscode-server/bin/5235c6bb189b60b01b1f49062f4ffa42384f8c91/out/vs/platform/terminal/node/ptyHostMain.js:11:145)
    at C.deliver (/root/.vscode-server/bin/5235c6bb189b60b01b1f49062f4ffa42384f8c91/out/vs/platform/terminal/node/ptyHostMain.js:11:2038)
    at v.fire (/root/.vscode-server/bin/5235c6bb189b60b01b1f49062f4ffa42384f8c91/out/vs/platform/terminal/node/ptyHostMain.js:11:1676)
    at process.O (/root/.vscode-server/bin/5235c6bb189b60b01b1f49062f4ffa42384f8c91/out/vs/platform/terminal/node/ptyHostMain.js:9:20886)
    at process.emit (node:events:526:28)
    at emit (node:internal/child_process:938:14)
    at processTicksAndRejections (node:internal/process/task_queues:84:21)
rejected promise not handled within 1 second: CodeExpectedError: Could not find pty on pty host
stack trace: CodeExpectedError: Could not find pty on pty host
    at h.J (/root/.vscode-server/bin/5235c6bb189b60b01b1f49062f4ffa42384f8c91/out/vs/platform/terminal/node/ptyHostMain.js:27:6395)
    at h.updateIcon (/root/.vscode-server/bin/5235c6bb189b60b01b1f49062f4ffa42384f8c91/out/vs/platform/terminal/node/ptyHostMain.js:27:2715)
    at Object.call (/root/.vscode-server/bin/5235c6bb189b60b01b1f49062f4ffa42384f8c91/out/vs/platform/terminal/node/ptyHostMain.js:17:5110)
    at r.q (/root/.vscode-server/bin/5235c6bb189b60b01b1f49062f4ffa42384f8c91/out/vs/platform/terminal/node/ptyHostMain.js:15:5390)
    at r.p (/root/.vscode-server/bin/5235c6bb189b60b01b1f49062f4ffa42384f8c91/out/vs/platform/terminal/node/ptyHostMain.js:15:4881)
    at /root/.vscode-server/bin/5235c6bb189b60b01b1f49062f4ffa42384f8c91/out/vs/platform/terminal/node/ptyHostMain.js:15:4286
    at n.invoke (/root/.vscode-server/bin/5235c6bb189b60b01b1f49062f4ffa42384f8c91/out/vs/platform/terminal/node/ptyHostMain.js:11:145)
    at C.deliver (/root/.vscode-server/bin/5235c6bb189b60b01b1f49062f4ffa42384f8c91/out/vs/platform/terminal/node/ptyHostMain.js:11:2038)
    at v.fire (/root/.vscode-server/bin/5235c6bb189b60b01b1f49062f4ffa42384f8c91/out/vs/platform/terminal/node/ptyHostMain.js:11:1676)
    at process.O (/root/.vscode-server/bin/5235c6bb189b60b01b1f49062f4ffa42384f8c91/out/vs/platform/terminal/node/ptyHostMain.js:9:20886)
    at process.emit (node:events:526:28)
    at emit (node:internal/child_process:938:14)
    at processTicksAndRejections (node:internal/process/task_queues:84:21)
[20:03:47] Error [CodeExpectedError]: Could not find pty on pty host
    at h.J (/root/.vscode-server/bin/5235c6bb189b60b01b1f49062f4ffa42384f8c91/out/vs/platform/terminal/node/ptyHostMain.js:27:6395)
    at h.updateIcon (/root/.vscode-server/bin/5235c6bb189b60b01b1f49062f4ffa42384f8c91/out/vs/platform/terminal/node/ptyHostMain.js:27:2715)
    at Object.call (/root/.vscode-server/bin/5235c6bb189b60b01b1f49062f4ffa42384f8c91/out/vs/platform/terminal/node/ptyHostMain.js:17:5110)
    at r.q (/root/.vscode-server/bin/5235c6bb189b60b01b1f49062f4ffa42384f8c91/out/vs/platform/terminal/node/ptyHostMain.js:15:5390)
    at r.p (/root/.vscode-server/bin/5235c6bb189b60b01b1f49062f4ffa42384f8c91/out/vs/platform/terminal/node/ptyHostMain.js:15:4881)
    at /root/.vscode-server/bin/5235c6bb189b60b01b1f49062f4ffa42384f8c91/out/vs/platform/terminal/node/ptyHostMain.js:15:4286
    at n.invoke (/root/.vscode-server/bin/5235c6bb189b60b01b1f49062f4ffa42384f8c91/out/vs/platform/terminal/node/ptyHostMain.js:11:145)
    at C.deliver (/root/.vscode-server/bin/5235c6bb189b60b01b1f49062f4ffa42384f8c91/out/vs/platform/terminal/node/ptyHostMain.js:11:2038)
    at v.fire (/root/.vscode-server/bin/5235c6bb189b60b01b1f49062f4ffa42384f8c91/out/vs/platform/terminal/node/ptyHostMain.js:11:1676)
    at process.O (/root/.vscode-server/bin/5235c6bb189b60b01b1f49062f4ffa42384f8c91/out/vs/platform/terminal/node/ptyHostMain.js:9:20886)
    at process.emit (node:events:526:28)
    at emit (node:internal/child_process:938:14)
    at processTicksAndRejections (node:internal/process/task_queues:84:21)
rejected promise not handled within 1 second: CodeExpectedError: Could not find pty on pty host
stack trace: CodeExpectedError: Could not find pty on pty host
    at h.J (/root/.vscode-server/bin/5235c6bb189b60b01b1f49062f4ffa42384f8c91/out/vs/platform/terminal/node/ptyHostMain.js:27:6395)
    at h.updateTitle (/root/.vscode-server/bin/5235c6bb189b60b01b1f49062f4ffa42384f8c91/out/vs/platform/terminal/node/ptyHostMain.js:27:2665)
    at Object.call (/root/.vscode-server/bin/5235c6bb189b60b01b1f49062f4ffa42384f8c91/out/vs/platform/terminal/node/ptyHostMain.js:17:5110)
    at r.q (/root/.vscode-server/bin/5235c6bb189b60b01b1f49062f4ffa42384f8c91/out/vs/platform/terminal/node/ptyHostMain.js:15:5390)
    at r.p (/root/.vscode-server/bin/5235c6bb189b60b01b1f49062f4ffa42384f8c91/out/vs/platform/terminal/node/ptyHostMain.js:15:4881)
    at /root/.vscode-server/bin/5235c6bb189b60b01b1f49062f4ffa42384f8c91/out/vs/platform/terminal/node/ptyHostMain.js:15:4286
    at n.invoke (/root/.vscode-server/bin/5235c6bb189b60b01b1f49062f4ffa42384f8c91/out/vs/platform/terminal/node/ptyHostMain.js:11:145)
    at C.deliver (/root/.vscode-server/bin/5235c6bb189b60b01b1f49062f4ffa42384f8c91/out/vs/platform/terminal/node/ptyHostMain.js:11:2038)
    at v.fire (/root/.vscode-server/bin/5235c6bb189b60b01b1f49062f4ffa42384f8c91/out/vs/platform/terminal/node/ptyHostMain.js:11:1676)
    at process.O (/root/.vscode-server/bin/5235c6bb189b60b01b1f49062f4ffa42384f8c91/out/vs/platform/terminal/node/ptyHostMain.js:9:20886)
    at process.emit (node:events:526:28)
    at emit (node:internal/child_process:938:14)
    at processTicksAndRejections (node:internal/process/task_queues:84:21)
[20:03:48] Error [CodeExpectedError]: Could not find pty on pty host
    at h.J (/root/.vscode-server/bin/5235c6bb189b60b01b1f49062f4ffa42384f8c91/out/vs/platform/terminal/node/ptyHostMain.js:27:6395)
    at h.updateTitle (/root/.vscode-server/bin/5235c6bb189b60b01b1f49062f4ffa42384f8c91/out/vs/platform/terminal/node/ptyHostMain.js:27:2665)
    at Object.call (/root/.vscode-server/bin/5235c6bb189b60b01b1f49062f4ffa42384f8c91/out/vs/platform/terminal/node/ptyHostMain.js:17:5110)
    at r.q (/root/.vscode-server/bin/5235c6bb189b60b01b1f49062f4ffa42384f8c91/out/vs/platform/terminal/node/ptyHostMain.js:15:5390)
    at r.p (/root/.vscode-server/bin/5235c6bb189b60b01b1f49062f4ffa42384f8c91/out/vs/platform/terminal/node/ptyHostMain.js:15:4881)
    at /root/.vscode-server/bin/5235c6bb189b60b01b1f49062f4ffa42384f8c91/out/vs/platform/terminal/node/ptyHostMain.js:15:4286
    at n.invoke (/root/.vscode-server/bin/5235c6bb189b60b01b1f49062f4ffa42384f8c91/out/vs/platform/terminal/node/ptyHostMain.js:11:145)
    at C.deliver (/root/.vscode-server/bin/5235c6bb189b60b01b1f49062f4ffa42384f8c91/out/vs/platform/terminal/node/ptyHostMain.js:11:2038)
    at v.fire (/root/.vscode-server/bin/5235c6bb189b60b01b1f49062f4ffa42384f8c91/out/vs/platform/terminal/node/ptyHostMain.js:11:1676)
    at process.O (/root/.vscode-server/bin/5235c6bb189b60b01b1f49062f4ffa42384f8c91/out/vs/platform/terminal/node/ptyHostMain.js:9:20886)
    at process.emit (node:events:526:28)
    at emit (node:internal/child_process:938:14)
    at processTicksAndRejections (node:internal/process/task_queues:84:21)
rejected promise not handled within 1 second: CodeExpectedError: Could not find pty on pty host
stack trace: CodeExpectedError: Could not find pty on pty host
    at h.J (/root/.vscode-server/bin/5235c6bb189b60b01b1f49062f4ffa42384f8c91/out/vs/platform/terminal/node/ptyHostMain.js:27:6395)
    at h.updateIcon (/root/.vscode-server/bin/5235c6bb189b60b01b1f49062f4ffa42384f8c91/out/vs/platform/terminal/node/ptyHostMain.js:27:2715)
    at Object.call (/root/.vscode-server/bin/5235c6bb189b60b01b1f49062f4ffa42384f8c91/out/vs/platform/terminal/node/ptyHostMain.js:17:5110)
    at r.q (/root/.vscode-server/bin/5235c6bb189b60b01b1f49062f4ffa42384f8c91/out/vs/platform/terminal/node/ptyHostMain.js:15:5390)
    at r.p (/root/.vscode-server/bin/5235c6bb189b60b01b1f49062f4ffa42384f8c91/out/vs/platform/terminal/node/ptyHostMain.js:15:4881)
    at /root/.vscode-server/bin/5235c6bb189b60b01b1f49062f4ffa42384f8c91/out/vs/platform/terminal/node/ptyHostMain.js:15:4286
    at n.invoke (/root/.vscode-server/bin/5235c6bb189b60b01b1f49062f4ffa42384f8c91/out/vs/platform/terminal/node/ptyHostMain.js:11:145)
    at C.deliver (/root/.vscode-server/bin/5235c6bb189b60b01b1f49062f4ffa42384f8c91/out/vs/platform/terminal/node/ptyHostMain.js:11:2038)
    at v.fire (/root/.vscode-server/bin/5235c6bb189b60b01b1f49062f4ffa42384f8c91/out/vs/platform/terminal/node/ptyHostMain.js:11:1676)
    at process.O (/root/.vscode-server/bin/5235c6bb189b60b01b1f49062f4ffa42384f8c91/out/vs/platform/terminal/node/ptyHostMain.js:9:20886)
    at process.emit (node:events:526:28)
    at emit (node:internal/child_process:938:14)
    at processTicksAndRejections (node:internal/process/task_queues:84:21)
[20:03:48] Error [CodeExpectedError]: Could not find pty on pty host
    at h.J (/root/.vscode-server/bin/5235c6bb189b60b01b1f49062f4ffa42384f8c91/out/vs/platform/terminal/node/ptyHostMain.js:27:6395)
    at h.updateIcon (/root/.vscode-server/bin/5235c6bb189b60b01b1f49062f4ffa42384f8c91/out/vs/platform/terminal/node/ptyHostMain.js:27:2715)
    at Object.call (/root/.vscode-server/bin/5235c6bb189b60b01b1f49062f4ffa42384f8c91/out/vs/platform/terminal/node/ptyHostMain.js:17:5110)
    at r.q (/root/.vscode-server/bin/5235c6bb189b60b01b1f49062f4ffa42384f8c91/out/vs/platform/terminal/node/ptyHostMain.js:15:5390)
    at r.p (/root/.vscode-server/bin/5235c6bb189b60b01b1f49062f4ffa42384f8c91/out/vs/platform/terminal/node/ptyHostMain.js:15:4881)
    at /root/.vscode-server/bin/5235c6bb189b60b01b1f49062f4ffa42384f8c91/out/vs/platform/terminal/node/ptyHostMain.js:15:4286
    at n.invoke (/root/.vscode-server/bin/5235c6bb189b60b01b1f49062f4ffa42384f8c91/out/vs/platform/terminal/node/ptyHostMain.js:11:145)
    at C.deliver (/root/.vscode-server/bin/5235c6bb189b60b01b1f49062f4ffa42384f8c91/out/vs/platform/terminal/node/ptyHostMain.js:11:2038)
    at v.fire (/root/.vscode-server/bin/5235c6bb189b60b01b1f49062f4ffa42384f8c91/out/vs/platform/terminal/node/ptyHostMain.js:11:1676)
    at process.O (/root/.vscode-server/bin/5235c6bb189b60b01b1f49062f4ffa42384f8c91/out/vs/platform/terminal/node/ptyHostMain.js:9:20886)
    at process.emit (node:events:526:28)
    at emit (node:internal/child_process:938:14)
    at processTicksAndRejections (node:internal/process/task_queues:84:21)
[20:04:32] [127.0.0.1][5f52cc72][ManagementConnection] The client has disconnected gracefully, so the connection will be disposed.
[20:04:32] [127.0.0.1][1dfe4b98][ExtensionHostConnection] <18981> Extension Host Process exited with code: 0, signal: null.
[20:04:39] [127.0.0.1][f932d341][ManagementConnection] New connection established.
[20:04:39] [127.0.0.1][9304a667][ExtensionHostConnection] New connection established.
[20:04:39] [127.0.0.1][9304a667][ExtensionHostConnection] <19112> Launched Extension Host Process.
rejected promise not handled within 1 second: CodeExpectedError: Could not find pty on pty host
stack trace: CodeExpectedError: Could not find pty on pty host
    at h.J (/root/.vscode-server/bin/5235c6bb189b60b01b1f49062f4ffa42384f8c91/out/vs/platform/terminal/node/ptyHostMain.js:27:6395)
    at h.updateTitle (/root/.vscode-server/bin/5235c6bb189b60b01b1f49062f4ffa42384f8c91/out/vs/platform/terminal/node/ptyHostMain.js:27:2665)
    at Object.call (/root/.vscode-server/bin/5235c6bb189b60b01b1f49062f4ffa42384f8c91/out/vs/platform/terminal/node/ptyHostMain.js:17:5110)
    at r.q (/root/.vscode-server/bin/5235c6bb189b60b01b1f49062f4ffa42384f8c91/out/vs/platform/terminal/node/ptyHostMain.js:15:5390)
    at r.p (/root/.vscode-server/bin/5235c6bb189b60b01b1f49062f4ffa42384f8c91/out/vs/platform/terminal/node/ptyHostMain.js:15:4881)
    at /root/.vscode-server/bin/5235c6bb189b60b01b1f49062f4ffa42384f8c91/out/vs/platform/terminal/node/ptyHostMain.js:15:4286
    at n.invoke (/root/.vscode-server/bin/5235c6bb189b60b01b1f49062f4ffa42384f8c91/out/vs/platform/terminal/node/ptyHostMain.js:11:145)
    at C.deliver (/root/.vscode-server/bin/5235c6bb189b60b01b1f49062f4ffa42384f8c91/out/vs/platform/terminal/node/ptyHostMain.js:11:2038)
    at v.fire (/root/.vscode-server/bin/5235c6bb189b60b01b1f49062f4ffa42384f8c91/out/vs/platform/terminal/node/ptyHostMain.js:11:1676)
    at process.O (/root/.vscode-server/bin/5235c6bb189b60b01b1f49062f4ffa42384f8c91/out/vs/platform/terminal/node/ptyHostMain.js:9:20886)
    at process.emit (node:events:526:28)
    at emit (node:internal/child_process:938:14)
    at processTicksAndRejections (node:internal/process/task_queues:84:21)
[20:04:55] Error [CodeExpectedError]: Could not find pty on pty host
    at h.J (/root/.vscode-server/bin/5235c6bb189b60b01b1f49062f4ffa42384f8c91/out/vs/platform/terminal/node/ptyHostMain.js:27:6395)
    at h.updateTitle (/root/.vscode-server/bin/5235c6bb189b60b01b1f49062f4ffa42384f8c91/out/vs/platform/terminal/node/ptyHostMain.js:27:2665)
    at Object.call (/root/.vscode-server/bin/5235c6bb189b60b01b1f49062f4ffa42384f8c91/out/vs/platform/terminal/node/ptyHostMain.js:17:5110)
    at r.q (/root/.vscode-server/bin/5235c6bb189b60b01b1f49062f4ffa42384f8c91/out/vs/platform/terminal/node/ptyHostMain.js:15:5390)
    at r.p (/root/.vscode-server/bin/5235c6bb189b60b01b1f49062f4ffa42384f8c91/out/vs/platform/terminal/node/ptyHostMain.js:15:4881)
    at /root/.vscode-server/bin/5235c6bb189b60b01b1f49062f4ffa42384f8c91/out/vs/platform/terminal/node/ptyHostMain.js:15:4286
    at n.invoke (/root/.vscode-server/bin/5235c6bb189b60b01b1f49062f4ffa42384f8c91/out/vs/platform/terminal/node/ptyHostMain.js:11:145)
    at C.deliver (/root/.vscode-server/bin/5235c6bb189b60b01b1f49062f4ffa42384f8c91/out/vs/platform/terminal/node/ptyHostMain.js:11:2038)
    at v.fire (/root/.vscode-server/bin/5235c6bb189b60b01b1f49062f4ffa42384f8c91/out/vs/platform/terminal/node/ptyHostMain.js:11:1676)
    at process.O (/root/.vscode-server/bin/5235c6bb189b60b01b1f49062f4ffa42384f8c91/out/vs/platform/terminal/node/ptyHostMain.js:9:20886)
    at process.emit (node:events:526:28)
    at emit (node:internal/child_process:938:14)
    at processTicksAndRejections (node:internal/process/task_queues:84:21)
[20:04:55] No ptyHost heartbeat after 6 seconds
[20:05:11] No ptyHost heartbeat after 6 seconds
[IPC Library: Pty Host]  WARN Shell integration cannot be enabled for executable "/bin/sh" and args [
  '-c',
  'wget --version > /dev/null\n' +
    'if [ $? -eq 0 ]\n' +
    'then\n' +
    "\twget --connect-timeout=7 --tries=1 --dns-timeout=7 -q --header='Metadata:true' -O - http://169.254.169.254/metadata/instance?api-version=2019-03-11\n" +
    'else\n' +
    '\tcurl --version > /dev/null\n' +
    '\tif [ $? -eq 0 ]\n' +
    '\tthen\n' +
    "\t\tcurl --connect-timeout 7 -s --header='Metadata:true' http://169.254.169.254/metadata/instance?api-version=2019-03-11\n" +
    '\tfi\n' +
    'fi\n' +
    'exit 0'
]
[IPC Library: Pty Host]  WARN Shell integration cannot be enabled for executable "/bin/sh" and args [
  '-c',
  'wget --version > /dev/null\n' +
    'if [ $? -eq 0 ]\n' +
    'then\n' +
    '\twget --connect-timeout=7 --tries=1 --dns-timeout=7 -q  -O - http://169.254.169.254/latest/meta-data/instance-id\n' +
    'else\n' +
    '\tcurl --version > /dev/null\n' +
    '\tif [ $? -eq 0 ]\n' +
    '\tthen\n' +
    '\t\tcurl --connect-timeout 7 -s  http://169.254.169.254/latest/meta-data/instance-id\n' +
    '\tfi\n' +
    'fi\n' +
    'exit 0'
]
[IPC Library: Pty Host]  WARN Shell integration cannot be enabled for executable "/bin/sh" and args [
  '-c',
  'wget --version > /dev/null\n' +
    'if [ $? -eq 0 ]\n' +
    'then\n' +
    '\twget --connect-timeout=7 --tries=1 --dns-timeout=7 -q  -O - http://169.254.169.254/metadata/v1/id\n' +
    'else\n' +
    '\tcurl --version > /dev/null\n' +
    '\tif [ $? -eq 0 ]\n' +
    '\tthen\n' +
    '\t\tcurl --connect-timeout 7 -s  http://169.254.169.254/metadata/v1/id\n' +
    '\tfi\n' +
    'fi\n' +
    'exit 0'
]
[IPC Library: Pty Host]  WARN Shell integration cannot be enabled for executable "/bin/sh" and args [
  '-c',
  'wget --version > /dev/null\n' +
    'if [ $? -eq 0 ]\n' +
    'then\n' +
    "\twget --connect-timeout=7 --tries=1 --dns-timeout=7 -q --header='Metadata-Flavor:Google' -O - http://metadata.google.internal/computeMetadata/v1/instance/id\n" +
    'else\n' +
    '\tcurl --version > /dev/null\n' +
    '\tif [ $? -eq 0 ]\n' +
    '\tthen\n' +
    "\t\tcurl --connect-timeout 7 -s --header='Metadata-Flavor:Google' http://metadata.google.internal/computeMetadata/v1/instance/id\n" +
    '\tfi\n' +
    'fi\n' +
    'exit 0'
]
[20:05:51] [127.0.0.1][9304a667][ExtensionHostConnection] The client has reconnected.
[20:08:27] [127.0.0.1][3a15796c][ExtensionHostConnection] <1370> Extension Host Process exited with code: 0, signal: null.
[20:30:05] [127.0.0.1][f932d341][ManagementConnection] The client has disconnected gracefully, so the connection will be disposed.
[20:30:05] [127.0.0.1][9304a667][ExtensionHostConnection] <19112> Extension Host Process exited with code: 0, signal: null.
Last EH closed, waiting before shutting down
[20:30:05] Last EH closed, waiting before shutting down
Got delay-shutdown request while in shutdown timeout, delaying
[20:30:27] Got delay-shutdown request while in shutdown timeout, delaying
Cancelling previous shutdown timeout
[20:30:27] Cancelling previous shutdown timeout
[20:30:27] [127.0.0.1][7b43163f][ManagementConnection] New connection established.
[20:30:28] [127.0.0.1][33ce9e05][ExtensionHostConnection] New connection established.
[20:30:28] [127.0.0.1][33ce9e05][ExtensionHostConnection] <21235> Launched Extension Host Process.
[IPC Library: Pty Host]  WARN Shell integration cannot be enabled for executable "/bin/sh" and args [
  '-c',
  'wget --version > /dev/null\n' +
    'if [ $? -eq 0 ]\n' +
    'then\n' +
    "\twget --connect-timeout=7 --tries=1 --dns-timeout=7 -q --header='Metadata:true' -O - http://169.254.169.254/metadata/instance?api-version=2019-03-11\n" +
    'else\n' +
    '\tcurl --version > /dev/null\n' +
    '\tif [ $? -eq 0 ]\n' +
    '\tthen\n' +
    "\t\tcurl --connect-timeout 7 -s --header='Metadata:true' http://169.254.169.254/metadata/instance?api-version=2019-03-11\n" +
    '\tfi\n' +
    'fi\n' +
    'exit 0'
]
[IPC Library: Pty Host]  WARN Shell integration cannot be enabled for executable "/bin/sh" and args [
  '-c',
  'wget --version > /dev/null\n' +
    'if [ $? -eq 0 ]\n' +
    'then\n' +
    '\twget --connect-timeout=7 --tries=1 --dns-timeout=7 -q  -O - http://169.254.169.254/latest/meta-data/instance-id\n' +
    'else\n' +
    '\tcurl --version > /dev/null\n' +
    '\tif [ $? -eq 0 ]\n' +
    '\tthen\n' +
    '\t\tcurl --connect-timeout 7 -s  http://169.254.169.254/latest/meta-data/instance-id\n' +
    '\tfi\n' +
    'fi\n' +
    'exit 0'
]
[IPC Library: Pty Host]  WARN Shell integration cannot be enabled for executable "/bin/sh" and args [
  '-c',
  'wget --version > /dev/null\n' +
    'if [ $? -eq 0 ]\n' +
    'then\n' +
    '\twget --connect-timeout=7 --tries=1 --dns-timeout=7 -q  -O - http://169.254.169.254/metadata/v1/id\n' +
    'else\n' +
    '\tcurl --version > /dev/null\n' +
    '\tif [ $? -eq 0 ]\n' +
    '\tthen\n' +
    '\t\tcurl --connect-timeout 7 -s  http://169.254.169.254/metadata/v1/id\n' +
    '\tfi\n' +
    'fi\n' +
    'exit 0'
]
[IPC Library: Pty Host]  WARN Shell integration cannot be enabled for executable "/bin/sh" and args [
  '-c',
  'wget --version > /dev/null\n' +
    'if [ $? -eq 0 ]\n' +
    'then\n' +
    "\twget --connect-timeout=7 --tries=1 --dns-timeout=7 -q --header='Metadata-Flavor:Google' -O - http://metadata.google.internal/computeMetadata/v1/instance/id\n" +
    'else\n' +
    '\tcurl --version > /dev/null\n' +
    '\tif [ $? -eq 0 ]\n' +
    '\tthen\n' +
    "\t\tcurl --connect-timeout 7 -s --header='Metadata-Flavor:Google' http://metadata.google.internal/computeMetadata/v1/instance/id\n" +
    '\tfi\n' +
    'fi\n' +
    'exit 0'
]
rejected promise not handled within 1 second: CodeExpectedError: Could not find pty on pty host
stack trace: CodeExpectedError: Could not find pty on pty host
    at h.J (/root/.vscode-server/bin/5235c6bb189b60b01b1f49062f4ffa42384f8c91/out/vs/platform/terminal/node/ptyHostMain.js:27:6395)
    at h.updateTitle (/root/.vscode-server/bin/5235c6bb189b60b01b1f49062f4ffa42384f8c91/out/vs/platform/terminal/node/ptyHostMain.js:27:2665)
    at Object.call (/root/.vscode-server/bin/5235c6bb189b60b01b1f49062f4ffa42384f8c91/out/vs/platform/terminal/node/ptyHostMain.js:17:5110)
    at r.q (/root/.vscode-server/bin/5235c6bb189b60b01b1f49062f4ffa42384f8c91/out/vs/platform/terminal/node/ptyHostMain.js:15:5390)
    at r.p (/root/.vscode-server/bin/5235c6bb189b60b01b1f49062f4ffa42384f8c91/out/vs/platform/terminal/node/ptyHostMain.js:15:4881)
    at /root/.vscode-server/bin/5235c6bb189b60b01b1f49062f4ffa42384f8c91/out/vs/platform/terminal/node/ptyHostMain.js:15:4286
    at n.invoke (/root/.vscode-server/bin/5235c6bb189b60b01b1f49062f4ffa42384f8c91/out/vs/platform/terminal/node/ptyHostMain.js:11:145)
    at C.deliver (/root/.vscode-server/bin/5235c6bb189b60b01b1f49062f4ffa42384f8c91/out/vs/platform/terminal/node/ptyHostMain.js:11:2038)
    at v.fire (/root/.vscode-server/bin/5235c6bb189b60b01b1f49062f4ffa42384f8c91/out/vs/platform/terminal/node/ptyHostMain.js:11:1676)
    at process.O (/root/.vscode-server/bin/5235c6bb189b60b01b1f49062f4ffa42384f8c91/out/vs/platform/terminal/node/ptyHostMain.js:9:20886)
    at process.emit (node:events:526:28)
    at emit (node:internal/child_process:938:14)
    at processTicksAndRejections (node:internal/process/task_queues:84:21)
[20:30:30] Error [CodeExpectedError]: Could not find pty on pty host
    at h.J (/root/.vscode-server/bin/5235c6bb189b60b01b1f49062f4ffa42384f8c91/out/vs/platform/terminal/node/ptyHostMain.js:27:6395)
    at h.updateTitle (/root/.vscode-server/bin/5235c6bb189b60b01b1f49062f4ffa42384f8c91/out/vs/platform/terminal/node/ptyHostMain.js:27:2665)
    at Object.call (/root/.vscode-server/bin/5235c6bb189b60b01b1f49062f4ffa42384f8c91/out/vs/platform/terminal/node/ptyHostMain.js:17:5110)
    at r.q (/root/.vscode-server/bin/5235c6bb189b60b01b1f49062f4ffa42384f8c91/out/vs/platform/terminal/node/ptyHostMain.js:15:5390)
    at r.p (/root/.vscode-server/bin/5235c6bb189b60b01b1f49062f4ffa42384f8c91/out/vs/platform/terminal/node/ptyHostMain.js:15:4881)
    at /root/.vscode-server/bin/5235c6bb189b60b01b1f49062f4ffa42384f8c91/out/vs/platform/terminal/node/ptyHostMain.js:15:4286
    at n.invoke (/root/.vscode-server/bin/5235c6bb189b60b01b1f49062f4ffa42384f8c91/out/vs/platform/terminal/node/ptyHostMain.js:11:145)
    at C.deliver (/root/.vscode-server/bin/5235c6bb189b60b01b1f49062f4ffa42384f8c91/out/vs/platform/terminal/node/ptyHostMain.js:11:2038)
    at v.fire (/root/.vscode-server/bin/5235c6bb189b60b01b1f49062f4ffa42384f8c91/out/vs/platform/terminal/node/ptyHostMain.js:11:1676)
    at process.O (/root/.vscode-server/bin/5235c6bb189b60b01b1f49062f4ffa42384f8c91/out/vs/platform/terminal/node/ptyHostMain.js:9:20886)
    at process.emit (node:events:526:28)
    at emit (node:internal/child_process:938:14)
    at processTicksAndRejections (node:internal/process/task_queues:84:21)
[20:30:33] [127.0.0.1][7b43163f][ManagementConnection] The client has disconnected gracefully, so the connection will be disposed.
[20:30:33] [127.0.0.1][33ce9e05][ExtensionHostConnection] <21235> Extension Host Process exited with code: 0, signal: null.
Cancelling previous shutdown timeout
[20:30:33] Cancelling previous shutdown timeout
Last EH closed, waiting before shutting down
[20:30:33] Last EH closed, waiting before shutting down
Got delay-shutdown request while in shutdown timeout, delaying
[20:30:39] Got delay-shutdown request while in shutdown timeout, delaying
Cancelling previous shutdown timeout
[20:30:39] Cancelling previous shutdown timeout
[20:30:39] [127.0.0.1][d83f8d04][ManagementConnection] New connection established.
[20:30:39] [127.0.0.1][5cdd0bcc][ExtensionHostConnection] New connection established.
[20:30:39] [127.0.0.1][5cdd0bcc][ExtensionHostConnection] <21358> Launched Extension Host Process.
[IPC Library: Pty Host]  WARN Shell integration cannot be enabled for executable "/bin/sh" and args [
  '-c',
  'wget --version > /dev/null\n' +
    'if [ $? -eq 0 ]\n' +
    'then\n' +
    "\twget --connect-timeout=7 --tries=1 --dns-timeout=7 -q --header='Metadata:true' -O - http://169.254.169.254/metadata/instance?api-version=2019-03-11\n" +
    'else\n' +
    '\tcurl --version > /dev/null\n' +
    '\tif [ $? -eq 0 ]\n' +
    '\tthen\n' +
    "\t\tcurl --connect-timeout 7 -s --header='Metadata:true' http://169.254.169.254/metadata/instance?api-version=2019-03-11\n" +
    '\tfi\n' +
    'fi\n' +
    'exit 0'
]
[IPC Library: Pty Host]  WARN Shell integration cannot be enabled for executable "/bin/sh" and args [
  '-c',
  'wget --version > /dev/null\n' +
    'if [ $? -eq 0 ]\n' +
    'then\n' +
    '\twget --connect-timeout=7 --tries=1 --dns-timeout=7 -q  -O - http://169.254.169.254/latest/meta-data/instance-id\n' +
    'else\n' +
    '\tcurl --version > /dev/null\n' +
    '\tif [ $? -eq 0 ]\n' +
    '\tthen\n' +
    '\t\tcurl --connect-timeout 7 -s  http://169.254.169.254/latest/meta-data/instance-id\n' +
    '\tfi\n' +
    'fi\n' +
    'exit 0'
]
[IPC Library: Pty Host]  WARN Shell integration cannot be enabled for executable "/bin/sh" and args [
  '-c',
  'wget --version > /dev/null\n' +
    'if [ $? -eq 0 ]\n' +
    'then\n' +
    '\twget --connect-timeout=7 --tries=1 --dns-timeout=7 -q  -O - http://169.254.169.254/metadata/v1/id\n' +
    'else\n' +
    '\tcurl --version > /dev/null\n' +
    '\tif [ $? -eq 0 ]\n' +
    '\tthen\n' +
    '\t\tcurl --connect-timeout 7 -s  http://169.254.169.254/metadata/v1/id\n' +
    '\tfi\n' +
    'fi\n' +
    'exit 0'
]
[IPC Library: Pty Host]  WARN Shell integration cannot be enabled for executable "/bin/sh" and args [
  '-c',
  'wget --version > /dev/null\n' +
    'if [ $? -eq 0 ]\n' +
    'then\n' +
    "\twget --connect-timeout=7 --tries=1 --dns-timeout=7 -q --header='Metadata-Flavor:Google' -O - http://metadata.google.internal/computeMetadata/v1/instance/id\n" +
    'else\n' +
    '\tcurl --version > /dev/null\n' +
    '\tif [ $? -eq 0 ]\n' +
    '\tthen\n' +
    "\t\tcurl --connect-timeout 7 -s --header='Metadata-Flavor:Google' http://metadata.google.internal/computeMetadata/v1/instance/id\n" +
    '\tfi\n' +
    'fi\n' +
    'exit 0'
]
rejected promise not handled within 1 second: CodeExpectedError: Could not find pty on pty host
stack trace: CodeExpectedError: Could not find pty on pty host
    at h.J (/root/.vscode-server/bin/5235c6bb189b60b01b1f49062f4ffa42384f8c91/out/vs/platform/terminal/node/ptyHostMain.js:27:6395)
    at h.updateTitle (/root/.vscode-server/bin/5235c6bb189b60b01b1f49062f4ffa42384f8c91/out/vs/platform/terminal/node/ptyHostMain.js:27:2665)
    at Object.call (/root/.vscode-server/bin/5235c6bb189b60b01b1f49062f4ffa42384f8c91/out/vs/platform/terminal/node/ptyHostMain.js:17:5110)
    at r.q (/root/.vscode-server/bin/5235c6bb189b60b01b1f49062f4ffa42384f8c91/out/vs/platform/terminal/node/ptyHostMain.js:15:5390)
    at r.p (/root/.vscode-server/bin/5235c6bb189b60b01b1f49062f4ffa42384f8c91/out/vs/platform/terminal/node/ptyHostMain.js:15:4881)
    at /root/.vscode-server/bin/5235c6bb189b60b01b1f49062f4ffa42384f8c91/out/vs/platform/terminal/node/ptyHostMain.js:15:4286
    at n.invoke (/root/.vscode-server/bin/5235c6bb189b60b01b1f49062f4ffa42384f8c91/out/vs/platform/terminal/node/ptyHostMain.js:11:145)
    at C.deliver (/root/.vscode-server/bin/5235c6bb189b60b01b1f49062f4ffa42384f8c91/out/vs/platform/terminal/node/ptyHostMain.js:11:2038)
    at v.fire (/root/.vscode-server/bin/5235c6bb189b60b01b1f49062f4ffa42384f8c91/out/vs/platform/terminal/node/ptyHostMain.js:11:1676)
    at process.O (/root/.vscode-server/bin/5235c6bb189b60b01b1f49062f4ffa42384f8c91/out/vs/platform/terminal/node/ptyHostMain.js:9:20886)
    at process.emit (node:events:526:28)
    at emit (node:internal/child_process:938:14)
    at processTicksAndRejections (node:internal/process/task_queues:84:21)
[20:30:42] Error [CodeExpectedError]: Could not find pty on pty host
    at h.J (/root/.vscode-server/bin/5235c6bb189b60b01b1f49062f4ffa42384f8c91/out/vs/platform/terminal/node/ptyHostMain.js:27:6395)
    at h.updateTitle (/root/.vscode-server/bin/5235c6bb189b60b01b1f49062f4ffa42384f8c91/out/vs/platform/terminal/node/ptyHostMain.js:27:2665)
    at Object.call (/root/.vscode-server/bin/5235c6bb189b60b01b1f49062f4ffa42384f8c91/out/vs/platform/terminal/node/ptyHostMain.js:17:5110)
    at r.q (/root/.vscode-server/bin/5235c6bb189b60b01b1f49062f4ffa42384f8c91/out/vs/platform/terminal/node/ptyHostMain.js:15:5390)
    at r.p (/root/.vscode-server/bin/5235c6bb189b60b01b1f49062f4ffa42384f8c91/out/vs/platform/terminal/node/ptyHostMain.js:15:4881)
    at /root/.vscode-server/bin/5235c6bb189b60b01b1f49062f4ffa42384f8c91/out/vs/platform/terminal/node/ptyHostMain.js:15:4286
    at n.invoke (/root/.vscode-server/bin/5235c6bb189b60b01b1f49062f4ffa42384f8c91/out/vs/platform/terminal/node/ptyHostMain.js:11:145)
    at C.deliver (/root/.vscode-server/bin/5235c6bb189b60b01b1f49062f4ffa42384f8c91/out/vs/platform/terminal/node/ptyHostMain.js:11:2038)
    at v.fire (/root/.vscode-server/bin/5235c6bb189b60b01b1f49062f4ffa42384f8c91/out/vs/platform/terminal/node/ptyHostMain.js:11:1676)
    at process.O (/root/.vscode-server/bin/5235c6bb189b60b01b1f49062f4ffa42384f8c91/out/vs/platform/terminal/node/ptyHostMain.js:9:20886)
    at process.emit (node:events:526:28)
    at emit (node:internal/child_process:938:14)
    at processTicksAndRejections (node:internal/process/task_queues:84:21)
New EH opened, aborting shutdown
[20:35:39] New EH opened, aborting shutdown
[20:58:56] [127.0.0.1][5cdd0bcc][ExtensionHostConnection] The client has reconnected.
[21:00:55] No ptyHost heartbeat after 6 seconds
[21:00:58] [127.0.0.1][5cdd0bcc][ExtensionHostConnection] The client has reconnected.
[21:01:44] [127.0.0.1][d83f8d04][ManagementConnection] The client has disconnected gracefully, so the connection will be disposed.
[21:01:46] [127.0.0.1][5cdd0bcc][ExtensionHostConnection] <21358> Extension Host Process exited with code: 0, signal: null.
Last EH closed, waiting before shutting down
[21:01:46] Last EH closed, waiting before shutting down
Got delay-shutdown request while in shutdown timeout, delaying
[21:02:07] Got delay-shutdown request while in shutdown timeout, delaying
Cancelling previous shutdown timeout
[21:02:07] Cancelling previous shutdown timeout
[21:02:07] [127.0.0.1][00d5a5ca][ManagementConnection] New connection established.
[21:02:07] [127.0.0.1][5b113491][ExtensionHostConnection] New connection established.
[21:02:07] [127.0.0.1][5b113491][ExtensionHostConnection] <25196> Launched Extension Host Process.
[IPC Library: Pty Host]  WARN Shell integration cannot be enabled for executable "/bin/sh" and args [
  '-c',
  'wget --version > /dev/null\n' +
    'if [ $? -eq 0 ]\n' +
    'then\n' +
    "\twget --connect-timeout=7 --tries=1 --dns-timeout=7 -q --header='Metadata:true' -O - http://169.254.169.254/metadata/instance?api-version=2019-03-11\n" +
    'else\n' +
    '\tcurl --version > /dev/null\n' +
    '\tif [ $? -eq 0 ]\n' +
    '\tthen\n' +
    "\t\tcurl --connect-timeout 7 -s --header='Metadata:true' http://169.254.169.254/metadata/instance?api-version=2019-03-11\n" +
    '\tfi\n' +
    'fi\n' +
    'exit 0'
]
[IPC Library: Pty Host]  WARN Shell integration cannot be enabled for executable "/bin/sh" and args [
  '-c',
  'wget --version > /dev/null\n' +
    'if [ $? -eq 0 ]\n' +
    'then\n' +
    '\twget --connect-timeout=7 --tries=1 --dns-timeout=7 -q  -O - http://169.254.169.254/latest/meta-data/instance-id\n' +
    'else\n' +
    '\tcurl --version > /dev/null\n' +
    '\tif [ $? -eq 0 ]\n' +
    '\tthen\n' +
    '\t\tcurl --connect-timeout 7 -s  http://169.254.169.254/latest/meta-data/instance-id\n' +
    '\tfi\n' +
    'fi\n' +
    'exit 0'
]
[IPC Library: Pty Host]  WARN Shell integration cannot be enabled for executable "/bin/sh" and args [
  '-c',
  'wget --version > /dev/null\n' +
    'if [ $? -eq 0 ]\n' +
    'then\n' +
    '\twget --connect-timeout=7 --tries=1 --dns-timeout=7 -q  -O - http://169.254.169.254/metadata/v1/id\n' +
    'else\n' +
    '\tcurl --version > /dev/null\n' +
    '\tif [ $? -eq 0 ]\n' +
    '\tthen\n' +
    '\t\tcurl --connect-timeout 7 -s  http://169.254.169.254/metadata/v1/id\n' +
    '\tfi\n' +
    'fi\n' +
    'exit 0'
]
[IPC Library: Pty Host]  WARN Shell integration cannot be enabled for executable "/bin/sh" and args [
  '-c',
  'wget --version > /dev/null\n' +
    'if [ $? -eq 0 ]\n' +
    'then\n' +
    "\twget --connect-timeout=7 --tries=1 --dns-timeout=7 -q --header='Metadata-Flavor:Google' -O - http://metadata.google.internal/computeMetadata/v1/instance/id\n" +
    'else\n' +
    '\tcurl --version > /dev/null\n' +
    '\tif [ $? -eq 0 ]\n' +
    '\tthen\n' +
    "\t\tcurl --connect-timeout 7 -s --header='Metadata-Flavor:Google' http://metadata.google.internal/computeMetadata/v1/instance/id\n" +
    '\tfi\n' +
    'fi\n' +
    'exit 0'
]
rejected promise not handled within 1 second: CodeExpectedError: Could not find pty on pty host
stack trace: CodeExpectedError: Could not find pty on pty host
    at h.J (/root/.vscode-server/bin/5235c6bb189b60b01b1f49062f4ffa42384f8c91/out/vs/platform/terminal/node/ptyHostMain.js:27:6395)
    at h.updateTitle (/root/.vscode-server/bin/5235c6bb189b60b01b1f49062f4ffa42384f8c91/out/vs/platform/terminal/node/ptyHostMain.js:27:2665)
    at Object.call (/root/.vscode-server/bin/5235c6bb189b60b01b1f49062f4ffa42384f8c91/out/vs/platform/terminal/node/ptyHostMain.js:17:5110)
    at r.q (/root/.vscode-server/bin/5235c6bb189b60b01b1f49062f4ffa42384f8c91/out/vs/platform/terminal/node/ptyHostMain.js:15:5390)
    at r.p (/root/.vscode-server/bin/5235c6bb189b60b01b1f49062f4ffa42384f8c91/out/vs/platform/terminal/node/ptyHostMain.js:15:4881)
    at /root/.vscode-server/bin/5235c6bb189b60b01b1f49062f4ffa42384f8c91/out/vs/platform/terminal/node/ptyHostMain.js:15:4286
    at n.invoke (/root/.vscode-server/bin/5235c6bb189b60b01b1f49062f4ffa42384f8c91/out/vs/platform/terminal/node/ptyHostMain.js:11:145)
    at C.deliver (/root/.vscode-server/bin/5235c6bb189b60b01b1f49062f4ffa42384f8c91/out/vs/platform/terminal/node/ptyHostMain.js:11:2038)
    at v.fire (/root/.vscode-server/bin/5235c6bb189b60b01b1f49062f4ffa42384f8c91/out/vs/platform/terminal/node/ptyHostMain.js:11:1676)
    at process.O (/root/.vscode-server/bin/5235c6bb189b60b01b1f49062f4ffa42384f8c91/out/vs/platform/terminal/node/ptyHostMain.js:9:20886)
    at process.emit (node:events:526:28)
    at emit (node:internal/child_process:938:14)
    at processTicksAndRejections (node:internal/process/task_queues:84:21)
[21:02:10] Error [CodeExpectedError]: Could not find pty on pty host
    at h.J (/root/.vscode-server/bin/5235c6bb189b60b01b1f49062f4ffa42384f8c91/out/vs/platform/terminal/node/ptyHostMain.js:27:6395)
    at h.updateTitle (/root/.vscode-server/bin/5235c6bb189b60b01b1f49062f4ffa42384f8c91/out/vs/platform/terminal/node/ptyHostMain.js:27:2665)
    at Object.call (/root/.vscode-server/bin/5235c6bb189b60b01b1f49062f4ffa42384f8c91/out/vs/platform/terminal/node/ptyHostMain.js:17:5110)
    at r.q (/root/.vscode-server/bin/5235c6bb189b60b01b1f49062f4ffa42384f8c91/out/vs/platform/terminal/node/ptyHostMain.js:15:5390)
    at r.p (/root/.vscode-server/bin/5235c6bb189b60b01b1f49062f4ffa42384f8c91/out/vs/platform/terminal/node/ptyHostMain.js:15:4881)
    at /root/.vscode-server/bin/5235c6bb189b60b01b1f49062f4ffa42384f8c91/out/vs/platform/terminal/node/ptyHostMain.js:15:4286
    at n.invoke (/root/.vscode-server/bin/5235c6bb189b60b01b1f49062f4ffa42384f8c91/out/vs/platform/terminal/node/ptyHostMain.js:11:145)
    at C.deliver (/root/.vscode-server/bin/5235c6bb189b60b01b1f49062f4ffa42384f8c91/out/vs/platform/terminal/node/ptyHostMain.js:11:2038)
    at v.fire (/root/.vscode-server/bin/5235c6bb189b60b01b1f49062f4ffa42384f8c91/out/vs/platform/terminal/node/ptyHostMain.js:11:1676)
    at process.O (/root/.vscode-server/bin/5235c6bb189b60b01b1f49062f4ffa42384f8c91/out/vs/platform/terminal/node/ptyHostMain.js:9:20886)
    at process.emit (node:events:526:28)
    at emit (node:internal/child_process:938:14)
    at processTicksAndRejections (node:internal/process/task_queues:84:21)
[21:02:16] [127.0.0.1][00d5a5ca][ManagementConnection] The client has disconnected gracefully, so the connection will be disposed.
[21:02:16] [127.0.0.1][5b113491][ExtensionHostConnection] <25196> Extension Host Process exited with code: 0, signal: null.
Cancelling previous shutdown timeout
[21:02:16] Cancelling previous shutdown timeout
Last EH closed, waiting before shutting down
[21:02:16] Last EH closed, waiting before shutting down
Got delay-shutdown request while in shutdown timeout, delaying
[21:02:22] Got delay-shutdown request while in shutdown timeout, delaying
Cancelling previous shutdown timeout
[21:02:22] Cancelling previous shutdown timeout
[21:02:22] [127.0.0.1][52a78b69][ManagementConnection] New connection established.
[IPC Library: Pty Host]  WARN Couldn't get layout info, a terminal was probably disconnected Could not find pty on pty host
[21:02:22] [127.0.0.1][ed1554b6][ExtensionHostConnection] New connection established.
[21:02:22] [127.0.0.1][ed1554b6][ExtensionHostConnection] <25325> Launched Extension Host Process.
[IPC Library: Pty Host]  WARN Shell integration cannot be enabled for executable "/bin/sh" and args [
  '-c',
  'wget --version > /dev/null\n' +
    'if [ $? -eq 0 ]\n' +
    'then\n' +
    "\twget --connect-timeout=7 --tries=1 --dns-timeout=7 -q --header='Metadata:true' -O - http://169.254.169.254/metadata/instance?api-version=2019-03-11\n" +
    'else\n' +
    '\tcurl --version > /dev/null\n' +
    '\tif [ $? -eq 0 ]\n' +
    '\tthen\n' +
    "\t\tcurl --connect-timeout 7 -s --header='Metadata:true' http://169.254.169.254/metadata/instance?api-version=2019-03-11\n" +
    '\tfi\n' +
    'fi\n' +
    'exit 0'
]
[IPC Library: Pty Host]  WARN Shell integration cannot be enabled for executable "/bin/sh" and args [
  '-c',
  'wget --version > /dev/null\n' +
    'if [ $? -eq 0 ]\n' +
    'then\n' +
    '\twget --connect-timeout=7 --tries=1 --dns-timeout=7 -q  -O - http://169.254.169.254/latest/meta-data/instance-id\n' +
    'else\n' +
    '\tcurl --version > /dev/null\n' +
    '\tif [ $? -eq 0 ]\n' +
    '\tthen\n' +
    '\t\tcurl --connect-timeout 7 -s  http://169.254.169.254/latest/meta-data/instance-id\n' +
    '\tfi\n' +
    'fi\n' +
    'exit 0'
]
[IPC Library: Pty Host]  WARN Shell integration cannot be enabled for executable "/bin/sh" and args [
  '-c',
  'wget --version > /dev/null\n' +
    'if [ $? -eq 0 ]\n' +
    'then\n' +
    '\twget --connect-timeout=7 --tries=1 --dns-timeout=7 -q  -O - http://169.254.169.254/metadata/v1/id\n' +
    'else\n' +
    '\tcurl --version > /dev/null\n' +
    '\tif [ $? -eq 0 ]\n' +
    '\tthen\n' +
    '\t\tcurl --connect-timeout 7 -s  http://169.254.169.254/metadata/v1/id\n' +
    '\tfi\n' +
    'fi\n' +
    'exit 0'
]
[IPC Library: Pty Host]  WARN Shell integration cannot be enabled for executable "/bin/sh" and args [
  '-c',
  'wget --version > /dev/null\n' +
    'if [ $? -eq 0 ]\n' +
    'then\n' +
    "\twget --connect-timeout=7 --tries=1 --dns-timeout=7 -q --header='Metadata-Flavor:Google' -O - http://metadata.google.internal/computeMetadata/v1/instance/id\n" +
    'else\n' +
    '\tcurl --version > /dev/null\n' +
    '\tif [ $? -eq 0 ]\n' +
    '\tthen\n' +
    "\t\tcurl --connect-timeout 7 -s --header='Metadata-Flavor:Google' http://metadata.google.internal/computeMetadata/v1/instance/id\n" +
    '\tfi\n' +
    'fi\n' +
    'exit 0'
]
New EH opened, aborting shutdown
[21:07:22] New EH opened, aborting shutdown
[21:18:56] No ptyHost heartbeat after 6 seconds
[21:19:00] [127.0.0.1][ed1554b6][ExtensionHostConnection] The client has reconnected.
[21:19:25] No ptyHost heartbeat after 6 seconds
[21:19:36] No ptyHost heartbeat after 6 seconds
[21:19:39] [127.0.0.1][ed1554b6][ExtensionHostConnection] The client has reconnected.
