2022-12-10 19:04:52.776 [info] Extension host with pid 1370 started
2022-12-10 19:04:52.782 [error] Error: EEXIST: file already exists, open '/root/.vscode-server/data/User/workspaceStorage/449842f3163eeccba8cbe8883fc540dc/vscode.lock'
2022-12-10 19:04:52.792 [info] Lock '/root/.vscode-server/data/User/workspaceStorage/449842f3163eeccba8cbe8883fc540dc/vscode.lock': Could not acquire lock, checking if the file is stale.
2022-12-10 19:04:52.793 [info] Lock '/root/.vscode-server/data/User/workspaceStorage/449842f3163eeccba8cbe8883fc540dc/vscode.lock': The pid 11407 appears to be gone.
2022-12-10 19:04:52.793 [info] Lock '/root/.vscode-server/data/User/workspaceStorage/449842f3163eeccba8cbe8883fc540dc/vscode.lock': Deleting a stale lock.
2022-12-10 19:04:52.821 [info] Lock '/root/.vscode-server/data/User/workspaceStorage/449842f3163eeccba8cbe8883fc540dc/vscode.lock': Lock acquired.
2022-12-10 19:04:52.858 [info] ExtensionService#_doActivateExtension vscode.typescript-language-features, startup: false, activationEvent: 'onLanguage:javascript'
2022-12-10 19:04:52.859 [info] ExtensionService#_doActivateExtension vscode.git-base, startup: true, activationEvent: '*', root cause: vscode.git
2022-12-10 19:04:53.018 [info] ExtensionService#_doActivateExtension vscode.npm, startup: true, activationEvent: 'workspaceContains:package.json'
2022-12-10 19:04:53.839 [info] ExtensionService#_doActivateExtension vscode.git, startup: true, activationEvent: '*'
2022-12-10 19:04:53.839 [info] ExtensionService#_doActivateExtension vscode.github, startup: true, activationEvent: '*'
2022-12-10 19:04:56.455 [info] ExtensionService#_doActivateExtension vscode.debug-auto-launch, startup: false, activationEvent: 'onStartupFinished'
2022-12-10 19:04:56.461 [info] ExtensionService#_doActivateExtension vscode.emmet, startup: false, activationEvent: 'onStartupFinished'
2022-12-10 19:04:56.466 [info] ExtensionService#_doActivateExtension vscode.merge-conflict, startup: false, activationEvent: 'onStartupFinished'
2022-12-10 19:04:56.469 [info] Eager extensions activated
2022-12-10 19:05:26.159 [info] ExtensionService#_doActivateExtension vscode.debug-server-ready, startup: false, activationEvent: 'onDebugResolve'
2022-12-10 19:05:26.161 [info] ExtensionService#_doActivateExtension ms-vscode.js-debug, startup: false, activationEvent: 'onDebugResolve:pwa-node'
2022-12-10 19:09:08.692 [info] ExtensionService#_doActivateExtension vscode.html-language-features, startup: false, activationEvent: 'onLanguage:html'
2022-12-10 19:15:17.056 [info] ExtensionService#_doActivateExtension vscode.configuration-editing, startup: false, activationEvent: 'onLanguage:json'
2022-12-10 19:15:17.058 [info] ExtensionService#_doActivateExtension vscode.extension-editing, startup: false, activationEvent: 'onLanguage:json'
2022-12-10 19:15:17.058 [info] ExtensionService#_doActivateExtension vscode.json-language-features, startup: false, activationEvent: 'onLanguage:json'
2022-12-10 19:18:11.171 [warning] [Decorations] CAPPING events from decorations provider vscode.git 3386
2022-12-10 19:18:12.439 [warning] [Decorations] CAPPING events from decorations provider vscode.git 3386
2022-12-10 19:18:16.666 [warning] [Decorations] CAPPING events from decorations provider vscode.git 3386
2022-12-10 19:18:21.905 [warning] [Decorations] CAPPING events from decorations provider vscode.git 3386
2022-12-10 19:18:27.118 [warning] [Decorations] CAPPING events from decorations provider vscode.git 3386
2022-12-10 19:18:32.491 [warning] [Decorations] CAPPING events from decorations provider vscode.git 3386
2022-12-10 19:18:37.693 [warning] [Decorations] CAPPING events from decorations provider vscode.git 3386
2022-12-10 19:18:42.922 [warning] [Decorations] CAPPING events from decorations provider vscode.git 3386
2022-12-10 19:18:48.133 [warning] [Decorations] CAPPING events from decorations provider vscode.git 3386
2022-12-10 19:18:53.328 [warning] [Decorations] CAPPING events from decorations provider vscode.git 3386
2022-12-10 19:18:58.531 [warning] [Decorations] CAPPING events from decorations provider vscode.git 3386
2022-12-10 19:19:03.753 [warning] [Decorations] CAPPING events from decorations provider vscode.git 3386
2022-12-10 19:19:08.955 [warning] [Decorations] CAPPING events from decorations provider vscode.git 3386
2022-12-10 19:19:14.150 [warning] [Decorations] CAPPING events from decorations provider vscode.git 3386
2022-12-10 19:19:30.229 [warning] [Decorations] CAPPING events from decorations provider vscode.git 3386
2022-12-10 19:19:35.441 [warning] [Decorations] CAPPING events from decorations provider vscode.git 3386
2022-12-10 19:19:40.642 [warning] [Decorations] CAPPING events from decorations provider vscode.git 3386
2022-12-10 19:19:54.256 [warning] [Decorations] CAPPING events from decorations provider vscode.git 3386
2022-12-10 19:19:59.463 [warning] [Decorations] CAPPING events from decorations provider vscode.git 3386
2022-12-10 19:20:23.010 [warning] [Decorations] CAPPING events from decorations provider vscode.git 3386
2022-12-10 19:20:28.257 [warning] [Decorations] CAPPING events from decorations provider vscode.git 3386
2022-12-10 19:20:33.619 [warning] [Decorations] CAPPING events from decorations provider vscode.git 3386
2022-12-10 19:20:38.823 [warning] [Decorations] CAPPING events from decorations provider vscode.git 3386
2022-12-10 19:20:44.194 [warning] [Decorations] CAPPING events from decorations provider vscode.git 3386
2022-12-10 19:20:49.412 [warning] [Decorations] CAPPING events from decorations provider vscode.git 3386
2022-12-10 19:20:54.785 [warning] [Decorations] CAPPING events from decorations provider vscode.git 3386
2022-12-10 19:21:00.034 [warning] [Decorations] CAPPING events from decorations provider vscode.git 3386
2022-12-10 19:21:05.255 [warning] [Decorations] CAPPING events from decorations provider vscode.git 3386
2022-12-10 19:21:10.455 [warning] [Decorations] CAPPING events from decorations provider vscode.git 3386
2022-12-10 19:21:15.643 [warning] [Decorations] CAPPING events from decorations provider vscode.git 3386
2022-12-10 19:21:20.849 [warning] [Decorations] CAPPING events from decorations provider vscode.git 3386
2022-12-10 19:21:26.038 [warning] [Decorations] CAPPING events from decorations provider vscode.git 3386
2022-12-10 19:21:31.247 [warning] [Decorations] CAPPING events from decorations provider vscode.git 3386
2022-12-10 19:21:36.440 [warning] [Decorations] CAPPING events from decorations provider vscode.git 3386
2022-12-10 19:21:41.633 [warning] [Decorations] CAPPING events from decorations provider vscode.git 3386
2022-12-10 19:21:46.837 [warning] [Decorations] CAPPING events from decorations provider vscode.git 3387
2022-12-10 19:21:52.046 [warning] [Decorations] CAPPING events from decorations provider vscode.git 3387
2022-12-10 19:21:57.442 [warning] [Decorations] CAPPING events from decorations provider vscode.git 3387
2022-12-10 19:22:02.880 [warning] [Decorations] CAPPING events from decorations provider vscode.git 3387
2022-12-10 19:22:08.306 [warning] [Decorations] CAPPING events from decorations provider vscode.git 3387
2022-12-10 19:22:13.555 [warning] [Decorations] CAPPING events from decorations provider vscode.git 3387
2022-12-10 19:22:18.776 [warning] [Decorations] CAPPING events from decorations provider vscode.git 3387
2022-12-10 19:22:23.989 [warning] [Decorations] CAPPING events from decorations provider vscode.git 3387
2022-12-10 19:22:29.370 [warning] [Decorations] CAPPING events from decorations provider vscode.git 3387
2022-12-10 19:22:34.821 [warning] [Decorations] CAPPING events from decorations provider vscode.git 3387
2022-12-10 19:22:51.355 [warning] [Decorations] CAPPING events from decorations provider vscode.git 3387
2022-12-10 19:43:43.849 [info] ExtensionService#_doActivateExtension ritwickdey.LiveServer, startup: false, activationEvent: 'onStartupFinished'
2022-12-10 19:43:44.908 [warning] [Decorations] CAPPING events from decorations provider vscode.git 4939
2022-12-10 19:43:53.117 [warning] [Decorations] CAPPING events from decorations provider vscode.git 4929
2022-12-10 19:44:00.095 [warning] [Decorations] CAPPING events from decorations provider vscode.git 4929
2022-12-10 19:44:06.340 [warning] [Decorations] CAPPING events from decorations provider vscode.git 4930
2022-12-10 19:44:13.998 [warning] [Decorations] CAPPING events from decorations provider vscode.git 4930
2022-12-10 19:44:19.995 [warning] [Decorations] CAPPING events from decorations provider vscode.git 4930
2022-12-10 19:44:26.982 [warning] [Decorations] CAPPING events from decorations provider vscode.git 4931
2022-12-10 19:44:32.521 [warning] [Decorations] CAPPING events from decorations provider vscode.git 4931
2022-12-10 19:44:37.814 [warning] [Decorations] CAPPING events from decorations provider vscode.git 4931
2022-12-10 19:44:43.874 [warning] [Decorations] CAPPING events from decorations provider vscode.git 4932
2022-12-10 19:44:55.299 [warning] [Decorations] CAPPING events from decorations provider vscode.git 4932
2022-12-10 19:45:00.644 [warning] [Decorations] CAPPING events from decorations provider vscode.git 4932
2022-12-10 19:45:06.362 [warning] [Decorations] CAPPING events from decorations provider vscode.git 4932
2022-12-10 19:45:17.996 [warning] [Decorations] CAPPING events from decorations provider vscode.git 4932
2022-12-10 19:45:23.444 [warning] [Decorations] CAPPING events from decorations provider vscode.git 4932
2022-12-10 19:46:26.089 [warning] [Decorations] CAPPING events from decorations provider vscode.git 4932
2022-12-10 19:46:47.100 [warning] [Decorations] CAPPING events from decorations provider vscode.git 4932
2022-12-10 19:46:52.397 [warning] [Decorations] CAPPING events from decorations provider vscode.git 4932
2022-12-10 19:46:57.708 [warning] [Decorations] CAPPING events from decorations provider vscode.git 4932
2022-12-10 19:47:03.053 [warning] [Decorations] CAPPING events from decorations provider vscode.git 4932
2022-12-10 19:47:09.215 [warning] [Decorations] CAPPING events from decorations provider vscode.git 4933
2022-12-10 19:47:15.886 [warning] [Decorations] CAPPING events from decorations provider vscode.git 4933
2022-12-10 19:48:11.621 [warning] [Decorations] CAPPING events from decorations provider vscode.git 4933
2022-12-10 19:48:16.970 [warning] [Decorations] CAPPING events from decorations provider vscode.git 4933
2022-12-10 19:48:22.576 [warning] [Decorations] CAPPING events from decorations provider vscode.git 4933
2022-12-10 19:48:29.322 [warning] [Decorations] CAPPING events from decorations provider vscode.git 4933
2022-12-10 19:48:35.701 [warning] [Decorations] CAPPING events from decorations provider vscode.git 4933
2022-12-10 19:48:42.538 [warning] [Decorations] CAPPING events from decorations provider vscode.git 4934
2022-12-10 19:49:00.136 [warning] [Decorations] CAPPING events from decorations provider vscode.git 4934
2022-12-10 19:49:05.462 [warning] [Decorations] CAPPING events from decorations provider vscode.git 4934
2022-12-10 19:49:10.868 [warning] [Decorations] CAPPING events from decorations provider vscode.git 4934
2022-12-10 19:49:17.384 [warning] [Decorations] CAPPING events from decorations provider vscode.git 4934
2022-12-10 19:49:22.752 [warning] [Decorations] CAPPING events from decorations provider vscode.git 4934
2022-12-10 19:49:28.230 [warning] [Decorations] CAPPING events from decorations provider vscode.git 4934
2022-12-10 19:49:33.800 [warning] [Decorations] CAPPING events from decorations provider vscode.git 4934
2022-12-10 19:49:39.106 [warning] [Decorations] CAPPING events from decorations provider vscode.git 4934
2022-12-10 19:49:44.635 [warning] [Decorations] CAPPING events from decorations provider vscode.git 4934
2022-12-10 19:49:50.239 [warning] [Decorations] CAPPING events from decorations provider vscode.git 4934
2022-12-10 19:49:55.565 [warning] [Decorations] CAPPING events from decorations provider vscode.git 4934
2022-12-10 19:50:04.470 [warning] [Decorations] CAPPING events from decorations provider vscode.git 4934
2022-12-10 19:50:10.575 [warning] [Decorations] CAPPING events from decorations provider vscode.git 4936
2022-12-10 19:50:20.506 [warning] [Decorations] CAPPING events from decorations provider vscode.git 4936
2022-12-10 19:50:35.124 [warning] [Decorations] CAPPING events from decorations provider vscode.git 4936
2022-12-10 19:51:33.539 [warning] [Decorations] CAPPING events from decorations provider vscode.git 4936
2022-12-10 19:51:38.826 [warning] [Decorations] CAPPING events from decorations provider vscode.git 4936
2022-12-10 19:51:44.262 [warning] [Decorations] CAPPING events from decorations provider vscode.git 4945
2022-12-10 19:51:50.120 [warning] [Decorations] CAPPING events from decorations provider vscode.git 4938
2022-12-10 19:51:56.610 [warning] [Decorations] CAPPING events from decorations provider vscode.git 4938
2022-12-10 19:52:43.088 [warning] [Decorations] CAPPING events from decorations provider vscode.git 4938
2022-12-10 19:52:48.464 [warning] [Decorations] CAPPING events from decorations provider vscode.git 4937
2022-12-10 19:52:53.790 [warning] [Decorations] CAPPING events from decorations provider vscode.git 4937
2022-12-10 19:52:59.130 [warning] [Decorations] CAPPING events from decorations provider vscode.git 4937
2022-12-10 19:53:05.383 [warning] [Decorations] CAPPING events from decorations provider vscode.git 4938
2022-12-10 19:53:12.260 [warning] [Decorations] CAPPING events from decorations provider vscode.git 4938
2022-12-10 19:53:20.597 [warning] [Decorations] CAPPING events from decorations provider vscode.git 4938
2022-12-10 19:53:27.097 [warning] [Decorations] CAPPING events from decorations provider vscode.git 4938
2022-12-10 19:53:33.322 [warning] [Decorations] CAPPING events from decorations provider vscode.git 4938
2022-12-10 19:53:38.935 [warning] [Decorations] CAPPING events from decorations provider vscode.git 4937
2022-12-10 19:53:44.516 [warning] [Decorations] CAPPING events from decorations provider vscode.git 4937
2022-12-10 19:53:51.954 [warning] [Decorations] CAPPING events from decorations provider vscode.git 4937
2022-12-10 19:53:57.489 [warning] [Decorations] CAPPING events from decorations provider vscode.git 4937
2022-12-10 19:54:03.924 [warning] [Decorations] CAPPING events from decorations provider vscode.git 4937
2022-12-10 19:54:36.716 [warning] [Decorations] CAPPING events from decorations provider vscode.git 4937
2022-12-10 19:55:21.025 [warning] [Decorations] CAPPING events from decorations provider vscode.git 4937
2022-12-10 19:55:26.425 [warning] [Decorations] CAPPING events from decorations provider vscode.git 4937
2022-12-10 19:55:34.124 [warning] [Decorations] CAPPING events from decorations provider vscode.git 4937
2022-12-10 19:55:40.269 [warning] [Decorations] CAPPING events from decorations provider vscode.git 4938
2022-12-10 19:55:46.855 [warning] [Decorations] CAPPING events from decorations provider vscode.git 4938
2022-12-10 19:55:53.850 [warning] [Decorations] CAPPING events from decorations provider vscode.git 4939
2022-12-10 19:55:59.936 [warning] [Decorations] CAPPING events from decorations provider vscode.git 4939
2022-12-10 19:56:05.657 [warning] [Decorations] CAPPING events from decorations provider vscode.git 4939
2022-12-10 19:56:11.076 [warning] [Decorations] CAPPING events from decorations provider vscode.git 4939
2022-12-10 19:56:20.155 [warning] [Decorations] CAPPING events from decorations provider vscode.git 4940
2022-12-10 19:56:27.371 [warning] [Decorations] CAPPING events from decorations provider vscode.git 4940
2022-12-10 19:56:33.565 [warning] [Decorations] CAPPING events from decorations provider vscode.git 4940
2022-12-10 19:56:40.161 [warning] [Decorations] CAPPING events from decorations provider vscode.git 4940
2022-12-10 19:56:48.957 [warning] [Decorations] CAPPING events from decorations provider vscode.git 4981
2022-12-10 19:56:55.125 [warning] [Decorations] CAPPING events from decorations provider vscode.git 5285
2022-12-10 19:57:01.557 [warning] [Decorations] CAPPING events from decorations provider vscode.git 5296
2022-12-10 19:57:08.264 [warning] [Decorations] CAPPING events from decorations provider vscode.git 5298
2022-12-10 19:57:14.285 [warning] [Decorations] CAPPING events from decorations provider vscode.git 5298
2022-12-10 19:57:25.114 [warning] [Decorations] CAPPING events from decorations provider vscode.git 5298
2022-12-10 19:57:36.965 [warning] [Decorations] CAPPING events from decorations provider vscode.git 5298
2022-12-10 19:57:43.687 [warning] [Decorations] CAPPING events from decorations provider vscode.git 5298
2022-12-10 19:57:49.502 [warning] [Decorations] CAPPING events from decorations provider vscode.git 5298
2022-12-10 19:57:56.008 [warning] [Decorations] CAPPING events from decorations provider vscode.git 5298
2022-12-10 19:58:02.234 [warning] [Decorations] CAPPING events from decorations provider vscode.git 5298
2022-12-10 19:58:07.678 [warning] [Decorations] CAPPING events from decorations provider vscode.git 5298
2022-12-10 19:58:26.444 [warning] [Decorations] CAPPING events from decorations provider vscode.git 5298
2022-12-10 19:58:33.002 [warning] [Decorations] CAPPING events from decorations provider vscode.git 5298
2022-12-10 19:58:39.634 [warning] [Decorations] CAPPING events from decorations provider vscode.git 5308
2022-12-10 19:58:51.900 [warning] [Decorations] CAPPING events from decorations provider vscode.git 5299
2022-12-10 19:58:58.056 [warning] [Decorations] CAPPING events from decorations provider vscode.git 5299
2022-12-10 19:59:04.225 [warning] [Decorations] CAPPING events from decorations provider vscode.git 5299
2022-12-10 19:59:09.691 [warning] [Decorations] CAPPING events from decorations provider vscode.git 5299
2022-12-10 19:59:15.656 [warning] [Decorations] CAPPING events from decorations provider vscode.git 5301
2022-12-10 19:59:21.885 [warning] [Decorations] CAPPING events from decorations provider vscode.git 5301
2022-12-10 20:00:17.107 [warning] [Decorations] CAPPING events from decorations provider vscode.git 5301
2022-12-10 20:00:25.511 [warning] [Decorations] CAPPING events from decorations provider vscode.git 5302
2022-12-10 20:01:16.453 [warning] [Decorations] CAPPING events from decorations provider vscode.git 5302
2022-12-10 20:01:26.112 [warning] [Decorations] CAPPING events from decorations provider vscode.git 5302
2022-12-10 20:01:39.358 [warning] [Decorations] CAPPING events from decorations provider vscode.git 5302
2022-12-10 20:03:01.453 [warning] [Decorations] CAPPING events from decorations provider vscode.git 5303
2022-12-10 20:08:27.319 [info] Extension host terminating: renderer disconnected for too long (2)
2022-12-10 20:08:27.341 [info] Lock '/root/.vscode-server/data/User/workspaceStorage/449842f3163eeccba8cbe8883fc540dc/vscode.lock': Marking the lockfile as scheduled to be released in 6000 ms.
2022-12-10 20:08:27.469 [info] Extension host with pid 1370 exiting with code 0
